{"C:\\Development\\development_course\\HumanWisdom\\projects\\shared\\polyfills.ts": {"path":"C:\\Development\\development_course\\HumanWisdom\\projects\\shared\\polyfills.ts","statementMap":{"0":{"start":{"line":5,"column":1},"end":{"line":5,"column":53}}},"fnMap":{},"branchMap":{},"s":{"0":1},"f":{},"b":{}}
,"C:\\Development\\development_course\\HumanWisdom\\projects\\shared\\component\\adults-audio-meditation\\adults-audio-meditation.component.ts": {"path":"C:\\Development\\development_course\\HumanWisdom\\projects\\shared\\component\\adults-audio-meditation\\adults-audio-meditation.component.ts","statementMap":{"0":{"start":{"line":13,"column":0},"end":{"line":13,"column":13}},"1":{"start":{"line":25,"column":12},"end":{"line":25,"column":33}},"2":{"start":{"line":26,"column":12},"end":{"line":26,"column":26}},"3":{"start":{"line":27,"column":12},"end":{"line":27,"column":30}},"4":{"start":{"line":28,"column":12},"end":{"line":28,"column":48}},"5":{"start":{"line":18,"column":11},"end":{"line":18,"column":null}},"6":{"start":{"line":19,"column":11},"end":{"line":19,"column":null}},"7":{"start":{"line":20,"column":2},"end":{"line":20,"column":12}},"8":{"start":{"line":21,"column":2},"end":{"line":21,"column":17}},"9":{"start":{"line":22,"column":2},"end":{"line":22,"column":27}},"10":{"start":{"line":30,"column":4},"end":{"line":30,"column":67}},"11":{"start":{"line":32,"column":4},"end":{"line":32,"column":null}},"12":{"start":{"line":33,"column":19},"end":{"line":33,"column":84}},"13":{"start":{"line":34,"column":4},"end":{"line":36,"column":null}},"14":{"start":{"line":35,"column":6},"end":{"line":35,"column":46}},"15":{"start":{"line":37,"column":4},"end":{"line":37,"column":42}},"16":{"start":{"line":38,"column":4},"end":{"line":38,"column":50}},"17":{"start":{"line":39,"column":4},"end":{"line":39,"column":63}},"18":{"start":{"line":40,"column":4},"end":{"line":42,"column":null}},"19":{"start":{"line":41,"column":6},"end":{"line":41,"column":62}},"20":{"start":{"line":44,"column":4},"end":{"line":44,"column":null}},"21":{"start":{"line":45,"column":4},"end":{"line":45,"column":59}},"22":{"start":{"line":46,"column":4},"end":{"line":46,"column":55}},"23":{"start":{"line":47,"column":4},"end":{"line":49,"column":null}},"24":{"start":{"line":48,"column":6},"end":{"line":48,"column":36}},"25":{"start":{"line":52,"column":2},"end":{"line":65,"column":null}},"26":{"start":{"line":53,"column":15},"end":{"line":53,"column":30}},"27":{"start":{"line":54,"column":4},"end":{"line":58,"column":null}},"28":{"start":{"line":55,"column":6},"end":{"line":55,"column":21}},"29":{"start":{"line":57,"column":6},"end":{"line":57,"column":26}},"30":{"start":{"line":59,"column":4},"end":{"line":63,"column":null}},"31":{"start":{"line":60,"column":6},"end":{"line":60,"column":27}},"32":{"start":{"line":62,"column":6},"end":{"line":62,"column":28}},"33":{"start":{"line":64,"column":4},"end":{"line":64,"column":38}},"34":{"start":{"line":67,"column":2},"end":{"line":88,"column":null}},"35":{"start":{"line":68,"column":4},"end":{"line":87,"column":null}},"36":{"start":{"line":69,"column":22},"end":{"line":69,"column":49}},"37":{"start":{"line":71,"column":22},"end":{"line":79,"column":7}},"38":{"start":{"line":72,"column":28},"end":{"line":72,"column":42}},"39":{"start":{"line":73,"column":8},"end":{"line":78,"column":null}},"40":{"start":{"line":74,"column":10},"end":{"line":77,"column":13}},"41":{"start":{"line":75,"column":12},"end":{"line":75,"column":62}},"42":{"start":{"line":82,"column":6},"end":{"line":86,"column":null}},"43":{"start":{"line":83,"column":8},"end":{"line":83,"column":18}},"44":{"start":{"line":85,"column":8},"end":{"line":85,"column":76}},"45":{"start":{"line":90,"column":2},"end":{"line":100,"column":null}},"46":{"start":{"line":91,"column":28},"end":{"line":91,"column":73}},"47":{"start":{"line":93,"column":18},"end":{"line":93,"column":49}},"48":{"start":{"line":94,"column":4},"end":{"line":98,"column":6}},"49":{"start":{"line":99,"column":4},"end":{"line":99,"column":37}},"50":{"start":{"line":102,"column":2},"end":{"line":106,"column":null}},"51":{"start":{"line":103,"column":4},"end":{"line":105,"column":null}},"52":{"start":{"line":104,"column":6},"end":{"line":104,"column":45}},"53":{"start":{"line":108,"column":2},"end":{"line":115,"column":null}},"54":{"start":{"line":109,"column":14},"end":{"line":109,"column":57}},"55":{"start":{"line":110,"column":4},"end":{"line":114,"column":null}},"56":{"start":{"line":111,"column":6},"end":{"line":111,"column":27}},"57":{"start":{"line":113,"column":6},"end":{"line":113,"column":34}},"58":{"start":{"line":13,"column":13},"end":{"line":117,"column":null}},"59":{"start":{"line":117,"column":0},"end":{"line":117,"column":null}}},"fnMap":{"0":{"name":"(anonymous_0)","decl":{"start":{"line":13,"column":0},"end":{"line":13,"column":13}},"loc":{"start":{"line":13,"column":0},"end":{"line":13,"column":13}}},"1":{"name":"AdultsAudioMeditationComponent","decl":{"start":{"line":24,"column":2},"end":{"line":24,"column":null}},"loc":{"start":{"line":28,"column":48},"end":{"line":50,"column":3}}},"2":{"name":"(anonymous_2)","decl":{"start":{"line":52,"column":2},"end":{"line":52,"column":10}},"loc":{"start":{"line":52,"column":2},"end":{"line":65,"column":3}}},"3":{"name":"(anonymous_3)","decl":{"start":{"line":67,"column":2},"end":{"line":67,"column":17}},"loc":{"start":{"line":67,"column":2},"end":{"line":88,"column":3}}},"4":{"name":"(anonymous_4)","decl":{"start":{"line":71,"column":22},"end":{"line":71,"column":null}},"loc":{"start":{"line":71,"column":22},"end":{"line":79,"column":7}}},"5":{"name":"(anonymous_5)","decl":{"start":{"line":74,"column":28},"end":{"line":74,"column":31}},"loc":{"start":{"line":74,"column":31},"end":{"line":77,"column":11}}},"6":{"name":"(anonymous_6)","decl":{"start":{"line":90,"column":2},"end":{"line":90,"column":28}},"loc":{"start":{"line":90,"column":2},"end":{"line":100,"column":3}}},"7":{"name":"(anonymous_7)","decl":{"start":{"line":102,"column":2},"end":{"line":102,"column":16}},"loc":{"start":{"line":102,"column":22},"end":{"line":106,"column":3}}},"8":{"name":"(anonymous_8)","decl":{"start":{"line":108,"column":2},"end":{"line":108,"column":8}},"loc":{"start":{"line":108,"column":2},"end":{"line":115,"column":3}}}},"branchMap":{"0":{"loc":{"start":{"line":34,"column":4},"end":{"line":36,"column":null}},"type":"if","locations":[{"start":{"line":34,"column":4},"end":{"line":36,"column":null}}]},"1":{"loc":{"start":{"line":40,"column":4},"end":{"line":42,"column":null}},"type":"if","locations":[{"start":{"line":40,"column":4},"end":{"line":42,"column":null}}]},"2":{"loc":{"start":{"line":46,"column":17},"end":{"line":46,"column":54}},"type":"cond-expr","locations":[{"start":{"line":46,"column":30},"end":{"line":46,"column":50}},{"start":{"line":46,"column":53},"end":{"line":46,"column":54}}]},"3":{"loc":{"start":{"line":47,"column":4},"end":{"line":49,"column":null}},"type":"if","locations":[{"start":{"line":47,"column":4},"end":{"line":49,"column":null}}]},"4":{"loc":{"start":{"line":54,"column":4},"end":{"line":58,"column":null}},"type":"if","locations":[{"start":{"line":54,"column":4},"end":{"line":58,"column":null}},{"start":{"line":56,"column":11},"end":{"line":58,"column":null}}]},"5":{"loc":{"start":{"line":59,"column":4},"end":{"line":63,"column":null}},"type":"if","locations":[{"start":{"line":59,"column":4},"end":{"line":63,"column":null}},{"start":{"line":61,"column":11},"end":{"line":63,"column":null}}]},"6":{"loc":{"start":{"line":68,"column":4},"end":{"line":87,"column":null}},"type":"if","locations":[{"start":{"line":68,"column":4},"end":{"line":87,"column":null}}]},"7":{"loc":{"start":{"line":68,"column":8},"end":{"line":68,"column":52}},"type":"binary-expr","locations":[{"start":{"line":68,"column":8},"end":{"line":68,"column":21}},{"start":{"line":68,"column":25},"end":{"line":68,"column":52}}]},"8":{"loc":{"start":{"line":73,"column":8},"end":{"line":78,"column":null}},"type":"if","locations":[{"start":{"line":73,"column":8},"end":{"line":78,"column":null}}]},"9":{"loc":{"start":{"line":82,"column":6},"end":{"line":86,"column":null}},"type":"if","locations":[{"start":{"line":82,"column":6},"end":{"line":86,"column":null}},{"start":{"line":84,"column":13},"end":{"line":86,"column":null}}]},"10":{"loc":{"start":{"line":91,"column":28},"end":{"line":91,"column":73}},"type":"cond-expr","locations":[{"start":{"line":91,"column":44},"end":{"line":91,"column":61}},{"start":{"line":91,"column":64},"end":{"line":91,"column":73}}]},"11":{"loc":{"start":{"line":103,"column":4},"end":{"line":105,"column":null}},"type":"if","locations":[{"start":{"line":103,"column":4},"end":{"line":105,"column":null}}]},"12":{"loc":{"start":{"line":110,"column":4},"end":{"line":114,"column":null}},"type":"if","locations":[{"start":{"line":110,"column":4},"end":{"line":114,"column":null}},{"start":{"line":112,"column":11},"end":{"line":114,"column":null}}]}},"s":{"0":1,"1":51,"2":51,"3":51,"4":51,"5":51,"6":51,"7":51,"8":51,"9":51,"10":51,"11":51,"12":51,"13":51,"14":1,"15":51,"16":51,"17":51,"18":51,"19":50,"20":51,"21":51,"22":51,"23":51,"24":50,"25":1,"26":8,"27":8,"28":2,"29":6,"30":8,"31":5,"32":3,"33":8,"34":1,"35":5,"36":3,"37":3,"38":2,"39":2,"40":2,"41":1,"42":3,"43":2,"44":1,"45":1,"46":9,"47":9,"48":9,"49":9,"50":1,"51":3,"52":2,"53":1,"54":3,"55":3,"56":2,"57":1,"58":1,"59":1},"f":{"0":1,"1":51,"2":8,"3":5,"4":2,"5":1,"6":9,"7":3,"8":3},"b":{"0":[1],"1":[50],"2":[50,1],"3":[50],"4":[2,6],"5":[5,3],"6":[3],"7":[5,4],"8":[2],"9":[2,1],"10":[5,4],"11":[2],"12":[2,1]}}
,"C:\\Development\\development_course\\HumanWisdom\\projects\\shared\\component\\all-stories\\all-stories.page.ts": {"path":"C:\\Development\\development_course\\HumanWisdom\\projects\\shared\\component\\all-stories\\all-stories.page.ts","statementMap":{"0":{"start":{"line":14,"column":0},"end":{"line":14,"column":13}},"1":{"start":{"line":28,"column":31},"end":{"line":28,"column":45}},"2":{"start":{"line":29,"column":21},"end":{"line":29,"column":46}},"3":{"start":{"line":30,"column":21},"end":{"line":30,"column":38}},"4":{"start":{"line":31,"column":21},"end":{"line":31,"column":31}},"5":{"start":{"line":31,"column":50},"end":{"line":31,"column":62}},"6":{"start":{"line":31,"column":81},"end":{"line":31,"column":116}},"7":{"start":{"line":15,"column":2},"end":{"line":15,"column":null}},"8":{"start":{"line":16,"column":2},"end":{"line":16,"column":null}},"9":{"start":{"line":17,"column":2},"end":{"line":17,"column":null}},"10":{"start":{"line":18,"column":2},"end":{"line":18,"column":null}},"11":{"start":{"line":19,"column":2},"end":{"line":19,"column":18}},"12":{"start":{"line":21,"column":2},"end":{"line":21,"column":32}},"13":{"start":{"line":22,"column":2},"end":{"line":22,"column":null}},"14":{"start":{"line":23,"column":2},"end":{"line":23,"column":23}},"15":{"start":{"line":24,"column":2},"end":{"line":24,"column":18}},"16":{"start":{"line":25,"column":2},"end":{"line":25,"column":20}},"17":{"start":{"line":26,"column":2},"end":{"line":26,"column":41}},"18":{"start":{"line":27,"column":2},"end":{"line":27,"column":95}},"19":{"start":{"line":33,"column":2},"end":{"line":51,"column":null}},"20":{"start":{"line":34,"column":4},"end":{"line":34,"column":null}},"21":{"start":{"line":35,"column":4},"end":{"line":35,"column":null}},"22":{"start":{"line":36,"column":4},"end":{"line":36,"column":null}},"23":{"start":{"line":37,"column":4},"end":{"line":37,"column":null}},"24":{"start":{"line":38,"column":4},"end":{"line":38,"column":null}},"25":{"start":{"line":39,"column":17},"end":{"line":39,"column":51}},"26":{"start":{"line":40,"column":19},"end":{"line":40,"column":53}},"27":{"start":{"line":41,"column":4},"end":{"line":45,"column":null}},"28":{"start":{"line":42,"column":6},"end":{"line":42,"column":31}},"29":{"start":{"line":44,"column":6},"end":{"line":44,"column":32}},"30":{"start":{"line":46,"column":4},"end":{"line":50,"column":null}},"31":{"start":{"line":47,"column":6},"end":{"line":47,"column":27}},"32":{"start":{"line":49,"column":9},"end":{"line":49,"column":31}},"33":{"start":{"line":53,"column":2},"end":{"line":63,"column":null}},"34":{"start":{"line":54,"column":16},"end":{"line":54,"column":59}},"35":{"start":{"line":55,"column":4},"end":{"line":55,"column":null}},"36":{"start":{"line":56,"column":4},"end":{"line":60,"column":null}},"37":{"start":{"line":57,"column":5},"end":{"line":57,"column":26}},"38":{"start":{"line":59,"column":6},"end":{"line":59,"column":34}},"39":{"start":{"line":65,"column":2},"end":{"line":90,"column":null}},"40":{"start":{"line":65,"column":2},"end":{"line":65,"column":12}},"41":{"start":{"line":66,"column":4},"end":{"line":89,"column":null}},"42":{"start":{"line":68,"column":8},"end":{"line":78,"column":null}},"43":{"start":{"line":70,"column":24},"end":{"line":70,"column":79}},"44":{"start":{"line":70,"column":43},"end":{"line":70,"column":79}},"45":{"start":{"line":71,"column":10},"end":{"line":71,"column":83}},"46":{"start":{"line":71,"column":38},"end":{"line":71,"column":82}},"47":{"start":{"line":74,"column":10},"end":{"line":74,"column":null}},"48":{"start":{"line":75,"column":10},"end":{"line":75,"column":null}},"49":{"start":{"line":76,"column":10},"end":{"line":76,"column":41}},"50":{"start":{"line":77,"column":10},"end":{"line":77,"column":null}},"51":{"start":{"line":80,"column":13},"end":{"line":80,"column":null}},"52":{"start":{"line":82,"column":18},"end":{"line":82,"column":52}},"53":{"start":{"line":83,"column":8},"end":{"line":87,"column":null}},"54":{"start":{"line":84,"column":10},"end":{"line":86,"column":null}},"55":{"start":{"line":85,"column":12},"end":{"line":85,"column":null}},"56":{"start":{"line":85,"column":41},"end":{"line":85,"column":54}},"57":{"start":{"line":92,"column":2},"end":{"line":115,"column":null}},"58":{"start":{"line":92,"column":2},"end":{"line":92,"column":8}},"59":{"start":{"line":93,"column":14},"end":{"line":93,"column":48}},"60":{"start":{"line":94,"column":16},"end":{"line":94,"column":30}},"61":{"start":{"line":95,"column":20},"end":{"line":95,"column":41}},"62":{"start":{"line":96,"column":25},"end":{"line":96,"column":46}},"63":{"start":{"line":97,"column":4},"end":{"line":100,"column":null}},"64":{"start":{"line":98,"column":6},"end":{"line":98,"column":105}},"65":{"start":{"line":99,"column":6},"end":{"line":99,"column":13}},"66":{"start":{"line":101,"column":23},"end":{"line":101,"column":57}},"67":{"start":{"line":102,"column":4},"end":{"line":114,"column":null}},"68":{"start":{"line":103,"column":6},"end":{"line":103,"column":null}},"69":{"start":{"line":104,"column":6},"end":{"line":104,"column":null}},"70":{"start":{"line":105,"column":6},"end":{"line":111,"column":null}},"71":{"start":{"line":106,"column":8},"end":{"line":108,"column":null}},"72":{"start":{"line":107,"column":17},"end":{"line":107,"column":43}},"73":{"start":{"line":110,"column":8},"end":{"line":110,"column":34}},"74":{"start":{"line":112,"column":11},"end":{"line":114,"column":null}},"75":{"start":{"line":113,"column":6},"end":{"line":113,"column":28}},"76":{"start":{"line":117,"column":2},"end":{"line":123,"column":null}},"77":{"start":{"line":118,"column":4},"end":{"line":122,"column":null}},"78":{"start":{"line":119,"column":6},"end":{"line":119,"column":68}},"79":{"start":{"line":121,"column":6},"end":{"line":121,"column":71}},"80":{"start":{"line":124,"column":2},"end":{"line":139,"column":null}},"81":{"start":{"line":124,"column":2},"end":{"line":124,"column":13}},"82":{"start":{"line":126,"column":4},"end":{"line":138,"column":null}},"83":{"start":{"line":128,"column":6},"end":{"line":128,"column":null}},"84":{"start":{"line":129,"column":6},"end":{"line":129,"column":null}},"85":{"start":{"line":134,"column":6},"end":{"line":134,"column":31}},"86":{"start":{"line":135,"column":22},"end":{"line":135,"column":264}},"87":{"start":{"line":135,"column":56},"end":{"line":135,"column":264}},"88":{"start":{"line":136,"column":6},"end":{"line":136,"column":null}},"89":{"start":{"line":137,"column":6},"end":{"line":137,"column":48}},"90":{"start":{"line":142,"column":2},"end":{"line":154,"column":null}},"91":{"start":{"line":144,"column":4},"end":{"line":153,"column":null}},"92":{"start":{"line":146,"column":6},"end":{"line":146,"column":40}},"93":{"start":{"line":147,"column":6},"end":{"line":147,"column":40}},"94":{"start":{"line":151,"column":6},"end":{"line":151,"column":41}},"95":{"start":{"line":152,"column":6},"end":{"line":152,"column":40}},"96":{"start":{"line":156,"column":2},"end":{"line":162,"column":null}},"97":{"start":{"line":157,"column":4},"end":{"line":161,"column":null}},"98":{"start":{"line":158,"column":6},"end":{"line":158,"column":null}},"99":{"start":{"line":160,"column":6},"end":{"line":160,"column":null}},"100":{"start":{"line":164,"column":2},"end":{"line":170,"column":null}},"101":{"start":{"line":165,"column":2},"end":{"line":165,"column":25}},"102":{"start":{"line":166,"column":2},"end":{"line":169,"column":null}},"103":{"start":{"line":168,"column":4},"end":{"line":168,"column":100}},"104":{"start":{"line":14,"column":13},"end":{"line":172,"column":null}},"105":{"start":{"line":172,"column":0},"end":{"line":172,"column":null}}},"fnMap":{"0":{"name":"(anonymous_0)","decl":{"start":{"line":14,"column":0},"end":{"line":14,"column":13}},"loc":{"start":{"line":14,"column":0},"end":{"line":14,"column":13}}},"1":{"name":"AllStoriesPage","decl":{"start":{"line":28,"column":2},"end":{"line":28,"column":31}},"loc":{"start":{"line":31,"column":116},"end":{"line":31,"column":121}}},"2":{"name":"(anonymous_2)","decl":{"start":{"line":33,"column":2},"end":{"line":33,"column":10}},"loc":{"start":{"line":33,"column":2},"end":{"line":51,"column":3}}},"3":{"name":"(anonymous_3)","decl":{"start":{"line":53,"column":2},"end":{"line":53,"column":8}},"loc":{"start":{"line":53,"column":2},"end":{"line":63,"column":3}}},"4":{"name":"(anonymous_4)","decl":{"start":{"line":65,"column":2},"end":{"line":65,"column":12}},"loc":{"start":{"line":65,"column":2},"end":{"line":90,"column":3}}},"5":{"name":"(anonymous_5)","decl":{"start":{"line":66,"column":42},"end":{"line":66,"column":45}},"loc":{"start":{"line":66,"column":45},"end":{"line":79,"column":7}}},"6":{"name":"(anonymous_6)","decl":{"start":{"line":70,"column":33},"end":{"line":70,"column":34}},"loc":{"start":{"line":70,"column":38},"end":{"line":70,"column":44}}},"7":{"name":"(anonymous_7)","decl":{"start":{"line":71,"column":35},"end":{"line":71,"column":36}},"loc":{"start":{"line":71,"column":36},"end":{"line":71,"column":39}}},"8":{"name":"(anonymous_8)","decl":{"start":{"line":80,"column":6},"end":{"line":80,"column":11}},"loc":{"start":{"line":80,"column":11},"end":{"line":80,"column":20}}},"9":{"name":"(anonymous_9)","decl":{"start":{"line":81,"column":6},"end":{"line":81,"column":null}},"loc":{"start":{"line":81,"column":6},"end":{"line":88,"column":7}}},"10":{"name":"(anonymous_10)","decl":{"start":{"line":84,"column":47},"end":{"line":84,"column":48}},"loc":{"start":{"line":84,"column":48},"end":{"line":86,"column":11}}},"11":{"name":"(anonymous_11)","decl":{"start":{"line":85,"column":36},"end":{"line":85,"column":37}},"loc":{"start":{"line":85,"column":37},"end":{"line":85,"column":42}}},"12":{"name":"(anonymous_12)","decl":{"start":{"line":92,"column":2},"end":{"line":92,"column":8}},"loc":{"start":{"line":92,"column":20},"end":{"line":115,"column":3}}},"13":{"name":"(anonymous_13)","decl":{"start":{"line":106,"column":58},"end":{"line":106,"column":61}},"loc":{"start":{"line":106,"column":61},"end":{"line":108,"column":9}}},"14":{"name":"(anonymous_14)","decl":{"start":{"line":117,"column":2},"end":{"line":117,"column":8}},"loc":{"start":{"line":117,"column":2},"end":{"line":123,"column":1}}},"15":{"name":"(anonymous_15)","decl":{"start":{"line":124,"column":2},"end":{"line":124,"column":13}},"loc":{"start":{"line":124,"column":20},"end":{"line":139,"column":3}}},"16":{"name":"(anonymous_16)","decl":{"start":{"line":135,"column":50},"end":{"line":135,"column":52}},"loc":{"start":{"line":135,"column":52},"end":{"line":135,"column":58}}},"17":{"name":"(anonymous_17)","decl":{"start":{"line":142,"column":2},"end":{"line":142,"column":23}},"loc":{"start":{"line":142,"column":2},"end":{"line":154,"column":3}}},"18":{"name":"(anonymous_18)","decl":{"start":{"line":156,"column":2},"end":{"line":156,"column":20}},"loc":{"start":{"line":156,"column":2},"end":{"line":162,"column":3}}},"19":{"name":"(anonymous_19)","decl":{"start":{"line":164,"column":2},"end":{"line":164,"column":14}},"loc":{"start":{"line":164,"column":28},"end":{"line":170,"column":3}}}},"branchMap":{"0":{"loc":{"start":{"line":41,"column":4},"end":{"line":45,"column":null}},"type":"if","locations":[{"start":{"line":41,"column":4},"end":{"line":45,"column":null}},{"start":{"line":43,"column":11},"end":{"line":45,"column":null}}]},"1":{"loc":{"start":{"line":41,"column":8},"end":{"line":41,"column":37}},"type":"binary-expr","locations":[{"start":{"line":41,"column":8},"end":{"line":41,"column":22}},{"start":{"line":41,"column":26},"end":{"line":41,"column":37}}]},"2":{"loc":{"start":{"line":46,"column":4},"end":{"line":50,"column":null}},"type":"if","locations":[{"start":{"line":46,"column":4},"end":{"line":50,"column":null}},{"start":{"line":48,"column":15},"end":{"line":50,"column":null}}]},"3":{"loc":{"start":{"line":56,"column":4},"end":{"line":60,"column":null}},"type":"if","locations":[{"start":{"line":56,"column":4},"end":{"line":60,"column":null}},{"start":{"line":58,"column":9},"end":{"line":60,"column":null}}]},"4":{"loc":{"start":{"line":68,"column":8},"end":{"line":78,"column":null}},"type":"if","locations":[{"start":{"line":68,"column":8},"end":{"line":78,"column":null}}]},"5":{"loc":{"start":{"line":83,"column":8},"end":{"line":87,"column":null}},"type":"if","locations":[{"start":{"line":83,"column":8},"end":{"line":87,"column":null}}]},"6":{"loc":{"start":{"line":83,"column":11},"end":{"line":83,"column":29}},"type":"binary-expr","locations":[{"start":{"line":83,"column":11},"end":{"line":83,"column":14}},{"start":{"line":83,"column":18},"end":{"line":83,"column":29}}]},"7":{"loc":{"start":{"line":95,"column":22},"end":{"line":95,"column":40}},"type":"binary-expr","locations":[{"start":{"line":95,"column":22},"end":{"line":95,"column":25}},{"start":{"line":95,"column":29},"end":{"line":95,"column":40}}]},"8":{"loc":{"start":{"line":96,"column":25},"end":{"line":96,"column":46}},"type":"binary-expr","locations":[{"start":{"line":96,"column":25},"end":{"line":96,"column":34}},{"start":{"line":96,"column":38},"end":{"line":96,"column":46}}]},"9":{"loc":{"start":{"line":97,"column":4},"end":{"line":100,"column":null}},"type":"if","locations":[{"start":{"line":97,"column":4},"end":{"line":100,"column":null}}]},"10":{"loc":{"start":{"line":97,"column":8},"end":{"line":97,"column":31}},"type":"binary-expr","locations":[{"start":{"line":97,"column":8},"end":{"line":97,"column":15}},{"start":{"line":97,"column":19},"end":{"line":97,"column":31}}]},"11":{"loc":{"start":{"line":101,"column":23},"end":{"line":101,"column":57}},"type":"binary-expr","locations":[{"start":{"line":101,"column":23},"end":{"line":101,"column":29}},{"start":{"line":101,"column":34},"end":{"line":101,"column":41}},{"start":{"line":101,"column":45},"end":{"line":101,"column":56}}]},"12":{"loc":{"start":{"line":102,"column":4},"end":{"line":114,"column":null}},"type":"if","locations":[{"start":{"line":102,"column":4},"end":{"line":114,"column":null}},{"start":{"line":112,"column":11},"end":{"line":114,"column":null}}]},"13":{"loc":{"start":{"line":105,"column":6},"end":{"line":111,"column":null}},"type":"if","locations":[{"start":{"line":105,"column":6},"end":{"line":111,"column":null}},{"start":{"line":109,"column":13},"end":{"line":111,"column":null}}]},"14":{"loc":{"start":{"line":105,"column":9},"end":{"line":105,"column":27}},"type":"binary-expr","locations":[{"start":{"line":105,"column":9},"end":{"line":105,"column":12}},{"start":{"line":105,"column":16},"end":{"line":105,"column":27}}]},"15":{"loc":{"start":{"line":112,"column":11},"end":{"line":114,"column":null}},"type":"if","locations":[{"start":{"line":112,"column":11},"end":{"line":114,"column":null}}]},"16":{"loc":{"start":{"line":118,"column":4},"end":{"line":122,"column":null}},"type":"if","locations":[{"start":{"line":118,"column":4},"end":{"line":122,"column":null}},{"start":{"line":120,"column":9},"end":{"line":122,"column":null}}]},"17":{"loc":{"start":{"line":126,"column":4},"end":{"line":138,"column":null}},"type":"if","locations":[{"start":{"line":126,"column":4},"end":{"line":138,"column":null}},{"start":{"line":133,"column":4},"end":{"line":138,"column":null}}]},"18":{"loc":{"start":{"line":135,"column":56},"end":{"line":135,"column":263}},"type":"binary-expr","locations":[{"start":{"line":135,"column":56},"end":{"line":135,"column":122}},{"start":{"line":135,"column":126},"end":{"line":135,"column":190}},{"start":{"line":135,"column":194},"end":{"line":135,"column":263}}]},"19":{"loc":{"start":{"line":144,"column":4},"end":{"line":153,"column":null}},"type":"if","locations":[{"start":{"line":144,"column":4},"end":{"line":153,"column":null}},{"start":{"line":150,"column":4},"end":{"line":153,"column":null}}]},"20":{"loc":{"start":{"line":157,"column":4},"end":{"line":161,"column":null}},"type":"if","locations":[{"start":{"line":157,"column":4},"end":{"line":161,"column":null}},{"start":{"line":159,"column":9},"end":{"line":161,"column":null}}]},"21":{"loc":{"start":{"line":166,"column":2},"end":{"line":169,"column":null}},"type":"if","locations":[{"start":{"line":166,"column":2},"end":{"line":169,"column":null}}]}},"s":{"0":1,"1":59,"2":59,"3":59,"4":59,"5":59,"6":59,"7":59,"8":59,"9":59,"10":59,"11":59,"12":59,"13":59,"14":59,"15":59,"16":59,"17":59,"18":59,"19":1,"20":11,"21":11,"22":11,"23":11,"24":11,"25":11,"26":11,"27":11,"28":2,"29":9,"30":11,"31":10,"32":1,"33":1,"34":2,"35":2,"36":2,"37":1,"38":1,"39":1,"40":21,"41":21,"42":20,"43":19,"44":59,"45":19,"46":76,"47":19,"48":19,"49":19,"50":19,"51":1,"52":20,"53":20,"54":4,"55":4,"56":8,"57":1,"58":11,"59":11,"60":11,"61":11,"62":11,"63":11,"64":1,"65":1,"66":10,"67":10,"68":9,"69":9,"70":9,"71":5,"72":5,"73":4,"74":1,"75":1,"76":1,"77":2,"78":1,"79":1,"80":1,"81":10,"82":10,"83":1,"84":1,"85":9,"86":9,"87":36,"88":9,"89":9,"90":1,"91":6,"92":3,"93":3,"94":3,"95":3,"96":1,"97":9,"98":8,"99":1,"100":1,"101":4,"102":4,"103":1,"104":1,"105":1},"f":{"0":1,"1":59,"2":11,"3":2,"4":21,"5":20,"6":59,"7":76,"8":1,"9":20,"10":4,"11":8,"12":11,"13":5,"14":2,"15":10,"16":36,"17":6,"18":9,"19":4},"b":{"0":[2,9],"1":[11,3],"2":[10,1],"3":[1,1],"4":[19],"5":[4],"6":[20,6],"7":[11,6],"8":[11,10],"9":[1],"10":[11,5],"11":[10,4,3],"12":[9,1],"13":[5,4],"14":[9,5],"15":[1],"16":[1,1],"17":[1,9],"18":[36,19,18],"19":[3,3],"20":[8,1],"21":[1]}}
,"C:\\Development\\development_course\\HumanWisdom\\projects\\shared\\component\\audio-content\\audio-content.component.ts": {"path":"C:\\Development\\development_course\\HumanWisdom\\projects\\shared\\component\\audio-content\\audio-content.component.ts","statementMap":{"0":{"start":{"line":21,"column":0},"end":{"line":21,"column":13}},"1":{"start":{"line":51,"column":2},"end":{"line":51,"column":null}},"2":{"start":{"line":52,"column":21},"end":{"line":52,"column":43}},"3":{"start":{"line":53,"column":21},"end":{"line":53,"column":35}},"4":{"start":{"line":54,"column":21},"end":{"line":54,"column":40}},"5":{"start":{"line":22,"column":2},"end":{"line":22,"column":21}},"6":{"start":{"line":29,"column":12},"end":{"line":29,"column":null}},"7":{"start":{"line":33,"column":2},"end":{"line":33,"column":66}},"8":{"start":{"line":36,"column":2},"end":{"line":36,"column":68}},"9":{"start":{"line":37,"column":2},"end":{"line":37,"column":64}},"10":{"start":{"line":38,"column":2},"end":{"line":40,"column":9}},"11":{"start":{"line":46,"column":2},"end":{"line":46,"column":50}},"12":{"start":{"line":47,"column":2},"end":{"line":47,"column":23}},"13":{"start":{"line":48,"column":2},"end":{"line":48,"column":22}},"14":{"start":{"line":49,"column":2},"end":{"line":49,"column":18}},"15":{"start":{"line":56,"column":4},"end":{"line":58,"column":7}},"16":{"start":{"line":57,"column":6},"end":{"line":57,"column":27}},"17":{"start":{"line":60,"column":4},"end":{"line":60,"column":67}},"18":{"start":{"line":63,"column":2},"end":{"line":79,"column":null}},"19":{"start":{"line":63,"column":2},"end":{"line":63,"column":10}},"20":{"start":{"line":64,"column":14},"end":{"line":64,"column":29}},"21":{"start":{"line":65,"column":22},"end":{"line":65,"column":42}},"22":{"start":{"line":66,"column":4},"end":{"line":66,"column":39}},"23":{"start":{"line":67,"column":4},"end":{"line":67,"column":21}},"24":{"start":{"line":70,"column":4},"end":{"line":72,"column":7}},"25":{"start":{"line":71,"column":6},"end":{"line":71,"column":44}},"26":{"start":{"line":74,"column":4},"end":{"line":78,"column":null}},"27":{"start":{"line":75,"column":6},"end":{"line":77,"column":null}},"28":{"start":{"line":76,"column":8},"end":{"line":76,"column":98}},"29":{"start":{"line":76,"column":42},"end":{"line":76,"column":92}},"30":{"start":{"line":81,"column":2},"end":{"line":89,"column":null}},"31":{"start":{"line":81,"column":2},"end":{"line":81,"column":17}},"32":{"start":{"line":82,"column":4},"end":{"line":87,"column":6}},"33":{"start":{"line":83,"column":6},"end":{"line":86,"column":null}},"34":{"start":{"line":84,"column":8},"end":{"line":84,"column":41}},"35":{"start":{"line":85,"column":8},"end":{"line":85,"column":32}},"36":{"start":{"line":88,"column":4},"end":{"line":88,"column":38}},"37":{"start":{"line":91,"column":2},"end":{"line":101,"column":null}},"38":{"start":{"line":92,"column":28},"end":{"line":92,"column":73}},"39":{"start":{"line":94,"column":18},"end":{"line":94,"column":49}},"40":{"start":{"line":95,"column":4},"end":{"line":99,"column":6}},"41":{"start":{"line":100,"column":4},"end":{"line":100,"column":37}},"42":{"start":{"line":103,"column":2},"end":{"line":106,"column":null}},"43":{"start":{"line":104,"column":21},"end":{"line":104,"column":52}},"44":{"start":{"line":105,"column":4},"end":{"line":105,"column":46}},"45":{"start":{"line":108,"column":2},"end":{"line":116,"column":null}},"46":{"start":{"line":109,"column":21},"end":{"line":109,"column":52}},"47":{"start":{"line":110,"column":4},"end":{"line":110,"column":62}},"48":{"start":{"line":111,"column":4},"end":{"line":115,"column":null}},"49":{"start":{"line":112,"column":6},"end":{"line":112,"column":31}},"50":{"start":{"line":113,"column":6},"end":{"line":113,"column":18}},"51":{"start":{"line":114,"column":6},"end":{"line":114,"column":30}},"52":{"start":{"line":118,"column":2},"end":{"line":122,"column":null}},"53":{"start":{"line":119,"column":4},"end":{"line":121,"column":null}},"54":{"start":{"line":120,"column":6},"end":{"line":120,"column":35}},"55":{"start":{"line":124,"column":2},"end":{"line":127,"column":null}},"56":{"start":{"line":125,"column":16},"end":{"line":125,"column":37}},"57":{"start":{"line":126,"column":4},"end":{"line":126,"column":32}},"58":{"start":{"line":129,"column":2},"end":{"line":132,"column":null}},"59":{"start":{"line":130,"column":21},"end":{"line":130,"column":52}},"60":{"start":{"line":131,"column":4},"end":{"line":131,"column":37}},"61":{"start":{"line":134,"column":2},"end":{"line":136,"column":null}},"62":{"start":{"line":135,"column":4},"end":{"line":135,"column":29}},"63":{"start":{"line":21,"column":13},"end":{"line":137,"column":null}},"64":{"start":{"line":137,"column":0},"end":{"line":137,"column":null}}},"fnMap":{"0":{"name":"(anonymous_0)","decl":{"start":{"line":21,"column":0},"end":{"line":21,"column":13}},"loc":{"start":{"line":21,"column":0},"end":{"line":21,"column":13}}},"1":{"name":"AudioContentComponent","decl":{"start":{"line":51,"column":2},"end":{"line":51,"column":null}},"loc":{"start":{"line":54,"column":40},"end":{"line":61,"column":3}}},"2":{"name":"(anonymous_2)","decl":{"start":{"line":56,"column":35},"end":{"line":56,"column":41}},"loc":{"start":{"line":56,"column":41},"end":{"line":58,"column":5}}},"3":{"name":"(anonymous_3)","decl":{"start":{"line":63,"column":2},"end":{"line":63,"column":10}},"loc":{"start":{"line":63,"column":2},"end":{"line":79,"column":3}}},"4":{"name":"(anonymous_4)","decl":{"start":{"line":70,"column":52},"end":{"line":70,"column":55}},"loc":{"start":{"line":70,"column":55},"end":{"line":72,"column":5}}},"5":{"name":"(anonymous_5)","decl":{"start":{"line":76,"column":36},"end":{"line":76,"column":42}},"loc":{"start":{"line":76,"column":36},"end":{"line":76,"column":46}}},"6":{"name":"(anonymous_6)","decl":{"start":{"line":81,"column":2},"end":{"line":81,"column":17}},"loc":{"start":{"line":81,"column":2},"end":{"line":89,"column":3}}},"7":{"name":"(anonymous_7)","decl":{"start":{"line":82,"column":41},"end":{"line":82,"column":null}},"loc":{"start":{"line":82,"column":41},"end":{"line":87,"column":5}}},"8":{"name":"(anonymous_8)","decl":{"start":{"line":91,"column":2},"end":{"line":91,"column":28}},"loc":{"start":{"line":91,"column":2},"end":{"line":101,"column":3}}},"9":{"name":"(anonymous_9)","decl":{"start":{"line":103,"column":2},"end":{"line":103,"column":9}},"loc":{"start":{"line":103,"column":2},"end":{"line":106,"column":3}}},"10":{"name":"(anonymous_10)","decl":{"start":{"line":108,"column":2},"end":{"line":108,"column":16}},"loc":{"start":{"line":108,"column":2},"end":{"line":116,"column":3}}},"11":{"name":"(anonymous_11)","decl":{"start":{"line":118,"column":2},"end":{"line":118,"column":13}},"loc":{"start":{"line":118,"column":2},"end":{"line":122,"column":3}}},"12":{"name":"(anonymous_12)","decl":{"start":{"line":124,"column":2},"end":{"line":124,"column":16}},"loc":{"start":{"line":124,"column":2},"end":{"line":127,"column":3}}},"13":{"name":"(anonymous_13)","decl":{"start":{"line":129,"column":2},"end":{"line":129,"column":10}},"loc":{"start":{"line":129,"column":24},"end":{"line":132,"column":3}}},"14":{"name":"(anonymous_14)","decl":{"start":{"line":134,"column":2},"end":{"line":134,"column":20}},"loc":{"start":{"line":134,"column":2},"end":{"line":136,"column":3}}}},"branchMap":{"0":{"loc":{"start":{"line":38,"column":16},"end":{"line":40,"column":8}},"type":"cond-expr","locations":[{"start":{"line":39,"column":6},"end":{"line":39,"column":46}},{"start":{"line":40,"column":6},"end":{"line":40,"column":8}}]},"1":{"loc":{"start":{"line":74,"column":4},"end":{"line":78,"column":null}},"type":"if","locations":[{"start":{"line":74,"column":4},"end":{"line":78,"column":null}}]},"2":{"loc":{"start":{"line":75,"column":6},"end":{"line":77,"column":null}},"type":"if","locations":[{"start":{"line":75,"column":6},"end":{"line":77,"column":null}}]},"3":{"loc":{"start":{"line":76,"column":42},"end":{"line":76,"column":90}},"type":"cond-expr","locations":[{"start":{"line":76,"column":62},"end":{"line":76,"column":66}},{"start":{"line":76,"column":69},"end":{"line":76,"column":90}}]},"4":{"loc":{"start":{"line":83,"column":6},"end":{"line":86,"column":null}},"type":"if","locations":[{"start":{"line":83,"column":6},"end":{"line":86,"column":null}}]},"5":{"loc":{"start":{"line":92,"column":28},"end":{"line":92,"column":73}},"type":"cond-expr","locations":[{"start":{"line":92,"column":44},"end":{"line":92,"column":61}},{"start":{"line":92,"column":64},"end":{"line":92,"column":73}}]},"6":{"loc":{"start":{"line":111,"column":4},"end":{"line":115,"column":null}},"type":"if","locations":[{"start":{"line":111,"column":4},"end":{"line":115,"column":null}}]},"7":{"loc":{"start":{"line":119,"column":4},"end":{"line":121,"column":null}},"type":"if","locations":[{"start":{"line":119,"column":4},"end":{"line":121,"column":null}}]}},"s":{"0":1,"1":40,"2":40,"3":40,"4":40,"5":40,"6":40,"7":40,"8":40,"9":40,"10":40,"11":40,"12":40,"13":40,"14":40,"15":40,"16":40,"17":40,"18":1,"19":8,"20":8,"21":8,"22":8,"23":8,"24":8,"25":8,"26":8,"27":7,"28":3,"29":1,"30":1,"31":3,"32":3,"33":1,"34":1,"35":1,"36":3,"37":1,"38":5,"39":5,"40":5,"41":5,"42":1,"43":2,"44":2,"45":1,"46":6,"47":6,"48":6,"49":3,"50":3,"51":3,"52":1,"53":43,"54":6,"55":1,"56":1,"57":1,"58":1,"59":5,"60":5,"61":1,"62":1,"63":1,"64":1},"f":{"0":1,"1":40,"2":40,"3":8,"4":8,"5":1,"6":3,"7":1,"8":5,"9":2,"10":6,"11":43,"12":1,"13":5,"14":1},"b":{"0":[40,0],"1":[7],"2":[3],"3":[0,1],"4":[1],"5":[1,4],"6":[3],"7":[6]}}
,"C:\\Development\\development_course\\HumanWisdom\\projects\\shared\\component\\audio-player\\audio-player.component.ts": {"path":"C:\\Development\\development_course\\HumanWisdom\\projects\\shared\\component\\audio-player\\audio-player.component.ts","statementMap":{"0":{"start":{"line":10,"column":0},"end":{"line":10,"column":13}},"1":{"start":{"line":12,"column":2},"end":{"line":12,"column":null}},"2":{"start":{"line":15,"column":2},"end":{"line":15,"column":18}},"3":{"start":{"line":18,"column":2},"end":{"line":26,"column":null}},"4":{"start":{"line":20,"column":4},"end":{"line":24,"column":null}},"5":{"start":{"line":21,"column":6},"end":{"line":21,"column":27}},"6":{"start":{"line":23,"column":6},"end":{"line":23,"column":28}},"7":{"start":{"line":25,"column":4},"end":{"line":25,"column":38}},"8":{"start":{"line":28,"column":2},"end":{"line":41,"column":null}},"9":{"start":{"line":29,"column":28},"end":{"line":29,"column":65}},"10":{"start":{"line":32,"column":18},"end":{"line":32,"column":49}},"11":{"start":{"line":33,"column":4},"end":{"line":37,"column":6}},"12":{"start":{"line":40,"column":4},"end":{"line":40,"column":37}},"13":{"start":{"line":10,"column":13},"end":{"line":42,"column":null}},"14":{"start":{"line":42,"column":0},"end":{"line":42,"column":null}}},"fnMap":{"0":{"name":"(anonymous_0)","decl":{"start":{"line":10,"column":0},"end":{"line":10,"column":13}},"loc":{"start":{"line":10,"column":0},"end":{"line":10,"column":13}}},"1":{"name":"AudioPlayerComponent","decl":{"start":{"line":16,"column":2},"end":{"line":16,"column":17}},"loc":{"start":{"line":16,"column":2},"end":{"line":16,"column":18}}},"2":{"name":"(anonymous_2)","decl":{"start":{"line":18,"column":2},"end":{"line":18,"column":10}},"loc":{"start":{"line":18,"column":2},"end":{"line":26,"column":3}}},"3":{"name":"(anonymous_3)","decl":{"start":{"line":28,"column":2},"end":{"line":28,"column":28}},"loc":{"start":{"line":28,"column":2},"end":{"line":41,"column":3}}}},"branchMap":{"0":{"loc":{"start":{"line":20,"column":4},"end":{"line":24,"column":null}},"type":"if","locations":[{"start":{"line":20,"column":4},"end":{"line":24,"column":null}},{"start":{"line":22,"column":11},"end":{"line":24,"column":null}}]},"1":{"loc":{"start":{"line":29,"column":28},"end":{"line":29,"column":65}},"type":"cond-expr","locations":[{"start":{"line":29,"column":44},"end":{"line":29,"column":53}},{"start":{"line":29,"column":56},"end":{"line":29,"column":65}}]}},"s":{"0":1,"1":29,"2":29,"3":1,"4":14,"5":5,"6":9,"7":14,"8":1,"9":23,"10":23,"11":23,"12":23,"13":1,"14":1},"f":{"0":1,"1":29,"2":14,"3":23},"b":{"0":[5,9],"1":[14,9]}}
,"C:\\Development\\development_course\\HumanWisdom\\projects\\shared\\component\\bg-video\\bg-video.component.ts": {"path":"C:\\Development\\development_course\\HumanWisdom\\projects\\shared\\component\\bg-video\\bg-video.component.ts","statementMap":{"0":{"start":{"line":7,"column":0},"end":{"line":7,"column":13}},"1":{"start":{"line":7,"column":13},"end":{"line":8,"column":null}},"2":{"start":{"line":8,"column":0},"end":{"line":8,"column":null}}},"fnMap":{"0":{"name":"(anonymous_0)","decl":{"start":{"line":7,"column":0},"end":{"line":7,"column":13}},"loc":{"start":{"line":7,"column":0},"end":{"line":7,"column":13}}}},"branchMap":{},"s":{"0":1,"1":1,"2":1},"f":{"0":11},"b":{}}
,"C:\\Development\\development_course\\HumanWisdom\\projects\\shared\\component\\botnav\\botnav.component.ts": {"path":"C:\\Development\\development_course\\HumanWisdom\\projects\\shared\\component\\botnav\\botnav.component.ts","statementMap":{"0":{"start":{"line":9,"column":0},"end":{"line":9,"column":13}},"1":{"start":{"line":11,"column":31},"end":{"line":11,"column":45}},"2":{"start":{"line":11,"column":64},"end":{"line":11,"column":81}},"3":{"start":{"line":13,"column":2},"end":{"line":15,"column":null}},"4":{"start":{"line":14,"column":4},"end":{"line":14,"column":null}},"5":{"start":{"line":16,"column":2},"end":{"line":18,"column":null}},"6":{"start":{"line":17,"column":4},"end":{"line":17,"column":null}},"7":{"start":{"line":9,"column":13},"end":{"line":20,"column":null}},"8":{"start":{"line":20,"column":0},"end":{"line":20,"column":null}}},"fnMap":{"0":{"name":"(anonymous_0)","decl":{"start":{"line":9,"column":0},"end":{"line":9,"column":13}},"loc":{"start":{"line":9,"column":0},"end":{"line":9,"column":13}}},"1":{"name":"BotnavComponent","decl":{"start":{"line":11,"column":2},"end":{"line":11,"column":31}},"loc":{"start":{"line":11,"column":81},"end":{"line":11,"column":86}}},"2":{"name":"(anonymous_2)","decl":{"start":{"line":13,"column":2},"end":{"line":13,"column":14}},"loc":{"start":{"line":13,"column":2},"end":{"line":15,"column":3}}},"3":{"name":"(anonymous_3)","decl":{"start":{"line":16,"column":2},"end":{"line":16,"column":11}},"loc":{"start":{"line":16,"column":2},"end":{"line":18,"column":3}}}},"branchMap":{},"s":{"0":1,"1":30,"2":30,"3":1,"4":22,"5":1,"6":21,"7":1,"8":1},"f":{"0":1,"1":30,"2":22,"3":21},"b":{}}
,"C:\\Development\\development_course\\HumanWisdom\\projects\\shared\\component\\home\\home.component.ts": {"path":"C:\\Development\\development_course\\HumanWisdom\\projects\\shared\\component\\home\\home.component.ts","statementMap":{"0":{"start":{"line":104,"column":0},"end":{"line":104,"column":13}},"1":{"start":{"line":148,"column":2},"end":{"line":148,"column":null}},"2":{"start":{"line":149,"column":12},"end":{"line":149,"column":26}},"3":{"start":{"line":150,"column":12},"end":{"line":150,"column":40}},"4":{"start":{"line":151,"column":12},"end":{"line":151,"column":46}},"5":{"start":{"line":152,"column":12},"end":{"line":152,"column":48}},"6":{"start":{"line":112,"column":2},"end":{"line":112,"column":32}},"7":{"start":{"line":113,"column":2},"end":{"line":113,"column":23}},"8":{"start":{"line":114,"column":2},"end":{"line":114,"column":118}},"9":{"start":{"line":116,"column":2},"end":{"line":116,"column":41}},"10":{"start":{"line":117,"column":2},"end":{"line":117,"column":23}},"11":{"start":{"line":118,"column":2},"end":{"line":118,"column":48}},"12":{"start":{"line":119,"column":2},"end":{"line":119,"column":46}},"13":{"start":{"line":120,"column":2},"end":{"line":120,"column":53}},"14":{"start":{"line":123,"column":2},"end":{"line":123,"column":24}},"15":{"start":{"line":125,"column":2},"end":{"line":125,"column":19}},"16":{"start":{"line":126,"column":2},"end":{"line":126,"column":38}},"17":{"start":{"line":127,"column":2},"end":{"line":127,"column":29}},"18":{"start":{"line":128,"column":2},"end":{"line":128,"column":22}},"19":{"start":{"line":129,"column":2},"end":{"line":129,"column":54}},"20":{"start":{"line":131,"column":2},"end":{"line":131,"column":57}},"21":{"start":{"line":132,"column":19},"end":{"line":132,"column":50}},"22":{"start":{"line":133,"column":19},"end":{"line":133,"column":43}},"23":{"start":{"line":134,"column":2},"end":{"line":134,"column":26}},"24":{"start":{"line":135,"column":2},"end":{"line":135,"column":25}},"25":{"start":{"line":136,"column":2},"end":{"line":136,"column":27}},"26":{"start":{"line":137,"column":2},"end":{"line":137,"column":25}},"27":{"start":{"line":138,"column":2},"end":{"line":138,"column":24}},"28":{"start":{"line":139,"column":2},"end":{"line":139,"column":34}},"29":{"start":{"line":140,"column":2},"end":{"line":140,"column":32}},"30":{"start":{"line":141,"column":2},"end":{"line":141,"column":20}},"31":{"start":{"line":142,"column":2},"end":{"line":142,"column":41}},"32":{"start":{"line":143,"column":2},"end":{"line":143,"column":95}},"33":{"start":{"line":146,"column":10},"end":{"line":146,"column":36}},"34":{"start":{"line":147,"column":2},"end":{"line":147,"column":18}},"35":{"start":{"line":155,"column":4},"end":{"line":155,"column":68}},"36":{"start":{"line":157,"column":4},"end":{"line":159,"column":6}},"37":{"start":{"line":158,"column":6},"end":{"line":158,"column":30}},"38":{"start":{"line":160,"column":4},"end":{"line":160,"column":66}},"39":{"start":{"line":161,"column":4},"end":{"line":161,"column":49}},"40":{"start":{"line":163,"column":4},"end":{"line":170,"column":9}},"41":{"start":{"line":164,"column":28},"end":{"line":164,"column":59}},"42":{"start":{"line":167,"column":8},"end":{"line":169,"column":16}},"43":{"start":{"line":168,"column":10},"end":{"line":168,"column":34}},"44":{"start":{"line":107,"column":4},"end":{"line":107,"column":60}},"45":{"start":{"line":110,"column":4},"end":{"line":110,"column":57}},"46":{"start":{"line":174,"column":2},"end":{"line":245,"column":null}},"47":{"start":{"line":174,"column":2},"end":{"line":174,"column":10}},"48":{"start":{"line":175,"column":4},"end":{"line":175,"column":53}},"49":{"start":{"line":176,"column":4},"end":{"line":176,"column":53}},"50":{"start":{"line":179,"column":4},"end":{"line":200,"column":null}},"51":{"start":{"line":180,"column":23},"end":{"line":180,"column":45}},"52":{"start":{"line":181,"column":10},"end":{"line":183,"column":null}},"53":{"start":{"line":182,"column":10},"end":{"line":182,"column":57}},"54":{"start":{"line":184,"column":6},"end":{"line":193,"column":null}},"55":{"start":{"line":186,"column":8},"end":{"line":186,"column":45}},"56":{"start":{"line":189,"column":8},"end":{"line":189,"column":25}},"57":{"start":{"line":191,"column":8},"end":{"line":191,"column":27}},"58":{"start":{"line":192,"column":8},"end":{"line":192,"column":25}},"59":{"start":{"line":195,"column":6},"end":{"line":195,"column":74}},"60":{"start":{"line":196,"column":6},"end":{"line":196,"column":25}},"61":{"start":{"line":197,"column":6},"end":{"line":197,"column":23}},"62":{"start":{"line":198,"column":9},"end":{"line":198,"column":48}},"63":{"start":{"line":199,"column":7},"end":{"line":199,"column":24}},"64":{"start":{"line":203,"column":4},"end":{"line":203,"column":33}},"65":{"start":{"line":206,"column":4},"end":{"line":206,"column":25}},"66":{"start":{"line":209,"column":4},"end":{"line":213,"column":7}},"67":{"start":{"line":210,"column":6},"end":{"line":212,"column":null}},"68":{"start":{"line":211,"column":8},"end":{"line":211,"column":39}},"69":{"start":{"line":216,"column":4},"end":{"line":223,"column":7}},"70":{"start":{"line":217,"column":6},"end":{"line":222,"column":null}},"71":{"start":{"line":218,"column":23},"end":{"line":218,"column":43}},"72":{"start":{"line":219,"column":21},"end":{"line":219,"column":39}},"73":{"start":{"line":220,"column":8},"end":{"line":220,"column":46}},"74":{"start":{"line":221,"column":8},"end":{"line":221,"column":92}},"75":{"start":{"line":226,"column":31},"end":{"line":226,"column":63}},"76":{"start":{"line":227,"column":4},"end":{"line":234,"column":null}},"77":{"start":{"line":229,"column":6},"end":{"line":229,"column":79}},"78":{"start":{"line":230,"column":6},"end":{"line":230,"column":62}},"79":{"start":{"line":233,"column":6},"end":{"line":233,"column":31}},"80":{"start":{"line":236,"column":4},"end":{"line":236,"column":46}},"81":{"start":{"line":237,"column":4},"end":{"line":241,"column":null}},"82":{"start":{"line":238,"column":6},"end":{"line":238,"column":27}},"83":{"start":{"line":240,"column":6},"end":{"line":240,"column":28}},"84":{"start":{"line":248,"column":10},"end":{"line":278,"column":null}},"85":{"start":{"line":248,"column":2},"end":{"line":248,"column":10}},"86":{"start":{"line":249,"column":4},"end":{"line":249,"column":88}},"87":{"start":{"line":252,"column":4},"end":{"line":252,"column":36}},"88":{"start":{"line":255,"column":4},"end":{"line":255,"column":51}},"89":{"start":{"line":258,"column":4},"end":{"line":258,"column":29}},"90":{"start":{"line":261,"column":4},"end":{"line":270,"column":7}},"91":{"start":{"line":262,"column":6},"end":{"line":269,"column":null}},"92":{"start":{"line":263,"column":8},"end":{"line":263,"column":30}},"93":{"start":{"line":264,"column":8},"end":{"line":264,"column":41}},"94":{"start":{"line":265,"column":8},"end":{"line":265,"column":70}},"95":{"start":{"line":267,"column":8},"end":{"line":267,"column":31}},"96":{"start":{"line":268,"column":8},"end":{"line":268,"column":41}},"97":{"start":{"line":272,"column":4},"end":{"line":272,"column":78}},"98":{"start":{"line":272,"column":65},"end":{"line":272,"column":77}},"99":{"start":{"line":273,"column":4},"end":{"line":273,"column":73}},"100":{"start":{"line":275,"column":4},"end":{"line":277,"column":12}},"101":{"start":{"line":276,"column":6},"end":{"line":276,"column":32}},"102":{"start":{"line":280,"column":2},"end":{"line":288,"column":null}},"103":{"start":{"line":280,"column":2},"end":{"line":280,"column":17}},"104":{"start":{"line":282,"column":4},"end":{"line":282,"column":36}},"105":{"start":{"line":285,"column":4},"end":{"line":287,"column":12}},"106":{"start":{"line":286,"column":6},"end":{"line":286,"column":32}},"107":{"start":{"line":293,"column":10},"end":{"line":304,"column":null}},"108":{"start":{"line":294,"column":25},"end":{"line":294,"column":75}},"109":{"start":{"line":295,"column":4},"end":{"line":303,"column":null}},"110":{"start":{"line":297,"column":6},"end":{"line":297,"column":44}},"111":{"start":{"line":298,"column":6},"end":{"line":298,"column":46}},"112":{"start":{"line":299,"column":6},"end":{"line":299,"column":47}},"113":{"start":{"line":300,"column":6},"end":{"line":300,"column":51}},"114":{"start":{"line":302,"column":6},"end":{"line":302,"column":73}},"115":{"start":{"line":306,"column":2},"end":{"line":340,"column":null}},"116":{"start":{"line":306,"column":2},"end":{"line":306,"column":18}},"117":{"start":{"line":307,"column":20},"end":{"line":307,"column":43}},"118":{"start":{"line":311,"column":4},"end":{"line":311,"column":50}},"119":{"start":{"line":314,"column":4},"end":{"line":339,"column":7}},"120":{"start":{"line":315,"column":6},"end":{"line":338,"column":null}},"121":{"start":{"line":316,"column":8},"end":{"line":316,"column":41}},"122":{"start":{"line":317,"column":8},"end":{"line":317,"column":46}},"123":{"start":{"line":321,"column":8},"end":{"line":321,"column":67}},"124":{"start":{"line":324,"column":8},"end":{"line":324,"column":79}},"125":{"start":{"line":325,"column":8},"end":{"line":325,"column":75}},"126":{"start":{"line":328,"column":8},"end":{"line":328,"column":40}},"127":{"start":{"line":330,"column":8},"end":{"line":330,"column":36}},"128":{"start":{"line":333,"column":8},"end":{"line":335,"column":16}},"129":{"start":{"line":334,"column":10},"end":{"line":334,"column":36}},"130":{"start":{"line":337,"column":8},"end":{"line":337,"column":54}},"131":{"start":{"line":348,"column":2},"end":{"line":416,"column":null}},"132":{"start":{"line":348,"column":2},"end":{"line":348,"column":39}},"133":{"start":{"line":349,"column":39},"end":{"line":349,"column":41}},"134":{"start":{"line":351,"column":4},"end":{"line":353,"column":null}},"135":{"start":{"line":352,"column":6},"end":{"line":352,"column":85}},"136":{"start":{"line":356,"column":4},"end":{"line":382,"column":null}},"137":{"start":{"line":357,"column":32},"end":{"line":357,"column":87}},"138":{"start":{"line":360,"column":46},"end":{"line":360,"column":48}},"139":{"start":{"line":362,"column":6},"end":{"line":368,"column":null}},"140":{"start":{"line":367,"column":8},"end":{"line":367,"column":79}},"141":{"start":{"line":370,"column":6},"end":{"line":375,"column":null}},"142":{"start":{"line":371,"column":24},"end":{"line":371,"column":79}},"143":{"start":{"line":372,"column":8},"end":{"line":372,"column":39}},"144":{"start":{"line":373,"column":8},"end":{"line":373,"column":34}},"145":{"start":{"line":374,"column":8},"end":{"line":374,"column":36}},"146":{"start":{"line":378,"column":6},"end":{"line":381,"column":null}},"147":{"start":{"line":379,"column":8},"end":{"line":379,"column":56}},"148":{"start":{"line":380,"column":8},"end":{"line":380,"column":41}},"149":{"start":{"line":385,"column":4},"end":{"line":387,"column":null}},"150":{"start":{"line":386,"column":6},"end":{"line":386,"column":71}},"151":{"start":{"line":388,"column":4},"end":{"line":390,"column":null}},"152":{"start":{"line":389,"column":6},"end":{"line":389,"column":75}},"153":{"start":{"line":391,"column":4},"end":{"line":393,"column":null}},"154":{"start":{"line":392,"column":6},"end":{"line":392,"column":75}},"155":{"start":{"line":394,"column":4},"end":{"line":396,"column":null}},"156":{"start":{"line":395,"column":6},"end":{"line":395,"column":73}},"157":{"start":{"line":399,"column":22},"end":{"line":399,"column":115}},"158":{"start":{"line":400,"column":4},"end":{"line":404,"column":7}},"159":{"start":{"line":401,"column":6},"end":{"line":403,"column":null}},"160":{"start":{"line":402,"column":8},"end":{"line":402,"column":82}},"161":{"start":{"line":407,"column":4},"end":{"line":411,"column":7}},"162":{"start":{"line":408,"column":18},"end":{"line":408,"column":44}},"163":{"start":{"line":409,"column":18},"end":{"line":409,"column":44}},"164":{"start":{"line":410,"column":6},"end":{"line":410,"column":23}},"165":{"start":{"line":413,"column":4},"end":{"line":413,"column":146}},"166":{"start":{"line":413,"column":80},"end":{"line":413,"column":144}},"167":{"start":{"line":414,"column":4},"end":{"line":414,"column":93}},"168":{"start":{"line":414,"column":60},"end":{"line":414,"column":91}},"169":{"start":{"line":415,"column":4},"end":{"line":415,"column":20}},"170":{"start":{"line":421,"column":10},"end":{"line":424,"column":null}},"171":{"start":{"line":422,"column":23},"end":{"line":422,"column":121}},"172":{"start":{"line":423,"column":4},"end":{"line":423,"column":47}},"173":{"start":{"line":426,"column":10},"end":{"line":432,"column":null}},"174":{"start":{"line":427,"column":23},"end":{"line":427,"column":49}},"175":{"start":{"line":428,"column":4},"end":{"line":430,"column":null}},"176":{"start":{"line":429,"column":6},"end":{"line":429,"column":15}},"177":{"start":{"line":431,"column":4},"end":{"line":431,"column":65}},"178":{"start":{"line":434,"column":10},"end":{"line":452,"column":null}},"179":{"start":{"line":435,"column":23},"end":{"line":435,"column":49}},"180":{"start":{"line":436,"column":4},"end":{"line":438,"column":null}},"181":{"start":{"line":437,"column":6},"end":{"line":437,"column":15}},"182":{"start":{"line":440,"column":4},"end":{"line":442,"column":null}},"183":{"start":{"line":441,"column":6},"end":{"line":441,"column":24}},"184":{"start":{"line":444,"column":24},"end":{"line":444,"column":57}},"185":{"start":{"line":445,"column":4},"end":{"line":447,"column":null}},"186":{"start":{"line":446,"column":6},"end":{"line":446,"column":47}},"187":{"start":{"line":449,"column":25},"end":{"line":449,"column":61}},"188":{"start":{"line":450,"column":4},"end":{"line":450,"column":53}},"189":{"start":{"line":451,"column":4},"end":{"line":451,"column":24}},"190":{"start":{"line":457,"column":10},"end":{"line":461,"column":null}},"191":{"start":{"line":458,"column":27},"end":{"line":458,"column":68}},"192":{"start":{"line":459,"column":38},"end":{"line":459,"column":95}},"193":{"start":{"line":460,"column":4},"end":{"line":460,"column":55}},"194":{"start":{"line":466,"column":2},"end":{"line":506,"column":null}},"195":{"start":{"line":466,"column":2},"end":{"line":466,"column":18}},"196":{"start":{"line":467,"column":41},"end":{"line":471,"column":21}},"197":{"start":{"line":474,"column":26},"end":{"line":476,"column":78}},"198":{"start":{"line":475,"column":18},"end":{"line":475,"column":56}},"199":{"start":{"line":476,"column":30},"end":{"line":476,"column":78}},"200":{"start":{"line":478,"column":23},"end":{"line":478,"column":121}},"201":{"start":{"line":480,"column":20},"end":{"line":480,"column":111}},"202":{"start":{"line":481,"column":23},"end":{"line":481,"column":53}},"203":{"start":{"line":483,"column":29},"end":{"line":483,"column":88}},"204":{"start":{"line":486,"column":23},"end":{"line":490,"column":33}},"205":{"start":{"line":492,"column":4},"end":{"line":505,"column":6}},"206":{"start":{"line":511,"column":10},"end":{"line":516,"column":null}},"207":{"start":{"line":512,"column":4},"end":{"line":514,"column":null}},"208":{"start":{"line":513,"column":6},"end":{"line":513,"column":19}},"209":{"start":{"line":515,"column":4},"end":{"line":515,"column":65}},"210":{"start":{"line":515,"column":39},"end":{"line":515,"column":64}},"211":{"start":{"line":518,"column":8},"end":{"line":646,"column":null}},"212":{"start":{"line":519,"column":4},"end":{"line":645,"column":7}},"213":{"start":{"line":521,"column":19},"end":{"line":521,"column":59}},"214":{"start":{"line":522,"column":8},"end":{"line":522,"column":null}},"215":{"start":{"line":525,"column":39},"end":{"line":525,"column":82}},"216":{"start":{"line":527,"column":8},"end":{"line":604,"column":null}},"217":{"start":{"line":529,"column":10},"end":{"line":529,"column":54}},"218":{"start":{"line":532,"column":32},"end":{"line":532,"column":61}},"219":{"start":{"line":535,"column":10},"end":{"line":539,"column":null}},"220":{"start":{"line":536,"column":12},"end":{"line":536,"column":105}},"221":{"start":{"line":537,"column":12},"end":{"line":537,"column":34}},"222":{"start":{"line":538,"column":12},"end":{"line":538,"column":59}},"223":{"start":{"line":541,"column":10},"end":{"line":549,"column":null}},"224":{"start":{"line":542,"column":12},"end":{"line":548,"column":null}},"225":{"start":{"line":543,"column":14},"end":{"line":543,"column":33}},"226":{"start":{"line":544,"column":14},"end":{"line":544,"column":44}},"227":{"start":{"line":546,"column":14},"end":{"line":546,"column":34}},"228":{"start":{"line":547,"column":14},"end":{"line":547,"column":44}},"229":{"start":{"line":552,"column":10},"end":{"line":562,"column":null}},"230":{"start":{"line":553,"column":12},"end":{"line":553,"column":43}},"231":{"start":{"line":554,"column":12},"end":{"line":554,"column":46}},"232":{"start":{"line":555,"column":12},"end":{"line":555,"column":86}},"233":{"start":{"line":555,"column":73},"end":{"line":555,"column":85}},"234":{"start":{"line":556,"column":12},"end":{"line":556,"column":92}},"235":{"start":{"line":558,"column":12},"end":{"line":558,"column":44}},"236":{"start":{"line":559,"column":12},"end":{"line":559,"column":59}},"237":{"start":{"line":560,"column":12},"end":{"line":560,"column":86}},"238":{"start":{"line":560,"column":73},"end":{"line":560,"column":85}},"239":{"start":{"line":561,"column":12},"end":{"line":561,"column":75}},"240":{"start":{"line":565,"column":10},"end":{"line":567,"column":18}},"241":{"start":{"line":566,"column":12},"end":{"line":566,"column":38}},"242":{"start":{"line":570,"column":10},"end":{"line":603,"column":null}},"243":{"start":{"line":572,"column":12},"end":{"line":580,"column":15}},"244":{"start":{"line":573,"column":14},"end":{"line":579,"column":null}},"245":{"start":{"line":574,"column":16},"end":{"line":574,"column":35}},"246":{"start":{"line":575,"column":16},"end":{"line":575,"column":46}},"247":{"start":{"line":577,"column":16},"end":{"line":577,"column":36}},"248":{"start":{"line":578,"column":16},"end":{"line":578,"column":46}},"249":{"start":{"line":582,"column":12},"end":{"line":592,"column":null}},"250":{"start":{"line":583,"column":14},"end":{"line":583,"column":45}},"251":{"start":{"line":584,"column":14},"end":{"line":584,"column":55}},"252":{"start":{"line":585,"column":14},"end":{"line":585,"column":88}},"253":{"start":{"line":585,"column":75},"end":{"line":585,"column":87}},"254":{"start":{"line":586,"column":14},"end":{"line":586,"column":105}},"255":{"start":{"line":588,"column":14},"end":{"line":588,"column":46}},"256":{"start":{"line":589,"column":14},"end":{"line":589,"column":68}},"257":{"start":{"line":590,"column":14},"end":{"line":590,"column":88}},"258":{"start":{"line":590,"column":75},"end":{"line":590,"column":87}},"259":{"start":{"line":591,"column":14},"end":{"line":591,"column":88}},"260":{"start":{"line":594,"column":12},"end":{"line":596,"column":20}},"261":{"start":{"line":595,"column":14},"end":{"line":595,"column":40}},"262":{"start":{"line":599,"column":12},"end":{"line":601,"column":null}},"263":{"start":{"line":600,"column":14},"end":{"line":600,"column":113}},"264":{"start":{"line":602,"column":12},"end":{"line":602,"column":46}},"265":{"start":{"line":607,"column":8},"end":{"line":607,"column":63}},"266":{"start":{"line":609,"column":19},"end":{"line":609,"column":59}},"267":{"start":{"line":610,"column":39},"end":{"line":610,"column":82}},"268":{"start":{"line":612,"column":8},"end":{"line":643,"column":null}},"269":{"start":{"line":614,"column":10},"end":{"line":622,"column":13}},"270":{"start":{"line":615,"column":12},"end":{"line":621,"column":null}},"271":{"start":{"line":616,"column":14},"end":{"line":616,"column":33}},"272":{"start":{"line":617,"column":14},"end":{"line":617,"column":44}},"273":{"start":{"line":619,"column":14},"end":{"line":619,"column":34}},"274":{"start":{"line":620,"column":14},"end":{"line":620,"column":44}},"275":{"start":{"line":624,"column":10},"end":{"line":632,"column":null}},"276":{"start":{"line":625,"column":12},"end":{"line":625,"column":53}},"277":{"start":{"line":626,"column":12},"end":{"line":626,"column":43}},"278":{"start":{"line":627,"column":12},"end":{"line":627,"column":86}},"279":{"start":{"line":627,"column":73},"end":{"line":627,"column":85}},"280":{"start":{"line":629,"column":12},"end":{"line":629,"column":44}},"281":{"start":{"line":630,"column":12},"end":{"line":630,"column":66}},"282":{"start":{"line":631,"column":12},"end":{"line":631,"column":86}},"283":{"start":{"line":631,"column":73},"end":{"line":631,"column":85}},"284":{"start":{"line":634,"column":10},"end":{"line":636,"column":18}},"285":{"start":{"line":635,"column":12},"end":{"line":635,"column":38}},"286":{"start":{"line":639,"column":10},"end":{"line":641,"column":null}},"287":{"start":{"line":640,"column":12},"end":{"line":640,"column":111}},"288":{"start":{"line":642,"column":10},"end":{"line":642,"column":44}},"289":{"start":{"line":651,"column":2},"end":{"line":690,"column":null}},"290":{"start":{"line":651,"column":2},"end":{"line":651,"column":16}},"291":{"start":{"line":651,"column":52},"end":{"line":651,"column":null}},"292":{"start":{"line":652,"column":4},"end":{"line":654,"column":null}},"293":{"start":{"line":653,"column":6},"end":{"line":653,"column":16}},"294":{"start":{"line":656,"column":4},"end":{"line":689,"column":7}},"295":{"start":{"line":658,"column":6},"end":{"line":682,"column":null}},"296":{"start":{"line":660,"column":10},"end":{"line":660,"column":65}},"297":{"start":{"line":661,"column":10},"end":{"line":661,"column":16}},"298":{"start":{"line":665,"column":10},"end":{"line":665,"column":59}},"299":{"start":{"line":666,"column":10},"end":{"line":666,"column":16}},"300":{"start":{"line":668,"column":10},"end":{"line":668,"column":57}},"301":{"start":{"line":669,"column":10},"end":{"line":669,"column":16}},"302":{"start":{"line":671,"column":10},"end":{"line":671,"column":58}},"303":{"start":{"line":672,"column":10},"end":{"line":672,"column":16}},"304":{"start":{"line":674,"column":10},"end":{"line":674,"column":60}},"305":{"start":{"line":675,"column":10},"end":{"line":675,"column":16}},"306":{"start":{"line":677,"column":10},"end":{"line":677,"column":58}},"307":{"start":{"line":678,"column":10},"end":{"line":678,"column":16}},"308":{"start":{"line":680,"column":10},"end":{"line":680,"column":60}},"309":{"start":{"line":681,"column":10},"end":{"line":681,"column":16}},"310":{"start":{"line":684,"column":6},"end":{"line":686,"column":null}},"311":{"start":{"line":685,"column":8},"end":{"line":685,"column":42}},"312":{"start":{"line":688,"column":6},"end":{"line":688,"column":29}},"313":{"start":{"line":692,"column":2},"end":{"line":707,"column":null}},"314":{"start":{"line":693,"column":4},"end":{"line":706,"column":6}},"315":{"start":{"line":709,"column":2},"end":{"line":724,"column":null}},"316":{"start":{"line":710,"column":4},"end":{"line":723,"column":6}},"317":{"start":{"line":726,"column":2},"end":{"line":740,"column":null}},"318":{"start":{"line":727,"column":4},"end":{"line":739,"column":6}},"319":{"start":{"line":742,"column":2},"end":{"line":756,"column":null}},"320":{"start":{"line":743,"column":4},"end":{"line":755,"column":6}},"321":{"start":{"line":758,"column":2},"end":{"line":772,"column":null}},"322":{"start":{"line":759,"column":4},"end":{"line":771,"column":6}},"323":{"start":{"line":774,"column":2},"end":{"line":788,"column":null}},"324":{"start":{"line":775,"column":4},"end":{"line":787,"column":6}},"325":{"start":{"line":790,"column":2},"end":{"line":805,"column":null}},"326":{"start":{"line":791,"column":4},"end":{"line":804,"column":6}},"327":{"start":{"line":807,"column":2},"end":{"line":838,"column":null}},"328":{"start":{"line":807,"column":2},"end":{"line":807,"column":19}},"329":{"start":{"line":808,"column":4},"end":{"line":808,"column":22}},"330":{"start":{"line":811,"column":4},"end":{"line":811,"column":55}},"331":{"start":{"line":814,"column":4},"end":{"line":823,"column":null}},"332":{"start":{"line":815,"column":6},"end":{"line":815,"column":37}},"333":{"start":{"line":816,"column":6},"end":{"line":816,"column":32}},"334":{"start":{"line":817,"column":6},"end":{"line":817,"column":63}},"335":{"start":{"line":817,"column":43},"end":{"line":817,"column":62}},"336":{"start":{"line":818,"column":6},"end":{"line":818,"column":25}},"337":{"start":{"line":819,"column":6},"end":{"line":819,"column":38}},"338":{"start":{"line":821,"column":6},"end":{"line":821,"column":27}},"339":{"start":{"line":822,"column":6},"end":{"line":822,"column":13}},"340":{"start":{"line":826,"column":4},"end":{"line":826,"column":36}},"341":{"start":{"line":827,"column":4},"end":{"line":827,"column":61}},"342":{"start":{"line":827,"column":41},"end":{"line":827,"column":60}},"343":{"start":{"line":828,"column":4},"end":{"line":828,"column":23}},"344":{"start":{"line":829,"column":4},"end":{"line":829,"column":35}},"345":{"start":{"line":830,"column":4},"end":{"line":830,"column":25}},"346":{"start":{"line":832,"column":4},"end":{"line":832,"column":36}},"347":{"start":{"line":835,"column":4},"end":{"line":837,"column":12}},"348":{"start":{"line":836,"column":6},"end":{"line":836,"column":32}},"349":{"start":{"line":840,"column":2},"end":{"line":847,"column":4}},"350":{"start":{"line":841,"column":4},"end":{"line":841,"column":null}},"351":{"start":{"line":842,"column":4},"end":{"line":846,"column":null}},"352":{"start":{"line":843,"column":6},"end":{"line":845,"column":null}},"353":{"start":{"line":844,"column":8},"end":{"line":844,"column":null}},"354":{"start":{"line":849,"column":2},"end":{"line":986,"column":null}},"355":{"start":{"line":850,"column":4},"end":{"line":850,"column":46}},"356":{"start":{"line":851,"column":17},"end":{"line":851,"column":72}},"357":{"start":{"line":852,"column":20},"end":{"line":852,"column":129}},"358":{"start":{"line":853,"column":4},"end":{"line":853,"column":45}},"359":{"start":{"line":855,"column":4},"end":{"line":900,"column":null}},"360":{"start":{"line":856,"column":15},"end":{"line":856,"column":131}},"361":{"start":{"line":859,"column":6},"end":{"line":866,"column":null}},"362":{"start":{"line":860,"column":22},"end":{"line":860,"column":53}},"363":{"start":{"line":861,"column":22},"end":{"line":861,"column":97}},"364":{"start":{"line":861,"column":47},"end":{"line":861,"column":97}},"365":{"start":{"line":862,"column":8},"end":{"line":865,"column":null}},"366":{"start":{"line":863,"column":11},"end":{"line":863,"column":36}},"367":{"start":{"line":864,"column":11},"end":{"line":864,"column":72}},"368":{"start":{"line":868,"column":6},"end":{"line":868,"column":52}},"369":{"start":{"line":870,"column":6},"end":{"line":872,"column":null}},"370":{"start":{"line":871,"column":8},"end":{"line":871,"column":92}},"371":{"start":{"line":873,"column":18},"end":{"line":873,"column":52}},"372":{"start":{"line":874,"column":6},"end":{"line":878,"column":null}},"373":{"start":{"line":875,"column":8},"end":{"line":875,"column":30}},"374":{"start":{"line":876,"column":8},"end":{"line":876,"column":34}},"375":{"start":{"line":877,"column":8},"end":{"line":877,"column":15}},"376":{"start":{"line":879,"column":19},"end":{"line":879,"column":49}},"377":{"start":{"line":880,"column":19},"end":{"line":880,"column":53}},"378":{"start":{"line":881,"column":6},"end":{"line":899,"column":null}},"379":{"start":{"line":882,"column":21},"end":{"line":882,"column":76}},"380":{"start":{"line":883,"column":8},"end":{"line":883,"column":115}},"381":{"start":{"line":886,"column":25},"end":{"line":890,"column":null}},"382":{"start":{"line":892,"column":8},"end":{"line":895,"column":null}},"383":{"start":{"line":893,"column":10},"end":{"line":893,"column":56}},"384":{"start":{"line":894,"column":10},"end":{"line":894,"column":28}},"385":{"start":{"line":897,"column":8},"end":{"line":897,"column":34}},"386":{"start":{"line":898,"column":8},"end":{"line":898,"column":15}},"387":{"start":{"line":901,"column":4},"end":{"line":901,"column":30}},"388":{"start":{"line":902,"column":4},"end":{"line":902,"column":39}},"389":{"start":{"line":906,"column":21},"end":{"line":906,"column":71}},"390":{"start":{"line":907,"column":4},"end":{"line":912,"column":null}},"391":{"start":{"line":909,"column":6},"end":{"line":909,"column":28}},"392":{"start":{"line":910,"column":6},"end":{"line":910,"column":32}},"393":{"start":{"line":911,"column":6},"end":{"line":911,"column":13}},"394":{"start":{"line":916,"column":21},"end":{"line":920,"column":null}},"395":{"start":{"line":923,"column":4},"end":{"line":928,"column":null}},"396":{"start":{"line":924,"column":6},"end":{"line":924,"column":61}},"397":{"start":{"line":925,"column":6},"end":{"line":925,"column":52}},"398":{"start":{"line":927,"column":6},"end":{"line":927,"column":24}},"399":{"start":{"line":930,"column":4},"end":{"line":955,"column":null}},"400":{"start":{"line":931,"column":27},"end":{"line":931,"column":128}},"401":{"start":{"line":932,"column":6},"end":{"line":952,"column":null}},"402":{"start":{"line":933,"column":23},"end":{"line":933,"column":25}},"403":{"start":{"line":934,"column":8},"end":{"line":937,"column":null}},"404":{"start":{"line":935,"column":24},"end":{"line":935,"column":44}},"405":{"start":{"line":936,"column":10},"end":{"line":936,"column":51}},"406":{"start":{"line":938,"column":8},"end":{"line":942,"column":null}},"407":{"start":{"line":939,"column":16},"end":{"line":939,"column":56}},"408":{"start":{"line":939,"column":18},"end":{"line":939,"column":20}},"409":{"start":{"line":939,"column":31},"end":{"line":939,"column":35}},"410":{"start":{"line":940,"column":30},"end":{"line":940,"column":62}},"411":{"start":{"line":941,"column":10},"end":{"line":941,"column":56}},"412":{"start":{"line":943,"column":8},"end":{"line":945,"column":null}},"413":{"start":{"line":944,"column":10},"end":{"line":944,"column":60}},"414":{"start":{"line":946,"column":8},"end":{"line":948,"column":null}},"415":{"start":{"line":947,"column":10},"end":{"line":947,"column":63}},"416":{"start":{"line":950,"column":8},"end":{"line":950,"column":51}},"417":{"start":{"line":951,"column":8},"end":{"line":951,"column":51}},"418":{"start":{"line":954,"column":6},"end":{"line":954,"column":60}},"419":{"start":{"line":956,"column":4},"end":{"line":973,"column":null}},"420":{"start":{"line":957,"column":12},"end":{"line":957,"column":59}},"421":{"start":{"line":957,"column":21},"end":{"line":957,"column":23}},"422":{"start":{"line":957,"column":34},"end":{"line":957,"column":38}},"423":{"start":{"line":958,"column":26},"end":{"line":958,"column":58}},"424":{"start":{"line":959,"column":28},"end":{"line":959,"column":30}},"425":{"start":{"line":960,"column":6},"end":{"line":962,"column":9}},"426":{"start":{"line":961,"column":8},"end":{"line":961,"column":30}},"427":{"start":{"line":963,"column":6},"end":{"line":971,"column":null}},"428":{"start":{"line":964,"column":31},"end":{"line":964,"column":56}},"429":{"start":{"line":965,"column":8},"end":{"line":967,"column":null}},"430":{"start":{"line":966,"column":10},"end":{"line":966,"column":50}},"431":{"start":{"line":968,"column":8},"end":{"line":968,"column":52}},"432":{"start":{"line":970,"column":8},"end":{"line":970,"column":84}},"433":{"start":{"line":972,"column":6},"end":{"line":972,"column":13}},"434":{"start":{"line":974,"column":4},"end":{"line":984,"column":null}},"435":{"start":{"line":975,"column":6},"end":{"line":983,"column":null}},"436":{"start":{"line":976,"column":8},"end":{"line":980,"column":null}},"437":{"start":{"line":977,"column":10},"end":{"line":977,"column":78}},"438":{"start":{"line":979,"column":10},"end":{"line":979,"column":44}},"439":{"start":{"line":982,"column":8},"end":{"line":982,"column":66}},"440":{"start":{"line":985,"column":4},"end":{"line":985,"column":30}},"441":{"start":{"line":988,"column":10},"end":{"line":1081,"column":null}},"442":{"start":{"line":989,"column":17},"end":{"line":989,"column":72}},"443":{"start":{"line":991,"column":4},"end":{"line":997,"column":null}},"444":{"start":{"line":992,"column":17},"end":{"line":992,"column":125}},"445":{"start":{"line":993,"column":6},"end":{"line":995,"column":null}},"446":{"start":{"line":994,"column":8},"end":{"line":994,"column":94}},"447":{"start":{"line":996,"column":6},"end":{"line":996,"column":13}},"448":{"start":{"line":999,"column":4},"end":{"line":999,"column":22}},"449":{"start":{"line":999,"column":15},"end":{"line":999,"column":22}},"450":{"start":{"line":1000,"column":4},"end":{"line":1006,"column":null}},"451":{"start":{"line":1001,"column":17},"end":{"line":1001,"column":84}},"452":{"start":{"line":1002,"column":6},"end":{"line":1004,"column":null}},"453":{"start":{"line":1003,"column":8},"end":{"line":1003,"column":93}},"454":{"start":{"line":1005,"column":6},"end":{"line":1005,"column":13}},"455":{"start":{"line":1007,"column":4},"end":{"line":1013,"column":null}},"456":{"start":{"line":1008,"column":17},"end":{"line":1008,"column":88}},"457":{"start":{"line":1009,"column":6},"end":{"line":1011,"column":null}},"458":{"start":{"line":1010,"column":8},"end":{"line":1010,"column":94}},"459":{"start":{"line":1012,"column":6},"end":{"line":1012,"column":13}},"460":{"start":{"line":1014,"column":4},"end":{"line":1020,"column":null}},"461":{"start":{"line":1015,"column":17},"end":{"line":1015,"column":133}},"462":{"start":{"line":1016,"column":6},"end":{"line":1018,"column":null}},"463":{"start":{"line":1017,"column":8},"end":{"line":1017,"column":95}},"464":{"start":{"line":1019,"column":6},"end":{"line":1019,"column":13}},"465":{"start":{"line":1021,"column":4},"end":{"line":1027,"column":null}},"466":{"start":{"line":1022,"column":17},"end":{"line":1022,"column":133}},"467":{"start":{"line":1023,"column":6},"end":{"line":1025,"column":null}},"468":{"start":{"line":1024,"column":8},"end":{"line":1024,"column":92}},"469":{"start":{"line":1026,"column":6},"end":{"line":1026,"column":13}},"470":{"start":{"line":1028,"column":4},"end":{"line":1037,"column":null}},"471":{"start":{"line":1029,"column":18},"end":{"line":1029,"column":33}},"472":{"start":{"line":1030,"column":6},"end":{"line":1035,"column":null}},"473":{"start":{"line":1031,"column":24},"end":{"line":1031,"column":55}},"474":{"start":{"line":1032,"column":8},"end":{"line":1034,"column":null}},"475":{"start":{"line":1033,"column":10},"end":{"line":1033,"column":99}},"476":{"start":{"line":1036,"column":6},"end":{"line":1036,"column":13}},"477":{"start":{"line":1038,"column":4},"end":{"line":1073,"column":null}},"478":{"start":{"line":1039,"column":15},"end":{"line":1039,"column":73}},"479":{"start":{"line":1042,"column":6},"end":{"line":1067,"column":null}},"480":{"start":{"line":1045,"column":8},"end":{"line":1052,"column":null}},"481":{"start":{"line":1046,"column":25},"end":{"line":1046,"column":56}},"482":{"start":{"line":1047,"column":25},"end":{"line":1047,"column":110}},"483":{"start":{"line":1047,"column":60},"end":{"line":1047,"column":110}},"484":{"start":{"line":1048,"column":11},"end":{"line":1051,"column":null}},"485":{"start":{"line":1049,"column":31},"end":{"line":1049,"column":127}},"486":{"start":{"line":1050,"column":13},"end":{"line":1050,"column":51}},"487":{"start":{"line":1050,"column":28},"end":{"line":1050,"column":51}},"488":{"start":{"line":1055,"column":8},"end":{"line":1066,"column":null}},"489":{"start":{"line":1056,"column":23},"end":{"line":1056,"column":53}},"490":{"start":{"line":1057,"column":11},"end":{"line":1057,"column":65}},"491":{"start":{"line":1057,"column":23},"end":{"line":1057,"column":65}},"492":{"start":{"line":1059,"column":11},"end":{"line":1065,"column":null}},"493":{"start":{"line":1060,"column":28},"end":{"line":1060,"column":80}},"494":{"start":{"line":1060,"column":63},"end":{"line":1060,"column":80}},"495":{"start":{"line":1061,"column":14},"end":{"line":1064,"column":null}},"496":{"start":{"line":1062,"column":35},"end":{"line":1062,"column":131}},"497":{"start":{"line":1063,"column":17},"end":{"line":1063,"column":55}},"498":{"start":{"line":1063,"column":32},"end":{"line":1063,"column":55}},"499":{"start":{"line":1069,"column":6},"end":{"line":1071,"column":null}},"500":{"start":{"line":1070,"column":8},"end":{"line":1070,"column":97}},"501":{"start":{"line":1072,"column":6},"end":{"line":1072,"column":13}},"502":{"start":{"line":1074,"column":4},"end":{"line":1080,"column":null}},"503":{"start":{"line":1075,"column":17},"end":{"line":1075,"column":50}},"504":{"start":{"line":1076,"column":6},"end":{"line":1078,"column":null}},"505":{"start":{"line":1077,"column":8},"end":{"line":1077,"column":97}},"506":{"start":{"line":1079,"column":6},"end":{"line":1079,"column":13}},"507":{"start":{"line":1083,"column":10},"end":{"line":1086,"column":null}},"508":{"start":{"line":1084,"column":14},"end":{"line":1084,"column":29}},"509":{"start":{"line":1085,"column":4},"end":{"line":1085,"column":41}},"510":{"start":{"line":1088,"column":10},"end":{"line":1097,"column":null}},"511":{"start":{"line":1089,"column":4},"end":{"line":1089,"column":27}},"512":{"start":{"line":1089,"column":15},"end":{"line":1089,"column":27}},"513":{"start":{"line":1090,"column":25},"end":{"line":1090,"column":43}},"514":{"start":{"line":1091,"column":18},"end":{"line":1091,"column":57}},"515":{"start":{"line":1092,"column":4},"end":{"line":1095,"column":null}},"516":{"start":{"line":1092,"column":17},"end":{"line":1092,"column":33}},"517":{"start":{"line":1093,"column":16},"end":{"line":1093,"column":32}},"518":{"start":{"line":1094,"column":6},"end":{"line":1094,"column":39}},"519":{"start":{"line":1094,"column":30},"end":{"line":1094,"column":39}},"520":{"start":{"line":1096,"column":4},"end":{"line":1096,"column":16}},"521":{"start":{"line":1099,"column":10},"end":{"line":1106,"column":null}},"522":{"start":{"line":1100,"column":4},"end":{"line":1100,"column":50}},"523":{"start":{"line":1100,"column":38},"end":{"line":1100,"column":50}},"524":{"start":{"line":1101,"column":15},"end":{"line":1101,"column":39}},"525":{"start":{"line":1102,"column":19},"end":{"line":1102,"column":42}},"526":{"start":{"line":1103,"column":14},"end":{"line":1103,"column":31}},"527":{"start":{"line":1104,"column":14},"end":{"line":1104,"column":40}},"528":{"start":{"line":1105,"column":4},"end":{"line":1105,"column":41}},"529":{"start":{"line":1108,"column":10},"end":{"line":1115,"column":null}},"530":{"start":{"line":1109,"column":4},"end":{"line":1
[...]
nd":{"line":376,"column":7}}},"38":{"name":"(anonymous_38)","decl":{"start":{"line":383,"column":39},"end":{"line":383,"column":40}},"loc":{"start":{"line":390,"column":4},"end":{"line":391,"column":12}}},"39":{"name":"(anonymous_39)","decl":{"start":{"line":392,"column":10},"end":{"line":392,"column":11}},"loc":{"start":{"line":399,"column":7},"end":{"line":455,"column":7}}},"40":{"name":"(anonymous_40)","decl":{"start":{"line":462,"column":44},"end":{"line":462,"column":45}},"loc":{"start":{"line":462,"column":71},"end":{"line":463,"column":12}}},"41":{"name":"(anonymous_41)","decl":{"start":{"line":464,"column":10},"end":{"line":464,"column":null}},"loc":{"start":{"line":464,"column":10},"end":{"line":474,"column":7}}},"42":{"name":"(anonymous_42)","decl":{"start":{"line":481,"column":47},"end":{"line":481,"column":48}},"loc":{"start":{"line":481,"column":74},"end":{"line":482,"column":12}}},"43":{"name":"(anonymous_43)","decl":{"start":{"line":483,"column":10},"end":{"line":483,"column":null}},"loc":{"start":{"line":483,"column":10},"end":{"line":486,"column":7}}},"44":{"name":"(anonymous_44)","decl":{"start":{"line":497,"column":2},"end":{"line":497,"column":21}},"loc":{"start":{"line":497,"column":2},"end":{"line":499,"column":3}}},"45":{"name":"(anonymous_45)","decl":{"start":{"line":504,"column":2},"end":{"line":504,"column":16}},"loc":{"start":{"line":504,"column":2},"end":{"line":506,"column":3}}},"46":{"name":"(anonymous_46)","decl":{"start":{"line":511,"column":2},"end":{"line":511,"column":23}},"loc":{"start":{"line":511,"column":2},"end":{"line":513,"column":3}}},"47":{"name":"(anonymous_47)","decl":{"start":{"line":518,"column":2},"end":{"line":518,"column":18}},"loc":{"start":{"line":518,"column":2},"end":{"line":520,"column":3}}},"48":{"name":"(anonymous_48)","decl":{"start":{"line":525,"column":2},"end":{"line":525,"column":10}},"loc":{"start":{"line":525,"column":44},"end":{"line":529,"column":3}}},"49":{"name":"(anonymous_49)","decl":{"start":{"line":534,"column":2},"end":{"line":534,"column":10}},"loc":{"start":{"line":534,"column":2},"end":{"line":536,"column":3}}},"50":{"name":"(anonymous_50)","decl":{"start":{"line":545,"column":2},"end":{"line":545,"column":10}},"loc":{"start":{"line":545,"column":43},"end":{"line":559,"column":3}}},"51":{"name":"(anonymous_51)","decl":{"start":{"line":549,"column":37},"end":{"line":549,"column":40}},"loc":{"start":{"line":549,"column":40},"end":{"line":549,"column":null}}},"52":{"name":"(anonymous_52)","decl":{"start":{"line":564,"column":2},"end":{"line":564,"column":10}},"loc":{"start":{"line":564,"column":2},"end":{"line":648,"column":3}}},"53":{"name":"(anonymous_53)","decl":{"start":{"line":583,"column":43},"end":{"line":583,"column":44}},"loc":{"start":{"line":583,"column":52},"end":{"line":583,"column":null}}},"54":{"name":"(anonymous_54)","decl":{"start":{"line":653,"column":2},"end":{"line":653,"column":10}},"loc":{"start":{"line":653,"column":2},"end":{"line":659,"column":3}}},"55":{"name":"(anonymous_55)","decl":{"start":{"line":664,"column":2},"end":{"line":664,"column":27}},"loc":{"start":{"line":664,"column":51},"end":{"line":705,"column":3}}},"56":{"name":"(anonymous_56)","decl":{"start":{"line":692,"column":53},"end":{"line":692,"column":56}},"loc":{"start":{"line":692,"column":56},"end":{"line":692,"column":61}}},"57":{"name":"(anonymous_57)","decl":{"start":{"line":710,"column":2},"end":{"line":710,"column":10}},"loc":{"start":{"line":710,"column":59},"end":{"line":727,"column":3}}},"58":{"name":"(anonymous_58)","decl":{"start":{"line":732,"column":2},"end":{"line":732,"column":10}},"loc":{"start":{"line":732,"column":44},"end":{"line":802,"column":3}}},"59":{"name":"(anonymous_59)","decl":{"start":{"line":807,"column":2},"end":{"line":807,"column":10}},"loc":{"start":{"line":807,"column":55},"end":{"line":831,"column":3}}},"60":{"name":"(anonymous_60)","decl":{"start":{"line":825,"column":39},"end":{"line":825,"column":43}},"loc":{"start":{"line":825,"column":43},"end":{"line":828,"column":5}}},"61":{"name":"(anonymous_61)","decl":{"start":{"line":836,"column":2},"end":{"line":836,"column":26}},"loc":{"start":{"line":836,"column":40},"end":{"line":865,"column":3}}}},"branchMap":{"0":{"loc":{"start":{"line":70,"column":4},"end":{"line":70,"column":null}},"type":"binary-expr","locations":[{"start":{"line":70,"column":4},"end":{"line":70,"column":23}},{"start":{"line":70,"column":23},"end":{"line":70,"column":null}}]},"1":{"loc":{"start":{"line":124,"column":42},"end":{"line":124,"column":79}},"type":"binary-expr","locations":[{"start":{"line":124,"column":42},"end":{"line":124,"column":62}},{"start":{"line":124,"column":66},"end":{"line":124,"column":79}}]},"2":{"loc":{"start":{"line":221,"column":15},"end":{"line":221,"column":55}},"type":"binary-expr","locations":[{"start":{"line":221,"column":15},"end":{"line":221,"column":27}},{"start":{"line":221,"column":31},"end":{"line":221,"column":42}},{"start":{"line":221,"column":46},"end":{"line":221,"column":55}}]},"3":{"loc":{"start":{"line":328,"column":8},"end":{"line":328,"column":52}},"type":"cond-expr","locations":[{"start":{"line":328,"column":23},"end":{"line":328,"column":47}},{"start":{"line":328,"column":49},"end":{"line":328,"column":52}}]},"4":{"loc":{"start":{"line":402,"column":8},"end":{"line":404,"column":null}},"type":"if","locations":[{"start":{"line":402,"column":8},"end":{"line":404,"column":null}}]},"5":{"loc":{"start":{"line":417,"column":8},"end":{"line":422,"column":null}},"type":"if","locations":[{"start":{"line":417,"column":8},"end":{"line":422,"column":null}},{"start":{"line":420,"column":15},"end":{"line":422,"column":null}}]},"6":{"loc":{"start":{"line":430,"column":8},"end":{"line":433,"column":null}},"type":"if","locations":[{"start":{"line":430,"column":8},"end":{"line":433,"column":null}}]},"7":{"loc":{"start":{"line":435,"column":8},"end":{"line":439,"column":null}},"type":"if","locations":[{"start":{"line":435,"column":8},"end":{"line":439,"column":null}}]},"8":{"loc":{"start":{"line":446,"column":23},"end":{"line":446,"column":71}},"type":"cond-expr","locations":[{"start":{"line":446,"column":48},"end":{"line":446,"column":59}},{"start":{"line":446,"column":62},"end":{"line":446,"column":71}}]},"9":{"loc":{"start":{"line":567,"column":6},"end":{"line":570,"column":null}},"type":"if","locations":[{"start":{"line":567,"column":6},"end":{"line":570,"column":null}}]},"10":{"loc":{"start":{"line":576,"column":6},"end":{"line":580,"column":null}},"type":"if","locations":[{"start":{"line":576,"column":6},"end":{"line":580,"column":null}}]},"11":{"loc":{"start":{"line":589,"column":32},"end":{"line":589,"column":92}},"type":"cond-expr","locations":[{"start":{"line":589,"column":67},"end":{"line":589,"column":85}},{"start":{"line":589,"column":88},"end":{"line":589,"column":92}}]},"12":{"loc":{"start":{"line":594,"column":8},"end":{"line":594,"column":64}},"type":"cond-expr","locations":[{"start":{"line":594,"column":44},"end":{"line":594,"column":57}},{"start":{"line":594,"column":60},"end":{"line":594,"column":64}}]},"13":{"loc":{"start":{"line":600,"column":6},"end":{"line":610,"column":null}},"type":"if","locations":[{"start":{"line":600,"column":6},"end":{"line":610,"column":null}}]},"14":{"loc":{"start":{"line":600,"column":10},"end":{"line":600,"column":44}},"type":"binary-expr","locations":[{"start":{"line":600,"column":10},"end":{"line":600,"column":23}},{"start":{"line":600,"column":27},"end":{"line":600,"column":44}}]},"15":{"loc":{"start":{"line":601,"column":8},"end":{"line":609,"column":null}},"type":"if","locations":[{"start":{"line":601,"column":8},"end":{"line":609,"column":null}}]},"16":{"loc":{"start":{"line":601,"column":12},"end":{"line":601,"column":67}},"type":"binary-expr","locations":[{"start":{"line":601,"column":12},"end":{"line":601,"column":33}},{"start":{"line":601,"column":37},"end":{"line":601,"column":67}}]},"17":{"loc":{"start":{"line":613,"column":6},"end":{"line":618,"column":null}},"type":"if","locations":[{"start":{"line":613,"column":6},"end":{"line":618,"column":null}}]},"18":{"loc":{"start":{"line":613,"column":10},"end":{"line":613,"column":80}},"type":"binary-expr","locations":[{"start":{"line":613,"column":10},"end":{"line":613,"column":36}},{"start":{"line":613,"column":40},"end":{"line":613,"column":80}}]},"19":{"loc":{"start":{"line":621,"column":35},"end":{"line":621,"column":102}},"type":"cond-expr","locations":[{"start":{"line":621,"column":64},"end":{"line":621,"column":81}},{"start":{"line":621,"column":84},"end":{"line":621,"column":102}}]},"20":{"loc":{"start":{"line":623,"column":8},"end":{"line":625,"column":71}},"type":"cond-expr","locations":[{"start":{"line":624,"column":12},"end":{"line":624,"column":24}},{"start":{"line":625,"column":13},"end":{"line":625,"column":70}}]},"21":{"loc":{"start":{"line":625,"column":13},"end":{"line":625,"column":70}},"type":"cond-expr","locations":[{"start":{"line":625,"column":50},"end":{"line":625,"column":63}},{"start":{"line":625,"column":66},"end":{"line":625,"column":70}}]},"22":{"loc":{"start":{"line":625,"column":13},"end":{"line":625,"column":47}},"type":"binary-expr","locations":[{"start":{"line":625,"column":13},"end":{"line":625,"column":26}},{"start":{"line":625,"column":30},"end":{"line":625,"column":47}}]},"23":{"loc":{"start":{"line":632,"column":27},"end":{"line":632,"column":57}},"type":"binary-expr","locations":[{"start":{"line":632,"column":27},"end":{"line":632,"column":51}},{"start":{"line":632,"column":55},"end":{"line":632,"column":57}}]},"24":{"loc":{"start":{"line":638,"column":6},"end":{"line":640,"column":null}},"type":"if","locations":[{"start":{"line":638,"column":6},"end":{"line":640,"column":null}}]},"25":{"loc":{"start":{"line":638,"column":10},"end":{"line":638,"column":61}},"type":"binary-expr","locations":[{"start":{"line":638,"column":10},"end":{"line":638,"column":36}},{"start":{"line":638,"column":40},"end":{"line":638,"column":61}}]},"26":{"loc":{"start":{"line":671,"column":4},"end":{"line":678,"column":null}},"type":"if","locations":[{"start":{"line":671,"column":4},"end":{"line":678,"column":null}}]},"27":{"loc":{"start":{"line":671,"column":8},"end":{"line":671,"column":78}},"type":"binary-expr","locations":[{"start":{"line":671,"column":8},"end":{"line":671,"column":34}},{"start":{"line":671,"column":38},"end":{"line":671,"column":78}}]},"28":{"loc":{"start":{"line":675,"column":21},"end":{"line":675,"column":78}},"type":"cond-expr","locations":[{"start":{"line":675,"column":58},"end":{"line":675,"column":71}},{"start":{"line":675,"column":74},"end":{"line":675,"column":78}}]},"29":{"loc":{"start":{"line":675,"column":21},"end":{"line":675,"column":55}},"type":"binary-expr","locations":[{"start":{"line":675,"column":21},"end":{"line":675,"column":34}},{"start":{"line":675,"column":38},"end":{"line":675,"column":55}}]},"30":{"loc":{"start":{"line":681,"column":4},"end":{"line":683,"column":null}},"type":"if","locations":[{"start":{"line":681,"column":4},"end":{"line":683,"column":null}}]},"31":{"loc":{"start":{"line":686,"column":4},"end":{"line":688,"column":null}},"type":"if","locations":[{"start":{"line":686,"column":4},"end":{"line":688,"column":null}}]},"32":{"loc":{"start":{"line":687,"column":21},"end":{"line":687,"column":78}},"type":"cond-expr","locations":[{"start":{"line":687,"column":58},"end":{"line":687,"column":71}},{"start":{"line":687,"column":74},"end":{"line":687,"column":78}}]},"33":{"loc":{"start":{"line":687,"column":21},"end":{"line":687,"column":55}},"type":"binary-expr","locations":[{"start":{"line":687,"column":21},"end":{"line":687,"column":34}},{"start":{"line":687,"column":38},"end":{"line":687,"column":55}}]},"34":{"loc":{"start":{"line":694,"column":4},"end":{"line":698,"column":null}},"type":"if","locations":[{"start":{"line":694,"column":4},"end":{"line":698,"column":null}}]},"35":{"loc":{"start":{"line":701,"column":4},"end":{"line":704,"column":null}},"type":"if","locations":[{"start":{"line":701,"column":4},"end":{"line":704,"column":null}}]},"36":{"loc":{"start":{"line":711,"column":4},"end":{"line":713,"column":null}},"type":"if","locations":[{"start":{"line":711,"column":4},"end":{"line":713,"column":null}}]},"37":{"loc":{"start":{"line":716,"column":4},"end":{"line":718,"column":null}},"type":"if","locations":[{"start":{"line":716,"column":4},"end":{"line":718,"column":null}}]},"38":{"loc":{"start":{"line":720,"column":20},"end":{"line":720,"column":39}},"type":"binary-expr","locations":[{"start":{"line":720,"column":20},"end":{"line":720,"column":33}},{"start":{"line":720,"column":37},"end":{"line":720,"column":39}}]},"39":{"loc":{"start":{"line":726,"column":11},"end":{"line":726,"column":47}},"type":"binary-expr","locations":[{"start":{"line":726,"column":11},"end":{"line":726,"column":19}},{"start":{"line":726,"column":23},"end":{"line":726,"column":31}},{"start":{"line":726,"column":35},"end":{"line":726,"column":47}}]},"40":{"loc":{"start":{"line":748,"column":4},"end":{"line":756,"column":null}},"type":"if","locations":[{"start":{"line":748,"column":4},"end":{"line":756,"column":null}}]},"41":{"loc":{"start":{"line":752,"column":8},"end":{"line":754,"column":null}},"type":"if","locations":[{"start":{"line":752,"column":8},"end":{"line":754,"column":null}}]},"42":{"loc":{"start":{"line":759,"column":4},"end":{"line":772,"column":null}},"type":"if","locations":[{"start":{"line":759,"column":4},"end":{"line":772,"column":null}}]},"43":{"loc":{"start":{"line":764,"column":8},"end":{"line":770,"column":null}},"type":"if","locations":[{"start":{"line":764,"column":8},"end":{"line":770,"column":null}}]},"44":{"loc":{"start":{"line":764,"column":12},"end":{"line":764,"column":29}},"type":"binary-expr","locations":[{"start":{"line":764,"column":12},"end":{"line":764,"column":17}},{"start":{"line":764,"column":21},"end":{"line":764,"column":29}}]},"45":{"loc":{"start":{"line":767,"column":10},"end":{"line":769,"column":null}},"type":"if","locations":[{"start":{"line":767,"column":10},"end":{"line":769,"column":null}}]},"46":{"loc":{"start":{"line":780,"column":6},"end":{"line":788,"column":41}},"type":"binary-expr","locations":[{"start":{"line":780,"column":6},"end":{"line":780,"column":41}},{"start":{"line":781,"column":6},"end":{"line":781,"column":48}},{"start":{"line":782,"column":6},"end":{"line":782,"column":40}},{"start":{"line":783,"column":6},"end":{"line":783,"column":50}},{"start":{"line":784,"column":6},"end":{"line":784,"column":40}},{"start":{"line":785,"column":6},"end":{"line":785,"column":41}},{"start":{"line":786,"column":6},"end":{"line":786,"column":39}},{"start":{"line":787,"column":6},"end":{"line":787,"column":39}},{"start":{"line":788,"column":6},"end":{"line":788,"column":41}}]},"47":{"loc":{"start":{"line":793,"column":4},"end":{"line":798,"column":null}},"type":"if","locations":[{"start":{"line":793,"column":4},"end":{"line":798,"column":null}},{"start":{"line":796,"column":11},"end":{"line":798,"column":null}}]},"48":{"loc":{"start":{"line":793,"column":8},"end":{"line":793,"column":59}},"type":"binary-expr","locations":[{"start":{"line":793,"column":8},"end":{"line":793,"column":35}},{"start":{"line":793,"column":39},"end":{"line":793,"column":59}}]},"49":{"loc":{"start":{"line":813,"column":4},"end":{"line":820,"column":null}},"type":"if","locations":[{"start":{"line":813,"column":4},"end":{"line":820,"column":null}}]},"50":{"loc":{"start":{"line":815,"column":6},"end":{"line":819,"column":null}},"type":"if","locations":[{"start":{"line":815,"column":6},"end":{"line":819,"column":null}}]},"51":{"loc":{"start":{"line":840,"column":4},"end":{"line":842,"column":null}},"type":"if","locations":[{"start":{"line":840,"column":4},"end":{"line":842,"column":null}}]},"52":{"loc":{"start":{"line":849,"column":6},"end":{"line":860,"column":null}},"type":"if","locations":[{"start":{"line":849,"column":6},"end":{"line":860,"column":null}}]},"53":{"loc":{"start":{"line":849,"column":10},"end":{"line":849,"column":65}},"type":"binary-expr","locations":[{"start":{"line":849,"column":10},"end":{"line":849,"column":38}},{"start":{"line":849,"column":42},"end":{"line":849,"column":65}}]},"54":{"loc":{"start":{"line":854,"column":8},"end":{"line":858,"column":null}},"type":"if","locations":[{"start":{"line":854,"column":8},"end":{"line":858,"column":null}}]},"55":{"loc":{"start":{"line":854,"column":12},"end":{"line":854,"column":71}},"type":"binary-expr","locations":[{"start":{"line":854,"column":12},"end":{"line":854,"column":31}},{"start":{"line":854,"column":35},"end":{"line":854,"column":71}}]}},"s":{"0":1,"1":1,"2":1,"3":0,"4":0,"5":0,"6":0,"7":0,"8":0,"9":0,"10":0,"11":0,"12":0,"13":0,"14":0,"15":0,"16":0,"17":0,"18":0,"19":0,"20":0,"21":0,"22":0,"23":0,"24":0,"25":0,"26":0,"27":0,"28":0,"29":0,"30":0,"31":0,"32":0,"33":0,"34":0,"35":0,"36":0,"37":0,"38":0,"39":0,"40":0,"41":0,"42":0,"43":0,"44":0,"45":0,"46":0,"47":0,"48":0,"49":0,"50":0,"51":0,"52":0,"53":0,"54":0,"55":0,"56":0,"57":0,"58":0,"59":0,"60":0,"61":0,"62":0,"63":0,"64":0,"65":0,"66":0,"67":0,"68":0,"69":0,"70":0,"71":0,"72":0,"73":0,"74":0,"75":0,"76":0,"77":0,"78":0,"79":0,"80":0,"81":0,"82":0,"83":0,"84":0,"85":0,"86":0,"87":0,"88":0,"89":0,"90":0,"91":0,"92":0,"93":0,"94":0,"95":0,"96":0,"97":0,"98":0,"99":0,"100":0,"101":0,"102":0,"103":0,"104":0,"105":0,"106":0,"107":0,"108":0,"109":0,"110":0,"111":0,"112":0,"113":0,"114":0,"115":0,"116":0,"117":0,"118":0,"119":0,"120":0,"121":0,"122":0,"123":0,"124":0,"125":0,"126":0,"127":0,"128":0,"129":0,"130":0,"131":0,"132":0,"133":0,"134":0,"135":0,"136":0,"137":0,"138":1,"139":0,"140":1,"141":0,"142":1,"143":0,"144":1,"145":0,"146":1,"147":0,"148":0,"149":0,"150":1,"151":0,"152":1,"153":0,"154":0,"155":0,"156":0,"157":0,"158":1,"159":0,"160":0,"161":0,"162":0,"163":0,"164":0,"165":0,"166":0,"167":0,"168":0,"169":0,"170":0,"171":0,"172":0,"173":0,"174":0,"175":0,"176":0,"177":0,"178":0,"179":0,"180":0,"181":0,"182":0,"183":0,"184":0,"185":0,"186":0,"187":0,"188":0,"189":0,"190":1,"191":0,"192":0,"193":0,"194":1,"195":0,"196":0,"197":0,"198":0,"199":0,"200":0,"201":0,"202":0,"203":0,"204":0,"205":0,"206":0,"207":0,"208":0,"209":0,"210":0,"211":0,"212":0,"213":0,"214":0,"215":0,"216":0,"217":0,"218":0,"219":0,"220":1,"221":0,"222":0,"223":0,"224":0,"225":0,"226":0,"227":0,"228":0,"229":0,"230":0,"231":0,"232":1,"233":0,"234":0,"235":0,"236":0,"237":0,"238":0,"239":0,"240":0,"241":0,"242":0,"243":0,"244":0,"245":0,"246":0,"247":0,"248":0,"249":0,"250":0,"251":0,"252":0,"253":0,"254":0,"255":0,"256":0,"257":0,"258":0,"259":0,"260":0,"261":0,"262":0,"263":0,"264":0,"265":0,"266":0,"267":0,"268":0,"269":0,"270":0,"271":0,"272":1,"273":0,"274":0,"275":0,"276":0,"277":0,"278":0,"279":0,"280":0,"281":0,"282":0,"283":1,"284":0,"285":0,"286":0,"287":0,"288":0,"289":0,"290":0,"291":0,"292":0,"293":0,"294":0,"295":0,"296":0,"297":0,"298":0,"299":0,"300":0,"301":0,"302":0,"303":1,"304":1},"f":{"0":1,"1":0,"2":0,"3":0,"4":0,"5":0,"6":0,"7":0,"8":0,"9":0,"10":0,"11":0,"12":0,"13":0,"14":0,"15":0,"16":0,"17":0,"18":0,"19":0,"20":0,"21":0,"22":0,"23":0,"24":0,"25":0,"26":0,"27":0,"28":0,"29":0,"30":0,"31":0,"32":0,"33":0,"34":0,"35":0,"36":0,"37":0,"38":0,"39":0,"40":0,"41":0,"42":0,"43":0,"44":0,"45":0,"46":0,"47":0,"48":0,"49":0,"50":0,"51":0,"52":0,"53":0,"54":0,"55":0,"56":0,"57":0,"58":0,"59":0,"60":0,"61":0},"b":{"0":[0,0],"1":[0,0],"2":[0,0,0],"3":[0,0],"4":[0],"5":[0,0],"6":[0],"7":[0],"8":[0,0],"9":[0],"10":[0],"11":[0,0],"12":[0,0],"13":[0],"14":[0,0],"15":[0],"16":[0,0],"17":[0],"18":[0,0],"19":[0,0],"20":[0,0],"21":[0,0],"22":[0,0],"23":[0,0],"24":[0],"25":[0,0],"26":[0],"27":[0,0],"28":[0,0],"29":[0,0],"30":[0],"31":[0],"32":[0,0],"33":[0,0],"34":[0],"35":[0],"36":[0],"37":[0],"38":[0,0],"39":[0,0,0],"40":[0],"41":[0],"42":[0],"43":[0],"44":[0,0],"45":[0],"46":[0,0,0,0,0,0,0,0,0],"47":[0,0],"48":[0,0],"49":[0],"50":[0],"51":[0],"52":[0],"53":[0,0],"54":[0],"55":[0,0]}}
}
