TN:
SF:projects\shared\polyfills.ts
FNF:0
FNH:0
DA:5,1
LF:1
LH:1
BRF:0
BRH:0
end_of_record
TN:
SF:projects\shared\component\adults-audio-meditation\adults-audio-meditation.component.ts
FN:13,(anonymous_0)
FN:24,AdultsAudioMeditationComponent
FN:52,(anonymous_2)
FN:67,(anonymous_3)
FN:71,(anonymous_4)
FN:74,(anonymous_5)
FN:90,(anonymous_6)
FN:102,(anonymous_7)
FN:108,(anonymous_8)
FNF:9
FNH:9
FNDA:1,(anonymous_0)
FNDA:51,AdultsAudioMeditationComponent
FNDA:8,(anonymous_2)
FNDA:5,(anonymous_3)
FNDA:2,(anonymous_4)
FNDA:1,(anonymous_5)
FNDA:9,(anonymous_6)
FNDA:3,(anonymous_7)
FNDA:3,(anonymous_8)
DA:13,1
DA:18,51
DA:19,51
DA:20,51
DA:21,51
DA:22,51
DA:25,51
DA:26,51
DA:27,51
DA:28,51
DA:30,51
DA:32,51
DA:33,51
DA:34,51
DA:35,1
DA:37,51
DA:38,51
DA:39,51
DA:40,51
DA:41,50
DA:44,51
DA:45,51
DA:46,51
DA:47,51
DA:48,50
DA:52,1
DA:53,8
DA:54,8
DA:55,2
DA:57,6
DA:59,8
DA:60,3
DA:62,5
DA:64,8
DA:67,1
DA:68,5
DA:69,3
DA:71,3
DA:72,2
DA:73,2
DA:74,2
DA:75,1
DA:82,3
DA:83,2
DA:85,1
DA:90,1
DA:91,9
DA:93,9
DA:94,9
DA:99,9
DA:102,1
DA:103,3
DA:104,2
DA:108,1
DA:109,3
DA:110,3
DA:111,2
DA:113,1
DA:117,1
LF:59
LH:59
BRDA:34,0,0,1
BRDA:40,1,0,50
BRDA:46,2,0,50
BRDA:46,2,1,1
BRDA:47,3,0,50
BRDA:54,4,0,2
BRDA:54,4,1,6
BRDA:59,5,0,3
BRDA:59,5,1,5
BRDA:68,6,0,3
BRDA:68,7,0,5
BRDA:68,7,1,4
BRDA:73,8,0,2
BRDA:82,9,0,2
BRDA:82,9,1,1
BRDA:91,10,0,4
BRDA:91,10,1,5
BRDA:103,11,0,2
BRDA:110,12,0,2
BRDA:110,12,1,1
BRF:20
BRH:20
end_of_record
TN:
SF:projects\shared\component\all-stories\all-stories.page.ts
FN:14,(anonymous_0)
FN:28,AllStoriesPage
FN:33,(anonymous_2)
FN:53,(anonymous_3)
FN:65,(anonymous_4)
FN:66,(anonymous_5)
FN:70,(anonymous_6)
FN:71,(anonymous_7)
FN:80,(anonymous_8)
FN:81,(anonymous_9)
FN:84,(anonymous_10)
FN:85,(anonymous_11)
FN:92,(anonymous_12)
FN:106,(anonymous_13)
FN:117,(anonymous_14)
FN:124,(anonymous_15)
FN:135,(anonymous_16)
FN:142,(anonymous_17)
FN:156,(anonymous_18)
FN:164,(anonymous_19)
FNF:20
FNH:20
FNDA:1,(anonymous_0)
FNDA:59,AllStoriesPage
FNDA:11,(anonymous_2)
FNDA:2,(anonymous_3)
FNDA:21,(anonymous_4)
FNDA:20,(anonymous_5)
FNDA:59,(anonymous_6)
FNDA:76,(anonymous_7)
FNDA:1,(anonymous_8)
FNDA:20,(anonymous_9)
FNDA:4,(anonymous_10)
FNDA:8,(anonymous_11)
FNDA:11,(anonymous_12)
FNDA:5,(anonymous_13)
FNDA:2,(anonymous_14)
FNDA:10,(anonymous_15)
FNDA:39,(anonymous_16)
FNDA:6,(anonymous_17)
FNDA:9,(anonymous_18)
FNDA:4,(anonymous_19)
DA:14,1
DA:15,59
DA:16,59
DA:17,59
DA:18,59
DA:19,59
DA:21,59
DA:22,59
DA:23,59
DA:24,59
DA:25,59
DA:26,59
DA:27,59
DA:28,59
DA:29,59
DA:30,59
DA:31,59
DA:33,1
DA:34,11
DA:35,11
DA:36,11
DA:37,11
DA:38,11
DA:39,11
DA:40,11
DA:41,11
DA:42,2
DA:44,9
DA:46,11
DA:47,8
DA:49,3
DA:53,1
DA:54,2
DA:55,2
DA:56,2
DA:57,1
DA:59,1
DA:65,21
DA:66,21
DA:68,20
DA:70,59
DA:71,76
DA:74,19
DA:75,19
DA:76,19
DA:77,19
DA:80,1
DA:82,20
DA:83,20
DA:84,4
DA:85,8
DA:92,11
DA:93,11
DA:94,11
DA:95,11
DA:96,11
DA:97,11
DA:98,1
DA:99,1
DA:101,10
DA:102,10
DA:103,9
DA:104,9
DA:105,9
DA:106,5
DA:107,5
DA:110,4
DA:112,1
DA:113,1
DA:117,1
DA:118,2
DA:119,1
DA:121,1
DA:124,10
DA:126,10
DA:128,1
DA:129,1
DA:134,9
DA:135,39
DA:136,9
DA:137,9
DA:142,1
DA:144,6
DA:146,3
DA:147,3
DA:151,3
DA:152,3
DA:156,1
DA:157,9
DA:158,8
DA:160,1
DA:164,1
DA:165,4
DA:166,4
DA:168,1
DA:172,1
LF:96
LH:96
BRDA:41,0,0,2
BRDA:41,0,1,9
BRDA:41,1,0,11
BRDA:41,1,1,3
BRDA:46,2,0,8
BRDA:46,2,1,3
BRDA:56,3,0,1
BRDA:56,3,1,1
BRDA:68,4,0,19
BRDA:83,5,0,4
BRDA:83,6,0,20
BRDA:83,6,1,6
BRDA:95,7,0,11
BRDA:95,7,1,6
BRDA:96,8,0,11
BRDA:96,8,1,10
BRDA:97,9,0,1
BRDA:97,10,0,11
BRDA:97,10,1,5
BRDA:101,11,0,10
BRDA:101,11,1,4
BRDA:101,11,2,3
BRDA:102,12,0,9
BRDA:102,12,1,1
BRDA:105,13,0,5
BRDA:105,13,1,4
BRDA:105,14,0,9
BRDA:105,14,1,5
BRDA:112,15,0,1
BRDA:118,16,0,1
BRDA:118,16,1,1
BRDA:126,17,0,1
BRDA:126,17,1,9
BRDA:135,18,0,39
BRDA:135,18,1,22
BRDA:135,18,2,20
BRDA:144,19,0,3
BRDA:144,19,1,3
BRDA:157,20,0,8
BRDA:157,20,1,1
BRDA:166,21,0,1
BRF:41
BRH:41
end_of_record
TN:
SF:projects\shared\component\audio-bucket\audio-bucket.component.ts
FN:12,(anonymous_0)
FN:33,AudioBucketComponent
FN:39,(anonymous_2)
FN:44,(anonymous_3)
FN:54,(anonymous_4)
FN:61,(anonymous_5)
FN:67,(anonymous_6)
FN:79,(anonymous_7)
FN:85,(anonymous_8)
FN:86,(anonymous_9)
FN:95,(anonymous_10)
FNF:11
FNH:11
FNDA:1,(anonymous_0)
FNDA:37,AudioBucketComponent
FNDA:37,(anonymous_2)
FNDA:8,(anonymous_3)
FNDA:2,(anonymous_4)
FNDA:3,(anonymous_5)
FNDA:8,(anonymous_6)
FNDA:40,(anonymous_7)
FNDA:3,(anonymous_8)
FNDA:2,(anonymous_9)
FNDA:3,(anonymous_10)
DA:12,1
DA:13,37
DA:17,37
DA:20,37
DA:23,37
DA:24,37
DA:27,37
DA:28,37
DA:33,37
DA:34,37
DA:35,37
DA:36,37
DA:37,37
DA:39,37
DA:40,37
DA:44,8
DA:46,8
DA:47,8
DA:48,8
DA:49,8
DA:50,8
DA:52,8
DA:53,3
DA:54,2
DA:61,1
DA:64,3
DA:67,1
DA:69,8
DA:70,8
DA:71,7
DA:72,3
DA:73,3
DA:74,3
DA:79,1
DA:80,40
DA:81,4
DA:85,3
DA:86,3
DA:87,2
DA:88,1
DA:89,1
DA:95,1
DA:96,3
DA:99,1
LF:44
LH:44
BRDA:52,0,0,3
BRDA:53,1,0,2
BRDA:54,2,0,0
BRDA:54,2,1,2
BRDA:71,3,0,3
BRDA:80,4,0,4
BRDA:87,5,0,1
BRF:7
BRH:6
end_of_record
TN:
SF:projects\shared\component\audio-bullet\audio-bullet.component.ts
FN:11,(anonymous_0)
FN:32,AudioBulletComponent
FN:38,(anonymous_2)
FN:43,(anonymous_3)
FN:65,(anonymous_4)
FN:69,(anonymous_5)
FN:85,(anonymous_6)
FN:90,(anonymous_7)
FN:100,(anonymous_8)
FN:106,(anonymous_9)
FN:107,(anonymous_10)
FN:116,(anonymous_11)
FNF:12
FNH:11
FNDA:1,(anonymous_0)
FNDA:13,AudioBulletComponent
FNDA:13,(anonymous_2)
FNDA:4,(anonymous_3)
FNDA:0,(anonymous_4)
FNDA:5,(anonymous_5)
FNDA:1,(anonymous_6)
FNDA:2,(anonymous_7)
FNDA:14,(anonymous_8)
FNDA:5,(anonymous_9)
FNDA:1,(anonymous_10)
FNDA:1,(anonymous_11)
DA:11,1
DA:12,13
DA:17,13
DA:23,13
DA:26,13
DA:27,13
DA:32,13
DA:33,13
DA:34,13
DA:35,13
DA:36,13
DA:38,13
DA:39,13
DA:43,4
DA:44,4
DA:45,4
DA:46,4
DA:47,4
DA:48,4
DA:51,4
DA:52,4
DA:53,4
DA:56,4
DA:57,4
DA:58,4
DA:59,4
DA:60,4
DA:63,4
DA:64,3
DA:65,2
DA:69,1
DA:70,5
DA:73,5
DA:74,5
DA:81,5
DA:85,1
DA:88,1
DA:90,1
DA:91,2
DA:92,2
DA:93,2
DA:94,1
DA:95,1
DA:96,1
DA:100,1
DA:101,14
DA:102,4
DA:106,5
DA:107,5
DA:108,1
DA:109,1
DA:110,1
DA:116,1
DA:117,1
DA:119,1
LF:55
LH:55
BRDA:47,0,0,4
BRDA:47,1,0,4
BRDA:47,1,1,4
BRDA:52,2,0,4
BRDA:52,3,0,4
BRDA:52,3,1,4
BRDA:63,4,0,3
BRDA:64,5,0,2
BRDA:65,6,0,0
BRDA:65,6,1,0
BRDA:70,7,0,4
BRDA:70,7,1,1
BRDA:93,8,0,1
BRDA:101,9,0,4
BRDA:108,10,0,1
BRF:15
BRH:13
end_of_record
TN:
SF:projects\shared\component\audio-content\audio-content.component.ts
FN:21,(anonymous_0)
FN:51,AudioContentComponent
FN:56,(anonymous_2)
FN:63,(anonymous_3)
FN:70,(anonymous_4)
FN:76,(anonymous_5)
FN:81,(anonymous_6)
FN:82,(anonymous_7)
FN:91,(anonymous_8)
FN:103,(anonymous_9)
FN:108,(anonymous_10)
FN:118,(anonymous_11)
FN:124,(anonymous_12)
FN:129,(anonymous_13)
FN:134,(anonymous_14)
FNF:15
FNH:15
FNDA:1,(anonymous_0)
FNDA:40,AudioContentComponent
FNDA:40,(anonymous_2)
FNDA:8,(anonymous_3)
FNDA:8,(anonymous_4)
FNDA:1,(anonymous_5)
FNDA:3,(anonymous_6)
FNDA:1,(anonymous_7)
FNDA:5,(anonymous_8)
FNDA:2,(anonymous_9)
FNDA:6,(anonymous_10)
FNDA:43,(anonymous_11)
FNDA:1,(anonymous_12)
FNDA:5,(anonymous_13)
FNDA:1,(anonymous_14)
DA:21,1
DA:22,40
DA:29,40
DA:33,40
DA:36,40
DA:37,40
DA:38,40
DA:46,40
DA:47,40
DA:48,40
DA:49,40
DA:51,40
DA:52,40
DA:53,40
DA:54,40
DA:56,40
DA:57,40
DA:60,40
DA:63,8
DA:64,8
DA:65,8
DA:66,8
DA:67,8
DA:70,8
DA:71,8
DA:74,8
DA:75,7
DA:76,3
DA:81,3
DA:82,3
DA:83,1
DA:84,1
DA:85,1
DA:88,3
DA:91,1
DA:92,5
DA:94,5
DA:95,5
DA:100,5
DA:103,1
DA:104,2
DA:105,2
DA:108,1
DA:109,6
DA:110,6
DA:111,6
DA:112,3
DA:113,3
DA:114,3
DA:118,1
DA:119,43
DA:120,6
DA:124,1
DA:125,1
DA:126,1
DA:129,1
DA:130,5
DA:131,5
DA:134,1
DA:135,1
DA:137,1
LF:61
LH:61
BRDA:38,0,0,40
BRDA:38,0,1,0
BRDA:74,1,0,7
BRDA:75,2,0,3
BRDA:76,3,0,0
BRDA:76,3,1,1
BRDA:83,4,0,1
BRDA:92,5,0,4
BRDA:92,5,1,1
BRDA:111,6,0,3
BRDA:119,7,0,6
BRF:11
BRH:9
end_of_record
TN:
SF:projects\shared\component\audio-diagram\audio-diagram.component.ts
FN:11,(anonymous_0)
FN:32,AudioDiagramComponent
FN:38,(anonymous_2)
FN:43,(anonymous_3)
FN:53,(anonymous_4)
FN:58,(anonymous_5)
FN:64,(anonymous_6)
FN:75,(anonymous_7)
FN:81,(anonymous_8)
FN:82,(anonymous_9)
FN:91,(anonymous_10)
FNF:11
FNH:11
FNDA:1,(anonymous_0)
FNDA:11,AudioDiagramComponent
FNDA:11,(anonymous_2)
FNDA:9,(anonymous_3)
FNDA:6,(anonymous_4)
FNDA:1,(anonymous_5)
FNDA:8,(anonymous_6)
FNDA:12,(anonymous_7)
FNDA:9,(anonymous_8)
FNDA:1,(anonymous_9)
FNDA:1,(anonymous_10)
DA:11,1
DA:12,11
DA:17,11
DA:20,11
DA:23,11
DA:24,11
DA:26,11
DA:27,11
DA:32,11
DA:33,11
DA:34,11
DA:35,11
DA:36,11
DA:38,11
DA:39,11
DA:43,9
DA:45,9
DA:46,9
DA:47,9
DA:48,9
DA:49,9
DA:51,9
DA:52,9
DA:53,8
DA:58,1
DA:61,1
DA:64,1
DA:65,8
DA:66,8
DA:67,8
DA:68,1
DA:69,1
DA:70,1
DA:75,1
DA:76,12
DA:77,9
DA:81,9
DA:82,9
DA:83,1
DA:84,1
DA:85,1
DA:91,1
DA:92,1
DA:94,1
LF:44
LH:44
BRDA:51,0,0,9
BRDA:52,1,0,8
BRDA:53,2,0,0
BRDA:53,2,1,6
BRDA:67,3,0,1
BRDA:76,4,0,9
BRDA:83,5,0,1
BRF:7
BRH:6
end_of_record
TN:
SF:projects\shared\component\audio-player\audio-player.component.ts
FN:10,(anonymous_0)
FN:16,AudioPlayerComponent
FN:18,(anonymous_2)
FN:28,(anonymous_3)
FNF:4
FNH:4
FNDA:1,(anonymous_0)
FNDA:29,AudioPlayerComponent
FNDA:14,(anonymous_2)
FNDA:23,(anonymous_3)
DA:10,1
DA:12,29
DA:15,29
DA:18,1
DA:20,14
DA:21,9
DA:23,5
DA:25,14
DA:28,1
DA:29,23
DA:32,23
DA:33,23
DA:40,23
DA:42,1
LF:14
LH:14
BRDA:20,0,0,9
BRDA:20,0,1,5
BRDA:29,1,0,17
BRDA:29,1,1,6
BRF:4
BRH:4
end_of_record
TN:
SF:projects\shared\component\bg-video\bg-video.component.ts
FN:7,(anonymous_0)
FNF:1
FNH:1
FNDA:11,(anonymous_0)
DA:7,1
DA:8,1
LF:2
LH:2
BRF:0
BRH:0
end_of_record
TN:
SF:projects\shared\component\botnav\botnav.component.ts
FN:9,(anonymous_0)
FN:11,BotnavComponent
FN:13,(anonymous_2)
FN:16,(anonymous_3)
FNF:4
FNH:4
FNDA:1,(anonymous_0)
FNDA:30,BotnavComponent
FNDA:22,(anonymous_2)
FNDA:21,(anonymous_3)
DA:9,1
DA:11,30
DA:13,1
DA:14,22
DA:16,1
DA:17,21
DA:20,1
LF:7
LH:7
BRF:0
BRH:0
end_of_record
TN:
SF:projects\shared\component\chat-bot\chat-bot.component.ts
FN:16,(anonymous_0)
FN:38,ChatBotComponent
FN:46,(anonymous_2)
FN:57,(anonymous_3)
FN:61,(anonymous_4)
FN:70,(anonymous_5)
FN:76,(anonymous_6)
FN:84,(anonymous_7)
FN:89,(anonymous_8)
FN:98,(anonymous_9)
FN:106,(anonymous_10)
FN:109,(anonymous_11)
FN:121,(anonymous_12)
FN:128,(anonymous_13)
FN:149,(anonymous_14)
FN:153,(anonymous_15)
FN:172,(anonymous_16)
FN:183,(anonymous_17)
FN:190,(anonymous_18)
FN:205,(anonymous_19)
FN:235,(anonymous_20)
FN:246,(anonymous_21)
FN:254,(anonymous_22)
FN:257,(anonymous_23)
FN:274,(anonymous_24)
FN:285,(anonymous_25)
FN:289,(anonymous_26)
FN:292,(anonymous_27)
FN:302,(anonymous_28)
FN:309,(anonymous_29)
FN:321,(anonymous_30)
FN:336,(anonymous_31)
FN:341,(anonymous_32)
FN:353,(anonymous_33)
FN:359,(anonymous_34)
FN:383,(anonymous_35)
FN:386,(anonymous_36)
FN:400,(anonymous_37)
FN:406,(anonymous_38)
FN:430,(anonymous_39)
FN:433,(anonymous_40)
FN:447,(anonymous_41)
FN:464,(anonymous_42)
FN:468,(anonymous_43)
FN:486,(anonymous_44)
FN:499,(anonymous_45)
FN:516,(anonymous_46)
FN:520,(anonymous_47)
FN:538,(anonymous_48)
FN:551,(anonymous_49)
FN:567,(anonymous_50)
FN:571,(anonymous_51)
FN:589,(anonymous_52)
FN:599,(anonymous_53)
FN:604,(anonymous_54)
FN:619,(anonymous_55)
FN:621,(anonymous_56)
FN:625,(anonymous_57)
FN:641,(anonymous_58)
FN:645,(anonymous_59)
FN:650,(anonymous_60)
FN:661,(anonymous_61)
FN:666,(anonymous_62)
FN:680,(anonymous_63)
FN:705,(anonymous_64)
FN:711,(anonymous_65)
FN:729,(anonymous_66)
FN:741,(anonymous_67)
FN:751,(anonymous_68)
FN:758,(anonymous_69)
FN:763,(anonymous_70)
FN:792,(anonymous_71)
FNF:72
FNH:60
FNDA:1,(anonymous_0)
FNDA:88,ChatBotComponent
FNDA:88,(anonymous_2)
FNDA:1,(anonymous_3)
FNDA:1,(anonymous_4)
FNDA:0,(anonymous_5)
FNDA:1,(anonymous_6)
FNDA:1,(anonymous_7)
FNDA:0,(anonymous_8)
FNDA:1,(anonymous_9)
FNDA:92,(anonymous_10)
FNDA:92,(anonymous_11)
FNDA:89,(anonymous_12)
FNDA:12,(anonymous_13)
FNDA:9,(anonymous_14)
FNDA:8,(anonymous_15)
FNDA:1,(anonymous_16)
FNDA:3,(anonymous_17)
FNDA:2,(anonymous_18)
FNDA:8,(anonymous_19)
FNDA:1,(anonymous_20)
FNDA:1,(anonymous_21)
FNDA:94,(anonymous_22)
FNDA:94,(anonymous_23)
FNDA:14,(anonymous_24)
FNDA:1,(anonymous_25)
FNDA:3,(anonymous_26)
FNDA:3,(anonymous_27)
FNDA:1,(anonymous_28)
FNDA:2,(anonymous_29)
FNDA:1,(anonymous_30)
FNDA:0,(anonymous_31)
FNDA:0,(anonymous_32)
FNDA:4,(anonymous_33)
FNDA:4,(anonymous_34)
FNDA:1,(anonymous_35)
FNDA:1,(anonymous_36)
FNDA:3,(anonymous_37)
FNDA:4,(anonymous_38)
FNDA:1,(anonymous_39)
FNDA:1,(anonymous_40)
FNDA:3,(anonymous_41)
FNDA:2,(anonymous_42)
FNDA:1,(anonymous_43)
FNDA:1,(anonymous_44)
FNDA:2,(anonymous_45)
FNDA:1,(anonymous_46)
FNDA:1,(anonymous_47)
FNDA:0,(anonymous_48)
FNDA:2,(anonymous_49)
FNDA:1,(anonymous_50)
FNDA:1,(anonymous_51)
FNDA:0,(anonymous_52)
FNDA:2,(anonymous_53)
FNDA:1,(anonymous_54)
FNDA:92,(anonymous_55)
FNDA:92,(anonymous_56)
FNDA:0,(anonymous_57)
FNDA:0,(anonymous_58)
FNDA:0,(anonymous_59)
FNDA:0,(anonymous_60)
FNDA:0,(anonymous_61)
FNDA:0,(anonymous_62)
FNDA:4,(anonymous_63)
FNDA:266,(anonymous_64)
FNDA:95,(anonymous_65)
FNDA:91,(anonymous_66)
FNDA:1,(anonymous_67)
FNDA:3,(anonymous_68)
FNDA:91,(anonymous_69)
FNDA:93,(anonymous_70)
FNDA:91,(anonymous_71)
DA:16,1
DA:20,88
DA:21,88
DA:22,88
DA:23,88
DA:24,88
DA:25,88
DA:26,88
DA:27,88
DA:28,88
DA:29,88
DA:30,88
DA:32,88
DA:33,88
DA:34,88
DA:35,88
DA:36,88
DA:39,88
DA:40,88
DA:41,88
DA:42,88
DA:43,88
DA:46,88
DA:47,88
DA:50,88
DA:53,88
DA:56,88
DA:58,1
DA:61,1
DA:62,1
DA:63,0
DA:68,1
DA:70,0
DA:71,0
DA:76,1
DA:78,1
DA:83,88
DA:84,1
DA:88,88
DA:90,0
DA:91,0
DA:97,88
DA:99,1
DA:103,88
DA:106,92
DA:109,92
DA:110,92
DA:113,92
DA:115,92
DA:116,92
DA:118,92
DA:121,1
DA:122,89
DA:123,89
DA:124,89
DA:125,89
DA:128,12
DA:129,12
DA:130,3
DA:133,9
DA:134,9
DA:135,9
DA:136,9
DA:139,9
DA:142,9
DA:145,9
DA:146,9
DA:149,9
DA:152,9
DA:154,8
DA:155,8
DA:157,8
DA:158,7
DA:168,1
DA:170,8
DA:173,1
DA:174,1
DA:175,1
DA:176,1
DA:177,1
DA:183,1
DA:184,3
DA:185,1
DA:186,1
DA:190,1
DA:194,2
DA:195,1
DA:197,1
DA:205,8
DA:206,8
DA:207,1
DA:210,8
DA:211,1
DA:215,7
DA:216,1
DA:217,1
DA:220,6
DA:221,6
DA:223,6
DA:224,6
DA:229,4
DA:230,4
DA:231,4
DA:234,2
DA:236,1
DA:237,0
DA:239,1
DA:240,1
DA:241,1
DA:242,1
DA:244,1
DA:247,1
DA:248,1
DA:249,1
DA:254,1
DA:255,94
DA:257,94
DA:260,94
DA:266,0
DA:274,1
DA:275,14
DA:276,14
DA:281,1
DA:285,1
DA:286,1
DA:289,1
DA:290,3
DA:291,2
DA:292,3
DA:295,2
DA:296,1
DA:297,1
DA:302,1
DA:303,1
DA:309,1
DA:310,2
DA:311,1
DA:314,1
DA:315,1
DA:321,1
DA:322,1
DA:325,1
DA:327,1
DA:328,0
DA:329,0
DA:331,0
DA:332,0
DA:335,0
DA:337,0
DA:339,0
DA:342,0
DA:344,0
DA:353,4
DA:354,4
DA:355,2
DA:359,4
DA:360,2
DA:363,2
DA:364,2
DA:365,2
DA:366,2
DA:371,2
DA:377,2
DA:384,1
DA:387,1
DA:389,1
DA:400,3
DA:401,3
DA:402,1
DA:406,4
DA:407,2
DA:410,2
DA:411,2
DA:412,2
DA:413,2
DA:418,2
DA:424,2
DA:431,1
DA:434,1
DA:436,1
DA:447,3
DA:448,3
DA:449,1
DA:452,2
DA:453,2
DA:454,2
DA:457,2
DA:460,2
DA:461,2
DA:464,2
DA:467,2
DA:469,1
DA:470,1
DA:472,1
DA:473,1
DA:482,0
DA:484,1
DA:487,1
DA:488,1
DA:489,1
DA:490,1
DA:491,1
DA:499,2
DA:500,2
DA:501,1
DA:504,1
DA:505,1
DA:506,1
DA:509,1
DA:512,1
DA:513,1
DA:516,1
DA:519,1
DA:521,1
DA:522,1
DA:524,1
DA:525,1
DA:534,0
DA:536,1
DA:539,0
DA:540,0
DA:541,0
DA:542,0
DA:543,0
DA:551,2
DA:552,2
DA:553,1
DA:556,1
DA:557,1
DA:560,1
DA:563,1
DA:564,1
DA:567,1
DA:570,1
DA:572,1
DA:573,1
DA:575,1
DA:576,1
DA:585,0
DA:587,1
DA:590,0
DA:591,0
DA:592,0
DA:593,0
DA:594,0
DA:599,1
DA:600,2
DA:601,2
DA:604,2
DA:606,1
DA:607,0
DA:609,1
DA:613,2
DA:614,2
DA:615,2
DA:616,2
DA:619,92
DA:621,92
DA:622,92
DA:623,92
DA:625,92
DA:626,0
DA:629,0
DA:630,0
DA:634,0
DA:636,0
DA:637,0
DA:638,0
DA:641,0
DA:642,0
DA:645,0
DA:646,0
DA:650,0
DA:651,0
DA:652,0
DA:654,0
DA:656,0
DA:657,0
DA:660,0
DA:662,0
DA:664,0
DA:667,0
DA:669,0
DA:675,0
DA:680,1
DA:681,4
DA:682,1
DA:686,3
DA:690,3
DA:691,1
DA:694,2
DA:695,1
DA:698,1
DA:705,1
DA:706,266
DA:707,266
DA:708,266
DA:711,95
DA:712,95
DA:713,2
DA:716,93
DA:717,93
DA:718,1
DA:721,92
DA:722,1
DA:723,1
DA:726,92
DA:728,92
DA:730,91
DA:731,90
DA:732,90
DA:733,90
DA:735,1
DA:736,1
DA:737,1
DA:739,91
DA:742,1
DA:743,1
DA:744,1
DA:745,1
DA:746,1
DA:751,1
DA:752,3
DA:753,3
DA:754,3
DA:755,3
DA:756,3
DA:758,1
DA:759,91
DA:763,1
DA:764,93
DA:765,93
DA:766,89
DA:767,89
DA:770,4
DA:771,4
DA:772,3
DA:773,3
DA:774,2
DA:775,2
DA:776,1
DA:778,1
DA:780,2
DA:783,1
DA:786,2
DA:792,1
DA:793,91
DA:794,91
DA:797,91
DA:798,1
DA:799,1
DA:801,1
DA:802,1
DA:803,1
DA:806,1
LF:355
LH:302
BRDA:62,0,0,0
BRDA:62,1,0,1
BRDA:62,1,1,0
BRDA:68,2,0,0
BRDA:90,3,0,0
BRDA:115,4,0,92
BRDA:129,5,0,3
BRDA:129,6,0,12
BRDA:129,6,1,10
BRDA:157,7,0,7
BRDA:157,7,1,1
BRDA:184,8,0,1
BRDA:184,9,0,3
BRDA:184,9,1,2
BRDA:194,10,0,1
BRDA:194,10,1,1
BRDA:206,11,0,1
BRDA:210,12,0,1
BRDA:215,13,0,1
BRDA:224,14,0,4
BRDA:225,15,0,6
BRDA:225,15,1,4
BRDA:225,15,2,4
BRDA:236,16,0,0
BRDA:236,16,1,1
BRDA:236,17,0,1
BRDA:236,17,1,1
BRDA:290,18,0,2
BRDA:295,19,0,1
BRDA:310,20,0,1
BRDA:327,21,0,0
BRDA:327,22,0,1
BRDA:327,22,1,0
BRDA:354,23,0,2
BRDA:354,24,0,4
BRDA:354,24,1,3
BRDA:364,25,0,2
BRDA:401,26,0,1
BRDA:401,27,0,3
BRDA:401,27,1,2
BRDA:411,28,0,2
BRDA:448,29,0,1
BRDA:472,30,0,1
BRDA:472,30,1,0
BRDA:500,31,0,1
BRDA:524,32,0,1
BRDA:524,32,1,0
BRDA:552,33,0,1
BRDA:575,34,0,1
BRDA:575,34,1,0
BRDA:606,35,0,0
BRDA:606,35,1,1
BRDA:629,36,0,0
BRDA:656,37,0,0
BRDA:681,38,0,1
BRDA:686,39,0,3
BRDA:686,39,1,2
BRDA:686,39,2,2
BRDA:690,40,0,1
BRDA:694,41,0,1
BRDA:694,42,0,2
BRDA:694,42,1,1
BRDA:712,43,0,2
BRDA:712,44,0,95
BRDA:712,44,1,94
BRDA:717,45,0,1
BRDA:717,46,0,93
BRDA:717,46,1,92
BRDA:721,47,0,1
BRDA:721,48,0,92
BRDA:721,48,1,1
BRDA:730,49,0,90
BRDA:730,49,1,1
BRDA:730,50,0,91
BRDA:730,50,1,91
BRDA:765,51,0,89
BRDA:772,52,0,3
BRDA:772,52,1,0
BRDA:772,53,0,0
BRDA:772,53,1,3
BRDA:772,54,0,3
BRDA:772,54,1,3
BRDA:773,55,0,2
BRDA:773,56,0,3
BRDA:773,56,1,3
BRDA:775,57,0,1
BRDA:775,57,1,1
BRDA:797,58,0,1
BRDA:797,59,0,91
BRDA:797,59,1,2
BRF:90
BRH:75
end_of_record
TN:
SF:projects\shared\component\guided-questions\index\index.page.ts
FN:16,(anonymous_0)
FN:46,IndexPage
FN:70,(anonymous_2)
FN:86,(anonymous_3)
FN:94,(anonymous_4)
FN:95,(anonymous_5)
FN:96,(anonymous_6)
FN:100,(anonymous_7)
FN:112,(anonymous_8)
FN:118,(anonymous_9)
FN:128,(anonymous_10)
FN:132,(anonymous_11)
FN:138,(anonymous_12)
FN:148,(anonymous_13)
FN:153,(anonymous_14)
FN:170,(anonymous_15)
FN:173,(anonymous_16)
FN:177,(anonymous_17)
FN:178,(anonymous_18)
FN:186,(anonymous_19)
FN:198,(anonymous_20)
FN:204,(anonymous_21)
FN:206,(anonymous_22)
FN:215,(anonymous_23)
FN:221,(anonymous_24)
FN:229,(anonymous_25)
FN:230,(anonymous_26)
FN:235,(anonymous_27)
FN:241,(anonymous_28)
FN:252,(anonymous_29)
FN:259,(anonymous_30)
FN:265,(anonymous_31)
FN:271,(anonymous_32)
FN:279,(anonymous_33)
FN:290,(anonymous_34)
FN:298,(anonymous_35)
FN:313,(anonymous_36)
FN:318,(anonymous_37)
FN:331,(anonymous_38)
FN:337,(anonymous_39)
FN:347,(anonymous_40)
FN:350,(anonymous_41)
FN:356,(anonymous_42)
FN:366,(anonymous_43)
FN:372,(anonymous_44)
FN:374,(anonymous_45)
FN:375,(anonymous_46)
FN:376,(anonymous_47)
FN:380,(anonymous_48)
FN:399,(anonymous_49)
FN:412,(anonymous_50)
FN:421,(anonymous_51)
FN:422,(anonymous_52)
FNF:53
FNH:40
FNDA:1,(anonymous_0)
FNDA:45,IndexPage
FNDA:0,(anonymous_2)
FNDA:2,(anonymous_3)
FNDA:0,(anonymous_4)
FNDA:0,(anonymous_5)
FNDA:0,(anonymous_6)
FNDA:0,(anonymous_7)
FNDA:0,(anonymous_8)
FNDA:0,(anonymous_9)
FNDA:0,(anonymous_10)
FNDA:1,(anonymous_11)
FNDA:0,(anonymous_12)
FNDA:3,(anonymous_13)
FNDA:3,(anonymous_14)
FNDA:0,(anonymous_15)
FNDA:0,(anonymous_16)
FNDA:1,(anonymous_17)
FNDA:1,(anonymous_18)
FNDA:2,(anonymous_19)
FNDA:1,(anonymous_20)
FNDA:3,(anonymous_21)
FNDA:2,(anonymous_22)
FNDA:1,(anonymous_23)
FNDA:2,(anonymous_24)
FNDA:1,(anonymous_25)
FNDA:1,(anonymous_26)
FNDA:1,(anonymous_27)
FNDA:3,(anonymous_28)
FNDA:1,(anonymous_29)
FNDA:1,(anonymous_30)
FNDA:1,(anonymous_31)
FNDA:2,(anonymous_32)
FNDA:2,(anonymous_33)
FNDA:3,(anonymous_34)
FNDA:2,(anonymous_35)
FNDA:2,(anonymous_36)
FNDA:2,(anonymous_37)
FNDA:1,(anonymous_38)
FNDA:0,(anonymous_39)
FNDA:3,(anonymous_40)
FNDA:1,(anonymous_41)
FNDA:0,(anonymous_42)
FNDA:2,(anonymous_43)
FNDA:1,(anonymous_44)
FNDA:1,(anonymous_45)
FNDA:2,(anonymous_46)
FNDA:2,(anonymous_47)
FNDA:3,(anonymous_48)
FNDA:3,(anonymous_49)
FNDA:2,(anonymous_50)
FNDA:2,(anonymous_51)
FNDA:4,(anonymous_52)
DA:16,1
DA:17,45
DA:18,45
DA:19,45
DA:21,45
DA:22,45
DA:26,45
DA:28,45
DA:30,45
DA:31,45
DA:32,45
DA:34,45
DA:35,45
DA:36,45
DA:37,45
DA:38,45
DA:39,45
DA:40,45
DA:41,45
DA:42,45
DA:44,45
DA:47,45
DA:48,45
DA:49,45
DA:50,45
DA:51,45
DA:52,45
DA:53,45
DA:54,45
DA:56,45
DA:57,44
DA:59,1
DA:61,45
DA:62,45
DA:63,45
DA:64,44
DA:66,1
DA:70,1
DA:71,0
DA:72,0
DA:74,0
DA:75,0
DA:76,0
DA:78,0
DA:79,0
DA:80,0
DA:81,0
DA:82,0
DA:86,1
DA:87,2
DA:88,1
DA:89,1
DA:94,1
DA:95,0
DA:96,0
DA:97,0
DA:98,0
DA:99,0
DA:100,0
DA:101,0
DA:103,0
DA:104,0
DA:105,0
DA:112,1
DA:113,0
DA:115,0
DA:116,0
DA:117,0
DA:119,0
DA:128,0
DA:132,1
DA:133,1
DA:135,1
DA:136,1
DA:137,0
DA:139,0
DA:148,3
DA:153,1
DA:154,3
DA:155,1
DA:157,2
DA:160,3
DA:161,1
DA:162,1
DA:164,2
DA:170,1
DA:171,0
DA:173,1
DA:174,0
DA:177,1
DA:178,1
DA:179,1
DA:180,1
DA:181,1
DA:186,1
DA:187,2
DA:188,1
DA:189,1
DA:191,1
DA:192,1
DA:198,1
DA:199,1
DA:200,1
DA:201,1
DA:204,3
DA:205,3
DA:207,2
DA:208,2
DA:209,2
DA:212,2
DA:216,1
DA:221,1
DA:222,2
DA:231,1
DA:235,1
DA:237,1
DA:241,1
DA:242,3
DA:243,1
DA:245,2
DA:246,1
DA:248,1
DA:252,1
DA:253,1
DA:254,1
DA:255,1
DA:256,1
DA:257,1
DA:258,1
DA:259,1
DA:260,1
DA:261,0
DA:265,1
DA:266,1
DA:267,1
DA:268,1
DA:269,1
DA:271,1
DA:272,2
DA:273,2
DA:274,1
DA:275,1
DA:277,1
DA:278,1
DA:280,2
DA:290,1
DA:291,3
DA:292,3
DA:293,1
DA:294,1
DA:296,2
DA:297,2
DA:299,2
DA:313,2
DA:314,2
DA:315,2
DA:316,2
DA:317,1
DA:319,2
DA:327,1
DA:331,1
DA:332,1
DA:334,1
DA:335,1
DA:336,0
DA:338,0
DA:347,3
DA:350,1
DA:351,1
DA:353,1
DA:354,1
DA:355,0
DA:357,0
DA:366,2
DA:367,1
DA:372,1
DA:374,1
DA:375,2
DA:376,2
DA:377,1
DA:380,1
DA:381,3
DA:382,1
DA:383,1
DA:384,1
DA:385,1
DA:387,2
DA:389,2
DA:390,2
DA:391,1
DA:393,1
DA:399,1
DA:400,3
DA:401,3
DA:402,3
DA:403,2
DA:404,1
DA:405,1
DA:406,1
DA:407,1
DA:412,1
DA:413,2
DA:415,2
DA:416,1
DA:418,1
DA:421,1
DA:422,4
DA:424,1
LF:208
LH:173
BRDA:56,0,0,44
BRDA:56,0,1,1
BRDA:61,1,0,0
BRDA:61,1,1,45
BRDA:62,2,0,45
BRDA:62,2,1,0
BRDA:63,3,0,44
BRDA:63,3,1,1
BRDA:71,4,0,0
BRDA:71,4,1,0
BRDA:79,5,0,0
BRDA:79,6,0,0
BRDA:79,6,1,0
BRDA:87,7,0,1
BRDA:87,8,0,2
BRDA:87,8,1,2
BRDA:88,9,0,1
BRDA:88,10,0,1
BRDA:88,10,1,1
BRDA:97,11,0,0
BRDA:104,12,0,0
BRDA:116,13,0,0
BRDA:116,13,1,0
BRDA:119,14,0,0
BRDA:119,14,1,0
BRDA:119,14,2,0
BRDA:119,15,0,0
BRDA:119,15,1,0
BRDA:119,16,0,0
BRDA:119,16,1,0
BRDA:119,17,0,0
BRDA:119,17,1,0
BRDA:119,18,0,0
BRDA:119,18,1,0
BRDA:122,19,0,0
BRDA:122,19,1,0
BRDA:122,20,0,0
BRDA:122,20,1,0
BRDA:122,21,0,0
BRDA:122,21,1,0
BRDA:122,22,0,0
BRDA:122,22,1,0
BRDA:125,23,0,0
BRDA:125,23,1,0
BRDA:125,24,0,0
BRDA:125,24,1,0
BRDA:136,25,0,0
BRDA:136,25,1,1
BRDA:139,26,0,0
BRDA:139,26,1,0
BRDA:139,26,2,0
BRDA:139,27,0,0
BRDA:139,27,1,0
BRDA:139,28,0,0
BRDA:139,28,1,0
BRDA:139,29,0,0
BRDA:139,29,1,0
BRDA:139,30,0,0
BRDA:139,30,1,0
BRDA:142,31,0,0
BRDA:142,31,1,0
BRDA:142,32,0,0
BRDA:142,32,1,0
BRDA:142,33,0,0
BRDA:142,33,1,0
BRDA:142,34,0,0
BRDA:142,34,1,0
BRDA:145,35,0,0
BRDA:145,35,1,0
BRDA:145,36,0,0
BRDA:145,36,1,0
BRDA:154,37,0,1
BRDA:154,37,1,2
BRDA:160,38,0,1
BRDA:160,38,1,2
BRDA:180,39,0,1
BRDA:180,40,0,1
BRDA:180,40,1,1
BRDA:181,41,0,1
BRDA:181,41,1,0
BRDA:181,42,0,1
BRDA:181,42,1,1
BRDA:187,43,0,1
BRDA:187,43,1,1
BRDA:187,44,0,2
BRDA:187,44,1,1
BRDA:242,45,0,1
BRDA:242,45,1,2
BRDA:242,46,0,3
BRDA:242,46,1,2
BRDA:245,47,0,1
BRDA:245,47,1,1
BRDA:260,48,0,0
BRDA:260,49,0,1
BRDA:260,49,1,1
BRDA:260,49,2,1
BRDA:273,50,0,1
BRDA:273,50,1,1
BRDA:277,51,0,1
BRDA:280,52,0,2
BRDA:280,52,1,1
BRDA:280,53,0,0
BRDA:280,53,1,2
BRDA:280,54,0,2
BRDA:280,54,1,2
BRDA:280,55,0,0
BRDA:280,55,1,2
BRDA:280,56,0,2
BRDA:280,56,1,2
BRDA:283,57,0,0
BRDA:283,57,1,1
BRDA:283,58,0,1
BRDA:283,58,1,1
BRDA:283,59,0,0
BRDA:283,59,1,1
BRDA:283,60,0,1
BRDA:283,60,1,1
BRDA:292,61,0,1
BRDA:292,61,1,2
BRDA:296,62,0,2
BRDA:299,63,0,2
BRDA:299,63,1,1
BRDA:299,63,2,1
BRDA:299,64,0,0
BRDA:299,64,1,2
BRDA:299,65,0,2
BRDA:299,65,1,2
BRDA:299,66,0,0
BRDA:299,66,1,2
BRDA:299,67,0,2
BRDA:299,67,1,2
BRDA:302,68,0,0
BRDA:302,68,1,1
BRDA:302,69,0,1
BRDA:302,69,1,1
BRDA:302,70,0,0
BRDA:302,70,1,1
BRDA:302,71,0,1
BRDA:302,71,1,1
BRDA:306,72,0,0
BRDA:306,72,1,1
BRDA:306,73,0,1
BRDA:306,73,1,1
BRDA:306,74,0,0
BRDA:306,74,1,1
BRDA:306,75,0,1
BRDA:306,75,1,1
BRDA:316,76,0,1
BRDA:316,76,1,1
BRDA:319,77,0,2
BRDA:319,77,1,1
BRDA:319,78,0,0
BRDA:319,78,1,2
BRDA:319,79,0,2
BRDA:319,79,1,2
BRDA:319,80,0,0
BRDA:319,80,1,2
BRDA:319,81,0,2
BRDA:319,81,1,2
BRDA:322,82,0,0
BRDA:322,82,1,1
BRDA:322,83,0,1
BRDA:322,83,1,1
BRDA:322,84,0,0
BRDA:322,84,1,1
BRDA:322,85,0,1
BRDA:322,85,1,1
BRDA:335,86,0,0
BRDA:335,86,1,1
BRDA:338,87,0,0
BRDA:338,87,1,0
BRDA:338,87,2,0
BRDA:338,88,0,0
BRDA:338,88,1,0
BRDA:338,89,0,0
BRDA:338,89,1,0
BRDA:338,90,0,0
BRDA:338,90,1,0
BRDA:338,91,0,0
BRDA:338,91,1,0
BRDA:341,92,0,0
BRDA:341,92,1,0
BRDA:341,93,0,0
BRDA:341,93,1,0
BRDA:341,94,0,0
BRDA:341,94,1,0
BRDA:341,95,0,0
BRDA:341,95,1,0
BRDA:344,96,0,0
BRDA:344,96,1,0
BRDA:344,97,0,0
BRDA:344,97,1,0
BRDA:354,98,0,0
BRDA:354,98,1,1
BRDA:357,99,0,0
BRDA:357,99,1,0
BRDA:357,99,2,0
BRDA:357,100,0,0
BRDA:357,100,1,0
BRDA:357,101,0,0
BRDA:357,101,1,0
BRDA:357,102,0,0
BRDA:357,102,1,0
BRDA:357,103,0,0
BRDA:357,103,1,0
BRDA:360,104,0,0
BRDA:360,104,1,0
BRDA:360,105,0,0
BRDA:360,105,1,0
BRDA:360,106,0,0
BRDA:360,106,1,0
BRDA:360,107,0,0
BRDA:360,107,1,0
BRDA:363,108,0,0
BRDA:363,108,1,0
BRDA:363,109,0,0
BRDA:363,109,1,0
BRDA:381,110,0,1
BRDA:381,110,1,2
BRDA:381,111,0,3
BRDA:381,111,1,2
BRDA:390,112,0,1
BRDA:390,112,1,1
BRDA:402,113,0,2
BRDA:403,114,0,1
BRDA:403,114,1,1
BRDA:403,115,0,2
BRDA:403,115,1,1
BRDA:405,116,0,1
BRDA:415,117,0,1
BRDA:415,117,1,1
BRF:231
BRH:109
end_of_record
TN:
SF:projects\shared\component\guided-questions\introduction\introduction.page.ts
FN:13,(anonymous_0)
FN:20,IntroductionPage
FN:24,(anonymous_2)
FN:32,(anonymous_3)
FN:43,(anonymous_4)
FN:50,(anonymous_5)
FN:57,(anonymous_6)
FN:69,(anonymous_7)
FN:70,(anonymous_8)
FN:72,(anonymous_9)
FNF:10
FNH:10
FNDA:1,(anonymous_0)
FNDA:23,IntroductionPage
FNDA:23,(anonymous_2)
FNDA:2,(anonymous_3)
FNDA:23,(anonymous_4)
FNDA:1,(anonymous_5)
FNDA:3,(anonymous_6)
FNDA:25,(anonymous_7)
FNDA:25,(anonymous_8)
FNDA:46,(anonymous_9)
DA:13,1
DA:15,23
DA:16,23
DA:17,23
DA:18,23
DA:19,23
DA:20,23
DA:21,23
DA:22,23
DA:23,23
DA:24,23
DA:25,23
DA:26,23
DA:27,2
DA:32,1
DA:33,2
DA:34,1
DA:36,1
DA:39,2
DA:40,2
DA:43,1
DA:44,23
DA:50,1
DA:51,1
DA:57,1
DA:58,3
DA:60,3
DA:61,2
DA:64,1
DA:69,25
DA:70,25
DA:71,25
DA:72,46
DA:73,23
DA:77,1
LF:35
LH:35
BRDA:26,0,0,2
BRDA:26,1,0,23
BRDA:26,1,1,23
BRDA:26,1,2,23
BRDA:33,2,0,1
BRDA:33,2,1,1
BRDA:39,3,0,1
BRDA:39,3,1,1
BRDA:40,4,0,1
BRDA:40,4,1,1
BRDA:60,5,0,2
BRDA:60,5,1,1
BRDA:60,6,0,3
BRDA:60,6,1,2
BRDA:71,7,0,23
BRF:15
BRH:15
end_of_record
TN:
SF:projects\shared\component\guided-questions\questions\questions.page.ts
FN:14,(anonymous_0)
FN:27,QuestionsPage
FN:38,(anonymous_2)
FN:46,(anonymous_3)
FN:49,(anonymous_4)
FN:53,(anonymous_5)
FN:66,(anonymous_6)
FN:88,(anonymous_7)
FN:95,(anonymous_8)
FN:102,(anonymous_9)
FN:112,(anonymous_10)
FN:119,(anonymous_11)
FN:128,(anonymous_12)
FN:137,(anonymous_13)
FN:145,(anonymous_14)
FN:149,(anonymous_15)
FN:172,(anonymous_16)
FN:175,(anonymous_17)
FN:180,(anonymous_18)
FNF:19
FNH:19
FNDA:1,(anonymous_0)
FNDA:34,QuestionsPage
FNDA:34,(anonymous_2)
FNDA:3,(anonymous_3)
FNDA:3,(anonymous_4)
FNDA:3,(anonymous_5)
FNDA:3,(anonymous_6)
FNDA:3,(anonymous_7)
FNDA:2,(anonymous_8)
FNDA:2,(anonymous_9)
FNDA:2,(anonymous_10)
FNDA:3,(anonymous_11)
FNDA:3,(anonymous_12)
FNDA:6,(anonymous_13)
FNDA:1,(anonymous_14)
FNDA:3,(anonymous_15)
FNDA:2,(anonymous_16)
FNDA:1,(anonymous_17)
FNDA:1,(anonymous_18)
DA:14,1
DA:15,34
DA:17,34
DA:18,34
DA:19,34
DA:20,34
DA:21,34
DA:22,34
DA:23,34
DA:24,34
DA:25,34
DA:27,34
DA:28,34
DA:29,34
DA:30,34
DA:31,34
DA:32,33
DA:34,1
DA:38,1
DA:39,34
DA:46,3
DA:47,3
DA:48,3
DA:49,3
DA:50,3
DA:51,2
DA:52,2
DA:53,2
DA:54,3
DA:59,3
DA:60,3
DA:62,0
DA:66,1
DA:68,3
DA:69,1
DA:79,2
DA:88,3
DA:89,3
DA:95,1
DA:96,2
DA:97,2
DA:98,1
DA:102,1
DA:103,2
DA:104,2
DA:105,1
DA:107,1
DA:109,2
DA:112,1
DA:113,2
DA:114,1
DA:115,1
DA:119,1
DA:120,3
DA:121,3
DA:122,3
DA:123,3
DA:124,1
DA:126,3
DA:128,1
DA:129,3
DA:130,3
DA:131,3
DA:132,1
DA:134,3
DA:137,1
DA:138,6
DA:139,6
DA:140,2
DA:142,6
DA:145,1
DA:146,1
DA:149,3
DA:151,3
DA:152,3
DA:153,2
DA:163,1
DA:172,3
DA:173,2
DA:176,1
DA:180,1
DA:181,1
DA:183,1
LF:83
LH:82
BRDA:31,0,0,33
BRDA:31,0,1,1
BRDA:50,1,0,2
BRDA:59,2,0,3
BRDA:59,2,1,0
BRDA:68,3,0,1
BRDA:68,3,1,2
BRDA:89,4,0,3
BRDA:97,5,0,1
BRDA:104,6,0,1
BRDA:104,6,1,1
BRDA:113,7,0,1
BRDA:123,8,0,1
BRDA:131,9,0,1
BRDA:139,10,0,2
BRDA:152,11,0,2
BRDA:152,11,1,1
BRDA:176,12,0,0
BRDA:176,12,1,1
BRDA:176,13,0,1
BRDA:176,13,1,1
BRF:21
BRH:19
end_of_record
TN:
SF:projects\shared\component\guided-questions\saved\saved.page.ts
FN:13,(anonymous_0)
FN:23,savedPage
FN:28,(anonymous_2)
FN:41,(anonymous_3)
FN:42,(anonymous_4)
FN:51,(anonymous_5)
FN:55,(anonymous_6)
FN:56,(anonymous_7)
FN:57,(anonymous_8)
FN:57,(anonymous_9)
FN:62,(anonymous_10)
FN:67,(anonymous_11)
FN:71,(anonymous_12)
FN:306,(anonymous_13)
FN:315,(anonymous_14)
FN:319,(anonymous_15)
FN:339,(anonymous_16)
FN:342,(anonymous_17)
FN:364,(anonymous_18)
FN:368,(anonymous_19)
FN:384,(anonymous_20)
FN:387,(anonymous_21)
FN:398,(anonymous_22)
FN:402,(anonymous_23)
FN:418,(anonymous_24)
FN:421,(anonymous_25)
FN:426,(anonymous_26)
FN:430,(anonymous_27)
FN:446,(anonymous_28)
FN:449,(anonymous_29)
FN:469,(anonymous_30)
FN:473,(anonymous_31)
FN:489,(anonymous_32)
FN:492,(anonymous_33)
FN:511,(anonymous_34)
FN:515,(anonymous_35)
FN:532,(anonymous_36)
FN:535,(anonymous_37)
FN:557,(anonymous_38)
FN:561,(anonymous_39)
FN:578,(anonymous_40)
FN:581,(anonymous_41)
FN:603,(anonymous_42)
FN:609,(anonymous_43)
FN:625,(anonymous_44)
FN:628,(anonymous_45)
FN:649,(anonymous_46)
FN:654,(anonymous_47)
FN:671,(anonymous_48)
FN:674,(anonymous_49)
FN:693,(anonymous_50)
FN:697,(anonymous_51)
FN:713,(anonymous_52)
FN:716,(anonymous_53)
FN:737,(anonymous_54)
FN:741,(anonymous_55)
FN:757,(anonymous_56)
FN:760,(anonymous_57)
FN:782,(anonymous_58)
FN:786,(anonymous_59)
FN:806,(anonymous_60)
FN:809,(anonymous_61)
FN:829,(anonymous_62)
FN:833,(anonymous_63)
FN:849,(anonymous_64)
FN:852,(anonymous_65)
FN:871,(anonymous_66)
FN:875,(anonymous_67)
FN:891,(anonymous_68)
FN:894,(anonymous_69)
FN:914,(anonymous_70)
FN:918,(anonymous_71)
FN:934,(anonymous_72)
FN:937,(anonymous_73)
FN:955,(anonymous_74)
FN:959,(anonymous_75)
FN:975,(anonymous_76)
FN:978,(anonymous_77)
FN:998,(anonymous_78)
FN:1002,(anonymous_79)
FN:1018,(anonymous_80)
FN:1021,(anonymous_81)
FN:1040,(anonymous_82)
FN:1044,(anonymous_83)
FN:1060,(anonymous_84)
FN:1063,(anonymous_85)
FN:1083,(anonymous_86)
FN:1087,(anonymous_87)
FN:1103,(anonymous_88)
FN:1106,(anonymous_89)
FN:1125,(anonymous_90)
FN:1129,(anonymous_91)
FN:1145,(anonymous_92)
FN:1148,(anonymous_93)
FN:1171,(anonymous_94)
FN:1175,(anonymous_95)
FN:1191,(anonymous_96)
FN:1194,(anonymous_97)
FN:1213,(anonymous_98)
FN:1217,(anonymous_99)
FN:1231,(anonymous_100)
FN:1236,(anonymous_101)
FN:1239,(anonymous_102)
FN:1252,(anonymous_103)
FN:1256,(anonymous_104)
FN:1272,(anonymous_105)
FN:1275,(anonymous_106)
FN:1294,(anonymous_107)
FN:1299,(anonymous_108)
FN:1319,(anonymous_109)
FN:1322,(anonymous_110)
FN:1345,(anonymous_111)
FN:1349,(anonymous_112)
FN:1365,(anonymous_113)
FN:1368,(anonymous_114)
FN:1388,(anonymous_115)
FN:1392,(anonymous_116)
FN:1408,(anonymous_117)
FN:1411,(anonymous_118)
FN:1431,(anonymous_119)
FN:1435,(anonymous_120)
FN:1451,(anonymous_121)
FN:1454,(anonymous_122)
FN:1473,(anonymous_123)
FN:1477,(anonymous_124)
FN:1493,(anonymous_125)
FN:1496,(anonymous_126)
FN:1516,(anonymous_127)
FN:1520,(anonymous_128)
FN:1536,(anonymous_129)
FN:1539,(anonymous_130)
FN:1555,(anonymous_131)
FN:1559,(anonymous_132)
FN:1575,(anonymous_133)
FN:1578,(anonymous_134)
FN:1600,(anonymous_135)
FN:1604,(anonymous_136)
FN:1624,(anonymous_137)
FN:1627,(anonymous_138)
FN:1638,(anonymous_139)
FN:1642,(anonymous_140)
FN:1658,(anonymous_141)
FN:1661,(anonymous_142)
FN:1672,(anonymous_143)
FN:1676,(anonymous_144)
FN:1692,(anonymous_145)
FN:1695,(anonymous_146)
FN:1717,(anonymous_147)
FN:1721,(anonymous_148)
FN:1737,(anonymous_149)
FN:1740,(anonymous_150)
FN:1764,(anonymous_151)
FN:1768,(anonymous_152)
FN:1784,(anonymous_153)
FN:1787,(anonymous_154)
FN:1809,(anonymous_155)
FN:1813,(anonymous_156)
FN:1829,(anonymous_157)
FN:1832,(anonymous_158)
FN:1851,(anonymous_159)
FN:1855,(anonymous_160)
FN:1871,(anonymous_161)
FN:1874,(anonymous_162)
FN:1896,(anonymous_163)
FN:1900,(anonymous_164)
FN:1916,(anonymous_165)
FN:1919,(anonymous_166)
FN:1940,(anonymous_167)
FN:1944,(anonymous_168)
FN:1960,(anonymous_169)
FN:1963,(anonymous_170)
FN:1985,(anonymous_171)
FN:1989,(anonymous_172)
FN:2005,(anonymous_173)
FN:2008,(anonymous_174)
FN:2030,(anonymous_175)
FN:2034,(anonymous_176)
FN:2050,(anonymous_177)
FN:2053,(anonymous_178)
FN:2067,(anonymous_179)
FN:2071,(anonymous_180)
FN:2087,(anonymous_181)
FN:2090,(anonymous_182)
FN:2111,(anonymous_183)
FN:2115,(anonymous_184)
FN:2131,(anonymous_185)
FN:2134,(anonymous_186)
FN:2157,(anonymous_187)
FN:2161,(anonymous_188)
FN:2177,(anonymous_189)
FN:2180,(anonymous_190)
FN:2191,(anonymous_191)
FN:2195,(anonymous_192)
FN:2211,(anonymous_193)
FN:2214,(anonymous_194)
FN:2225,(anonymous_195)
FN:2229,(anonymous_196)
FN:2245,(anonymous_197)
FN:2248,(anonymous_198)
FN:2259,(anonymous_199)
FN:2263,(anonymous_200)
FN:2279,(anonymous_201)
FN:2282,(anonymous_202)
FN:2293,(anonymous_203)
FN:2297,(anonymous_204)
FN:2313,(anonymous_205)
FN:2316,(anonymous_206)
FN:2327,(anonymous_207)
FN:2331,(anonymous_208)
FN:2347,(anonymous_209)
FN:2350,(anonymous_210)
FN:2362,(anonymous_211)
FN:2366,(anonymous_212)
FN:2382,(anonymous_213)
FN:2385,(anonymous_214)
FN:2399,(anonymous_215)
FN:2403,(anonymous_216)
FN:2419,(anonymous_217)
FN:2422,(anonymous_218)
FN:2435,(anonymous_219)
FN:2439,(anonymous_220)
FN:2455,(anonymous_221)
FN:2458,(anonymous_222)
FN:2473,(anonymous_223)
FN:2477,(anonymous_224)
FN:2494,(anonymous_225)
FN:2497,(anonymous_226)
FN:2502,(anonymous_227)
FN:2506,(anonymous_228)
FN:2521,(anonymous_229)
FN:2524,(anonymous_230)
FN:2533,(anonymous_231)
FN:2537,(anonymous_232)
FN:2552,(anonymous_233)
FN:2555,(anonymous_234)
FN:2560,(anonymous_235)
FN:2564,(anonymous_236)
FN:2580,(anonymous_237)
FN:2583,(anonymous_238)
FNF:239
FNH:56
FNDA:1,(anonymous_0)
FNDA:37,savedPage
FNDA:1,(anonymous_2)
FNDA:2,(anonymous_3)
FNDA:2,(anonymous_4)
FNDA:1,(anonymous_5)
FNDA:2,(anonymous_6)
FNDA:2,(anonymous_7)
FNDA:4,(anonymous_8)
FNDA:5,(anonymous_9)
FNDA:1,(anonymous_10)
FNDA:4,(anonymous_11)
FNDA:4,(anonymous_12)
FNDA:0,(anonymous_13)
FNDA:2,(anonymous_14)
FNDA:2,(anonymous_15)
FNDA:0,(anonymous_16)
FNDA:2,(anonymous_17)
FNDA:0,(anonymous_18)
FNDA:0,(anonymous_19)
FNDA:0,(anonymous_20)
FNDA:0,(anonymous_21)
FNDA:0,(anonymous_22)
FNDA:0,(anonymous_23)
FNDA:0,(anonymous_24)
FNDA:0,(anonymous_25)
FNDA:0,(anonymous_26)
FNDA:0,(anonymous_27)
FNDA:0,(anonymous_28)
FNDA:0,(anonymous_29)
FNDA:0,(anonymous_30)
FNDA:0,(anonymous_31)
FNDA:0,(anonymous_32)
FNDA:0,(anonymous_33)
FNDA:0,(anonymous_34)
FNDA:0,(anonymous_35)
FNDA:0,(anonymous_36)
FNDA:0,(anonymous_37)
FNDA:1,(anonymous_38)
FNDA:1,(anonymous_39)
FNDA:0,(anonymous_40)
FNDA:1,(anonymous_41)
FNDA:0,(anonymous_42)
FNDA:0,(anonymous_43)
FNDA:0,(anonymous_44)
FNDA:0,(anonymous_45)
FNDA:0,(anonymous_46)
FNDA:0,(anonymous_47)
FNDA:0,(anonymous_48)
FNDA:0,(anonymous_49)
FNDA:0,(anonymous_50)
FNDA:0,(anonymous_51)
FNDA:0,(anonymous_52)
FNDA:0,(anonymous_53)
FNDA:1,(anonymous_54)
FNDA:1,(anonymous_55)
FNDA:0,(anonymous_56)
FNDA:1,(anonymous_57)
FNDA:0,(anonymous_58)
FNDA:0,(anonymous_59)
FNDA:0,(anonymous_60)
FNDA:0,(anonymous_61)
FNDA:0,(anonymous_62)
FNDA:0,(anonymous_63)
FNDA:0,(anonymous_64)
FNDA:0,(anonymous_65)
FNDA:0,(anonymous_66)
FNDA:0,(anonymous_67)
FNDA:0,(anonymous_68)
FNDA:0,(anonymous_69)
FNDA:0,(anonymous_70)
FNDA:0,(anonymous_71)
FNDA:0,(anonymous_72)
FNDA:0,(anonymous_73)
FNDA:0,(anonymous_74)
FNDA:0,(anonymous_75)
FNDA:0,(anonymous_76)
FNDA:0,(anonymous_77)
FNDA:0,(anonymous_78)
FNDA:0,(anonymous_79)
FNDA:0,(anonymous_80)
FNDA:0,(anonymous_81)
FNDA:0,(anonymous_82)
FNDA:0,(anonymous_83)
FNDA:0,(anonymous_84)
FNDA:0,(anonymous_85)
FNDA:0,(anonymous_86)
FNDA:0,(anonymous_87)
FNDA:0,(anonymous_88)
FNDA:0,(anonymous_89)
FNDA:0,(anonymous_90)
FNDA:0,(anonymous_91)
FNDA:0,(anonymous_92)
FNDA:0,(anonymous_93)
FNDA:1,(anonymous_94)
FNDA:1,(anonymous_95)
FNDA:0,(anonymous_96)
FNDA:1,(anonymous_97)
FNDA:3,(anonymous_98)
FNDA:3,(anonymous_99)
FNDA:0,(anonymous_100)
FNDA:0,(anonymous_101)
FNDA:3,(anonymous_102)
FNDA:0,(anonymous_103)
FNDA:0,(anonymous_104)
FNDA:0,(anonymous_105)
FNDA:0,(anonymous_106)
FNDA:0,(anonymous_107)
FNDA:0,(anonymous_108)
FNDA:0,(anonymous_109)
FNDA:0,(anonymous_110)
FNDA:0,(anonymous_111)
FNDA:0,(anonymous_112)
FNDA:0,(anonymous_113)
FNDA:0,(anonymous_114)
FNDA:1,(anonymous_115)
FNDA:1,(anonymous_116)
FNDA:0,(anonymous_117)
FNDA:1,(anonymous_118)
FNDA:0,(anonymous_119)
FNDA:0,(anonymous_120)
FNDA:0,(anonymous_121)
FNDA:0,(anonymous_122)
FNDA:0,(anonymous_123)
FNDA:0,(anonymous_124)
FNDA:0,(anonymous_125)
FNDA:0,(anonymous_126)
FNDA:0,(anonymous_127)
FNDA:0,(anonymous_128)
FNDA:0,(anonymous_129)
FNDA:0,(anonymous_130)
FNDA:0,(anonymous_131)
FNDA:0,(anonymous_132)
FNDA:0,(anonymous_133)
FNDA:0,(anonymous_134)
FNDA:0,(anonymous_135)
FNDA:0,(anonymous_136)
FNDA:0,(anonymous_137)
FNDA:0,(anonymous_138)
FNDA:0,(anonymous_139)
FNDA:0,(anonymous_140)
FNDA:0,(anonymous_141)
FNDA:0,(anonymous_142)
FNDA:0,(anonymous_143)
FNDA:0,(anonymous_144)
FNDA:0,(anonymous_145)
FNDA:0,(anonymous_146)
FNDA:1,(anonymous_147)
FNDA:1,(anonymous_148)
FNDA:0,(anonymous_149)
FNDA:1,(anonymous_150)
FNDA:1,(anonymous_151)
FNDA:1,(anonymous_152)
FNDA:0,(anonymous_153)
FNDA:1,(anonymous_154)
FNDA:1,(anonymous_155)
FNDA:1,(anonymous_156)
FNDA:0,(anonymous_157)
FNDA:1,(anonymous_158)
FNDA:0,(anonymous_159)
FNDA:0,(anonymous_160)
FNDA:0,(anonymous_161)
FNDA:0,(anonymous_162)
FNDA:0,(anonymous_163)
FNDA:0,(anonymous_164)
FNDA:0,(anonymous_165)
FNDA:0,(anonymous_166)
FNDA:0,(anonymous_167)
FNDA:0,(anonymous_168)
FNDA:0,(anonymous_169)
FNDA:0,(anonymous_170)
FNDA:0,(anonymous_171)
FNDA:0,(anonymous_172)
FNDA:0,(anonymous_173)
FNDA:0,(anonymous_174)
FNDA:0,(anonymous_175)
FNDA:0,(anonymous_176)
FNDA:0,(anonymous_177)
FNDA:0,(anonymous_178)
FNDA:1,(anonymous_179)
FNDA:1,(anonymous_180)
FNDA:0,(anonymous_181)
FNDA:1,(anonymous_182)
FNDA:0,(anonymous_183)
FNDA:0,(anonymous_184)
FNDA:0,(anonymous_185)
FNDA:0,(anonymous_186)
FNDA:0,(anonymous_187)
FNDA:0,(anonymous_188)
FNDA:0,(anonymous_189)
FNDA:0,(anonymous_190)
FNDA:0,(anonymous_191)
FNDA:0,(anonymous_192)
FNDA:0,(anonymous_193)
FNDA:0,(anonymous_194)
FNDA:0,(anonymous_195)
FNDA:0,(anonymous_196)
FNDA:0,(anonymous_197)
FNDA:0,(anonymous_198)
FNDA:0,(anonymous_199)
FNDA:0,(anonymous_200)
FNDA:0,(anonymous_201)
FNDA:0,(anonymous_202)
FNDA:1,(anonymous_203)
FNDA:1,(anonymous_204)
FNDA:0,(anonymous_205)
FNDA:1,(anonymous_206)
FNDA:0,(anonymous_207)
FNDA:0,(anonymous_208)
FNDA:0,(anonymous_209)
FNDA:0,(anonymous_210)
FNDA:0,(anonymous_211)
FNDA:0,(anonymous_212)
FNDA:0,(anonymous_213)
FNDA:0,(anonymous_214)
FNDA:0,(anonymous_215)
FNDA:0,(anonymous_216)
FNDA:0,(anonymous_217)
FNDA:0,(anonymous_218)
FNDA:1,(anonymous_219)
FNDA:1,(anonymous_220)
FNDA:0,(anonymous_221)
FNDA:1,(anonymous_222)
FNDA:0,(anonymous_223)
FNDA:0,(anonymous_224)
FNDA:0,(anonymous_225)
FNDA:0,(anonymous_226)
FNDA:0,(anonymous_227)
FNDA:0,(anonymous_228)
FNDA:0,(anonymous_229)
FNDA:0,(anonymous_230)
FNDA:1,(anonymous_231)
FNDA:1,(anonymous_232)
FNDA:0,(anonymous_233)
FNDA:1,(anonymous_234)
FNDA:4,(anonymous_235)
FNDA:3,(anonymous_236)
FNDA:1,(anonymous_237)
FNDA:3,(anonymous_238)
DA:13,1
DA:15,37
DA:16,37
DA:18,37
DA:21,37
DA:23,37
DA:24,37
DA:28,1
DA:29,1
DA:30,1
DA:31,1
DA:33,0
DA:35,1
DA:37,1
DA:38,1
DA:41,2
DA:42,2
DA:43,2
DA:44,1
DA:45,1
DA:46,1
DA:51,1
DA:52,1
DA:55,2
DA:56,2
DA:57,5
DA:58,2
DA:62,1
DA:63,1
DA:67,1
DA:68,4
DA:69,2
DA:70,2
DA:71,4
DA:72,2
DA:73,1
DA:75,1
DA:76,1
DA:79,2
DA:81,1
DA:82,1
DA:85,1
DA:86,1
DA:89,0
DA:90,0
DA:93,0
DA:94,0
DA:97,0
DA:98,0
DA:101,0
DA:102,0
DA:105,0
DA:106,0
DA:109,0
DA:110,0
DA:113,0
DA:114,0
DA:117,0
DA:118,0
DA:121,0
DA:122,0
DA:125,0
DA:126,0
DA:129,0
DA:130,0
DA:133,0
DA:134,0
DA:137,0
DA:138,0
DA:141,0
DA:142,0
DA:145,0
DA:146,0
DA:149,0
DA:150,0
DA:153,0
DA:154,0
DA:157,0
DA:158,0
DA:161,0
DA:162,0
DA:165,0
DA:166,0
DA:169,0
DA:170,0
DA:173,0
DA:174,0
DA:177,0
DA:178,0
DA:181,0
DA:182,0
DA:185,0
DA:186,0
DA:189,0
DA:190,0
DA:193,0
DA:194,0
DA:197,0
DA:198,0
DA:201,0
DA:202,0
DA:205,0
DA:206,0
DA:209,0
DA:210,0
DA:213,0
DA:214,0
DA:217,0
DA:218,0
DA:221,0
DA:222,0
DA:225,0
DA:226,0
DA:229,0
DA:230,0
DA:233,0
DA:234,0
DA:237,0
DA:238,0
DA:241,0
DA:242,0
DA:245,0
DA:246,0
DA:249,0
DA:250,0
DA:253,0
DA:254,0
DA:257,0
DA:258,0
DA:261,0
DA:262,0
DA:265,0
DA:266,0
DA:269,0
DA:270,0
DA:273,0
DA:274,0
DA:277,0
DA:278,0
DA:281,0
DA:282,0
DA:286,0
DA:287,0
DA:290,0
DA:291,0
DA:294,0
DA:295,0
DA:298,0
DA:299,0
DA:302,0
DA:303,0
DA:306,0
DA:307,0
DA:308,0
DA:315,2
DA:317,2
DA:318,2
DA:320,2
DA:321,2
DA:322,2
DA:325,2
DA:326,0
DA:329,2
DA:332,2
DA:333,2
DA:335,2
DA:336,2
DA:337,2
DA:340,0
DA:348,2
DA:364,1
DA:366,0
DA:367,0
DA:369,0
DA:370,0
DA:371,0
DA:374,0
DA:375,0
DA:378,0
DA:381,0
DA:382,0
DA:385,0
DA:393,0
DA:398,1
DA:400,0
DA:401,0
DA:403,0
DA:404,0
DA:405,0
DA:408,0
DA:409,0
DA:412,0
DA:415,0
DA:416,0
DA:419,0
DA:422,0
DA:426,1
DA:428,0
DA:429,0
DA:431,0
DA:432,0
DA:433,0
DA:436,0
DA:437,0
DA:440,0
DA:443,0
DA:444,0
DA:447,0
DA:455,0
DA:469,1
DA:471,0
DA:472,0
DA:474,0
DA:475,0
DA:476,0
DA:479,0
DA:480,0
DA:483,0
DA:486,0
DA:487,0
DA:490,0
DA:498,0
DA:511,1
DA:513,0
DA:514,0
DA:516,0
DA:517,0
DA:518,0
DA:521,0
DA:522,0
DA:525,0
DA:528,0
DA:529,0
DA:530,0
DA:533,0
DA:541,0
DA:557,1
DA:559,1
DA:560,1
DA:562,1
DA:563,1
DA:564,1
DA:567,1
DA:568,0
DA:571,1
DA:574,1
DA:576,1
DA:579,0
DA:587,1
DA:603,1
DA:607,0
DA:608,0
DA:610,0
DA:611,0
DA:612,0
DA:615,0
DA:616,0
DA:619,0
DA:622,0
DA:623,0
DA:626,0
DA:634,0
DA:649,1
DA:652,0
DA:653,0
DA:655,0
DA:656,0
DA:668,0
DA:669,0
DA:672,0
DA:680,0
DA:693,1
DA:695,0
DA:696,0
DA:698,0
DA:699,0
DA:700,0
DA:703,0
DA:704,0
DA:707,0
DA:710,0
DA:711,0
DA:714,0
DA:722,0
DA:737,1
DA:739,1
DA:740,1
DA:742,1
DA:743,1
DA:744,1
DA:747,1
DA:748,0
DA:751,1
DA:754,1
DA:755,1
DA:758,0
DA:766,1
DA:782,1
DA:784,0
DA:785,0
DA:787,0
DA:788,0
DA:789,0
DA:792,0
DA:793,0
DA:796,0
DA:799,0
DA:800,0
DA:802,0
DA:803,0
DA:804,0
DA:807,0
DA:815,0
DA:829,1
DA:831,0
DA:832,0
DA:834,0
DA:835,0
DA:836,0
DA:839,0
DA:840,0
DA:843,0
DA:846,0
DA:847,0
DA:850,0
DA:858,0
DA:871,1
DA:873,0
DA:874,0
DA:876,0
DA:877,0
DA:878,0
DA:881,0
DA:882,0
DA:885,0
DA:888,0
DA:889,0
DA:892,0
DA:900,0
DA:914,1
DA:916,0
DA:917,0
DA:919,0
DA:920,0
DA:921,0
DA:924,0
DA:925,0
DA:928,0
DA:931,0
DA:932,0
DA:935,0
DA:943,0
DA:955,1
DA:957,0
DA:958,0
DA:960,0
DA:961,0
DA:962,0
DA:965,0
DA:966,0
DA:969,0
DA:972,0
DA:973,0
DA:976,0
DA:984,0
DA:998,1
DA:1000,0
DA:1001,0
DA:1003,0
DA:1004,0
DA:1005,0
DA:1008,0
DA:1009,0
DA:1012,0
DA:1015,0
DA:1016,0
DA:1019,0
DA:1027,0
DA:1040,1
DA:1042,0
DA:1043,0
DA:1045,0
DA:1046,0
DA:1047,0
DA:1050,0
DA:1051,0
DA:1054,0
DA:1057,0
DA:1058,0
DA:1061,0
DA:1069,0
DA:1083,1
DA:1085,0
DA:1086,0
DA:1088,0
DA:1089,0
DA:1090,0
DA:1093,0
DA:1094,0
DA:1097,0
DA:1100,0
DA:1101,0
DA:1104,0
DA:1112,0
DA:1125,1
DA:1127,0
DA:1128,0
DA:1130,0
DA:1131,0
DA:1132,0
DA:1135,0
DA:1136,0
DA:1139,0
DA:1142,0
DA:1143,0
DA:1146,0
DA:1154,0
DA:1171,1
DA:1173,1
DA:1174,1
DA:1176,1
DA:1177,1
DA:1178,1
DA:1181,1
DA:1182,0
DA:1185,1
DA:1188,1
DA:1189,1
DA:1192,0
DA:1200,1
DA:1213,3
DA:1215,3
DA:1216,3
DA:1218,3
DA:1219,3
DA:1220,3
DA:1222,3
DA:1223,1
DA:1226,2
DA:1229,3
DA:1230,3
DA:1231,3
DA:1232,3
DA:1233,3
DA:1234,3
DA:1237,0
DA:1245,3
DA:1252,1
DA:1254,0
DA:1255,0
DA:1257,0
DA:1258,0
DA:1259,0
DA:1262,0
DA:1263,0
DA:1266,0
DA:1269,0
DA:1270,0
DA:1273,0
DA:1281,0
DA:1294,1
DA:1297,0
DA:1298,0
DA:1300,0
DA:1301,0
DA:1302,0
DA:1305,0
DA:1306,0
DA:1309,0
DA:1312,0
DA:1313,0
DA:1315,0
DA:1316,0
DA:1317,0
DA:1320,0
DA:1328,0
DA:1345,1
DA:1347,0
DA:1348,0
DA:1350,0
DA:1351,0
DA:1352,0
DA:1355,0
DA:1356,0
DA:1359,0
DA:1362,0
DA:1363,0
DA:1366,0
DA:1374,0
DA:1388,1
DA:1390,1
DA:1391,1
DA:1393,1
DA:1394,1
DA:1395,1
DA:1398,1
DA:1399,0
DA:1402,1
DA:1405,1
DA:1406,1
DA:1409,0
DA:1417,1
DA:1431,1
DA:1433,0
DA:1434,0
DA:1436,0
DA:1437,0
DA:1438,0
DA:1441,0
DA:1442,0
DA:1445,0
DA:1448,0
DA:1449,0
DA:1452,0
DA:1460,0
DA:1473,1
DA:1475,0
DA:1476,0
DA:1478,0
DA:1479,0
DA:1480,0
DA:1483,0
DA:1484,0
DA:1487,0
DA:1490,0
DA:1491,0
DA:1494,0
DA:1502,0
DA:1516,1
DA:1518,0
DA:1519,0
DA:1521,0
DA:1522,0
DA:1523,0
DA:1526,0
DA:1527,0
DA:1530,0
DA:1533,0
DA:1534,0
DA:1537,0
DA:1547,0
DA:1555,1
DA:1557,0
DA:1558,0
DA:1560,0
DA:1561,0
DA:1562,0
DA:1565,0
DA:1566,0
DA:1569,0
DA:1572,0
DA:1573,0
DA:1576,0
DA:1584,0
DA:1600,1
DA:1602,0
DA:1603,0
DA:1605,0
DA:1606,0
DA:1607,0
DA:1610,0
DA:1611,0
DA:1614,0
DA:1617,0
DA:1618,0
DA:1620,0
DA:1621,0
DA:1622,0
DA:1625,0
DA:1633,0
DA:1638,1
DA:1640,0
DA:1641,0
DA:1643,0
DA:1644,0
DA:1645,0
DA:1648,0
DA:1649,0
DA:1652,0
DA:1655,0
DA:1656,0
DA:1659,0
DA:1667,0
DA:1672,1
DA:1674,0
DA:1675,0
DA:1677,0
DA:1678,0
DA:1679,0
DA:1682,0
DA:1683,0
DA:1686,0
DA:1689,0
DA:1690,0
DA:1693,0
DA:1701,0
DA:1717,1
DA:1719,1
DA:1720,1
DA:1722,1
DA:1723,1
DA:1724,1
DA:1727,1
DA:1728,0
DA:1731,1
DA:1734,1
DA:1735,1
DA:1738,0
DA:1746,1
DA:1764,1
DA:1766,1
DA:1767,1
DA:1769,1
DA:1770,1
DA:1771,1
DA:1774,1
DA:1775,0
DA:1778,1
DA:1781,1
DA:1782,1
DA:1785,0
DA:1793,1
DA:1809,1
DA:1811,1
DA:1812,1
DA:1814,1
DA:1815,1
DA:1816,1
DA:1819,1
DA:1820,0
DA:1823,1
DA:1826,1
DA:1827,1
DA:1830,0
DA:1838,1
DA:1851,1
DA:1853,0
DA:1854,0
DA:1856,0
DA:1857,0
DA:1858,0
DA:1861,0
DA:1862,0
DA:1865,0
DA:1868,0
DA:1869,0
DA:1872,0
DA:1880,0
DA:1896,1
DA:1898,0
DA:1899,0
DA:1901,0
DA:1902,0
DA:1903,0
DA:1906,0
DA:1907,0
DA:1910,0
DA:1913,0
DA:1914,0
DA:1917,0
DA:1925,0
DA:1940,1
DA:1942,0
DA:1943,0
DA:1945,0
DA:1946,0
DA:1947,0
DA:1950,0
DA:1951,0
DA:1954,0
DA:1957,0
DA:1958,0
DA:1961,0
DA:1969,0
DA:1985,1
DA:1987,0
DA:1988,0
DA:1990,0
DA:1991,0
DA:1992,0
DA:1995,0
DA:1996,0
DA:1999,0
DA:2002,0
DA:2003,0
DA:2006,0
DA:2014,0
DA:2030,1
DA:2032,0
DA:2033,0
DA:2035,0
DA:2036,0
DA:2037,0
DA:2040,0
DA:2041,0
DA:2044,0
DA:2047,0
DA:2048,0
DA:2051,0
DA:2059,0
DA:2067,1
DA:2069,1
DA:2070,1
DA:2072,1
DA:2073,1
DA:2074,1
DA:2077,1
DA:2078,0
DA:2081,1
DA:2084,1
DA:2085,1
DA:2088,0
DA:2096,1
DA:2111,1
DA:2113,0
DA:2114,0
DA:2116,0
DA:2117,0
DA:2118,0
DA:2121,0
DA:2122,0
DA:2125,0
DA:2128,0
DA:2129,0
DA:2132,0
DA:2140,0
DA:2157,1
DA:2159,0
DA:2160,0
DA:2162,0
DA:2163,0
DA:2164,0
DA:2167,0
DA:2168,0
DA:2171,0
DA:2174,0
DA:2175,0
DA:2178,0
DA:2186,0
DA:2191,1
DA:2193,0
DA:2194,0
DA:2196,0
DA:2197,0
DA:2198,0
DA:2201,0
DA:2202,0
DA:2205,0
DA:2208,0
DA:2209,0
DA:2212,0
DA:2220,0
DA:2225,1
DA:2227,0
DA:2228,0
DA:2230,0
DA:2231,0
DA:2232,0
DA:2235,0
DA:2236,0
DA:2239,0
DA:2242,0
DA:2243,0
DA:2246,0
DA:2254,0
DA:2259,1
DA:2261,0
DA:2262,0
DA:2264,0
DA:2265,0
DA:2266,0
DA:2269,0
DA:2270,0
DA:2273,0
DA:2276,0
DA:2277,0
DA:2280,0
DA:2288,0
DA:2293,1
DA:2295,1
DA:2296,1
DA:2298,1
DA:2299,1
DA:2300,1
DA:2303,1
DA:2304,0
DA:2307,1
DA:2310,1
DA:2311,1
DA:2314,0
DA:2322,1
DA:2327,1
DA:2329,0
DA:2330,0
DA:2332,0
DA:2333,0
DA:2334,0
DA:2337,0
DA:2338,0
DA:2341,0
DA:2344,0
DA:2345,0
DA:2348,0
DA:2356,0
DA:2362,1
DA:2364,0
DA:2365,0
DA:2367,0
DA:2368,0
DA:2369,0
DA:2372,0
DA:2373,0
DA:2376,0
DA:2379,0
DA:2380,0
DA:2383,0
DA:2391,0
DA:2399,1
DA:2401,0
DA:2402,0
DA:2404,0
DA:2405,0
DA:2406,0
DA:2409,0
DA:2410,0
DA:2413,0
DA:2416,0
DA:2417,0
DA:2420,0
DA:2428,0
DA:2435,1
DA:2437,1
DA:2438,1
DA:2440,1
DA:2441,1
DA:2442,1
DA:2445,1
DA:2446,0
DA:2449,1
DA:2452,1
DA:2453,1
DA:2456,0
DA:2464,1
DA:2473,1
DA:2475,0
DA:2476,0
DA:2478,0
DA:2479,0
DA:2480,0
DA:2484,0
DA:2485,0
DA:2488,0
DA:2491,0
DA:2492,0
DA:2495,0
DA:2498,0
DA:2502,1
DA:2504,0
DA:2505,0
DA:2507,0
DA:2508,0
DA:2509,0
DA:2511,0
DA:2512,0
DA:2515,0
DA:2518,0
DA:2519,0
DA:2522,0
DA:2529,0
DA:2533,1
DA:2535,1
DA:2536,1
DA:2538,1
DA:2539,1
DA:2540,1
DA:2542,1
DA:2543,0
DA:2546,1
DA:2549,1
DA:2550,1
DA:2553,0
DA:2556,1
DA:2560,4
DA:2562,4
DA:2563,4
DA:2565,3
DA:2566,3
DA:2567,3
DA:2570,3
DA:2571,0
DA:2574,3
DA:2577,3
DA:2578,3
DA:2581,1
DA:2588,3
DA:2590,3
DA:2593,1
LF:897
LH:249
BRDA:29,0,0,1
BRDA:29,0,1,0
BRDA:43,1,0,1
BRDA:68,2,0,2
BRDA:68,2,1,2
BRDA:72,3,0,1
BRDA:72,3,1,1
BRDA:72,4,0,2
BRDA:72,4,1,2
BRDA:72,4,2,2
BRDA:75,5,0,1
BRDA:79,6,0,1
BRDA:79,6,1,1
BRDA:79,6,2,0
BRDA:79,6,3,0
BRDA:79,6,4,0
BRDA:79,6,5,0
BRDA:79,6,6,0
BRDA:79,6,7,0
BRDA:79,6,8,0
BRDA:79,6,9,0
BRDA:79,6,10,0
BRDA:79,6,11,0
BRDA:79,6,12,0
BRDA:79,6,13,0
BRDA:79,6,14,0
BRDA:79,6,15,0
BRDA:79,6,16,0
BRDA:79,6,17,0
BRDA:79,6,18,0
BRDA:79,6,19,0
BRDA:79,6,20,0
BRDA:79,6,21,0
BRDA:79,6,22,0
BRDA:79,6,23,0
BRDA:79,6,24,0
BRDA:79,6,25,0
BRDA:79,6,26,0
BRDA:79,6,27,0
BRDA:79,6,28,0
BRDA:79,6,29,0
BRDA:79,6,30,0
BRDA:79,6,31,0
BRDA:79,6,32,0
BRDA:79,6,33,0
BRDA:79,6,34,0
BRDA:79,6,35,0
BRDA:79,6,36,0
BRDA:79,6,37,0
BRDA:79,6,38,0
BRDA:79,6,39,0
BRDA:79,6,40,0
BRDA:79,6,41,0
BRDA:79,6,42,0
BRDA:79,6,43,0
BRDA:79,6,44,0
BRDA:79,6,45,0
BRDA:79,6,46,0
BRDA:79,6,47,0
BRDA:79,6,48,0
BRDA:79,6,49,0
BRDA:79,6,50,0
BRDA:79,6,51,0
BRDA:79,6,52,0
BRDA:79,6,53,0
BRDA:79,6,54,0
BRDA:79,6,55,0
BRDA:79,6,56,0
BRDA:307,7,0,0
BRDA:307,8,0,0
BRDA:307,8,1,0
BRDA:307,8,2,0
BRDA:315,9,0,0
BRDA:325,10,0,0
BRDA:325,10,1,2
BRDA:364,11,0,0
BRDA:374,12,0,0
BRDA:374,12,1,0
BRDA:398,13,0,0
BRDA:408,14,0,0
BRDA:408,14,1,0
BRDA:426,15,0,0
BRDA:436,16,0,0
BRDA:436,16,1,0
BRDA:469,17,0,0
BRDA:479,18,0,0
BRDA:479,18,1,0
BRDA:511,19,0,0
BRDA:521,20,0,0
BRDA:521,20,1,0
BRDA:557,21,0,0
BRDA:567,22,0,0
BRDA:567,22,1,1
BRDA:603,23,0,0
BRDA:615,24,0,0
BRDA:615,24,1,0
BRDA:649,25,0,0
BRDA:693,26,0,0
BRDA:703,27,0,0
BRDA:703,27,1,0
BRDA:737,28,0,0
BRDA:747,29,0,0
BRDA:747,29,1,1
BRDA:782,30,0,0
BRDA:792,31,0,0
BRDA:792,31,1,0
BRDA:829,32,0,0
BRDA:839,33,0,0
BRDA:839,33,1,0
BRDA:871,34,0,0
BRDA:881,35,0,0
BRDA:881,35,1,0
BRDA:914,36,0,0
BRDA:924,37,0,0
BRDA:924,37,1,0
BRDA:955,38,0,0
BRDA:965,39,0,0
BRDA:965,39,1,0
BRDA:998,40,0,0
BRDA:1008,41,0,0
BRDA:1008,41,1,0
BRDA:1040,42,0,0
BRDA:1050,43,0,0
BRDA:1050,43,1,0
BRDA:1083,44,0,0
BRDA:1093,45,0,0
BRDA:1093,45,1,0
BRDA:1125,46,0,0
BRDA:1135,47,0,0
BRDA:1135,47,1,0
BRDA:1171,48,0,0
BRDA:1181,49,0,0
BRDA:1181,49,1,1
BRDA:1213,50,0,0
BRDA:1222,51,0,1
BRDA:1222,51,1,2
BRDA:1252,52,0,0
BRDA:1262,53,0,0
BRDA:1262,53,1,0
BRDA:1294,54,0,0
BRDA:1305,55,0,0
BRDA:1305,55,1,0
BRDA:1345,56,0,0
BRDA:1355,57,0,0
BRDA:1355,57,1,0
BRDA:1388,58,0,0
BRDA:1398,59,0,0
BRDA:1398,59,1,1
BRDA:1431,60,0,0
BRDA:1441,61,0,0
BRDA:1441,61,1,0
BRDA:1473,62,0,0
BRDA:1483,63,0,0
BRDA:1483,63,1,0
BRDA:1516,64,0,0
BRDA:1526,65,0,0
BRDA:1526,65,1,0
BRDA:1555,66,0,0
BRDA:1565,67,0,0
BRDA:1565,67,1,0
BRDA:1600,68,0,0
BRDA:1610,69,0,0
BRDA:1610,69,1,0
BRDA:1638,70,0,0
BRDA:1648,71,0,0
BRDA:1648,71,1,0
BRDA:1672,72,0,0
BRDA:1682,73,0,0
BRDA:1682,73,1,0
BRDA:1717,74,0,0
BRDA:1727,75,0,0
BRDA:1727,75,1,1
BRDA:1764,76,0,0
BRDA:1774,77,0,0
BRDA:1774,77,1,1
BRDA:1809,78,0,0
BRDA:1819,79,0,0
BRDA:1819,79,1,1
BRDA:1851,80,0,0
BRDA:1861,81,0,0
BRDA:1861,81,1,0
BRDA:1896,82,0,0
BRDA:1906,83,0,0
BRDA:1906,83,1,0
BRDA:1940,84,0,0
BRDA:1950,85,0,0
BRDA:1950,85,1,0
BRDA:1985,86,0,0
BRDA:1995,87,0,0
BRDA:1995,87,1,0
BRDA:2030,88,0,0
BRDA:2040,89,0,0
BRDA:2040,89,1,0
BRDA:2067,90,0,0
BRDA:2077,91,0,0
BRDA:2077,91,1,1
BRDA:2111,92,0,0
BRDA:2121,93,0,0
BRDA:2121,93,1,0
BRDA:2157,94,0,0
BRDA:2167,95,0,0
BRDA:2167,95,1,0
BRDA:2191,96,0,0
BRDA:2201,97,0,0
BRDA:2201,97,1,0
BRDA:2225,98,0,0
BRDA:2235,99,0,0
BRDA:2235,99,1,0
BRDA:2259,100,0,0
BRDA:2269,101,0,0
BRDA:2269,101,1,0
BRDA:2293,102,0,0
BRDA:2303,103,0,0
BRDA:2303,103,1,1
BRDA:2327,104,0,0
BRDA:2337,105,0,0
BRDA:2337,105,1,0
BRDA:2362,106,0,0
BRDA:2372,107,0,0
BRDA:2372,107,1,0
BRDA:2399,108,0,0
BRDA:2409,109,0,0
BRDA:2409,109,1,0
BRDA:2435,110,0,0
BRDA:2445,111,0,0
BRDA:2445,111,1,1
BRDA:2473,112,0,0
BRDA:2484,113,0,0
BRDA:2484,113,1,0
BRDA:2502,114,0,0
BRDA:2511,115,0,0
BRDA:2511,115,1,0
BRDA:2533,116,0,0
BRDA:2542,117,0,0
BRDA:2542,117,1,1
BRDA:2570,118,0,0
BRDA:2570,118,1,3
BRF:237
BRH:27
end_of_record
TN:
SF:projects\shared\component\hamburger\hamburger.component.ts
FN:24,(anonymous_0)
FN:55,HamburgerComponent
FN:69,(anonymous_2)
FN:72,(anonymous_3)
FN:75,(anonymous_4)
FN:89,(anonymous_5)
FN:97,(anonymous_6)
FN:103,(anonymous_7)
FN:107,(anonymous_8)
FN:111,(anonymous_9)
FN:116,(anonymous_10)
FN:122,(anonymous_11)
FN:128,(anonymous_12)
FN:132,(anonymous_13)
FN:152,(anonymous_14)
FN:157,(anonymous_15)
FN:182,(anonymous_16)
FN:186,(anonymous_17)
FN:210,(anonymous_18)
FN:219,(anonymous_19)
FN:227,(anonymous_20)
FN:235,(anonymous_21)
FN:260,(anonymous_22)
FN:264,(anonymous_23)
FN:268,(anonymous_24)
FN:274,(anonymous_25)
FN:280,(anonymous_26)
FN:284,(anonymous_27)
FN:297,(anonymous_28)
FN:302,(anonymous_29)
FN:316,(anonymous_30)
FN:328,(anonymous_31)
FN:332,(anonymous_32)
FN:347,(anonymous_33)
FN:363,(anonymous_34)
FN:389,(anonymous_35)
FN:403,(anonymous_36)
FN:406,(anonymous_37)
FN:417,(anonymous_38)
FN:422,(anonymous_39)
FN:432,(anonymous_40)
FN:442,(anonymous_41)
FN:456,(anonymous_42)
FN:491,(anonymous_43)
FN:500,(anonymous_44)
FN:513,(anonymous_45)
FN:520,(anonymous_46)
FN:531,(anonymous_47)
FN:538,(anonymous_48)
FN:550,(anonymous_49)
FN:564,(anonymous_50)
FN:568,(anonymous_51)
FN:573,(anonymous_52)
FN:574,(anonymous_53)
FN:589,(anonymous_54)
FN:597,(anonymous_55)
FN:618,(anonymous_56)
FN:639,(anonymous_57)
FNF:58
FNH:43
FNDA:1,(anonymous_0)
FNDA:82,HamburgerComponent
FNDA:82,(anonymous_2)
FNDA:1,(anonymous_3)
FNDA:0,(anonymous_4)
FNDA:0,(anonymous_5)
FNDA:0,(anonymous_6)
FNDA:83,(anonymous_7)
FNDA:1,(anonymous_8)
FNDA:2,(anonymous_9)
FNDA:2,(anonymous_10)
FNDA:2,(anonymous_11)
FNDA:1,(anonymous_12)
FNDA:6,(anonymous_13)
FNDA:10,(anonymous_14)
FNDA:8,(anonymous_15)
FNDA:2,(anonymous_16)
FNDA:1,(anonymous_17)
FNDA:5,(anonymous_18)
FNDA:5,(anonymous_19)
FNDA:8,(anonymous_20)
FNDA:15,(anonymous_21)
FNDA:1,(anonymous_22)
FNDA:0,(anonymous_23)
FNDA:0,(anonymous_24)
FNDA:0,(anonymous_25)
FNDA:1,(anonymous_26)
FNDA:1,(anonymous_27)
FNDA:1,(anonymous_28)
FNDA:1,(anonymous_29)
FNDA:0,(anonymous_30)
FNDA:0,(anonymous_31)
FNDA:5,(anonymous_32)
FNDA:2,(anonymous_33)
FNDA:9,(anonymous_34)
FNDA:7,(anonymous_35)
FNDA:67,(anonymous_36)
FNDA:3,(anonymous_37)
FNDA:2,(anonymous_38)
FNDA:3,(anonymous_39)
FNDA:1,(anonymous_40)
FNDA:0,(anonymous_41)
FNDA:0,(anonymous_42)
FNDA:0,(anonymous_43)
FNDA:8,(anonymous_44)
FNDA:3,(anonymous_45)
FNDA:1,(anonymous_46)
FNDA:8,(anonymous_47)
FNDA:0,(anonymous_48)
FNDA:0,(anonymous_49)
FNDA:2,(anonymous_50)
FNDA:83,(anonymous_51)
FNDA:2,(anonymous_52)
FNDA:2,(anonymous_53)
FNDA:2,(anonymous_54)
FNDA:0,(anonymous_55)
FNDA:0,(anonymous_56)
FNDA:3,(anonymous_57)
DA:24,1
DA:27,82
DA:28,82
DA:29,82
DA:30,82
DA:31,82
DA:32,82
DA:33,82
DA:34,82
DA:35,82
DA:36,82
DA:38,82
DA:39,82
DA:40,82
DA:41,82
DA:42,82
DA:43,82
DA:44,82
DA:45,82
DA:46,82
DA:50,82
DA:51,82
DA:52,82
DA:53,82
DA:54,82
DA:55,82
DA:56,82
DA:57,82
DA:58,82
DA:59,82
DA:60,82
DA:61,82
DA:63,82
DA:64,82
DA:65,81
DA:67,1
DA:69,82
DA:70,82
DA:72,82
DA:73,1
DA:75,82
DA:76,0
DA:77,0
DA:78,0
DA:79,0
DA:80,0
DA:81,0
DA:82,0
DA:83,0
DA:84,0
DA:89,1
DA:90,0
DA:91,0
DA:93,0
DA:97,1
DA:98,0
DA:99,0
DA:103,1
DA:104,83
DA:107,1
DA:108,1
DA:111,1
DA:112,2
DA:113,2
DA:116,1
DA:117,2
DA:118,2
DA:119,2
DA:122,1
DA:123,2
DA:124,2
DA:125,2
DA:128,1
DA:129,1
DA:132,1
DA:133,6
DA:135,5
DA:136,5
DA:137,5
DA:139,5
DA:140,5
DA:141,5
DA:142,5
DA:143,5
DA:144,5
DA:145,5
DA:146,5
DA:152,1
DA:153,10
DA:157,8
DA:158,8
DA:159,3
DA:161,8
DA:162,8
DA:164,8
DA:165,8
DA:166,8
DA:167,8
DA:169,8
DA:170,8
DA:172,8
DA:173,8
DA:175,8
DA:176,8
DA:177,8
DA:178,1
DA:182,8
DA:183,2
DA:186,8
DA:187,1
DA:188,1
DA:189,1
DA:190,1
DA:191,1
DA:192,1
DA:193,1
DA:194,1
DA:195,0
DA:196,0
DA:198,1
DA:199,1
DA:202,1
DA:203,0
DA:210,1
DA:211,5
DA:212,5
DA:213,1
DA:215,5
DA:219,1
DA:220,5
DA:221,5
DA:222,4
DA:224,5
DA:227,1
DA:228,8
DA:229,8
DA:230,7
DA:232,1
DA:235,1
DA:236,15
DA:237,10
DA:241,5
DA:242,5
DA:244,4
DA:245,1
DA:248,3
DA:251,1
DA:252,1
DA:255,0
DA:256,0
DA:260,1
DA:261,1
DA:264,1
DA:265,0
DA:268,1
DA:269,0
DA:270,0
DA:271,0
DA:274,1
DA:275,0
DA:276,0
DA:277,0
DA:280,1
DA:281,1
DA:284,1
DA:285,1
DA:286,1
DA:297,1
DA:298,1
DA:299,1
DA:302,1
DA:303,1
DA:304,1
DA:305,1
DA:309,1
DA:316,1
DA:328,1
DA:332,1
DA:333,5
DA:347,1
DA:348,2
DA:350,2
DA:351,1
DA:352,1
DA:353,1
DA:354,1
DA:358,1
DA:360,2
DA:363,1
DA:364,9
DA:366,9
DA:367,9
DA:368,3
DA:371,9
DA:372,1
DA:373,1
DA:376,8
DA:377,1
DA:378,7
DA:379,7
DA:380,1
DA:381,1
DA:383,6
DA:386,7
DA:389,1
DA:390,7
DA:403,67
DA:406,1
DA:407,3
DA:408,3
DA:409,2
DA:410,2
DA:412,1
DA:414,3
DA:417,1
DA:418,2
DA:419,2
DA:422,1
DA:423,3
DA:424,3
DA:425,3
DA:426,3
DA:427,2
DA:432,1
DA:433,1
DA:434,1
DA:435,1
DA:436,0
DA:438,1
DA:442,1
DA:443,0
DA:444,0
DA:445,0
DA:446,0
DA:447,0
DA:448,0
DA:449,0
DA:451,0
DA:452,0
DA:456,1
DA:457,0
DA:458,0
DA:460,0
DA:461,0
DA:462,0
DA:463,0
DA:464,0
DA:465,0
DA:466,0
DA:467,0
DA:468,0
DA:469,0
DA:470,0
DA:471,0
DA:473,0
DA:474,0
DA:476,0
DA:477,0
DA:478,0
DA:479,0
DA:480,0
DA:483,0
DA:484,0
DA:487,0
DA:488,0
DA:489,0
DA:490,0
DA:491,0
DA:492,0
DA:495,0
DA:500,1
DA:501,8
DA:513,1
DA:514,3
DA:515,2
DA:517,1
DA:520,1
DA:521,1
DA:522,1
DA:523,1
DA:524,1
DA:525,1
DA:526,1
DA:527,1
DA:528,1
DA:531,1
DA:532,8
DA:533,8
DA:534,8
DA:535,8
DA:538,1
DA:539,0
DA:541,0
DA:543,0
DA:544,0
DA:549,0
DA:550,0
DA:551,0
DA:552,0
DA:553,0
DA:558,0
DA:560,0
DA:564,3
DA:565,2
DA:568,1
DA:570,83
DA:573,2
DA:574,2
DA:575,2
DA:576,2
DA:577,1
DA:578,1
DA:581,1
DA:582,1
DA:583,1
DA:584,1
DA:589,2
DA:590,2
DA:591,2
DA:592,2
DA:593,2
DA:595,2
DA:596,1
DA:597,1
DA:598,0
DA:599,0
DA:600,0
DA:601,0
DA:602,0
DA:603,0
DA:606,0
DA:607,0
DA:608,0
DA:609,0
DA:610,0
DA:616,2
DA:617,2
DA:618,2
DA:619,0
DA:620,0
DA:621,0
DA:622,0
DA:623,0
DA:624,0
DA:627,0
DA:628,0
DA:629,0
DA:630,0
DA:631,0
DA:639,1
DA:640,3
DA:641,3
DA:642,1
DA:646,3
DA:647,3
DA:648,3
DA:649,3
DA:651,1
LF:358
LH:259
BRDA:64,0,0,81
BRDA:64,0,1,1
BRDA:76,1,0,0
BRDA:90,2,0,0
BRDA:90,2,1,0
BRDA:98,3,0,0
BRDA:112,4,0,1
BRDA:112,4,1,1
BRDA:117,5,0,1
BRDA:117,5,1,1
BRDA:123,6,0,1
BRDA:123,6,1,1
BRDA:133,7,0,5
BRDA:136,8,0,5
BRDA:145,9,0,5
BRDA:153,10,0,10
BRDA:153,10,1,10
BRDA:153,10,2,10
BRDA:158,11,0,3
BRDA:158,12,0,8
BRDA:158,12,1,7
BRDA:158,12,2,6
BRDA:161,13,0,8
BRDA:166,14,0,8
BRDA:169,15,0,8
BRDA:170,16,0,0
BRDA:170,16,1,8
BRDA:170,17,0,8
BRDA:170,17,1,8
BRDA:172,18,0,8
BRDA:175,19,0,8
BRDA:177,20,0,1
BRDA:177,21,0,8
BRDA:177,21,1,7
BRDA:187,22,0,1
BRDA:193,23,0,1
BRDA:193,23,1,0
BRDA:195,24,0,0
BRDA:198,25,0,1
BRDA:202,26,0,0
BRDA:202,27,0,1
BRDA:202,27,1,1
BRDA:212,28,0,1
BRDA:212,29,0,5
BRDA:212,29,1,4
BRDA:221,30,0,4
BRDA:229,31,0,7
BRDA:229,32,0,8
BRDA:229,32,1,1
BRDA:229,32,2,1
BRDA:230,33,0,6
BRDA:230,33,1,1
BRDA:236,34,0,10
BRDA:236,35,0,15
BRDA:236,35,1,7
BRDA:236,35,2,6
BRDA:242,36,0,4
BRDA:242,37,0,5
BRDA:242,37,1,4
BRDA:242,37,2,4
BRDA:244,38,0,1
BRDA:244,39,0,4
BRDA:244,39,1,1
BRDA:309,40,0,0
BRDA:309,40,1,1
BRDA:309,41,0,1
BRDA:309,41,1,1
BRDA:309,42,0,0
BRDA:309,42,1,1
BRDA:309,43,0,1
BRDA:309,43,1,1
BRDA:350,44,0,1
BRDA:350,44,1,1
BRDA:350,45,0,2
BRDA:350,45,1,1
BRDA:360,46,0,0
BRDA:360,46,1,2
BRDA:360,47,0,2
BRDA:360,47,1,2
BRDA:360,48,0,0
BRDA:360,48,1,2
BRDA:360,49,0,2
BRDA:360,49,1,2
BRDA:367,50,0,3
BRDA:367,51,0,9
BRDA:367,51,1,3
BRDA:371,52,0,1
BRDA:371,53,0,9
BRDA:371,53,1,8
BRDA:372,54,0,0
BRDA:372,54,1,1
BRDA:372,55,0,1
BRDA:372,55,1,1
BRDA:372,56,0,0
BRDA:372,56,1,1
BRDA:372,57,0,1
BRDA:372,57,1,1
BRDA:376,58,0,1
BRDA:376,58,1,7
BRDA:376,59,0,8
BRDA:376,59,1,1
BRDA:378,60,0,7
BRDA:379,61,0,1
BRDA:386,62,0,0
BRDA:386,62,1,7
BRDA:386,63,0,7
BRDA:386,63,1,7
BRDA:386,64,0,0
BRDA:386,64,1,7
BRDA:386,65,0,7
BRDA:386,65,1,7
BRDA:408,66,0,2
BRDA:408,66,1,1
BRDA:408,67,0,3
BRDA:408,67,1,2
BRDA:414,68,0,0
BRDA:414,68,1,3
BRDA:414,69,0,3
BRDA:414,69,1,3
BRDA:414,70,0,0
BRDA:414,70,1,3
BRDA:414,71,0,3
BRDA:414,71,1,3
BRDA:418,72,0,0
BRDA:418,72,1,2
BRDA:418,73,0,2
BRDA:418,73,1,2
BRDA:418,74,0,0
BRDA:418,74,1,2
BRDA:418,75,0,2
BRDA:418,75,1,2
BRDA:423,76,0,3
BRDA:426,77,0,2
BRDA:434,78,0,1
BRDA:434,78,1,0
BRDA:434,79,0,1
BRDA:434,79,1,1
BRDA:434,80,0,0
BRDA:434,80,1,1
BRDA:434,81,0,1
BRDA:434,81,1,1
BRDA:435,82,0,0
BRDA:435,82,1,1
BRDA:444,83,0,0
BRDA:444,83,1,0
BRDA:444,84,0,0
BRDA:444,84,1,0
BRDA:460,85,0,0
BRDA:470,86,0,0
BRDA:473,87,0,0
BRDA:489,88,0,0
BRDA:489,88,1,0
BRDA:489,89,0,0
BRDA:489,89,1,0
BRDA:489,90,0,0
BRDA:489,90,1,0
BRDA:489,91,0,0
BRDA:489,91,1,0
BRDA:490,92,0,0
BRDA:490,92,1,0
BRDA:501,93,0,8
BRDA:501,93,1,6
BRDA:501,93,2,0
BRDA:514,94,0,2
BRDA:514,95,0,3
BRDA:514,95,1,2
BRDA:532,96,0,8
BRDA:532,96,1,0
BRDA:534,97,0,8
BRDA:534,97,1,0
BRDA:535,98,0,8
BRDA:535,98,1,8
BRDA:541,99,0,0
BRDA:541,100,0,0
BRDA:541,100,1,0
BRDA:543,101,0,0
BRDA:552,102,0,0
BRDA:564,103,0,1
BRDA:576,104,0,1
BRDA:576,104,1,1
BRDA:582,105,0,1
BRDA:583,106,0,1
BRDA:583,106,1,0
BRDA:583,107,0,1
BRDA:583,107,1,0
BRDA:583,108,0,1
BRDA:583,108,1,0
BRDA:595,109,0,1
BRDA:595,110,0,2
BRDA:595,110,1,1
BRDA:595,110,2,1
BRDA:598,111,0,0
BRDA:598,111,1,0
BRDA:602,112,0,0
BRDA:609,113,0,0
BRDA:616,114,0,2
BRDA:616,115,0,2
BRDA:616,115,1,2
BRDA:616,115,2,2
BRDA:619,116,0,0
BRDA:619,116,1,0
BRDA:623,117,0,0
BRDA:630,118,0,0
BRDA:640,119,0,3
BRDA:641,120,0,1
BRDA:641,121,0,3
BRDA:641,121,1,3
BRDA:646,122,0,3
BRDA:647,123,0,2
BRDA:647,123,1,1
BRDA:647,124,0,3
BRDA:647,124,1,1
BRDA:647,125,0,1
BRDA:647,125,1,1
BRF:214
BRH:155
end_of_record
TN:
SF:projects\shared\component\home\home.component.ts
FN:104,(anonymous_0)
FN:148,HomeComponent
FN:157,(anonymous_2)
FN:164,(anonymous_3)
FN:165,(anonymous_4)
FN:167,(anonymous_5)
FN:174,(anonymous_8)
FN:209,(anonymous_9)
FN:216,(anonymous_10)
FN:248,(anonymous_11)
FN:261,(anonymous_12)
FN:272,(anonymous_13)
FN:275,(anonymous_14)
FN:280,(anonymous_15)
FN:285,(anonymous_16)
FN:293,(anonymous_17)
FN:306,(anonymous_18)
FN:314,(anonymous_19)
FN:333,(anonymous_20)
FN:348,(anonymous_21)
FN:400,(anonymous_22)
FN:407,(anonymous_23)
FN:413,(anonymous_24)
FN:414,(anonymous_25)
FN:421,(anonymous_26)
FN:426,(anonymous_27)
FN:434,(anonymous_28)
FN:457,(anonymous_29)
FN:466,(anonymous_30)
FN:475,(anonymous_31)
FN:476,(anonymous_32)
FN:511,(anonymous_33)
FN:515,(anonymous_34)
FN:518,(anonymous_35)
FN:520,(anonymous_38)
FN:541,(anonymous_39)
FN:555,(anonymous_40)
FN:560,(anonymous_41)
FN:565,(anonymous_42)
FN:572,(anonymous_43)
FN:585,(anonymous_44)
FN:590,(anonymous_45)
FN:594,(anonymous_46)
FN:606,(anonymous_47)
FN:614,(anonymous_48)
FN:627,(anonymous_49)
FN:631,(anonymous_50)
FN:634,(anonymous_51)
FN:651,(anonymous_52)
FN:656,(anonymous_53)
FN:692,(anonymous_54)
FN:709,(anonymous_55)
FN:726,(anonymous_56)
FN:742,(anonymous_57)
FN:758,(anonymous_58)
FN:774,(anonymous_59)
FN:790,(anonymous_60)
FN:807,(anonymous_61)
FN:817,(anonymous_62)
FN:827,(anonymous_63)
FN:835,(anonymous_64)
FN:840,(anonymous_65)
FN:842,(anonymous_66)
FN:849,(anonymous_67)
FN:861,(anonymous_68)
FN:871,(anonymous_69)
FN:871,(anonymous_70)
FN:962,(anonymous_71)
FN:990,(anonymous_72)
FN:996,(anonymous_73)
FN:996,(anonymous_74)
FN:1005,(anonymous_75)
FN:1005,(anonymous_76)
FN:1012,(anonymous_77)
FN:1012,(anonymous_78)
FN:1019,(anonymous_79)
FN:1019,(anonymous_80)
FN:1026,(anonymous_81)
FN:1026,(anonymous_82)
FN:1035,(anonymous_83)
FN:1035,(anonymous_84)
FN:1049,(anonymous_85)
FN:1062,(anonymous_86)
FN:1072,(anonymous_87)
FN:1072,(anonymous_88)
FN:1079,(anonymous_89)
FN:1079,(anonymous_90)
FN:1085,(anonymous_91)
FN:1090,(anonymous_92)
FN:1101,(anonymous_93)
FN:1110,(anonymous_94)
FN:1119,(anonymous_95)
FN:1138,(anonymous_96)
FN:1152,(anonymous_97)
FN:1159,(anonymous_98)
FN:1173,(anonymous_99)
FN:1182,(anonymous_100)
FN:1186,(anonymous_101)
FN:1206,(anonymous_102)
FN:1225,(anonymous_103)
FN:1248,(anonymous_104)
FN:1267,(anonymous_105)
FN:1322,(anonymous_106)
FN:1333,(anonymous_107)
FN:1355,(anonymous_108)
FN:1377,(anonymous_109)
FN:1385,(anonymous_110)
FN:1397,(anonymous_111)
FN:1399,(anonymous_112)
FN:1405,(anonymous_113)
FN:1407,(anonymous_114)
FN:1416,(anonymous_115)
FN:1429,(anonymous_116)
FN:1439,(anonymous_117)
FN:1460,(anonymous_118)
FN:1478,(anonymous_119)
FN:1491,(anonymous_120)
FN:1508,(anonymous_121)
FN:1521,(anonymous_122)
FN:1525,(anonymous_123)
FN:1537,(anonymous_124)
FN:1543,(anonymous_125)
FN:1576,(anonymous_126)
FN:1584,(anonymous_127)
FN:1585,(anonymous_128)
FN:1590,(anonymous_129)
FN:1598,(anonymous_130)
FN:1603,(anonymous_131)
FN:1619,(anonymous_132)
FN:1626,(anonymous_133)
FN:1638,(anonymous_134)
FN:1645,(anonymous_135)
FN:1656,(anonymous_136)
FN:1666,(anonymous_137)
FN:1672,(anonymous_138)
FN:1684,(anonymous_139)
FN:1709,(anonymous_140)
FN:1718,(anonymous_141)
FN:1720,(anonymous_142)
FN:1738,(anonymous_143)
FN:1740,(anonymous_144)
FN:1763,(anonymous_145)
FN:1776,(anonymous_146)
FN:1791,(anonymous_147)
FN:1818,(anonymous_148)
FNF:145
FNH:117
FNDA:1,(anonymous_0)
FNDA:155,HomeComponent
FNDA:0,(anonymous_2)
FNDA:1,(anonymous_3)
FNDA:1,(anonymous_4)
FNDA:1,(anonymous_5)
FNDA:13,(anonymous_8)
FNDA:13,(anonymous_9)
FNDA:13,(anonymous_10)
FNDA:3,(anonymous_11)
FNDA:9,(anonymous_12)
FNDA:9,(anonymous_13)
FNDA:3,(anonymous_14)
FNDA:4,(anonymous_15)
FNDA:4,(anonymous_16)
FNDA:5,(anonymous_17)
FNDA:27,(anonymous_18)
FNDA:27,(anonymous_19)
FNDA:26,(anonymous_20)
FNDA:29,(anonymous_21)
FNDA:56,(anonymous_22)
FNDA:1,(anonymous_23)
FNDA:29,(anonymous_24)
FNDA:29,(anonymous_25)
FNDA:36,(anonymous_26)
FNDA:11,(anonymous_27)
FNDA:17,(anonymous_28)
FNDA:3,(anonymous_29)
FNDA:30,(anonymous_30)
FNDA:0,(anonymous_31)
FNDA:0,(anonymous_32)
FNDA:19,(anonymous_33)
FNDA:42,(anonymous_34)
FNDA:19,(anonymous_35)
FNDA:18,(anonymous_38)
FNDA:51,(anonymous_39)
FNDA:3,(anonymous_40)
FNDA:48,(anonymous_41)
FNDA:17,(anonymous_42)
FNDA:0,(anonymous_43)
FNDA:0,(anonymous_44)
FNDA:0,(anonymous_45)
FNDA:0,(anonymous_46)
FNDA:1,(anonymous_47)
FNDA:0,(anonymous_48)
FNDA:0,(anonymous_49)
FNDA:0,(anonymous_50)
FNDA:0,(anonymous_51)
FNDA:33,(anonymous_52)
FNDA:31,(anonymous_53)
FNDA:27,(anonymous_54)
FNDA:4,(anonymous_55)
FNDA:1,(anonymous_56)
FNDA:1,(anonymous_57)
FNDA:2,(anonymous_58)
FNDA:1,(anonymous_59)
FNDA:2,(anonymous_60)
FNDA:5,(anonymous_61)
FNDA:0,(anonymous_62)
FNDA:3,(anonymous_63)
FNDA:3,(anonymous_64)
FNDA:7,(anonymous_65)
FNDA:7,(anonymous_66)
FNDA:16,(anonymous_67)
FNDA:1,(anonymous_68)
FNDA:2,(anonymous_69)
FNDA:0,(anonymous_70)
FNDA:1,(anonymous_71)
FNDA:22,(anonymous_72)
FNDA:1,(anonymous_73)
FNDA:0,(anonymous_74)
FNDA:1,(anonymous_75)
FNDA:0,(anonymous_76)
FNDA:1,(anonymous_77)
FNDA:0,(anonymous_78)
FNDA:1,(anonymous_79)
FNDA:0,(anonymous_80)
FNDA:1,(anonymous_81)
FNDA:0,(anonymous_82)
FNDA:2,(anonymous_83)
FNDA:0,(anonymous_84)
FNDA:2,(anonymous_85)
FNDA:1,(anonymous_86)
FNDA:3,(anonymous_87)
FNDA:0,(anonymous_88)
FNDA:1,(anonymous_89)
FNDA:0,(anonymous_90)
FNDA:13,(anonymous_91)
FNDA:7,(anonymous_92)
FNDA:3,(anonymous_93)
FNDA:5,(anonymous_94)
FNDA:6,(anonymous_95)
FNDA:6,(anonymous_96)
FNDA:2,(anonymous_97)
FNDA:4,(anonymous_98)
FNDA:9,(anonymous_99)
FNDA:1,(anonymous_100)
FNDA:9,(anonymous_101)
FNDA:7,(anonymous_102)
FNDA:3,(anonymous_103)
FNDA:7,(anonymous_104)
FNDA:55,(anonymous_105)
FNDA:0,(anonymous_106)
FNDA:0,(anonymous_107)
FNDA:3,(anonymous_108)
FNDA:1,(anonymous_109)
FNDA:13,(anonymous_110)
FNDA:28,(anonymous_111)
FNDA:1,(anonymous_112)
FNDA:29,(anonymous_113)
FNDA:29,(anonymous_114)
FNDA:1,(anonymous_115)
FNDA:35,(anonymous_116)
FNDA:17,(anonymous_117)
FNDA:0,(anonymous_118)
FNDA:3,(anonymous_119)
FNDA:2,(anonymous_120)
FNDA:157,(anonymous_121)
FNDA:4,(anonymous_122)
FNDA:4,(anonymous_123)
FNDA:2,(anonymous_124)
FNDA:6,(anonymous_125)
FNDA:1,(anonymous_126)
FNDA:13,(anonymous_127)
FNDA:13,(anonymous_128)
FNDA:0,(anonymous_129)
FNDA:3,(anonymous_130)
FNDA:6,(anonymous_131)
FNDA:1,(anonymous_132)
FNDA:0,(anonymous_133)
FNDA:1,(anonymous_134)
FNDA:4,(anonymous_135)
FNDA:1,(anonymous_136)
FNDA:1,(anonymous_137)
FNDA:7,(anonymous_138)
FNDA:16,(anonymous_139)
FNDA:28,(anonymous_140)
FNDA:4,(anonymous_141)
FNDA:4,(anonymous_142)
FNDA:0,(anonymous_143)
FNDA:0,(anonymous_144)
FNDA:1,(anonymous_145)
FNDA:1,(anonymous_146)
FNDA:2,(anonymous_147)
FNDA:2,(anonymous_148)
DA:104,1
DA:107,8
DA:110,8
DA:112,155
DA:113,155
DA:114,155
DA:116,155
DA:117,155
DA:118,155
DA:119,155
DA:120,155
DA:123,155
DA:125,155
DA:126,155
DA:127,155
DA:128,155
DA:129,155
DA:131,155
DA:132,155
DA:133,155
DA:134,155
DA:135,155
DA:136,155
DA:137,155
DA:138,155
DA:139,155
DA:140,155
DA:141,155
DA:142,155
DA:143,155
DA:146,155
DA:147,155
DA:148,155
DA:149,155
DA:150,155
DA:151,155
DA:152,155
DA:155,155
DA:157,155
DA:158,0
DA:160,155
DA:161,155
DA:163,155
DA:164,1
DA:167,1
DA:168,1
DA:174,13
DA:175,13
DA:176,13
DA:179,13
DA:180,13
DA:181,13
DA:182,2
DA:184,13
DA:186,12
DA:189,11
DA:191,1
DA:192,1
DA:195,1
DA:196,1
DA:197,1
DA:198,1
DA:199,1
DA:203,13
DA:206,13
DA:209,13
DA:210,13
DA:211,13
DA:216,13
DA:217,13
DA:218,13
DA:219,13
DA:220,13
DA:221,13
DA:226,13
DA:227,13
DA:229,0
DA:230,0
DA:233,13
DA:236,13
DA:237,13
DA:238,12
DA:240,1
DA:248,3
DA:249,3
DA:252,3
DA:255,3
DA:258,3
DA:261,3
DA:262,9
DA:263,3
DA:264,3
DA:265,3
DA:267,6
DA:268,6
DA:272,9
DA:273,3
DA:275,3
DA:276,3
DA:280,4
DA:282,4
DA:285,4
DA:286,4
DA:293,1
DA:294,5
DA:295,5
DA:297,4
DA:298,4
DA:299,4
DA:300,4
DA:302,4
DA:306,27
DA:307,27
DA:311,27
DA:314,27
DA:315,27
DA:316,26
DA:317,26
DA:321,26
DA:324,26
DA:325,26
DA:328,26
DA:330,26
DA:333,26
DA:334,26
DA:337,1
DA:348,29
DA:349,29
DA:351,29
DA:352,26
DA:356,29
DA:357,2
DA:360,2
DA:362,2
DA:367,1
DA:370,2
DA:371,1
DA:372,1
DA:373,1
DA:374,1
DA:378,2
DA:379,2
DA:380,2
DA:385,29
DA:386,0
DA:388,29
DA:389,0
DA:391,29
DA:392,0
DA:394,29
DA:395,0
DA:399,29
DA:400,29
DA:401,56
DA:402,0
DA:407,29
DA:408,1
DA:409,1
DA:410,1
DA:413,29
DA:414,29
DA:415,29
DA:421,1
DA:422,36
DA:423,36
DA:426,1
DA:427,11
DA:428,11
DA:429,0
DA:431,11
DA:434,1
DA:435,17
DA:436,17
DA:437,0
DA:440,17
DA:441,2
DA:444,15
DA:445,15
DA:446,5
DA:449,10
DA:450,10
DA:451,10
DA:457,1
DA:458,3
DA:459,3
DA:460,3
DA:466,30
DA:467,30
DA:474,30
DA:475,0
DA:476,0
DA:478,30
DA:480,30
DA:481,30
DA:483,30
DA:486,30
DA:492,30
DA:511,1
DA:512,19
DA:513,0
DA:515,42
DA:518,1
DA:519,19
DA:521,18
DA:522,18
DA:525,18
DA:527,18
DA:529,17
DA:532,17
DA:535,17
DA:536,2
DA:537,2
DA:538,2
DA:541,17
DA:542,51
DA:543,17
DA:544,17
DA:546,34
DA:547,34
DA:552,17
DA:553,1
DA:554,1
DA:555,3
DA:556,1
DA:558,16
DA:559,16
DA:560,48
DA:561,16
DA:565,17
DA:566,17
DA:570,1
DA:572,0
DA:573,0
DA:574,0
DA:575,0
DA:577,0
DA:578,0
DA:582,0
DA:583,0
DA:584,0
DA:585,0
DA:586,0
DA:588,0
DA:589,0
DA:590,0
DA:591,0
DA:594,0
DA:595,0
DA:599,1
DA:600,0
DA:602,1
DA:607,1
DA:609,1
DA:610,1
DA:612,1
DA:614,0
DA:615,0
DA:616,0
DA:617,0
DA:619,0
DA:620,0
DA:624,0
DA:625,0
DA:626,0
DA:627,0
DA:629,0
DA:630,0
DA:631,0
DA:634,0
DA:635,0
DA:639,1
DA:640,0
DA:642,1
DA:651,35
DA:652,33
DA:653,1
DA:656,32
DA:658,31
DA:660,26
DA:661,26
DA:665,3
DA:666,3
DA:668,0
DA:669,0
DA:671,0
DA:672,0
DA:674,1
DA:675,1
DA:677,0
DA:678,0
DA:680,1
DA:681,1
DA:684,31
DA:685,1
DA:688,31
DA:692,1
DA:693,27
DA:709,1
DA:710,4
DA:726,1
DA:727,1
DA:742,1
DA:743,1
DA:758,1
DA:759,2
DA:774,1
DA:775,1
DA:790,1
DA:791,2
DA:807,5
DA:808,5
DA:811,5
DA:814,5
DA:815,2
DA:816,2
DA:817,2
DA:818,2
DA:819,2
DA:821,2
DA:822,2
DA:826,3
DA:827,3
DA:828,3
DA:829,3
DA:830,3
DA:832,3
DA:835,3
DA:836,3
DA:840,1
DA:841,7
DA:842,7
DA:843,7
DA:844,7
DA:849,1
DA:850,16
DA:851,16
DA:852,16
DA:853,16
DA:855,16
DA:856,2
DA:859,2
DA:860,1
DA:861,1
DA:862,1
DA:863,1
DA:864,1
DA:868,2
DA:870,2
DA:871,2
DA:873,2
DA:874,2
DA:875,0
DA:876,0
DA:877,0
DA:879,2
DA:880,2
DA:881,2
DA:882,1
DA:883,1
DA:886,1
DA:892,1
DA:893,1
DA:894,1
DA:897,1
DA:898,1
DA:901,15
DA:902,15
DA:906,15
DA:907,15
DA:909,1
DA:910,1
DA:911,1
DA:916,14
DA:923,14
DA:925,14
DA:926,10
DA:927,10
DA:929,10
DA:932,14
DA:933,14
DA:934,14
DA:935,7
DA:936,7
DA:937,2
DA:938,2
DA:940,7
DA:941,1
DA:942,1
DA:943,1
DA:945,7
DA:946,2
DA:948,7
DA:949,7
DA:952,7
DA:953,7
DA:956,0
DA:958,14
DA:959,1
DA:960,1
DA:961,1
DA:962,1
DA:963,1
DA:965,1
DA:966,1
DA:967,1
DA:968,0
DA:970,1
DA:972,0
DA:974,1
DA:976,13
DA:977,10
DA:978,10
DA:979,0
DA:981,10
DA:984,0
DA:987,13
DA:990,1
DA:991,22
DA:993,22
DA:994,1
DA:995,1
DA:996,1
DA:998,1
DA:1001,21
DA:1002,20
DA:1003,1
DA:1004,1
DA:1005,1
DA:1007,1
DA:1009,19
DA:1010,1
DA:1011,1
DA:1012,1
DA:1014,1
DA:1016,18
DA:1017,1
DA:1018,1
DA:1019,1
DA:1021,1
DA:1023,17
DA:1024,2
DA:1025,2
DA:1026,1
DA:1028,2
DA:1030,15
DA:1031,11
DA:1032,11
DA:1033,3
DA:1034,3
DA:1035,2
DA:1038,11
DA:1040,4
DA:1041,3
DA:1044,3
DA:1047,2
DA:1048,2
DA:1049,2
DA:1050,2
DA:1051,1
DA:1052,1
DA:1057,2
DA:1058,1
DA:1059,1
DA:1061,1
DA:1062,1
DA:1063,1
DA:1064,1
DA:1065,1
DA:1071,3
DA:1072,3
DA:1074,3
DA:1076,1
DA:1077,1
DA:1078,1
DA:1079,1
DA:1081,1
DA:1085,1
DA:1086,13
DA:1087,13
DA:1090,1
DA:1091,7
DA:1092,4
DA:1093,4
DA:1094,4
DA:1095,7
DA:1096,7
DA:1098,1
DA:1101,1
DA:1102,3
DA:1103,1
DA:1104,1
DA:1105,1
DA:1106,1
DA:1107,1
DA:1110,1
DA:1111,5
DA:1112,2
DA:1113,2
DA:1114,2
DA:1115,2
DA:1116,2
DA:1119,1
DA:1120,6
DA:1121,6
DA:1122,6
DA:1123,6
DA:1124,6
DA:1125,2
DA:1126,2
DA:1128,4
DA:1129,7
DA:1130,7
DA:1131,7
DA:1132,2
DA:1135,2
DA:1138,1
DA:1139,6
DA:1140,4
DA:1141,2
DA:1142,2
DA:1143,2
DA:1144,2
DA:1146,2
DA:1147,2
DA:1148,2
DA:1149,0
DA:1152,1
DA:1153,2
DA:1154,2
DA:1155,1
DA:1159,1
DA:1161,4
DA:1162,1
DA:1164,3
DA:1167,3
DA:1169,3
DA:1173,1
DA:1174,9
DA:1175,2
DA:1178,7
DA:1179,7
DA:1182,1
DA:1183,1
DA:1186,1
DA:1187,9
DA:1188,9
DA:1189,9
DA:1190,7
DA:1193,2
DA:1194,2
DA:1195,1
DA:1198,1
DA:1199,1
DA:1206,1
DA:1207,7
DA:1208,7
DA:1209,0
DA:1212,7
DA:1213,7
DA:1214,6
DA:1217,1
DA:1218,1
DA:1225,1
DA:1226,3
DA:1227,3
DA:1228,0
DA:1231,3
DA:1232,3
DA:1234,3
DA:1236,3
DA:1237,3
DA:1238,3
DA:1248,1
DA:1250,7
DA:1251,6
DA:1254,1
DA:1255,1
DA:1256,0
DA:1259,1
DA:1260,1
DA:1267,1
DA:1268,55
DA:1269,55
DA:1270,55
DA:1272,55
DA:1273,46
DA:1274,46
DA:1277,46
DA:1278,46
DA:1280,46
DA:1283,46
DA:1284,0
DA:1285,0
DA:1286,0
DA:1288,0
DA:1289,0
DA:1290,0
DA:1291,0
DA:1295,46
DA:1297,0
DA:1298,0
DA:1299,0
DA:1302,0
DA:1303,0
DA:1306,0
DA:1308,0
DA:1311,0
DA:1316,0
DA:1318,0
DA:1321,46
DA:1322,46
DA:1325,9
DA:1327,55
DA:1333,1
DA:1334,0
DA:1336,0
DA:1337,0
DA:1338,0
DA:1339,0
DA:1340,0
DA:1341,0
DA:1344,0
DA:1349,0
DA:1351,0
DA:1355,1
DA:1356,3
DA:1357,1
DA:1360,2
DA:1361,2
DA:1362,2
DA:1364,2
DA:1367,1
DA:1368,1
DA:1370,1
DA:1374,2
DA:1377,1
DA:1378,1
DA:1379,1
DA:1385,1
DA:1386,13
DA:1387,13
DA:1390,13
DA:1397,28
DA:1399,28
DA:1400,1
DA:1401,1
DA:1402,1
DA:1405,29
DA:1407,28
DA:1409,29
DA:1410,29
DA:1411,2
DA:1415,29
DA:1416,1
DA:1417,1
DA:1418,1
DA:1419,1
DA:1429,1
DA:1430,35
DA:1431,35
DA:1439,17
DA:1441,17
DA:1442,17
DA:1443,17
DA:1447,0
DA:1448,0
DA:1449,0
DA:1453,0
DA:1454,0
DA:1457,0
DA:1460,0
DA:1461,0
DA:1462,0
DA:1465,0
DA:1466,0
DA:1467,0
DA:1470,0
DA:1471,0
DA:1478,1
DA:1479,3
DA:1491,1
DA:1492,2
DA:1493,2
DA:1494,2
DA:1497,2
DA:1498,1
DA:1499,1
DA:1502,1
DA:1505,2
DA:1508,1
DA:1510,157
DA:1511,157
DA:1513,157
DA:1514,157
DA:1521,1
DA:1522,4
DA:1523,4
DA:1525,4
DA:1526,2
DA:1527,1
DA:1528,1
DA:1537,2
DA:1539,2
DA:1540,2
DA:1543,2
DA:1544,6
DA:1545,2
DA:1546,2
DA:1548,4
DA:1549,4
DA:1554,2
DA:1557,2
DA:1558,1
DA:1559,1
DA:1560,1
DA:1562,1
DA:1563,1
DA:1564,1
DA:1568,1
DA:1569,1
DA:1570,1
DA:1571,1
DA:1573,1
DA:1576,1
DA:1577,1
DA:1584,13
DA:1585,13
DA:1586,13
DA:1587,13
DA:1588,13
DA:1591,0
DA:1598,1
DA:1599,3
DA:1600,3
DA:1601,1
DA:1603,2
DA:1604,6
DA:1608,3
DA:1609,3
DA:1611,0
DA:1619,1
DA:1620,1
DA:1621,0
DA:1623,1
DA:1624,1
DA:1626,0
DA:1627,0
DA:1630,1
DA:1631,1
DA:1638,1
DA:1645,1
DA:1646,4
DA:1647,2
DA:1648,2
DA:1649,2
DA:1656,1
DA:1657,1
DA:1658,1
DA:1659,1
DA:1660,1
DA:1666,1
DA:1667,1
DA:1668,1
DA:1669,1
DA:1672,1
DA:1673,7
DA:1674,4
DA:1676,3
DA:1684,1
DA:1685,16
DA:1687,16
DA:1688,16
DA:1689,4
DA:1690,2
DA:1691,1
DA:1692,1
DA:1696,13
DA:1698,2
DA:1699,2
DA:1709,28
DA:1710,28
DA:1711,28
DA:1712,24
DA:1715,4
DA:1718,4
DA:1719,4
DA:1720,4
DA:1721,4
DA:1723,2
DA:1724,2
DA:1726,1
DA:1727,1
DA:1730,1
DA:1737,4
DA:1738,0
DA:1739,0
DA:1740,0
DA:1741,0
DA:1743,0
DA:1744,0
DA:1746,0
DA:1747,0
DA:1750,0
DA:1763,1
DA:1764,1
DA:1765,1
DA:1766,1
DA:1776,1
DA:1777,1
DA:1778,1
DA:1779,1
DA:1791,1
DA:1792,2
DA:1793,2
DA:1794,2
DA:1795,0
DA:1799,2
DA:1800,2
DA:1801,0
DA:1806,2
DA:1807,2
DA:1808,1
DA:1811,1
DA:1818,1
DA:1819,2
DA:1820,1
DA:1822,1
DA:1824,1
LF:828
LH:706
BRDA:181,0,0,2
BRDA:181,1,0,13
BRDA:181,1,1,12
BRDA:181,1,2,12
BRDA:184,2,0,12
BRDA:184,2,1,1
BRDA:184,3,0,13
BRDA:184,3,1,12
BRDA:210,4,0,13
BRDA:217,5,0,13
BRDA:218,6,0,13
BRDA:218,6,1,0
BRDA:219,7,0,13
BRDA:219,7,1,0
BRDA:227,8,0,0
BRDA:227,8,1,13
BRDA:237,9,0,12
BRDA:237,9,1,1
BRDA:262,10,0,3
BRDA:262,10,1,6
BRDA:295,11,0,4
BRDA:315,12,0,26
BRDA:315,12,1,1
BRDA:351,13,0,26
BRDA:351,14,0,29
BRDA:351,14,1,27
BRDA:356,15,0,2
BRDA:362,16,0,1
BRDA:362,17,0,2
BRDA:362,17,1,2
BRDA:370,18,0,1
BRDA:370,19,0,2
BRDA:370,19,1,2
BRDA:378,20,0,2
BRDA:378,21,0,2
BRDA:378,21,1,0
BRDA:385,22,0,0
BRDA:385,23,0,29
BRDA:385,23,1,0
BRDA:388,24,0,0
BRDA:388,25,0,29
BRDA:388,25,1,0
BRDA:391,26,0,0
BRDA:391,27,0,29
BRDA:391,27,1,0
BRDA:394,28,0,0
BRDA:394,29,0,29
BRDA:394,29,1,0
BRDA:401,30,0,0
BRDA:401,31,0,56
BRDA:401,31,1,23
BRDA:401,31,2,23
BRDA:401,31,3,0
BRDA:408,32,0,1
BRDA:408,32,1,1
BRDA:409,33,0,1
BRDA:409,33,1,1
BRDA:413,34,0,29
BRDA:413,34,1,0
BRDA:413,35,0,0
BRDA:413,35,1,29
BRDA:413,36,0,29
BRDA:413,36,1,29
BRDA:422,37,0,35
BRDA:422,37,1,1
BRDA:422,38,0,1
BRDA:422,38,1,0
BRDA:423,39,0,36
BRDA:423,39,1,36
BRDA:427,40,0,11
BRDA:427,40,1,0
BRDA:427,41,0,0
BRDA:427,41,1,11
BRDA:427,42,0,11
BRDA:427,42,1,11
BRDA:428,43,0,0
BRDA:435,44,0,17
BRDA:435,44,1,0
BRDA:435,45,0,0
BRDA:435,45,1,17
BRDA:435,46,0,17
BRDA:435,46,1,17
BRDA:436,47,0,0
BRDA:440,48,0,2
BRDA:445,49,0,5
BRDA:458,50,0,3
BRDA:458,50,1,3
BRDA:459,51,0,3
BRDA:459,51,1,1
BRDA:460,52,0,3
BRDA:460,52,1,2
BRDA:468,53,0,30
BRDA:468,53,1,30
BRDA:469,54,0,30
BRDA:469,54,1,30
BRDA:470,55,0,30
BRDA:470,55,1,30
BRDA:478,56,0,30
BRDA:478,56,1,0
BRDA:478,57,0,0
BRDA:478,57,1,0
BRDA:480,58,0,0
BRDA:480,58,1,30
BRDA:481,59,0,30
BRDA:481,59,1,30
BRDA:486,60,0,0
BRDA:486,60,1,30
BRDA:488,61,0,0
BRDA:488,61,1,30
BRDA:493,62,0,30
BRDA:493,62,1,0
BRDA:494,63,0,30
BRDA:494,63,1,0
BRDA:495,64,0,30
BRDA:495,64,1,5
BRDA:500,65,0,0
BRDA:500,65,1,30
BRDA:512,66,0,0
BRDA:527,67,0,17
BRDA:527,67,1,1
BRDA:532,68,0,17
BRDA:532,68,1,16
BRDA:535,69,0,2
BRDA:542,70,0,17
BRDA:542,70,1,34
BRDA:552,71,0,1
BRDA:552,71,1,16
BRDA:552,72,0,17
BRDA:552,72,1,16
BRDA:570,73,0,0
BRDA:570,73,1,1
BRDA:570,74,0,1
BRDA:570,74,1,0
BRDA:573,75,0,0
BRDA:573,75,1,0
BRDA:582,76,0,0
BRDA:582,76,1,0
BRDA:582,77,0,0
BRDA:582,77,1,0
BRDA:599,78,0,0
BRDA:599,79,0,1
BRDA:599,79,1,0
BRDA:612,80,0,0
BRDA:612,80,1,1
BRDA:612,81,0,1
BRDA:612,81,1,0
BRDA:615,82,0,0
BRDA:615,82,1,0
BRDA:624,83,0,0
BRDA:624,83,1,0
BRDA:639,84,0,0
BRDA:639,85,0,1
BRDA:639,85,1,0
BRDA:651,86,0,2
BRDA:652,87,0,1
BRDA:658,88,0,26
BRDA:658,88,1,2
BRDA:658,88,2,2
BRDA:658,88,3,3
BRDA:658,88,4,0
BRDA:658,88,5,0
BRDA:658,88,6,1
BRDA:658,88,7,0
BRDA:658,88,8,1
BRDA:684,89,0,1
BRDA:684,90,0,31
BRDA:684,90,1,31
BRDA:694,91,0,27
BRDA:694,91,1,0
BRDA:695,92,0,27
BRDA:695,92,1,26
BRDA:695,92,2,26
BRDA:695,92,3,0
BRDA:696,93,0,27
BRDA:696,93,1,0
BRDA:697,94,0,27
BRDA:697,94,1,26
BRDA:697,94,2,0
BRDA:699,95,0,27
BRDA:699,95,1,26
BRDA:699,95,2,26
BRDA:700,96,0,27
BRDA:700,96,1,0
BRDA:700,96,2,0
BRDA:701,97,0,27
BRDA:701,97,1,26
BRDA:701,97,2,0
BRDA:702,98,0,27
BRDA:702,98,1,26
BRDA:702,98,2,26
BRDA:705,99,0,27
BRDA:705,99,1,26
BRDA:705,99,2,26
BRDA:705,99,3,26
BRDA:711,100,0,4
BRDA:711,100,1,3
BRDA:711,100,2,0
BRDA:711,101,0,3
BRDA:711,101,1,1
BRDA:711,102,0,4
BRDA:711,102,1,4
BRDA:712,103,0,4
BRDA:712,103,1,3
BRDA:712,103,2,3
BRDA:712,103,3,3
BRDA:712,103,4,0
BRDA:713,104,0,4
BRDA:713,104,1,0
BRDA:713,104,2,0
BRDA:713,104,3,0
BRDA:714,105,0,4
BRDA:714,105,1,3
BRDA:714,105,2,3
BRDA:714,105,3,3
BRDA:714,105,4,0
BRDA:716,106,0,4
BRDA:716,106,1,3
BRDA:716,107,0,0
BRDA:716,107,1,3
BRDA:717,108,0,4
BRDA:717,108,1,1
BRDA:718,109,0,4
BRDA:718,109,1,3
[...]
FN:388,(anonymous_47)
FN:391,(anonymous_48)
FN:396,(anonymous_49)
FN:401,(anonymous_50)
FN:406,(anonymous_51)
FN:411,(anonymous_52)
FN:415,(anonymous_53)
FN:419,(anonymous_54)
FN:422,(anonymous_55)
FN:426,(anonymous_56)
FN:430,(anonymous_57)
FN:433,(anonymous_58)
FN:436,(anonymous_59)
FN:440,(anonymous_60)
FN:444,(anonymous_61)
FN:448,(anonymous_62)
FN:452,(anonymous_63)
FN:456,(anonymous_64)
FN:460,(anonymous_65)
FN:467,(anonymous_66)
FN:470,(anonymous_67)
FN:474,(anonymous_68)
FN:477,(anonymous_69)
FN:480,(anonymous_70)
FN:483,(anonymous_71)
FN:488,(anonymous_72)
FN:492,(anonymous_73)
FN:496,(anonymous_74)
FN:500,(anonymous_75)
FN:505,(anonymous_76)
FN:509,(anonymous_77)
FN:513,(anonymous_78)
FN:517,(anonymous_79)
FN:522,(anonymous_80)
FN:527,(anonymous_81)
FN:531,(anonymous_82)
FN:535,(anonymous_83)
FN:539,(anonymous_84)
FN:562,(anonymous_85)
FN:636,(anonymous_86)
FN:637,(anonymous_87)
FN:642,(anonymous_88)
FN:644,(anonymous_89)
FN:646,(anonymous_90)
FN:650,(anonymous_91)
FN:654,(anonymous_92)
FN:660,(anonymous_93)
FN:675,(anonymous_94)
FN:678,(anonymous_95)
FN:689,(anonymous_96)
FN:695,(anonymous_97)
FN:699,(anonymous_98)
FNF:99
FNH:1
FNDA:1,(anonymous_0)
FNDA:0,OnboardingService
FNDA:0,(anonymous_2)
FNDA:0,(anonymous_3)
FNDA:0,(anonymous_4)
FNDA:0,(anonymous_5)
FNDA:0,(anonymous_6)
FNDA:0,(anonymous_7)
FNDA:0,(anonymous_8)
FNDA:0,(anonymous_9)
FNDA:0,(anonymous_10)
FNDA:0,(anonymous_11)
FNDA:0,(anonymous_12)
FNDA:0,(anonymous_13)
FNDA:0,(anonymous_14)
FNDA:0,(anonymous_15)
FNDA:0,(anonymous_16)
FNDA:0,(anonymous_17)
FNDA:0,(anonymous_18)
FNDA:0,(anonymous_19)
FNDA:0,(anonymous_20)
FNDA:0,(anonymous_21)
FNDA:0,(anonymous_22)
FNDA:0,(anonymous_23)
FNDA:0,(anonymous_24)
FNDA:0,(anonymous_25)
FNDA:0,(anonymous_26)
FNDA:0,(anonymous_27)
FNDA:0,(anonymous_28)
FNDA:0,(anonymous_29)
FNDA:0,(anonymous_30)
FNDA:0,(anonymous_31)
FNDA:0,(anonymous_32)
FNDA:0,(anonymous_33)
FNDA:0,(anonymous_34)
FNDA:0,(anonymous_35)
FNDA:0,(anonymous_36)
FNDA:0,(anonymous_37)
FNDA:0,(anonymous_38)
FNDA:0,(anonymous_39)
FNDA:0,(anonymous_40)
FNDA:0,(anonymous_41)
FNDA:0,(anonymous_42)
FNDA:0,(anonymous_43)
FNDA:0,(anonymous_44)
FNDA:0,(anonymous_45)
FNDA:0,(anonymous_46)
FNDA:0,(anonymous_47)
FNDA:0,(anonymous_48)
FNDA:0,(anonymous_49)
FNDA:0,(anonymous_50)
FNDA:0,(anonymous_51)
FNDA:0,(anonymous_52)
FNDA:0,(anonymous_53)
FNDA:0,(anonymous_54)
FNDA:0,(anonymous_55)
FNDA:0,(anonymous_56)
FNDA:0,(anonymous_57)
FNDA:0,(anonymous_58)
FNDA:0,(anonymous_59)
FNDA:0,(anonymous_60)
FNDA:0,(anonymous_61)
FNDA:0,(anonymous_62)
FNDA:0,(anonymous_63)
FNDA:0,(anonymous_64)
FNDA:0,(anonymous_65)
FNDA:0,(anonymous_66)
FNDA:0,(anonymous_67)
FNDA:0,(anonymous_68)
FNDA:0,(anonymous_69)
FNDA:0,(anonymous_70)
FNDA:0,(anonymous_71)
FNDA:0,(anonymous_72)
FNDA:0,(anonymous_73)
FNDA:0,(anonymous_74)
FNDA:0,(anonymous_75)
FNDA:0,(anonymous_76)
FNDA:0,(anonymous_77)
FNDA:0,(anonymous_78)
FNDA:0,(anonymous_79)
FNDA:0,(anonymous_80)
FNDA:0,(anonymous_81)
FNDA:0,(anonymous_82)
FNDA:0,(anonymous_83)
FNDA:0,(anonymous_84)
FNDA:0,(anonymous_85)
FNDA:0,(anonymous_86)
FNDA:0,(anonymous_87)
FNDA:0,(anonymous_88)
FNDA:0,(anonymous_89)
FNDA:0,(anonymous_90)
FNDA:0,(anonymous_91)
FNDA:0,(anonymous_92)
FNDA:0,(anonymous_93)
FNDA:0,(anonymous_94)
FNDA:0,(anonymous_95)
FNDA:0,(anonymous_96)
FNDA:0,(anonymous_97)
FNDA:0,(anonymous_98)
DA:18,1
DA:20,0
DA:23,0
DA:24,0
DA:25,0
DA:27,0
DA:28,0
DA:29,0
DA:30,0
DA:31,0
DA:32,0
DA:33,0
DA:34,0
DA:38,0
DA:40,0
DA:41,0
DA:42,0
DA:43,0
DA:44,0
DA:45,0
DA:46,0
DA:47,0
DA:48,0
DA:49,0
DA:51,0
DA:53,0
DA:149,1
DA:150,0
DA:151,0
DA:156,0
DA:157,0
DA:168,1
DA:169,0
DA:170,0
DA:171,0
DA:182,0
DA:184,0
DA:187,0
DA:188,0
DA:189,0
DA:195,1
DA:197,0
DA:198,0
DA:206,0
DA:207,0
DA:208,0
DA:209,0
DA:214,1
DA:215,0
DA:219,0
DA:222,1
DA:223,0
DA:224,0
DA:225,0
DA:226,0
DA:227,0
DA:228,0
DA:233,1
DA:234,0
DA:237,1
DA:238,0
DA:241,1
DA:242,0
DA:245,1
DA:246,0
DA:249,1
DA:250,0
DA:253,1
DA:254,0
DA:257,1
DA:258,0
DA:261,1
DA:262,0
DA:265,1
DA:266,0
DA:269,1
DA:270,0
DA:273,1
DA:274,0
DA:275,0
DA:277,0
DA:280,1
DA:281,0
DA:283,1
DA:284,0
DA:287,1
DA:288,0
DA:291,1
DA:292,0
DA:295,1
DA:296,0
DA:299,1
DA:300,0
DA:303,1
DA:304,0
DA:305,0
DA:308,1
DA:309,0
DA:310,0
DA:313,1
DA:315,0
DA:318,1
DA:319,0
DA:320,0
DA:323,1
DA:324,0
DA:328,1
DA:329,0
DA:332,1
DA:333,0
DA:334,0
DA:336,1
DA:338,0
DA:341,1
DA:343,0
DA:346,1
DA:348,0
DA:350,1
DA:352,0
DA:355,1
DA:357,0
DA:360,1
DA:361,0
DA:363,0
DA:365,0
DA:370,0
DA:373,1
DA:375,0
DA:378,1
DA:380,0
DA:383,1
DA:385,0
DA:388,1
DA:389,0
DA:391,1
DA:393,0
DA:396,1
DA:398,0
DA:401,1
DA:403,0
DA:406,1
DA:408,0
DA:411,1
DA:412,0
DA:415,1
DA:416,0
DA:419,1
DA:420,0
DA:422,1
DA:423,0
DA:426,1
DA:427,0
DA:430,1
DA:431,0
DA:433,1
DA:434,0
DA:436,1
DA:437,0
DA:440,1
DA:441,0
DA:444,1
DA:445,0
DA:448,1
DA:449,0
DA:452,1
DA:453,0
DA:456,1
DA:457,0
DA:460,1
DA:461,0
DA:464,0
DA:467,1
DA:468,0
DA:470,1
DA:471,0
DA:474,1
DA:475,0
DA:477,1
DA:478,0
DA:480,1
DA:481,0
DA:483,1
DA:484,0
DA:488,1
DA:489,0
DA:492,1
DA:493,0
DA:496,1
DA:497,0
DA:500,1
DA:501,0
DA:505,1
DA:506,0
DA:509,1
DA:510,0
DA:513,1
DA:515,0
DA:517,1
DA:519,0
DA:522,1
DA:524,0
DA:527,1
DA:528,0
DA:531,1
DA:532,0
DA:535,1
DA:536,0
DA:539,1
DA:540,0
DA:541,0
DA:544,0
DA:548,0
DA:549,0
DA:550,0
DA:551,0
DA:552,0
DA:553,0
DA:554,0
DA:557,0
DA:558,0
DA:559,0
DA:560,0
DA:563,0
DA:564,0
DA:565,0
DA:566,0
DA:568,0
DA:569,0
DA:570,0
DA:571,0
DA:572,0
DA:573,0
DA:574,0
DA:575,0
DA:576,0
DA:577,0
DA:578,0
DA:579,0
DA:580,0
DA:583,0
DA:584,0
DA:586,0
DA:588,0
DA:589,0
DA:590,0
DA:591,0
DA:592,0
DA:593,0
DA:594,0
DA:595,0
DA:596,0
DA:597,0
DA:598,0
DA:599,0
DA:600,0
DA:601,0
DA:602,0
DA:603,0
DA:604,0
DA:605,0
DA:608,0
DA:609,0
DA:611,0
DA:612,0
DA:616,0
DA:617,0
DA:618,0
DA:619,0
DA:620,0
DA:621,0
DA:622,0
DA:623,0
DA:624,0
DA:627,0
DA:628,0
DA:629,0
DA:632,0
DA:633,0
DA:636,0
DA:642,1
DA:643,0
DA:645,0
DA:646,0
DA:647,0
DA:650,1
DA:651,0
DA:654,1
DA:655,0
DA:658,0
DA:659,0
DA:661,0
DA:662,0
DA:663,0
DA:664,0
DA:665,0
DA:668,0
DA:670,0
DA:671,0
DA:672,0
DA:673,0
DA:674,0
DA:676,0
DA:689,1
DA:690,0
DA:691,0
DA:692,0
DA:695,1
DA:696,0
DA:699,1
DA:700,0
DA:702,1
LF:311
LH:84
BRDA:42,0,0,0
BRDA:44,1,0,0
BRDA:49,2,0,0
BRDA:49,3,0,0
BRDA:49,3,1,0
BRDA:170,4,0,0
BRDA:170,4,1,0
BRDA:170,5,0,0
BRDA:170,5,1,0
BRDA:207,6,0,0
BRDA:224,7,0,0
BRDA:226,8,0,0
BRDA:226,8,1,0
BRDA:226,9,0,0
BRDA:226,9,1,0
BRDA:227,10,0,0
BRDA:227,10,1,0
BRDA:227,11,0,0
BRDA:227,11,1,0
BRDA:228,12,0,0
BRDA:228,12,1,0
BRDA:228,13,0,0
BRDA:228,13,1,0
BRDA:361,14,0,0
BRDA:539,15,0,0
BRDA:565,16,0,0
BRDA:569,17,0,0
BRDA:569,17,1,0
BRDA:583,18,0,0
BRDA:583,18,1,0
BRDA:592,19,0,0
BRDA:592,19,1,0
BRDA:603,20,0,0
BRDA:603,20,1,0
BRDA:603,21,0,0
BRDA:603,21,1,0
BRDA:612,22,0,0
BRDA:612,22,1,0
BRDA:621,23,0,0
BRDA:621,23,1,0
BRDA:632,24,0,0
BRDA:654,25,0,0
BRDA:654,26,0,0
BRDA:655,27,0,0
BRDA:655,27,1,0
BRDA:664,28,0,0
BRDA:664,28,1,0
BRF:47
BRH:0
end_of_record
TN:
SF:projects\shared\services\shared.service.ts
FN:6,(anonymous_0)
FN:17,SharedService
FN:20,(anonymous_2)
FN:28,(anonymous_3)
FN:34,(anonymous_4)
FN:41,(anonymous_5)
FN:47,(anonymous_6)
FN:54,(anonymous_7)
FN:61,(anonymous_8)
FN:65,(anonymous_9)
FN:69,(anonymous_10)
FN:80,(anonymous_11)
FN:87,(anonymous_12)
FN:93,(anonymous_13)
FN:97,(anonymous_14)
FN:104,(anonymous_15)
FN:108,(anonymous_16)
FN:115,(anonymous_17)
FN:120,(anonymous_18)
FN:134,(anonymous_19)
FN:138,(anonymous_20)
FN:151,(anonymous_21)
FN:164,(anonymous_22)
FN:177,(anonymous_23)
FN:302,(anonymous_24)
FN:450,(anonymous_25)
FN:455,(anonymous_26)
FN:470,(anonymous_27)
FN:484,(anonymous_28)
FN:488,(anonymous_29)
FN:503,(anonymous_30)
FN:517,(anonymous_31)
FN:522,(anonymous_32)
FN:526,(anonymous_33)
FN:530,(anonymous_34)
FN:534,(anonymous_35)
FN:542,(anonymous_36)
FN:550,(anonymous_37)
FN:564,(anonymous_38)
FN:574,(anonymous_39)
FN:589,(anonymous_40)
FN:615,(anonymous_41)
FN:658,(anonymous_42)
FNF:43
FNH:2
FNDA:1,(anonymous_0)
FNDA:0,SharedService
FNDA:0,(anonymous_2)
FNDA:0,(anonymous_3)
FNDA:0,(anonymous_4)
FNDA:0,(anonymous_5)
FNDA:0,(anonymous_6)
FNDA:0,(anonymous_7)
FNDA:0,(anonymous_8)
FNDA:0,(anonymous_9)
FNDA:0,(anonymous_10)
FNDA:0,(anonymous_11)
FNDA:0,(anonymous_12)
FNDA:0,(anonymous_13)
FNDA:0,(anonymous_14)
FNDA:0,(anonymous_15)
FNDA:0,(anonymous_16)
FNDA:0,(anonymous_17)
FNDA:0,(anonymous_18)
FNDA:0,(anonymous_19)
FNDA:0,(anonymous_20)
FNDA:0,(anonymous_21)
FNDA:0,(anonymous_22)
FNDA:0,(anonymous_23)
FNDA:0,(anonymous_24)
FNDA:0,(anonymous_25)
FNDA:0,(anonymous_26)
FNDA:0,(anonymous_27)
FNDA:0,(anonymous_28)
FNDA:0,(anonymous_29)
FNDA:0,(anonymous_30)
FNDA:0,(anonymous_31)
FNDA:0,(anonymous_32)
FNDA:0,(anonymous_33)
FNDA:0,(anonymous_34)
FNDA:0,(anonymous_35)
FNDA:0,(anonymous_36)
FNDA:0,(anonymous_37)
FNDA:0,(anonymous_38)
FNDA:0,(anonymous_39)
FNDA:0,(anonymous_40)
FNDA:0,(anonymous_41)
FNDA:1,(anonymous_42)
DA:6,1
DA:7,1
DA:8,1
DA:9,1
DA:10,1
DA:11,1
DA:12,1
DA:13,1
DA:14,1
DA:15,1
DA:16,1
DA:20,1
DA:21,0
DA:22,0
DA:24,0
DA:28,1
DA:29,0
DA:30,0
DA:34,1
DA:35,0
DA:36,0
DA:38,0
DA:41,1
DA:42,0
DA:43,0
DA:47,1
DA:48,0
DA:49,0
DA:51,0
DA:54,1
DA:55,0
DA:56,0
DA:58,0
DA:61,1
DA:62,0
DA:65,1
DA:66,0
DA:69,1
DA:70,0
DA:71,0
DA:72,0
DA:73,0
DA:76,0
DA:77,0
DA:78,0
DA:80,0
DA:81,0
DA:84,0
DA:85,0
DA:87,0
DA:88,0
DA:90,0
DA:93,1
DA:94,0
DA:97,1
DA:98,0
DA:99,0
DA:101,0
DA:104,1
DA:105,0
DA:108,1
DA:109,0
DA:110,0
DA:112,0
DA:115,1
DA:116,0
DA:117,0
DA:120,1
DA:121,0
DA:134,1
DA:135,0
DA:138,1
DA:139,0
DA:141,0
DA:143,0
DA:145,0
DA:147,0
DA:151,1
DA:152,0
DA:154,0
DA:156,0
DA:158,0
DA:160,0
DA:164,1
DA:165,0
DA:167,0
DA:169,0
DA:171,0
DA:173,0
DA:177,1
DA:179,0
DA:180,0
DA:233,0
DA:302,1
DA:303,0
DA:304,0
DA:379,0
DA:450,1
DA:451,0
DA:452,0
DA:455,1
DA:456,0
DA:457,0
DA:470,0
DA:473,0
DA:484,0
DA:488,1
DA:489,0
DA:490,0
DA:503,0
DA:506,0
DA:517,0
DA:522,1
DA:523,0
DA:526,1
DA:527,0
DA:530,1
DA:531,0
DA:534,1
DA:535,0
DA:536,0
DA:537,0
DA:539,0
DA:542,1
DA:543,0
DA:544,0
DA:545,0
DA:547,0
DA:550,1
DA:551,0
DA:552,0
DA:553,0
DA:555,0
DA:556,0
DA:557,0
DA:559,0
DA:564,1
DA:565,0
DA:566,0
DA:567,0
DA:569,0
DA:574,1
DA:575,0
DA:576,0
DA:577,0
DA:580,0
DA:581,0
DA:589,1
DA:590,0
DA:591,0
DA:595,0
DA:596,0
DA:598,0
DA:599,0
DA:602,0
DA:605,0
DA:606,0
DA:609,0
DA:610,0
DA:615,1
DA:616,0
DA:617,0
DA:654,1
DA:658,1
DA:659,1
DA:660,1
DA:661,1
DA:662,1
DA:663,1
DA:664,1
DA:665,1
DA:666,1
DA:667,1
LF:173
LH:56
BRDA:21,0,0,0
BRDA:29,1,0,0
BRDA:29,2,0,0
BRDA:29,2,1,0
BRDA:35,3,0,0
BRDA:35,4,0,0
BRDA:35,4,1,0
BRDA:42,5,0,0
BRDA:42,6,0,0
BRDA:42,6,1,0
BRDA:48,7,0,0
BRDA:55,8,0,0
BRDA:55,9,0,0
BRDA:55,9,1,0
BRDA:72,10,0,0
BRDA:77,11,0,0
BRDA:77,11,1,0
BRDA:80,12,0,0
BRDA:84,13,0,0
BRDA:84,13,1,0
BRDA:87,14,0,0
BRDA:94,15,0,0
BRDA:94,15,1,0
BRDA:94,15,2,0
BRDA:94,16,0,0
BRDA:94,16,1,0
BRDA:94,17,0,0
BRDA:94,17,1,0
BRDA:98,18,0,0
BRDA:98,19,0,0
BRDA:98,19,1,0
BRDA:98,19,2,0
BRDA:109,20,0,0
BRDA:116,21,0,0
BRDA:116,21,1,0
BRDA:121,22,0,0
BRDA:121,22,1,0
BRDA:121,22,2,0
BRDA:139,23,0,0
BRDA:139,23,1,0
BRDA:139,23,2,0
BRDA:139,23,3,0
BRDA:152,24,0,0
BRDA:152,24,1,0
BRDA:152,24,2,0
BRDA:152,24,3,0
BRDA:165,25,0,0
BRDA:165,25,1,0
BRDA:165,25,2,0
BRDA:165,25,3,0
BRDA:179,26,0,0
BRDA:303,27,0,0
BRDA:303,27,1,0
BRDA:451,28,0,0
BRDA:451,28,1,0
BRDA:456,29,0,0
BRDA:456,29,1,0
BRDA:489,30,0,0
BRDA:489,30,1,0
BRDA:536,31,0,0
BRDA:536,32,0,0
BRDA:536,32,1,0
BRDA:544,33,0,0
BRDA:544,34,0,0
BRDA:544,34,1,0
BRDA:552,35,0,0
BRDA:552,36,0,0
BRDA:552,36,1,0
BRDA:556,37,0,0
BRDA:556,38,0,0
BRDA:556,38,1,0
BRDA:566,39,0,0
BRDA:566,40,0,0
BRDA:566,40,1,0
BRDA:575,41,0,0
BRDA:575,41,1,0
BRDA:576,42,0,0
BRDA:580,43,0,0
BRDA:590,44,0,0
BRDA:590,45,0,0
BRDA:590,45,1,0
BRDA:590,45,2,0
BRDA:596,46,0,0
BRDA:596,47,0,0
BRDA:596,47,1,0
BRDA:596,47,2,0
BRDA:598,48,0,0
BRDA:598,49,0,0
BRDA:598,49,1,0
BRDA:615,50,0,0
BRDA:616,51,0,0
BRF:91
BRH:0
end_of_record
TN:
SF:projects\shared\stores\chat.store.ts
FN:65,(anonymous_0)
FN:69,ChatStore
FN:82,(anonymous_2)
FN:89,(anonymous_3)
FN:96,(anonymous_4)
FN:103,(anonymous_5)
FN:110,(anonymous_6)
FN:110,(anonymous_7)
FN:117,(anonymous_8)
FN:117,(anonymous_9)
FN:124,(anonymous_10)
FN:124,(anonymous_11)
FN:131,(anonymous_12)
FN:138,(anonymous_13)
FN:145,(anonymous_14)
FN:155,(anonymous_15)
FN:168,(anonymous_16)
FN:181,(anonymous_17)
FN:195,(anonymous_18)
FN:201,(anonymous_19)
FN:210,(anonymous_20)
FN:211,(anonymous_21)
FN:213,(anonymous_22)
FN:239,(anonymous_23)
FN:242,(anonymous_24)
FN:252,(anonymous_25)
FN:255,(anonymous_26)
FN:265,(anonymous_27)
FN:278,(anonymous_28)
FN:286,(anonymous_29)
FN:298,(anonymous_30)
FN:311,(anonymous_31)
FN:324,(anonymous_32)
FN:327,(anonymous_33)
FN:339,(anonymous_34)
FN:348,(anonymous_35)
FN:361,(anonymous_36)
FN:363,(anonymous_37)
FN:383,(anonymous_38)
FN:392,(anonymous_39)
FN:462,(anonymous_40)
FN:464,(anonymous_41)
FN:481,(anonymous_42)
FN:483,(anonymous_43)
FN:497,(anonymous_44)
FN:504,(anonymous_45)
FN:511,(anonymous_46)
FN:518,(anonymous_47)
FN:525,(anonymous_48)
FN:534,(anonymous_49)
FN:545,(anonymous_50)
FN:549,(anonymous_51)
FN:564,(anonymous_52)
FN:583,(anonymous_53)
FN:653,(anonymous_54)
FN:664,(anonymous_55)
FN:692,(anonymous_56)
FN:710,(anonymous_57)
FN:732,(anonymous_58)
FN:807,(anonymous_59)
FN:825,(anonymous_60)
FN:836,(anonymous_61)
FNF:62
FNH:1
FNDA:1,(anonymous_0)
FNDA:0,ChatStore
FNDA:0,(anonymous_2)
FNDA:0,(anonymous_3)
FNDA:0,(anonymous_4)
FNDA:0,(anonymous_5)
FNDA:0,(anonymous_6)
FNDA:0,(anonymous_7)
FNDA:0,(anonymous_8)
FNDA:0,(anonymous_9)
FNDA:0,(anonymous_10)
FNDA:0,(anonymous_11)
FNDA:0,(anonymous_12)
FNDA:0,(anonymous_13)
FNDA:0,(anonymous_14)
FNDA:0,(anonymous_15)
FNDA:0,(anonymous_16)
FNDA:0,(anonymous_17)
FNDA:0,(anonymous_18)
FNDA:0,(anonymous_19)
FNDA:0,(anonymous_20)
FNDA:0,(anonymous_21)
FNDA:0,(anonymous_22)
FNDA:0,(anonymous_23)
FNDA:0,(anonymous_24)
FNDA:0,(anonymous_25)
FNDA:0,(anonymous_26)
FNDA:0,(anonymous_27)
FNDA:0,(anonymous_28)
FNDA:0,(anonymous_29)
FNDA:0,(anonymous_30)
FNDA:0,(anonymous_31)
FNDA:0,(anonymous_32)
FNDA:0,(anonymous_33)
FNDA:0,(anonymous_34)
FNDA:0,(anonymous_35)
FNDA:0,(anonymous_36)
FNDA:0,(anonymous_37)
FNDA:0,(anonymous_38)
FNDA:0,(anonymous_39)
FNDA:0,(anonymous_40)
FNDA:0,(anonymous_41)
FNDA:0,(anonymous_42)
FNDA:0,(anonymous_43)
FNDA:0,(anonymous_44)
FNDA:0,(anonymous_45)
FNDA:0,(anonymous_46)
FNDA:0,(anonymous_47)
FNDA:0,(anonymous_48)
FNDA:0,(anonymous_49)
FNDA:0,(anonymous_50)
FNDA:0,(anonymous_51)
FNDA:0,(anonymous_52)
FNDA:0,(anonymous_53)
FNDA:0,(anonymous_54)
FNDA:0,(anonymous_55)
FNDA:0,(anonymous_56)
FNDA:0,(anonymous_57)
FNDA:0,(anonymous_58)
FNDA:0,(anonymous_59)
FNDA:0,(anonymous_60)
FNDA:0,(anonymous_61)
DA:43,1
DA:65,1
DA:66,0
DA:67,0
DA:70,0
DA:71,0
DA:81,0
DA:82,0
DA:88,0
DA:89,0
DA:95,0
DA:96,0
DA:102,0
DA:103,0
DA:109,0
DA:110,0
DA:116,0
DA:117,0
DA:123,0
DA:124,0
DA:130,0
DA:131,0
DA:137,0
DA:138,0
DA:144,0
DA:145,0
DA:155,0
DA:156,0
DA:161,0
DA:162,0
DA:168,0
DA:169,0
DA:174,0
DA:175,0
DA:181,0
DA:182,0
DA:187,0
DA:188,0
DA:195,0
DA:201,0
DA:210,0
DA:211,0
DA:213,0
DA:214,0
DA:215,0
DA:218,0
DA:219,0
DA:221,0
DA:224,0
DA:227,0
DA:232,0
DA:233,0
DA:239,0
DA:240,0
DA:242,0
DA:245,0
DA:246,0
DA:252,0
DA:253,0
DA:255,0
DA:258,0
DA:259,0
DA:265,0
DA:266,0
DA:271,0
DA:272,0
DA:278,0
DA:286,0
DA:287,0
DA:291,0
DA:292,0
DA:298,0
DA:299,0
DA:304,0
DA:305,0
DA:311,0
DA:312,0
DA:317,0
DA:318,0
DA:324,0
DA:325,0
DA:328,0
DA:332,0
DA:333,0
DA:339,0
DA:348,0
DA:361,0
DA:362,0
DA:364,0
DA:365,0
DA:367,0
DA:373,0
DA:375,0
DA:383,0
DA:391,0
DA:400,0
DA:402,0
DA:403,0
DA:406,0
DA:407,0
DA:408,0
DA:409,0
DA:412,0
DA:414,0
DA:417,0
DA:418,0
DA:419,0
DA:421,0
DA:425,0
DA:428,0
DA:430,0
DA:432,0
DA:435,0
DA:437,0
DA:438,0
DA:441,0
DA:453,0
DA:454,0
DA:462,0
DA:463,0
DA:465,0
DA:472,0
DA:473,0
DA:481,0
DA:482,0
DA:484,0
DA:485,0
DA:497,1
DA:498,0
DA:504,1
DA:505,0
DA:511,1
DA:512,0
DA:518,1
DA:519,0
DA:525,1
DA:526,0
DA:527,0
DA:528,0
DA:534,1
DA:535,0
DA:545,1
DA:546,0
DA:547,0
DA:549,0
DA:555,0
DA:557,0
DA:564,1
DA:565,0
DA:566,0
DA:567,0
DA:569,0
DA:572,0
DA:573,0
DA:576,0
DA:577,0
DA:579,0
DA:583,0
DA:589,0
DA:590,0
DA:594,0
DA:595,0
DA:600,0
DA:601,0
DA:602,0
DA:606,0
DA:608,0
DA:613,0
DA:614,0
DA:615,0
DA:617,0
DA:621,0
DA:623,0
DA:627,0
DA:638,0
DA:639,0
DA:642,0
DA:643,0
DA:653,1
DA:654,0
DA:655,0
DA:657,0
DA:664,1
DA:665,0
DA:666,0
DA:667,0
DA:668,0
DA:671,0
DA:672,0
DA:673,0
DA:674,0
DA:675,0
DA:676,0
DA:677,0
DA:681,0
DA:682,0
DA:686,0
DA:687,0
DA:690,0
DA:692,0
DA:694,0
DA:695,0
DA:696,0
DA:697,0
DA:701,0
DA:702,0
DA:703,0
DA:710,1
DA:711,0
DA:712,0
DA:715,0
DA:716,0
DA:717,0
DA:720,0
DA:721,0
DA:722,0
DA:723,0
DA:724,0
DA:726,0
DA:732,1
DA:733,0
DA:735,0
DA:736,0
DA:737,0
DA:739,0
DA:743,0
DA:745,0
DA:746,0
DA:748,0
DA:749,0
DA:750,0
DA:751,0
DA:752,0
DA:753,0
DA:759,0
DA:760,0
DA:761,0
DA:762,0
DA:763,0
DA:764,0
DA:765,0
DA:766,0
DA:767,0
DA:768,0
DA:774,0
DA:780,0
DA:790,0
DA:793,0
DA:794,0
DA:795,0
DA:797,0
DA:800,0
DA:801,0
DA:807,1
DA:809,0
DA:812,0
DA:813,0
DA:814,0
DA:815,0
DA:817,0
DA:824,0
DA:825,0
DA:827,0
DA:830,0
DA:836,1
DA:837,0
DA:838,0
DA:840,0
DA:841,0
DA:844,0
DA:847,0
DA:848,0
DA:849,0
DA:850,0
DA:851,0
DA:852,0
DA:854,0
DA:855,0
DA:856,0
DA:857,0
DA:859,0
DA:863,0
DA:864,0
DA:866,1
LF:284
LH:17
BRDA:70,0,0,0
BRDA:70,0,1,0
BRDA:124,1,0,0
BRDA:124,1,1,0
BRDA:221,2,0,0
BRDA:221,2,1,0
BRDA:221,2,2,0
BRDA:328,3,0,0
BRDA:328,3,1,0
BRDA:402,4,0,0
BRDA:417,5,0,0
BRDA:417,5,1,0
BRDA:430,6,0,0
BRDA:435,7,0,0
BRDA:446,8,0,0
BRDA:446,8,1,0
BRDA:567,9,0,0
BRDA:576,10,0,0
BRDA:589,11,0,0
BRDA:589,11,1,0
BRDA:594,12,0,0
BRDA:594,12,1,0
BRDA:600,13,0,0
BRDA:600,14,0,0
BRDA:600,14,1,0
BRDA:601,15,0,0
BRDA:601,16,0,0
BRDA:601,16,1,0
BRDA:613,17,0,0
BRDA:613,18,0,0
BRDA:613,18,1,0
BRDA:621,19,0,0
BRDA:621,19,1,0
BRDA:623,20,0,0
BRDA:623,20,1,0
BRDA:625,21,0,0
BRDA:625,21,1,0
BRDA:625,22,0,0
BRDA:625,22,1,0
BRDA:632,23,0,0
BRDA:632,23,1,0
BRDA:638,24,0,0
BRDA:638,25,0,0
BRDA:638,25,1,0
BRDA:671,26,0,0
BRDA:671,27,0,0
BRDA:671,27,1,0
BRDA:675,28,0,0
BRDA:675,28,1,0
BRDA:675,29,0,0
BRDA:675,29,1,0
BRDA:681,30,0,0
BRDA:686,31,0,0
BRDA:687,32,0,0
BRDA:687,32,1,0
BRDA:687,33,0,0
BRDA:687,33,1,0
BRDA:694,34,0,0
BRDA:701,35,0,0
BRDA:711,36,0,0
BRDA:716,37,0,0
BRDA:720,38,0,0
BRDA:720,38,1,0
BRDA:726,39,0,0
BRDA:726,39,1,0
BRDA:726,39,2,0
BRDA:748,40,0,0
BRDA:752,41,0,0
BRDA:759,42,0,0
BRDA:764,43,0,0
BRDA:764,44,0,0
BRDA:764,44,1,0
BRDA:767,45,0,0
BRDA:780,46,0,0
BRDA:780,46,1,0
BRDA:780,46,2,0
BRDA:780,46,3,0
BRDA:780,46,4,0
BRDA:780,46,5,0
BRDA:780,46,6,0
BRDA:780,46,7,0
BRDA:780,46,8,0
BRDA:793,47,0,0
BRDA:793,47,1,0
BRDA:793,48,0,0
BRDA:793,48,1,0
BRDA:813,49,0,0
BRDA:815,50,0,0
BRDA:840,51,0,0
BRDA:849,52,0,0
BRDA:849,53,0,0
BRDA:849,53,1,0
BRDA:854,54,0,0
BRDA:854,55,0,0
BRDA:854,55,1,0
BRF:95
BRH:0
end_of_record
TN:
SF:projects\shared\stores\owl.store.ts
FN:35,(anonymous_0)
FN:38,OwlStore
FN:51,(anonymous_2)
FN:58,(anonymous_3)
FN:65,(anonymous_4)
FN:73,(anonymous_5)
FN:83,(anonymous_6)
FN:96,(anonymous_7)
FN:109,(anonymous_8)
FN:122,(anonymous_9)
FN:130,(anonymous_10)
FN:147,(anonymous_11)
FN:154,(anonymous_12)
FN:161,(anonymous_13)
FN:173,(anonymous_14)
FN:188,(anonymous_15)
FN:213,(anonymous_16)
FNF:17
FNH:1
FNDA:1,(anonymous_0)
FNDA:0,OwlStore
FNDA:0,(anonymous_2)
FNDA:0,(anonymous_3)
FNDA:0,(anonymous_4)
FNDA:0,(anonymous_5)
FNDA:0,(anonymous_6)
FNDA:0,(anonymous_7)
FNDA:0,(anonymous_8)
FNDA:0,(anonymous_9)
FNDA:0,(anonymous_10)
FNDA:0,(anonymous_11)
FNDA:0,(anonymous_12)
FNDA:0,(anonymous_13)
FNDA:0,(anonymous_14)
FNDA:0,(anonymous_15)
FNDA:0,(anonymous_16)
DA:17,1
DA:35,1
DA:36,0
DA:39,0
DA:40,0
DA:50,0
DA:51,0
DA:57,0
DA:58,0
DA:64,0
DA:65,0
DA:72,0
DA:73,0
DA:83,0
DA:84,0
DA:89,0
DA:90,0
DA:96,0
DA:97,0
DA:102,0
DA:103,0
DA:109,0
DA:110,0
DA:115,0
DA:116,0
DA:122,0
DA:123,0
DA:124,0
DA:130,0
DA:131,0
DA:136,0
DA:137,0
DA:147,1
DA:148,0
DA:154,1
DA:155,0
DA:161,1
DA:162,0
DA:163,0
DA:173,1
DA:174,0
DA:175,0
DA:179,0
DA:181,0
DA:188,1
DA:189,0
DA:190,0
DA:191,0
DA:192,0
DA:195,0
DA:196,0
DA:199,0
DA:205,0
DA:206,0
DA:213,1
DA:214,0
DA:215,0
DA:217,0
DA:220,1
LF:59
LH:9
BRDA:39,0,0,0
BRDA:39,0,1,0
BRDA:73,1,0,0
BRDA:73,1,1,0
BRDA:163,2,0,0
BRDA:163,2,1,0
BRDA:191,3,0,0
BRF:7
BRH:0
end_of_record
