TN:
SF:projects\shared\polyfills.ts
FNF:0
FNH:0
DA:5,1
LF:1
LH:1
BRF:0
BRH:0
end_of_record
TN:
SF:projects\shared\component\adults-audio-meditation\adults-audio-meditation.component.ts
FN:24,(anonymous_0)
FN:52,(anonymous_1)
FN:67,(anonymous_2)
FN:71,(anonymous_3)
FN:74,(anonymous_4)
FN:90,(anonymous_5)
FN:102,(anonymous_6)
FN:108,(anonymous_7)
FNF:8
FNH:8
FNDA:51,(anonymous_0)
FNDA:8,(anonymous_1)
FNDA:5,(anonymous_2)
FNDA:2,(anonymous_3)
FNDA:1,(anonymous_4)
FNDA:9,(anonymous_5)
FNDA:3,(anonymous_6)
FNDA:3,(anonymous_7)
DA:13,1
DA:18,51
DA:19,51
DA:20,51
DA:21,51
DA:22,51
DA:25,51
DA:26,51
DA:27,51
DA:28,51
DA:30,51
DA:32,51
DA:33,51
DA:34,51
DA:35,1
DA:37,51
DA:38,51
DA:39,51
DA:40,51
DA:41,50
DA:44,51
DA:45,51
DA:46,51
DA:47,51
DA:48,50
DA:53,8
DA:54,8
DA:55,2
DA:57,6
DA:59,8
DA:60,4
DA:62,4
DA:64,8
DA:68,5
DA:69,3
DA:71,3
DA:72,2
DA:73,2
DA:74,2
DA:75,1
DA:82,3
DA:83,2
DA:85,1
DA:91,9
DA:93,9
DA:94,9
DA:99,9
DA:103,3
DA:104,2
DA:109,3
DA:110,3
DA:111,2
DA:113,1
LF:53
LH:53
BRDA:34,0,0,1
BRDA:40,1,0,50
BRDA:46,2,0,50
BRDA:46,2,1,1
BRDA:47,3,0,50
BRDA:54,4,0,2
BRDA:54,4,1,6
BRDA:59,5,0,4
BRDA:59,5,1,4
BRDA:68,6,0,3
BRDA:68,7,0,5
BRDA:68,7,1,4
BRDA:73,8,0,2
BRDA:82,9,0,2
BRDA:82,9,1,1
BRDA:91,10,0,5
BRDA:91,10,1,4
BRDA:103,11,0,2
BRDA:110,12,0,2
BRDA:110,12,1,1
BRF:20
BRH:20
end_of_record
TN:
SF:projects\shared\component\all-stories\all-stories.page.ts
FN:28,(anonymous_0)
FN:33,(anonymous_1)
FN:53,(anonymous_2)
FN:65,(anonymous_3)
FN:66,(anonymous_4)
FN:70,(anonymous_5)
FN:71,(anonymous_6)
FN:80,(anonymous_7)
FN:81,(anonymous_8)
FN:84,(anonymous_9)
FN:85,(anonymous_10)
FN:92,(anonymous_11)
FN:106,(anonymous_12)
FN:117,(anonymous_13)
FN:124,(anonymous_14)
FN:135,(anonymous_15)
FN:142,(anonymous_16)
FN:156,(anonymous_17)
FN:164,(anonymous_18)
FNF:19
FNH:19
FNDA:59,(anonymous_0)
FNDA:11,(anonymous_1)
FNDA:2,(anonymous_2)
FNDA:21,(anonymous_3)
FNDA:20,(anonymous_4)
FNDA:59,(anonymous_5)
FNDA:76,(anonymous_6)
FNDA:1,(anonymous_7)
FNDA:20,(anonymous_8)
FNDA:4,(anonymous_9)
FNDA:8,(anonymous_10)
FNDA:11,(anonymous_11)
FNDA:5,(anonymous_12)
FNDA:2,(anonymous_13)
FNDA:10,(anonymous_14)
FNDA:36,(anonymous_15)
FNDA:6,(anonymous_16)
FNDA:9,(anonymous_17)
FNDA:4,(anonymous_18)
DA:14,1
DA:15,59
DA:16,59
DA:17,59
DA:18,59
DA:19,59
DA:21,59
DA:22,59
DA:23,59
DA:24,59
DA:25,59
DA:26,59
DA:27,59
DA:28,59
DA:29,59
DA:30,59
DA:31,59
DA:34,11
DA:35,11
DA:36,11
DA:37,11
DA:38,11
DA:39,11
DA:40,11
DA:41,11
DA:42,2
DA:44,9
DA:46,11
DA:47,10
DA:49,1
DA:54,2
DA:55,2
DA:56,2
DA:57,1
DA:59,1
DA:66,21
DA:68,20
DA:70,59
DA:71,76
DA:74,19
DA:75,19
DA:76,19
DA:77,19
DA:80,1
DA:82,20
DA:83,20
DA:84,4
DA:85,8
DA:93,11
DA:94,11
DA:95,11
DA:96,11
DA:97,11
DA:98,1
DA:99,1
DA:101,10
DA:102,10
DA:103,9
DA:104,9
DA:105,9
DA:106,5
DA:107,5
DA:110,4
DA:112,1
DA:113,1
DA:118,2
DA:119,1
DA:121,1
DA:126,10
DA:128,1
DA:129,1
DA:134,9
DA:135,36
DA:136,9
DA:137,9
DA:144,6
DA:146,3
DA:147,3
DA:151,3
DA:152,3
DA:157,9
DA:158,8
DA:160,1
DA:165,4
DA:166,4
DA:168,1
LF:86
LH:86
BRDA:41,0,0,2
BRDA:41,0,1,9
BRDA:41,1,0,11
BRDA:41,1,1,3
BRDA:46,2,0,10
BRDA:46,2,1,1
BRDA:56,3,0,1
BRDA:56,3,1,1
BRDA:68,4,0,19
BRDA:83,5,0,4
BRDA:83,6,0,20
BRDA:83,6,1,6
BRDA:95,7,0,11
BRDA:95,7,1,6
BRDA:96,8,0,11
BRDA:96,8,1,10
BRDA:97,9,0,1
BRDA:97,10,0,11
BRDA:97,10,1,5
BRDA:101,11,0,10
BRDA:101,11,1,4
BRDA:101,11,2,3
BRDA:102,12,0,9
BRDA:102,12,1,1
BRDA:105,13,0,5
BRDA:105,13,1,4
BRDA:105,14,0,9
BRDA:105,14,1,5
BRDA:112,15,0,1
BRDA:118,16,0,1
BRDA:118,16,1,1
BRDA:126,17,0,1
BRDA:126,17,1,9
BRDA:135,18,0,36
BRDA:135,18,1,19
BRDA:135,18,2,18
BRDA:144,19,0,3
BRDA:144,19,1,3
BRDA:157,20,0,8
BRDA:157,20,1,1
BRDA:166,21,0,1
BRF:41
BRH:41
end_of_record
TN:
SF:projects\shared\component\audio-bucket\audio-bucket.component.ts
FN:33,(anonymous_0)
FN:39,(anonymous_1)
FN:44,(anonymous_2)
FN:54,(anonymous_3)
FN:61,(anonymous_4)
FN:67,(anonymous_5)
FN:79,(anonymous_6)
FN:85,(anonymous_7)
FN:86,(anonymous_8)
FN:95,(anonymous_9)
FNF:10
FNH:10
FNDA:37,(anonymous_0)
FNDA:37,(anonymous_1)
FNDA:8,(anonymous_2)
FNDA:2,(anonymous_3)
FNDA:3,(anonymous_4)
FNDA:8,(anonymous_5)
FNDA:40,(anonymous_6)
FNDA:3,(anonymous_7)
FNDA:2,(anonymous_8)
FNDA:3,(anonymous_9)
DA:12,1
DA:13,37
DA:17,37
DA:20,37
DA:23,37
DA:24,37
DA:27,37
DA:28,37
DA:34,37
DA:35,37
DA:36,37
DA:37,37
DA:39,37
DA:40,37
DA:46,8
DA:47,8
DA:48,8
DA:49,8
DA:50,8
DA:52,8
DA:53,3
DA:54,2
DA:64,3
DA:69,8
DA:70,8
DA:71,7
DA:72,3
DA:73,3
DA:74,3
DA:80,40
DA:81,4
DA:86,3
DA:87,2
DA:88,1
DA:89,1
DA:96,3
LF:36
LH:36
BRDA:52,0,0,3
BRDA:53,1,0,2
BRDA:54,2,0,0
BRDA:54,2,1,2
BRDA:71,3,0,3
BRDA:80,4,0,4
BRDA:87,5,0,1
BRF:7
BRH:6
end_of_record
TN:
SF:projects\shared\component\audio-bullet\audio-bullet.component.ts
FN:32,(anonymous_0)
FN:38,(anonymous_1)
FN:43,(anonymous_2)
FN:65,(anonymous_3)
FN:69,(anonymous_4)
FN:85,(anonymous_5)
FN:90,(anonymous_6)
FN:100,(anonymous_7)
FN:106,(anonymous_8)
FN:107,(anonymous_9)
FN:116,(anonymous_10)
FNF:11
FNH:10
FNDA:13,(anonymous_0)
FNDA:13,(anonymous_1)
FNDA:4,(anonymous_2)
FNDA:0,(anonymous_3)
FNDA:5,(anonymous_4)
FNDA:1,(anonymous_5)
FNDA:2,(anonymous_6)
FNDA:14,(anonymous_7)
FNDA:5,(anonymous_8)
FNDA:1,(anonymous_9)
FNDA:1,(anonymous_10)
DA:11,1
DA:12,13
DA:17,13
DA:23,13
DA:26,13
DA:27,13
DA:33,13
DA:34,13
DA:35,13
DA:36,13
DA:38,13
DA:39,13
DA:44,4
DA:45,4
DA:46,4
DA:47,4
DA:48,4
DA:51,4
DA:52,4
DA:53,4
DA:56,4
DA:57,4
DA:58,4
DA:59,4
DA:60,4
DA:63,4
DA:64,3
DA:65,2
DA:70,5
DA:73,5
DA:74,5
DA:81,5
DA:88,1
DA:91,2
DA:92,2
DA:93,2
DA:94,1
DA:95,1
DA:96,1
DA:101,14
DA:102,4
DA:107,5
DA:108,1
DA:109,1
DA:110,1
DA:117,1
LF:46
LH:46
BRDA:47,0,0,4
BRDA:47,1,0,4
BRDA:47,1,1,4
BRDA:52,2,0,4
BRDA:52,3,0,4
BRDA:52,3,1,4
BRDA:63,4,0,3
BRDA:64,5,0,2
BRDA:65,6,0,0
BRDA:65,6,1,0
BRDA:70,7,0,4
BRDA:70,7,1,1
BRDA:93,8,0,1
BRDA:101,9,0,4
BRDA:108,10,0,1
BRF:15
BRH:13
end_of_record
TN:
SF:projects\shared\component\audio-circles\audio-circles.component.ts
FN:31,(anonymous_0)
FN:41,(anonymous_1)
FN:50,(anonymous_2)
FN:55,(anonymous_3)
FN:59,(anonymous_4)
FN:70,(anonymous_5)
FN:75,(anonymous_6)
FN:81,(anonymous_7)
FN:82,(anonymous_8)
FN:94,(anonymous_9)
FNF:10
FNH:7
FNDA:14,(anonymous_0)
FNDA:1,(anonymous_1)
FNDA:0,(anonymous_2)
FNDA:1,(anonymous_3)
FNDA:2,(anonymous_4)
FNDA:1,(anonymous_5)
FNDA:16,(anonymous_6)
FNDA:0,(anonymous_7)
FNDA:0,(anonymous_8)
FNDA:1,(anonymous_9)
DA:11,1
DA:15,14
DA:18,14
DA:20,14
DA:21,14
DA:22,14
DA:24,14
DA:25,14
DA:26,14
DA:29,14
DA:32,14
DA:34,14
DA:35,13
DA:37,1
DA:43,1
DA:44,1
DA:45,1
DA:46,1
DA:48,1
DA:49,0
DA:50,0
DA:56,1
DA:60,2
DA:61,2
DA:62,2
DA:63,1
DA:64,1
DA:65,1
DA:71,1
DA:72,1
DA:76,16
DA:77,2
DA:82,0
DA:83,0
DA:84,0
DA:85,0
DA:95,1
LF:37
LH:31
BRDA:22,0,0,14
BRDA:22,0,1,0
BRDA:34,1,0,13
BRDA:34,1,1,1
BRDA:48,2,0,0
BRDA:49,3,0,0
BRDA:50,4,0,0
BRDA:50,4,1,0
BRDA:62,5,0,1
BRDA:76,6,0,2
BRDA:83,7,0,0
BRF:11
BRH:5
end_of_record
TN:
SF:projects\shared\component\audio-content\audio-content.component.ts
FN:51,(anonymous_0)
FN:56,(anonymous_1)
FN:63,(anonymous_2)
FN:70,(anonymous_3)
FN:76,(anonymous_4)
FN:81,(anonymous_5)
FN:82,(anonymous_6)
FN:91,(anonymous_7)
FN:103,(anonymous_8)
FN:108,(anonymous_9)
FN:118,(anonymous_10)
FN:124,(anonymous_11)
FN:129,(anonymous_12)
FN:134,(anonymous_13)
FNF:14
FNH:14
FNDA:40,(anonymous_0)
FNDA:40,(anonymous_1)
FNDA:8,(anonymous_2)
FNDA:8,(anonymous_3)
FNDA:1,(anonymous_4)
FNDA:3,(anonymous_5)
FNDA:1,(anonymous_6)
FNDA:5,(anonymous_7)
FNDA:2,(anonymous_8)
FNDA:6,(anonymous_9)
FNDA:43,(anonymous_10)
FNDA:1,(anonymous_11)
FNDA:5,(anonymous_12)
FNDA:1,(anonymous_13)
DA:21,1
DA:22,40
DA:29,40
DA:33,40
DA:36,40
DA:37,40
DA:38,40
DA:46,40
DA:47,40
DA:48,40
DA:49,40
DA:52,40
DA:53,40
DA:54,40
DA:56,40
DA:57,40
DA:60,40
DA:64,8
DA:65,8
DA:66,8
DA:67,8
DA:70,8
DA:71,8
DA:74,8
DA:75,7
DA:76,3
DA:82,3
DA:83,1
DA:84,1
DA:85,1
DA:88,3
DA:92,5
DA:94,5
DA:95,5
DA:100,5
DA:104,2
DA:105,2
DA:109,6
DA:110,6
DA:111,6
DA:112,3
DA:113,3
DA:114,3
DA:119,43
DA:120,6
DA:125,1
DA:126,1
DA:130,5
DA:131,5
DA:135,1
LF:50
LH:50
BRDA:38,0,0,40
BRDA:38,0,1,0
BRDA:74,1,0,7
BRDA:75,2,0,3
BRDA:76,3,0,0
BRDA:76,3,1,1
BRDA:83,4,0,1
BRDA:92,5,0,4
BRDA:92,5,1,1
BRDA:111,6,0,3
BRDA:119,7,0,6
BRF:11
BRH:9
end_of_record
TN:
SF:projects\shared\component\audio-diagram\audio-diagram.component.ts
FN:32,(anonymous_0)
FN:38,(anonymous_1)
FN:43,(anonymous_2)
FN:53,(anonymous_3)
FN:58,(anonymous_4)
FN:64,(anonymous_5)
FN:75,(anonymous_6)
FN:81,(anonymous_7)
FN:82,(anonymous_8)
FN:91,(anonymous_9)
FNF:10
FNH:10
FNDA:11,(anonymous_0)
FNDA:11,(anonymous_1)
FNDA:9,(anonymous_2)
FNDA:1,(anonymous_3)
FNDA:1,(anonymous_4)
FNDA:3,(anonymous_5)
FNDA:12,(anonymous_6)
FNDA:9,(anonymous_7)
FNDA:1,(anonymous_8)
FNDA:1,(anonymous_9)
DA:11,1
DA:12,11
DA:17,11
DA:20,11
DA:23,11
DA:24,11
DA:26,11
DA:27,11
DA:33,11
DA:34,11
DA:35,11
DA:36,11
DA:38,11
DA:39,11
DA:45,9
DA:46,9
DA:47,9
DA:48,9
DA:49,9
DA:51,9
DA:52,9
DA:53,8
DA:61,1
DA:65,3
DA:66,3
DA:67,3
DA:68,1
DA:69,1
DA:70,1
DA:76,12
DA:77,9
DA:82,9
DA:83,1
DA:84,1
DA:85,1
DA:92,1
LF:36
LH:36
BRDA:51,0,0,9
BRDA:52,1,0,8
BRDA:53,2,0,0
BRDA:53,2,1,1
BRDA:67,3,0,1
BRDA:76,4,0,9
BRDA:83,5,0,1
BRF:7
BRH:6
end_of_record
TN:
SF:projects\shared\component\audio-header\audio-header.component.ts
FN:52,(anonymous_0)
FN:65,(anonymous_1)
FN:89,(anonymous_2)
FN:124,(anonymous_3)
FN:133,(anonymous_4)
FN:140,(anonymous_5)
FN:156,(anonymous_6)
FN:160,(anonymous_7)
FN:165,(anonymous_8)
FN:184,(anonymous_9)
FN:192,(anonymous_10)
FN:197,(anonymous_11)
FN:200,(anonymous_12)
FN:208,(anonymous_13)
FN:225,(anonymous_14)
FN:227,(anonymous_15)
FN:232,(anonymous_16)
FN:244,(anonymous_17)
FN:245,(anonymous_18)
FN:249,(anonymous_19)
FN:252,(anonymous_20)
FN:255,(anonymous_21)
FN:262,(anonymous_22)
FN:275,(anonymous_23)
FNF:24
FNH:16
FNDA:22,(anonymous_0)
FNDA:4,(anonymous_1)
FNDA:1,(anonymous_2)
FNDA:2,(anonymous_3)
FNDA:46,(anonymous_4)
FNDA:1,(anonymous_5)
FNDA:0,(anonymous_6)
FNDA:1,(anonymous_7)
FNDA:2,(anonymous_8)
FNDA:0,(anonymous_9)
FNDA:0,(anonymous_10)
FNDA:0,(anonymous_11)
FNDA:0,(anonymous_12)
FNDA:0,(anonymous_13)
FNDA:0,(anonymous_14)
FNDA:0,(anonymous_15)
FNDA:2,(anonymous_16)
FNDA:5,(anonymous_17)
FNDA:42,(anonymous_18)
FNDA:4,(anonymous_19)
FNDA:4,(anonymous_20)
FNDA:4,(anonymous_21)
FNDA:3,(anonymous_22)
FNDA:1,(anonymous_23)
DA:16,1
DA:27,22
DA:28,22
DA:30,22
DA:32,22
DA:33,22
DA:34,22
DA:37,22
DA:38,22
DA:40,22
DA:41,22
DA:42,22
DA:43,22
DA:44,22
DA:45,22
DA:46,22
DA:47,22
DA:48,22
DA:49,22
DA:50,22
DA:52,22
DA:53,22
DA:54,22
DA:55,22
DA:56,22
DA:57,22
DA:58,22
DA:59,22
DA:60,22
DA:61,22
DA:62,22
DA:66,4
DA:67,4
DA:68,1
DA:71,4
DA:72,4
DA:73,4
DA:74,4
DA:75,4
DA:76,4
DA:77,1
DA:79,4
DA:80,4
DA:81,4
DA:83,4
DA:84,0
DA:85,0
DA:117,1
DA:118,1
DA:119,1
DA:125,2
DA:126,1
DA:128,1
DA:129,1
DA:134,46
DA:135,23
DA:137,46
DA:145,1
DA:147,1
DA:148,0
DA:152,1
DA:157,0
DA:161,1
DA:162,1
DA:166,2
DA:167,1
DA:170,1
DA:171,1
DA:185,0
DA:193,0
DA:194,0
DA:195,0
DA:198,0
DA:201,0
DA:202,0
DA:203,0
DA:205,0
DA:213,0
DA:214,0
DA:215,0
DA:219,0
DA:221,0
DA:228,0
DA:233,2
DA:235,1
DA:236,1
DA:238,1
DA:239,1
DA:241,0
DA:245,42
DA:246,5
DA:250,4
DA:253,4
DA:254,4
DA:255,4
DA:256,4
DA:263,3
DA:264,3
DA:265,2
DA:266,1
DA:267,1
DA:268,1
DA:269,1
DA:312,1
DA:313,1
LF:105
LH:85
BRDA:38,0,0,0
BRDA:38,0,1,22
BRDA:59,1,0,0
BRDA:59,1,1,22
BRDA:60,2,0,21
BRDA:60,2,1,1
BRDA:67,3,0,1
BRDA:67,4,0,4
BRDA:67,4,1,4
BRDA:73,5,0,0
BRDA:73,5,1,4
BRDA:76,6,0,1
BRDA:83,7,0,0
BRDA:125,8,0,1
BRDA:125,8,1,1
BRDA:125,9,0,2
BRDA:125,9,1,1
BRDA:134,10,0,23
BRDA:147,11,0,0
BRDA:147,11,1,1
BRDA:166,12,0,1
BRDA:166,12,1,1
BRDA:214,13,0,0
BRDA:214,13,1,0
BRDA:233,14,0,1
BRDA:233,14,1,1
BRDA:233,14,2,0
BRDA:264,15,0,2
BRDA:265,16,0,1
BRDA:265,16,1,1
BRDA:265,17,0,2
BRDA:265,17,1,1
BRDA:267,18,0,1
BRF:33
BRH:25
end_of_record
TN:
SF:projects\shared\component\audio-image-overlay\audio-image-overlay.component.ts
FN:36,(anonymous_0)
FN:42,(anonymous_1)
FN:47,(anonymous_2)
FN:57,(anonymous_3)
FN:62,(anonymous_4)
FN:68,(anonymous_5)
FN:79,(anonymous_6)
FN:85,(anonymous_7)
FN:86,(anonymous_8)
FN:96,(anonymous_9)
FNF:10
FNH:7
FNDA:8,(anonymous_0)
FNDA:8,(anonymous_1)
FNDA:1,(anonymous_2)
FNDA:0,(anonymous_3)
FNDA:1,(anonymous_4)
FNDA:2,(anonymous_5)
FNDA:10,(anonymous_6)
FNDA:0,(anonymous_7)
FNDA:0,(anonymous_8)
FNDA:1,(anonymous_9)
DA:11,1
DA:13,8
DA:20,8
DA:24,8
DA:27,8
DA:28,8
DA:30,8
DA:31,8
DA:37,8
DA:38,8
DA:39,8
DA:40,8
DA:42,8
DA:43,8
DA:49,1
DA:50,1
DA:51,1
DA:52,1
DA:53,1
DA:55,1
DA:56,0
DA:57,0
DA:65,1
DA:69,2
DA:70,2
DA:71,2
DA:72,1
DA:73,1
DA:74,1
DA:80,10
DA:81,2
DA:86,0
DA:87,0
DA:88,0
DA:89,0
DA:97,1
LF:36
LH:30
BRDA:55,0,0,0
BRDA:56,1,0,0
BRDA:57,2,0,0
BRDA:57,2,1,0
BRDA:71,3,0,1
BRDA:80,4,0,2
BRDA:87,5,0,0
BRF:7
BRH:2
end_of_record
TN:
SF:projects\shared\component\audio-player\audio-player.component.ts
FN:16,(anonymous_0)
FN:18,(anonymous_1)
FN:28,(anonymous_2)
FNF:3
FNH:3
FNDA:29,(anonymous_0)
FNDA:14,(anonymous_1)
FNDA:23,(anonymous_2)
DA:10,1
DA:12,29
DA:15,29
DA:20,14
DA:21,5
DA:23,9
DA:25,14
DA:29,23
DA:32,23
DA:33,23
DA:40,23
LF:11
LH:11
BRDA:20,0,0,5
BRDA:20,0,1,9
BRDA:29,1,0,13
BRDA:29,1,1,10
BRF:4
BRH:4
end_of_record
TN:
SF:projects\shared\component\bg-video\bg-video.component.ts
FNF:0
FNH:0
DA:7,1
LF:1
LH:1
BRF:0
BRH:0
end_of_record
TN:
SF:projects\shared\component\blogs\blog-article\blog-article.page.ts
FN:35,(anonymous_0)
FN:46,(anonymous_1)
FN:64,(anonymous_2)
FN:72,(anonymous_3)
FN:74,(anonymous_4)
FN:79,(anonymous_5)
FN:83,(anonymous_6)
FN:113,(anonymous_7)
FN:132,(anonymous_8)
FN:135,(anonymous_9)
FN:139,(anonymous_10)
FN:141,(anonymous_11)
FN:145,(anonymous_12)
FN:156,(anonymous_13)
FN:162,(anonymous_14)
FN:175,(anonymous_15)
FN:182,(anonymous_16)
FN:193,(anonymous_17)
FN:199,(anonymous_18)
FN:202,(anonymous_19)
FN:207,(anonymous_20)
FN:221,(anonymous_21)
FN:231,(anonymous_22)
FN:243,(anonymous_23)
FN:244,(anonymous_24)
FN:247,(anonymous_25)
FN:254,(anonymous_26)
FN:258,(anonymous_27)
FN:273,(anonymous_28)
FNF:29
FNH:28
FNDA:57,(anonymous_0)
FNDA:0,(anonymous_1)
FNDA:4,(anonymous_2)
FNDA:2,(anonymous_3)
FNDA:1,(anonymous_4)
FNDA:1,(anonymous_5)
FNDA:5,(anonymous_6)
FNDA:8,(anonymous_7)
FNDA:1,(anonymous_8)
FNDA:1,(anonymous_9)
FNDA:3,(anonymous_10)
FNDA:1,(anonymous_11)
FNDA:1,(anonymous_12)
FNDA:2,(anonymous_13)
FNDA:1,(anonymous_14)
FNDA:1,(anonymous_15)
FNDA:2,(anonymous_16)
FNDA:2,(anonymous_17)
FNDA:1,(anonymous_18)
FNDA:1,(anonymous_19)
FNDA:3,(anonymous_20)
FNDA:2,(anonymous_21)
FNDA:4,(anonymous_22)
FNDA:4,(anonymous_23)
FNDA:3,(anonymous_24)
FNDA:4,(anonymous_25)
FNDA:1,(anonymous_26)
FNDA:4,(anonymous_27)
FNDA:1,(anonymous_28)
DA:16,1
DA:19,57
DA:20,57
DA:22,57
DA:23,57
DA:24,57
DA:26,57
DA:27,57
DA:28,57
DA:29,57
DA:31,57
DA:32,57
DA:34,57
DA:35,57
DA:36,57
DA:37,57
DA:38,57
DA:39,57
DA:40,57
DA:41,1
DA:43,56
DA:45,57
DA:46,57
DA:47,0
DA:48,0
DA:49,0
DA:50,0
DA:52,0
DA:56,57
DA:57,56
DA:59,1
DA:65,4
DA:66,4
DA:67,2
DA:69,2
DA:73,2
DA:74,2
DA:75,1
DA:76,1
DA:79,1
DA:84,5
DA:85,5
DA:86,5
DA:87,4
DA:88,1
DA:89,1
DA:92,5
DA:93,5
DA:94,3
DA:97,5
DA:99,5
DA:100,5
DA:101,5
DA:102,2
DA:104,5
DA:105,1
DA:107,5
DA:109,5
DA:110,5
DA:114,8
DA:124,8
DA:125,56
DA:126,7
DA:128,49
DA:133,1
DA:136,1
DA:140,3
DA:141,2
DA:142,1
DA:143,1
DA:146,1
DA:147,1
DA:150,1
DA:151,1
DA:152,1
DA:157,2
DA:158,1
DA:162,1
DA:163,1
DA:164,1
DA:165,1
DA:169,1
DA:170,1
DA:171,1
DA:178,1
DA:179,1
DA:183,2
DA:184,2
DA:185,2
DA:186,1
DA:188,1
DA:194,2
DA:195,2
DA:203,1
DA:208,3
DA:210,1
DA:211,1
DA:213,1
DA:214,1
DA:216,1
DA:222,2
DA:223,1
DA:225,1
DA:226,1
DA:227,1
DA:232,4
DA:233,3
DA:234,2
DA:235,1
DA:236,1
DA:239,1
DA:244,4
DA:245,3
DA:246,3
DA:247,4
DA:248,3
DA:249,2
DA:250,2
DA:254,1
DA:259,4
DA:260,4
DA:261,4
DA:262,1
DA:263,1
DA:264,1
DA:265,1
DA:266,1
DA:267,1
DA:268,1
DA:274,1
LF:130
LH:125
BRDA:40,0,0,1
BRDA:40,0,1,56
BRDA:40,1,0,57
BRDA:40,1,1,1
BRDA:49,2,0,0
BRDA:49,2,1,0
BRDA:56,3,0,56
BRDA:56,3,1,1
BRDA:66,4,0,2
BRDA:75,5,0,1
BRDA:86,6,0,4
BRDA:86,6,1,1
BRDA:88,7,0,1
BRDA:101,8,0,2
BRDA:104,9,0,1
BRDA:125,10,0,7
BRDA:125,10,1,49
BRDA:140,11,0,2
BRDA:140,11,1,1
BRDA:142,12,0,1
BRDA:157,13,0,1
BRDA:157,13,1,1
BRDA:163,14,0,1
BRDA:185,15,0,1
BRDA:185,15,1,1
BRDA:208,16,0,1
BRDA:208,16,1,1
BRDA:208,16,2,1
BRDA:222,17,0,1
BRDA:222,17,1,1
BRDA:231,18,0,3
BRDA:232,19,0,3
BRDA:232,19,1,1
BRDA:233,20,0,2
BRDA:233,20,1,1
BRDA:233,21,0,3
BRDA:233,21,1,2
BRDA:235,22,0,1
BRDA:245,23,0,3
BRDA:248,24,0,2
BRDA:261,25,0,1
BRDA:261,26,0,4
BRDA:261,26,1,2
BRDA:263,27,0,1
BRF:44
BRH:42
end_of_record
TN:
SF:projects\shared\component\botnav\botnav.component.ts
FN:11,(anonymous_0)
FN:13,(anonymous_1)
FN:16,(anonymous_2)
FNF:3
FNH:3
FNDA:30,(anonymous_0)
FNDA:22,(anonymous_1)
FNDA:21,(anonymous_2)
DA:9,1
DA:11,30
DA:14,22
DA:17,21
LF:4
LH:4
BRF:0
BRH:0
end_of_record
TN:
SF:projects\shared\component\bottom-navigation\bottom-navigation.component.ts
FN:41,(anonymous_0)
FN:61,(anonymous_1)
FN:74,(anonymous_2)
FN:88,(anonymous_3)
FN:91,(anonymous_4)
FN:162,(anonymous_5)
FN:167,(anonymous_6)
FN:172,(anonymous_7)
FN:179,(anonymous_8)
FN:184,(anonymous_9)
FN:199,(anonymous_10)
FN:206,(anonymous_11)
FN:210,(anonymous_12)
FN:215,(anonymous_13)
FN:227,(anonymous_14)
FNF:15
FNH:11
FNDA:15,(anonymous_0)
FNDA:15,(anonymous_1)
FNDA:0,(anonymous_2)
FNDA:0,(anonymous_3)
FNDA:0,(anonymous_4)
FNDA:0,(anonymous_5)
FNDA:1,(anonymous_6)
FNDA:1,(anonymous_7)
FNDA:1,(anonymous_8)
FNDA:2,(anonymous_9)
FNDA:1,(anonymous_10)
FNDA:1,(anonymous_11)
FNDA:17,(anonymous_12)
FNDA:2,(anonymous_13)
FNDA:1,(anonymous_14)
DA:17,1
DA:18,15
DA:19,15
DA:20,15
DA:21,15
DA:22,15
DA:23,15
DA:24,15
DA:25,15
DA:29,15
DA:30,15
DA:31,15
DA:32,15
DA:33,15
DA:35,15
DA:36,15
DA:37,15
DA:41,15
DA:42,15
DA:43,15
DA:48,15
DA:51,15
DA:54,15
DA:61,15
DA:62,15
DA:67,15
DA:68,15
DA:70,0
DA:75,0
DA:78,0
DA:79,0
DA:80,0
DA:81,0
DA:82,0
DA:89,0
DA:91,0
DA:92,0
DA:93,0
DA:94,0
DA:95,0
DA:96,0
DA:98,0
DA:102,0
DA:103,0
DA:104,0
DA:105,0
DA:106,0
DA:109,0
DA:110,0
DA:111,0
DA:112,0
DA:113,0
DA:115,0
DA:117,0
DA:121,0
DA:124,0
DA:125,0
DA:126,0
DA:127,0
DA:128,0
DA:130,0
DA:131,0
DA:132,0
DA:133,0
DA:134,0
DA:135,0
DA:137,0
DA:140,0
DA:141,0
DA:142,0
DA:143,0
DA:144,0
DA:146,0
DA:147,0
DA:148,0
DA:149,0
DA:150,0
DA:151,0
DA:153,0
DA:155,0
DA:156,0
DA:157,0
DA:158,0
DA:159,0
DA:162,0
DA:163,0
DA:168,1
DA:169,1
DA:173,1
DA:175,1
DA:180,1
DA:182,1
DA:186,2
DA:187,1
DA:188,1
DA:191,1
DA:192,1
DA:193,1
DA:200,1
DA:203,1
DA:207,1
DA:211,17
DA:216,2
DA:217,1
DA:219,1
DA:228,1
LF:106
LH:47
BRDA:67,0,0,15
BRDA:67,0,1,0
BRDA:75,1,0,0
BRDA:79,2,0,0
BRDA:81,3,0,0
BRDA:81,4,0,0
BRDA:81,4,1,0
BRDA:92,5,0,0
BRDA:95,6,0,0
BRDA:95,7,0,0
BRDA:95,7,1,0
BRDA:103,8,0,0
BRDA:109,9,0,0
BRDA:111,10,0,0
BRDA:111,10,1,0
BRDA:111,11,0,0
BRDA:111,11,1,0
BRDA:112,12,0,0
BRDA:121,13,0,0
BRDA:121,13,1,0
BRDA:121,14,0,0
BRDA:121,14,1,0
BRDA:121,14,2,0
BRDA:130,15,0,0
BRDA:130,15,1,0
BRDA:130,16,0,0
BRDA:130,16,1,0
BRDA:137,17,0,0
BRDA:137,17,1,0
BRDA:137,18,0,0
BRDA:137,18,1,0
BRDA:137,18,2,0
BRDA:137,18,3,0
BRDA:146,19,0,0
BRDA:146,19,1,0
BRDA:153,20,0,0
BRDA:153,21,0,0
BRDA:153,21,1,0
BRDA:186,22,0,1
BRDA:186,22,1,1
BRDA:216,23,0,1
BRDA:216,23,1,1
BRF:42
BRH:5
end_of_record
TN:
SF:projects\shared\component\change-password\change-password.page.ts
FN:43,(anonymous_0)
FN:48,(anonymous_1)
FN:54,(anonymous_2)
FN:62,(anonymous_3)
FN:94,(anonymous_4)
FN:364,(anonymous_5)
FN:382,(anonymous_6)
FN:389,(anonymous_7)
FN:393,(anonymous_8)
FNF:9
FNH:9
FNDA:20,(anonymous_0)
FNDA:20,(anonymous_1)
FNDA:2,(anonymous_2)
FNDA:6,(anonymous_3)
FNDA:2,(anonymous_4)
FNDA:2,(anonymous_5)
FNDA:6,(anonymous_6)
FNDA:1,(anonymous_7)
FNDA:4,(anonymous_8)
DA:13,1
DA:18,20
DA:21,20
DA:24,20
DA:30,20
DA:31,20
DA:32,20
DA:33,20
DA:34,20
DA:35,20
DA:36,20
DA:37,20
DA:38,20
DA:39,20
DA:40,20
DA:41,20
DA:43,20
DA:44,20
DA:45,20
DA:46,20
DA:48,20
DA:49,20
DA:55,2
DA:56,1
DA:58,1
DA:63,6
DA:64,6
DA:68,6
DA:69,6
DA:71,6
DA:72,1
DA:73,1
DA:74,5
DA:75,2
DA:76,1
DA:77,1
DA:79,1
DA:80,1
DA:82,3
DA:83,1
DA:84,1
DA:86,2
DA:87,2
DA:88,2
DA:96,2
DA:97,2
DA:98,2
DA:99,2
DA:100,2
DA:365,2
DA:366,2
DA:367,2
DA:368,1
DA:369,1
DA:370,1
DA:371,1
DA:372,0
DA:373,0
DA:375,1
DA:376,1
DA:377,1
DA:383,6
DA:384,4
DA:385,4
DA:386,4
DA:390,1
DA:394,4
DA:395,2
DA:396,2
DA:397,1
DA:399,1
LF:71
LH:69
BRDA:55,0,0,1
BRDA:55,0,1,1
BRDA:71,1,0,1
BRDA:71,1,1,5
BRDA:71,2,0,6
BRDA:71,2,1,1
BRDA:71,2,2,1
BRDA:74,3,0,2
BRDA:74,3,1,3
BRDA:74,4,0,5
BRDA:74,4,1,4
BRDA:75,5,0,1
BRDA:75,5,1,1
BRDA:82,6,0,1
BRDA:82,6,1,2
BRDA:82,7,0,3
BRDA:82,7,1,2
BRDA:96,8,0,2
BRDA:367,9,0,1
BRDA:371,10,0,0
BRDA:371,10,1,1
BRDA:371,11,0,1
BRDA:371,11,1,0
BRDA:383,12,0,2
BRDA:386,13,0,4
BRDA:386,13,1,3
BRDA:394,14,0,2
BRDA:394,14,1,2
BRDA:396,15,0,1
BRDA:396,15,1,1
BRF:30
BRH:28
end_of_record
TN:
SF:projects\shared\component\chat-bot\chat-bot.component.ts
FN:38,(anonymous_0)
FN:46,(anonymous_1)
FN:57,(anonymous_2)
FN:61,(anonymous_3)
FN:70,(anonymous_4)
FN:76,(anonymous_5)
FN:84,(anonymous_6)
FN:89,(anonymous_7)
FN:98,(anonymous_8)
FN:106,(anonymous_9)
FN:109,(anonymous_10)
FN:121,(anonymous_11)
FN:128,(anonymous_12)
FN:149,(anonymous_13)
FN:153,(anonymous_14)
FN:172,(anonymous_15)
FN:183,(anonymous_16)
FN:190,(anonymous_17)
FN:205,(anonymous_18)
FN:235,(anonymous_19)
FN:246,(anonymous_20)
FN:254,(anonymous_21)
FN:257,(anonymous_22)
FN:274,(anonymous_23)
FN:285,(anonymous_24)
FN:289,(anonymous_25)
FN:292,(anonymous_26)
FN:302,(anonymous_27)
FN:309,(anonymous_28)
FN:321,(anonymous_29)
FN:336,(anonymous_30)
FN:341,(anonymous_31)
FN:353,(anonymous_32)
FN:359,(anonymous_33)
FN:383,(anonymous_34)
FN:386,(anonymous_35)
FN:400,(anonymous_36)
FN:406,(anonymous_37)
FN:430,(anonymous_38)
FN:433,(anonymous_39)
FN:447,(anonymous_40)
FN:464,(anonymous_41)
FN:468,(anonymous_42)
FN:486,(anonymous_43)
FN:499,(anonymous_44)
FN:516,(anonymous_45)
FN:520,(anonymous_46)
FN:538,(anonymous_47)
FN:551,(anonymous_48)
FN:567,(anonymous_49)
FN:571,(anonymous_50)
FN:589,(anonymous_51)
FN:599,(anonymous_52)
FN:604,(anonymous_53)
FN:619,(anonymous_54)
FN:621,(anonymous_55)
FN:625,(anonymous_56)
FN:641,(anonymous_57)
FN:645,(anonymous_58)
FN:650,(anonymous_59)
FN:661,(anonymous_60)
FN:666,(anonymous_61)
FN:680,(anonymous_62)
FN:705,(anonymous_63)
FN:711,(anonymous_64)
FN:729,(anonymous_65)
FN:741,(anonymous_66)
FN:751,(anonymous_67)
FN:758,(anonymous_68)
FN:763,(anonymous_69)
FN:792,(anonymous_70)
FNF:71
FNH:59
FNDA:88,(anonymous_0)
FNDA:88,(anonymous_1)
FNDA:1,(anonymous_2)
FNDA:1,(anonymous_3)
FNDA:0,(anonymous_4)
FNDA:1,(anonymous_5)
FNDA:1,(anonymous_6)
FNDA:0,(anonymous_7)
FNDA:1,(anonymous_8)
FNDA:92,(anonymous_9)
FNDA:92,(anonymous_10)
FNDA:89,(anonymous_11)
FNDA:12,(anonymous_12)
FNDA:9,(anonymous_13)
FNDA:8,(anonymous_14)
FNDA:1,(anonymous_15)
FNDA:3,(anonymous_16)
FNDA:2,(anonymous_17)
FNDA:8,(anonymous_18)
FNDA:1,(anonymous_19)
FNDA:1,(anonymous_20)
FNDA:94,(anonymous_21)
FNDA:94,(anonymous_22)
FNDA:14,(anonymous_23)
FNDA:1,(anonymous_24)
FNDA:3,(anonymous_25)
FNDA:3,(anonymous_26)
FNDA:1,(anonymous_27)
FNDA:2,(anonymous_28)
FNDA:1,(anonymous_29)
FNDA:0,(anonymous_30)
FNDA:0,(anonymous_31)
FNDA:4,(anonymous_32)
FNDA:4,(anonymous_33)
FNDA:1,(anonymous_34)
FNDA:1,(anonymous_35)
FNDA:3,(anonymous_36)
FNDA:4,(anonymous_37)
FNDA:1,(anonymous_38)
FNDA:1,(anonymous_39)
FNDA:3,(anonymous_40)
FNDA:2,(anonymous_41)
FNDA:1,(anonymous_42)
FNDA:1,(anonymous_43)
FNDA:2,(anonymous_44)
FNDA:1,(anonymous_45)
FNDA:1,(anonymous_46)
FNDA:0,(anonymous_47)
FNDA:2,(anonymous_48)
FNDA:1,(anonymous_49)
FNDA:1,(anonymous_50)
FNDA:0,(anonymous_51)
FNDA:2,(anonymous_52)
FNDA:1,(anonymous_53)
FNDA:92,(anonymous_54)
FNDA:92,(anonymous_55)
FNDA:0,(anonymous_56)
FNDA:0,(anonymous_57)
FNDA:0,(anonymous_58)
FNDA:0,(anonymous_59)
FNDA:0,(anonymous_60)
FNDA:0,(anonymous_61)
FNDA:4,(anonymous_62)
FNDA:266,(anonymous_63)
FNDA:95,(anonymous_64)
FNDA:91,(anonymous_65)
FNDA:1,(anonymous_66)
FNDA:3,(anonymous_67)
FNDA:91,(anonymous_68)
FNDA:93,(anonymous_69)
FNDA:91,(anonymous_70)
DA:16,1
DA:20,88
DA:21,88
DA:22,88
DA:23,88
DA:24,88
DA:25,88
DA:26,88
DA:27,88
DA:28,88
DA:29,88
DA:30,88
DA:32,88
DA:33,88
DA:34,88
DA:35,88
DA:36,88
DA:39,88
DA:40,88
DA:41,88
DA:42,88
DA:43,88
DA:47,88
DA:50,88
DA:53,88
DA:56,88
DA:58,1
DA:61,1
DA:62,1
DA:63,0
DA:68,1
DA:70,0
DA:71,0
DA:76,1
DA:78,1
DA:83,88
DA:84,1
DA:88,88
DA:90,0
DA:91,0
DA:97,88
DA:99,1
DA:103,88
DA:109,92
DA:110,92
DA:113,92
DA:115,92
DA:116,92
DA:118,92
DA:122,89
DA:123,89
DA:124,89
DA:125,89
DA:129,12
DA:130,3
DA:133,9
DA:134,9
DA:135,9
DA:136,9
DA:139,9
DA:142,9
DA:145,9
DA:146,9
DA:149,9
DA:152,9
DA:154,8
DA:155,8
DA:157,8
DA:158,7
DA:168,1
DA:170,8
DA:173,1
DA:174,1
DA:175,1
DA:176,1
DA:177,1
DA:184,3
DA:185,1
DA:186,1
DA:194,2
DA:195,1
DA:197,1
DA:206,8
DA:207,1
DA:210,8
DA:211,1
DA:215,7
DA:216,1
DA:217,1
DA:220,6
DA:221,6
DA:223,6
DA:224,6
DA:229,4
DA:230,4
DA:231,4
DA:234,2
DA:236,1
DA:237,0
DA:239,1
DA:240,1
DA:241,1
DA:242,1
DA:244,1
DA:247,1
DA:248,1
DA:249,1
DA:255,94
DA:257,94
DA:260,94
DA:266,0
DA:275,14
DA:276,14
DA:281,1
DA:286,1
DA:290,3
DA:291,2
DA:292,3
DA:295,2
DA:296,1
DA:297,1
DA:303,1
DA:310,2
DA:311,1
DA:314,1
DA:315,1
DA:322,1
DA:325,1
DA:327,1
DA:328,0
DA:329,0
DA:331,0
DA:332,0
DA:335,0
DA:337,0
DA:339,0
DA:342,0
DA:344,0
DA:354,4
DA:355,2
DA:359,4
DA:360,2
DA:363,2
DA:364,2
DA:365,2
DA:366,2
DA:371,2
DA:377,2
DA:384,1
DA:387,1
DA:389,1
DA:401,3
DA:402,1
DA:406,4
DA:407,2
DA:410,2
DA:411,2
DA:412,2
DA:413,2
DA:418,2
DA:424,2
DA:431,1
DA:434,1
DA:436,1
DA:448,3
DA:449,1
DA:452,2
DA:453,2
DA:454,2
DA:457,2
DA:460,2
DA:461,2
DA:464,2
DA:467,2
DA:469,1
DA:470,1
DA:472,1
DA:473,1
DA:482,0
DA:484,1
DA:487,1
DA:488,1
DA:489,1
DA:490,1
DA:491,1
DA:500,2
DA:501,1
DA:504,1
DA:505,1
DA:506,1
DA:509,1
DA:512,1
DA:513,1
DA:516,1
DA:519,1
DA:521,1
DA:522,1
DA:524,1
DA:525,1
DA:534,0
DA:536,1
DA:539,0
DA:540,0
DA:541,0
DA:542,0
DA:543,0
DA:552,2
DA:553,1
DA:556,1
DA:557,1
DA:560,1
DA:563,1
DA:564,1
DA:567,1
DA:570,1
DA:572,1
DA:573,1
DA:575,1
DA:576,1
DA:585,0
DA:587,1
DA:590,0
DA:591,0
DA:592,0
DA:593,0
DA:594,0
DA:600,2
DA:601,2
DA:604,2
DA:606,1
DA:607,0
DA:609,1
DA:613,2
DA:614,2
DA:615,2
DA:616,2
DA:621,92
DA:622,92
DA:623,92
DA:625,92
DA:626,0
DA:629,0
DA:630,0
DA:634,0
DA:636,0
DA:637,0
DA:638,0
DA:641,0
DA:642,0
DA:645,0
DA:646,0
DA:650,0
DA:651,0
DA:652,0
DA:654,0
DA:656,0
DA:657,0
DA:660,0
DA:662,0
DA:664,0
DA:667,0
DA:669,0
DA:675,0
DA:681,4
DA:682,1
DA:686,3
DA:690,3
DA:691,1
DA:694,2
DA:695,1
DA:698,1
DA:706,266
DA:707,266
DA:708,266
DA:712,95
DA:713,2
DA:716,93
DA:717,93
DA:718,1
DA:721,92
DA:722,1
DA:723,1
DA:726,92
DA:728,92
DA:730,91
DA:731,90
DA:732,90
DA:733,90
DA:735,1
DA:736,1
DA:737,1
DA:739,91
DA:742,1
DA:743,1
DA:744,1
DA:745,1
DA:746,1
DA:752,3
DA:753,3
DA:754,3
DA:755,3
DA:756,3
DA:759,91
DA:764,93
DA:765,93
DA:766,89
DA:767,89
DA:770,4
DA:771,4
DA:772,3
DA:773,3
DA:774,2
DA:775,2
DA:776,1
DA:778,1
DA:780,2
DA:783,1
DA:786,2
DA:793,91
DA:794,91
DA:797,91
DA:798,1
DA:799,1
DA:801,1
DA:802,1
DA:803,1
LF:326
LH:273
BRDA:62,0,0,0
BRDA:62,1,0,1
BRDA:62,1,1,0
BRDA:68,2,0,0
BRDA:90,3,0,0
BRDA:115,4,0,92
BRDA:129,5,0,3
BRDA:129,6,0,12
BRDA:129,6,1,10
BRDA:157,7,0,7
BRDA:157,7,1,1
BRDA:184,8,0,1
BRDA:184,9,0,3
BRDA:184,9,1,2
BRDA:194,10,0,1
BRDA:194,10,1,1
BRDA:206,11,0,1
BRDA:210,12,0,1
BRDA:215,13,0,1
BRDA:224,14,0,4
BRDA:225,15,0,6
BRDA:225,15,1,4
BRDA:225,15,2,4
BRDA:236,16,0,0
BRDA:236,16,1,1
BRDA:236,17,0,1
BRDA:236,17,1,1
BRDA:290,18,0,2
BRDA:295,19,0,1
BRDA:310,20,0,1
BRDA:327,21,0,0
BRDA:327,22,0,1
BRDA:327,22,1,0
BRDA:354,23,0,2
BRDA:354,24,0,4
BRDA:354,24,1,3
BRDA:364,25,0,2
BRDA:401,26,0,1
BRDA:401,27,0,3
BRDA:401,27,1,2
BRDA:411,28,0,2
BRDA:448,29,0,1
BRDA:472,30,0,1
BRDA:472,30,1,0
BRDA:500,31,0,1
BRDA:524,32,0,1
BRDA:524,32,1,0
BRDA:552,33,0,1
BRDA:575,34,0,1
BRDA:575,34,1,0
BRDA:606,35,0,0
BRDA:606,35,1,1
BRDA:629,36,0,0
BRDA:656,37,0,0
BRDA:681,38,0,1
BRDA:686,39,0,3
BRDA:686,39,1,2
BRDA:686,39,2,2
BRDA:690,40,0,1
BRDA:694,41,0,1
BRDA:694,42,0,2
BRDA:694,42,1,1
BRDA:712,43,0,2
BRDA:712,44,0,95
BRDA:712,44,1,94
BRDA:717,45,0,1
BRDA:717,46,0,93
BRDA:717,46,1,92
BRDA:721,47,0,1
BRDA:721,48,0,92
BRDA:721,48,1,1
BRDA:730,49,0,90
BRDA:730,49,1,1
BRDA:730,50,0,91
BRDA:730,50,1,91
BRDA:765,51,0,89
BRDA:772,52,0,3
BRDA:772,52,1,0
BRDA:773,53,0,2
BRDA:773,54,0,3
BRDA:773,54,1,3
BRDA:775,55,0,1
BRDA:775,55,1,1
BRDA:797,56,0,1
BRDA:797,57,0,91
BRDA:797,57,1,2
BRF:86
BRH:72
end_of_record
TN:
SF:projects\shared\component\content-card\content-card.component.ts
FN:17,(anonymous_0)
FN:20,(anonymous_1)
FN:25,(anonymous_2)
FN:34,(anonymous_3)
FN:38,(anonymous_4)
FN:62,(anonymous_5)
FN:69,(anonymous_6)
FN:81,(anonymous_7)
FN:93,(anonymous_8)
FN:102,(anonymous_9)
FN:115,(anonymous_10)
FNF:11
FNH:10
FNDA:2,(anonymous_0)
FNDA:2,(anonymous_1)
FNDA:2,(anonymous_2)
FNDA:2,(anonymous_3)
FNDA:9,(anonymous_4)
FNDA:24,(anonymous_5)
FNDA:9,(anonymous_6)
FNDA:9,(anonymous_7)
FNDA:0,(anonymous_8)
FNDA:8,(anonymous_9)
FNDA:7,(anonymous_10)
DA:12,1
DA:14,62
DA:15,62
DA:18,2
DA:21,2
DA:26,2
DA:27,1
DA:29,1
DA:35,2
DA:40,9
DA:42,5
DA:43,2
DA:44,3
DA:45,2
DA:48,1
DA:51,4
DA:52,2
DA:53,1
DA:54,1
DA:63,24
DA:71,9
DA:72,3
DA:74,6
DA:83,9
DA:84,3
DA:87,6
DA:95,0
DA:103,8
DA:104,8
DA:105,8
DA:106,2
DA:108,6
DA:116,7
DA:117,1
DA:119,6
LF:35
LH:34
BRDA:26,0,0,1
BRDA:26,0,1,1
BRDA:40,1,0,5
BRDA:40,1,1,4
BRDA:42,2,0,2
BRDA:42,2,1,3
BRDA:44,3,0,2
BRDA:44,4,0,3
BRDA:44,4,1,2
BRDA:51,5,0,2
BRDA:51,5,1,1
BRDA:51,5,2,1
BRDA:63,6,0,24
BRDA:63,6,1,23
BRDA:63,6,2,21
BRDA:63,6,3,11
BRDA:71,7,0,3
BRDA:71,8,0,9
BRDA:71,8,1,6
BRDA:71,8,2,6
BRDA:71,8,3,6
BRDA:74,9,0,4
BRDA:74,9,1,2
BRDA:83,10,0,3
BRDA:83,11,0,9
BRDA:83,11,1,6
BRDA:83,11,2,6
BRDA:83,11,3,6
BRDA:95,12,0,0
BRDA:95,12,1,0
BRDA:105,13,0,2
BRDA:105,14,0,8
BRDA:105,14,1,7
BRDA:108,15,0,6
BRDA:108,15,1,4
BRDA:116,16,0,1
BRDA:119,17,0,6
BRDA:119,17,1,4
BRF:38
BRH:36
end_of_record
TN:
SF:projects\shared\component\course-header\course-header.component.ts
FN:54,(anonymous_0)
FN:88,(anonymous_1)
FN:120,(anonymous_2)
FN:126,(anonymous_3)
FN:131,(anonymous_4)
FN:143,(anonymous_5)
FN:151,(anonymous_6)
FN:172,(anonymous_7)
FN:175,(anonymous_8)
FN:191,(anonymous_9)
FN:202,(anonymous_10)
FN:210,(anonymous_11)
FN:215,(anonymous_12)
FN:218,(anonymous_13)
FN:226,(anonymous_14)
FN:232,(anonymous_15)
FN:235,(anonymous_16)
FN:245,(anonymous_17)
FN:248,(anonymous_18)
FN:251,(anonymous_19)
FN:259,(anonymous_20)
FN:260,(anonymous_21)
FN:264,(anonymous_22)
FN:287,(anonymous_23)
FN:301,(anonymous_24)
FNF:25
FNH:23
FNDA:39,(anonymous_0)
FNDA:3,(anonymous_1)
FNDA:1,(anonymous_2)
FNDA:1,(anonymous_3)
FNDA:3,(anonymous_4)
FNDA:80,(anonymous_5)
FNDA:1,(anonymous_6)
FNDA:1,(anonymous_7)
FNDA:3,(anonymous_8)
FNDA:2,(anonymous_9)
FNDA:1,(anonymous_10)
FNDA:1,(anonymous_11)
FNDA:0,(anonymous_12)
FNDA:1,(anonymous_13)
FNDA:1,(anonymous_14)
FNDA:1,(anonymous_15)
FNDA:0,(anonymous_16)
FNDA:4,(anonymous_17)
FNDA:4,(anonymous_18)
FNDA:4,(anonymous_19)
FNDA:41,(anonymous_20)
FNDA:332,(anonymous_21)
FNDA:4,(anonymous_22)
FNDA:3,(anonymous_23)
FNDA:2,(anonymous_24)
DA:17,1
DA:26,39
DA:27,39
DA:29,39
DA:30,39
DA:31,39
DA:32,39
DA:34,39
DA:35,39
DA:40,39
DA:41,39
DA:42,39
DA:43,39
DA:44,39
DA:45,39
DA:46,39
DA:47,39
DA:48,39
DA:49,39
DA:50,39
DA:51,39
DA:54,39
DA:55,39
DA:56,39
DA:57,39
DA:58,39
DA:59,39
DA:60,39
DA:61,39
DA:63,39
DA:64,1
DA:66,39
DA:67,38
DA:69,1
DA:72,39
DA:73,39
DA:74,1
DA:76,39
DA:78,39
DA:79,39
DA:80,39
DA:81,38
DA:84,39
DA:85,39
DA:89,3
DA:90,2
DA:92,3
DA:93,3
DA:100,3
DA:102,3
DA:103,3
DA:105,3
DA:106,0
DA:108,3
DA:110,3
DA:111,3
DA:112,3
DA:114,3
DA:115,1
DA:116,1
DA:121,1
DA:122,1
DA:123,1
DA:127,1
DA:128,1
DA:132,3
DA:133,2
DA:134,2
DA:135,2
DA:137,1
DA:138,1
DA:144,80
DA:145,40
DA:147,80
DA:153,1
DA:155,1
DA:157,0
DA:162,1
DA:173,1
DA:176,3
DA:177,3
DA:178,1
DA:179,1
DA:182,2
DA:183,1
DA:185,1
DA:186,1
DA:187,1
DA:192,2
DA:193,1
DA:197,1
DA:203,1
DA:211,1
DA:212,1
DA:213,1
DA:216,0
DA:219,1
DA:220,1
DA:221,1
DA:223,1
DA:227,1
DA:228,1
DA:236,0
DA:246,4
DA:249,4
DA:250,4
DA:251,4
DA:252,4
DA:260,332
DA:261,41
DA:265,4
DA:267,3
DA:268,1
DA:271,2
DA:273,3
DA:275,1
DA:276,1
DA:278,0
DA:279,0
DA:282,0
DA:288,3
DA:289,3
DA:290,3
DA:291,3
DA:292,2
DA:293,1
DA:294,1
DA:295,1
DA:296,1
DA:302,2
DA:303,2
LF:131
LH:124
BRDA:40,0,0,0
BRDA:40,0,1,39
BRDA:63,1,0,1
BRDA:64,2,0,1
BRDA:64,2,1,0
BRDA:66,3,0,38
BRDA:66,3,1,1
BRDA:73,4,0,1
BRDA:80,5,0,38
BRDA:80,6,0,39
BRDA:80,6,1,39
BRDA:80,6,2,39
BRDA:80,6,3,39
BRDA:84,7,0,1
BRDA:84,7,1,38
BRDA:85,8,0,38
BRDA:85,8,1,1
BRDA:89,9,0,2
BRDA:89,10,0,3
BRDA:89,10,1,2
BRDA:105,11,0,0
BRDA:105,12,0,3
BRDA:105,12,1,0
BRDA:111,13,0,0
BRDA:111,13,1,3
BRDA:114,14,0,1
BRDA:132,15,0,2
BRDA:132,15,1,1
BRDA:132,16,0,3
BRDA:132,16,1,2
BRDA:144,17,0,40
BRDA:155,18,0,0
BRDA:155,18,1,1
BRDA:177,19,0,1
BRDA:182,20,0,1
BRDA:182,20,1,1
BRDA:192,21,0,1
BRDA:192,21,1,1
BRDA:192,22,0,2
BRDA:192,22,1,1
BRDA:265,23,0,3
BRDA:265,23,1,1
BRDA:265,23,2,0
BRDA:267,24,0,1
BRDA:267,24,1,2
BRDA:278,25,0,0
BRDA:278,25,1,0
BRDA:291,26,0,2
BRDA:292,27,0,1
BRDA:292,27,1,1
BRDA:292,28,0,2
BRDA:292,28,1,1
BRDA:294,29,0,1
BRF:53
BRH:44
end_of_record
TN:
SF:projects\shared\component\feel-better-now\anger\anger.page.ts
FN:22,(anonymous_0)
FN:26,(anonymous_1)
FN:37,(anonymous_2)
FN:44,(anonymous_3)
FN:53,(anonymous_4)
FN:61,(anonymous_5)
FN:97,(anonymous_6)
FN:105,(anonymous_7)
FN:124,(anonymous_8)
FN:132,(anonymous_9)
FNF:10
FNH:10
FNDA:29,(anonymous_0)
FNDA:4,(anonymous_1)
FNDA:2,(anonymous_2)
FNDA:2,(anonymous_3)
FNDA:2,(anonymous_4)
FNDA:6,(anonymous_5)
FNDA:2,(anonymous_6)
FNDA:3,(anonymous_7)
FNDA:2,(anonymous_8)
FNDA:2,(anonymous_9)
DA:13,1
DA:16,29
DA:17,29
DA:18,29
DA:20,29
DA:22,29
DA:23,29
DA:27,4
DA:28,3
DA:30,1
DA:32,4
DA:33,4
DA:34,4
DA:38,2
DA:39,1
DA:45,2
DA:46,2
DA:47,1
DA:49,1
DA:54,2
DA:55,0
DA:57,2
DA:62,6
DA:63,1
DA:64,1
DA:67,6
DA:69,6
DA:70,3
DA:71,3
DA:74,3
DA:75,3
DA:78,3
DA:79,1
DA:80,2
DA:81,1
DA:82,1
DA:83,0
DA:85,1
DA:87,1
DA:88,1
DA:89,0
DA:91,1
DA:98,2
DA:99,1
DA:101,1
DA:106,3
DA:108,1
DA:109,0
DA:111,1
DA:113,1
DA:117,2
DA:118,1
DA:120,1
DA:125,2
DA:126,1
DA:128,1
DA:133,2
DA:134,1
DA:135,1
DA:138,1
DA:139,1
DA:142,1
DA:143,1
DA:144,1
DA:147,1
DA:149,1
DA:150,1
DA:152,1
LF:68
LH:64
BRDA:27,0,0,3
BRDA:27,0,1,1
BRDA:33,1,0,4
BRDA:33,1,1,3
BRDA:38,2,0,1
BRDA:46,3,0,1
BRDA:46,3,1,1
BRDA:54,4,0,0
BRDA:54,4,1,2
BRDA:61,5,0,0
BRDA:62,6,0,1
BRDA:69,7,0,3
BRDA:69,8,0,6
BRDA:69,8,1,4
BRDA:71,9,0,0
BRDA:71,9,1,3
BRDA:78,10,0,1
BRDA:78,10,1,2
BRDA:80,11,0,1
BRDA:80,11,1,1
BRDA:82,12,0,0
BRDA:82,12,1,1
BRDA:87,13,0,1
BRDA:88,14,0,0
BRDA:88,14,1,1
BRDA:98,15,0,1
BRDA:98,15,1,1
BRDA:106,16,0,1
BRDA:108,17,0,0
BRDA:108,17,1,1
BRDA:117,18,0,1
BRDA:117,18,1,1
BRDA:125,19,0,1
BRDA:125,19,1,1
BRDA:133,20,0,1
BRDA:135,21,0,0
BRDA:135,21,1,1
BRDA:143,22,0,1
BRDA:150,23,0,1
BRDA:150,23,1,0
BRF:40
BRH:32
end_of_record
TN:
SF:projects\shared\component\feel-better-now\anger-at\anger-at.page.ts
FN:18,(anonymous_0)
FN:20,(anonymous_1)
FN:28,(anonymous_2)
FN:38,(anonymous_3)
FN:47,(anonymous_4)
FNF:5
FNH:5
FNDA:11,(anonymous_0)
FNDA:2,(anonymous_1)
FNDA:2,(anonymous_2)
FNDA:2,(anonymous_3)
FNDA:2,(anonymous_4)
DA:12,1
DA:14,11
DA:15,11
DA:16,11
DA:18,11
DA:21,2
DA:22,1
DA:24,1
DA:29,2
DA:30,1
DA:31,1
DA:33,1
DA:34,1
DA:39,2
DA:40,2
DA:41,1
DA:43,1
DA:49,2
DA:50,0
DA:52,2
LF:20
LH:19
BRDA:21,0,0,1
BRDA:21,0,1,1
BRDA:29,1,0,1
BRDA:29,1,1,1
BRDA:40,2,0,1
BRDA:40,2,1,1
BRDA:49,3,0,0
BRDA:49,3,1,2
BRF:8
BRH:7
end_of_record
TN:
SF:projects\shared\component\feel-better-now\anxiety\anxiety.page.ts
FN:21,(anonymous_0)
FN:25,(anonymous_1)
FN:36,(anonymous_2)
FN:42,(anonymous_3)
FN:51,(anonymous_4)
FN:60,(anonymous_5)
FN:96,(anonymous_6)
FN:104,(anonymous_7)
FN:122,(anonymous_8)
FN:130,(anonymous_9)
FNF:10
FNH:10
FNDA:29,(anonymous_0)
FNDA:4,(anonymous_1)
FNDA:2,(anonymous_2)
FNDA:2,(anonymous_3)
FNDA:2,(anonymous_4)
FNDA:6,(anonymous_5)
FNDA:2,(anonymous_6)
FNDA:3,(anonymous_7)
FNDA:2,(anonymous_8)
FNDA:2,(anonymous_9)
DA:12,1
DA:15,29
DA:16,29
DA:17,29
DA:19,29
DA:21,29
DA:22,29
DA:26,4
DA:27,3
DA:29,1
DA:31,4
DA:32,4
DA:33,4
DA:37,2
DA:38,1
DA:44,2
DA:45,0
DA:47,2
DA:52,2
DA:53,2
DA:54,1
DA:56,1
DA:61,6
DA:62,1
DA:63,1
DA:66,6
DA:68,6
DA:69,3
DA:70,3
DA:73,3
DA:74,3
DA:77,3
DA:78,1
DA:79,2
DA:80,1
DA:81,1
DA:82,0
DA:84,1
DA:86,1
DA:87,1
DA:88,0
DA:90,1
DA:97,2
DA:98,1
DA:100,1
DA:105,3
DA:107,1
DA:108,0
DA:110,1
DA:112,1
DA:116,2
DA:117,1
DA:119,1
DA:123,2
DA:124,1
DA:126,1
DA:131,2
DA:132,1
DA:133,1
DA:136,1
DA:137,1
DA:140,1
DA:141,1
DA:142,1
DA:145,1
DA:147,1
DA:148,1
DA:150,1
LF:68
LH:64
BRDA:26,0,0,3
BRDA:26,0,1,1
BRDA:32,1,0,4
BRDA:32,1,1,3
BRDA:37,2,0,1
BRDA:44,3,0,0
BRDA:44,3,1,2
BRDA:53,4,0,1
BRDA:53,4,1,1
BRDA:60,5,0,0
BRDA:61,6,0,1
BRDA:68,7,0,3
BRDA:68,8,0,6
BRDA:68,8,1,4
BRDA:70,9,0,0
BRDA:70,9,1,3
BRDA:77,10,0,1
BRDA:77,10,1,2
BRDA:79,11,0,1
BRDA:79,11,1,1
BRDA:81,12,0,0
BRDA:81,12,1,1
BRDA:86,13,0,1
BRDA:87,14,0,0
BRDA:87,14,1,1
BRDA:97,15,0,1
BRDA:97,15,1,1
BRDA:105,16,0,1
BRDA:107,17,0,0
BRDA:107,17,1,1
BRDA:116,18,0,1
BRDA:116,18,1,1
BRDA:123,19,0,1
BRDA:123,19,1,1
BRDA:131,20,0,1
BRDA:133,21,0,0
BRDA:133,21,1,1
BRDA:141,22,0,1
BRDA:148,23,0,1
BRDA:148,23,1,0
BRF:40
BRH:32
end_of_record
TN:
SF:projects\shared\component\feel-better-now\anxiety-at\anxiety-at.page.ts
FN:17,(anonymous_0)
FN:19,(anonymous_1)
FN:27,(anonymous_2)
FN:37,(anonymous_3)
FN:46,(anonymous_4)
FNF:5
FNH:5
FNDA:11,(anonymous_0)
FNDA:2,(anonymous_1)
FNDA:2,(anonymous_2)
FNDA:2,(anonymous_3)
FNDA:2,(anonymous_4)
DA:12,1
DA:14,11
DA:15,11
DA:16,11
DA:17,11
DA:20,2
DA:21,1
DA:23,1
DA:28,2
DA:29,1
DA:30,1
DA:32,1
DA:33,1
DA:38,2
DA:39,2
DA:40,1
DA:42,1
DA:48,2
DA:49,0
DA:51,2
LF:20
LH:19
BRDA:20,0,0,1
BRDA:20,0,1,1
BRDA:28,1,0,1
BRDA:28,1,1,1
BRDA:39,2,0,1
BRDA:39,2,1,1
BRDA:48,3,0,0
BRDA:48,3,1,2
BRF:8
BRH:7
end_of_record
TN:
SF:projects\shared\component\feel-better-now\boredom-at\boredom-at.page.ts
FN:19,(anonymous_0)
FN:21,(anonymous_1)
FN:30,(anonymous_2)
FN:40,(anonymous_3)
FN:49,(anonymous_4)
FNF:5
FNH:5
FNDA:11,(anonymous_0)
FNDA:2,(anonymous_1)
FNDA:2,(anonymous_2)
FNDA:2,(anonymous_3)
FNDA:2,(anonymous_4)
DA:12,1
DA:14,11
DA:15,11
DA:16,11
DA:19,11
DA:22,2
DA:23,1
DA:25,1
DA:31,2
DA:32,1
DA:33,1
DA:35,1
DA:36,1
DA:41,2
DA:42,2
DA:43,1
DA:45,1
DA:51,2
DA:52,0
DA:54,2
LF:20
LH:19
BRDA:22,0,0,1
BRDA:22,0,1,1
BRDA:31,1,0,1
BRDA:31,1,1,1
BRDA:42,2,0,1
BRDA:42,2,1,1
BRDA:51,3,0,0
BRDA:51,3,1,2
BRF:8
BRH:7
end_of_record
TN:
SF:projects\shared\component\feel-better-now\coping-with-illness\coping-with-illness.page.ts
FN:22,(anonymous_0)
FN:36,(anonymous_1)
FN:44,(anonymous_2)
FN:53,(anonymous_3)
FN:59,(anonymous_4)
FN:68,(anonymous_5)
FN:92,(anonymous_6)
FN:128,(anonymous_7)
FN:136,(anonymous_8)
FN:155,(anonymous_9)
FN:163,(anonymous_10)
FNF:11
FNH:11
FNDA:35,(anonymous_0)
FNDA:3,(anonymous_1)
FNDA:2,(anonymous_2)
FNDA:2,(anonymous_3)
FNDA:2,(anonymous_4)
FNDA:2,(anonymous_5)
FNDA:6,(anonymous_6)
FNDA:2,(anonymous_7)
FNDA:4,(anonymous_8)
FNDA:2,(anonymous_9)
FNDA:3,(anonymous_10)
DA:12,1
DA:15,35
DA:16,35
DA:18,35
DA:20,35
DA:22,35
DA:24,35
DA:25,35
DA:29,35
DA:30,33
DA:32,2
DA:37,3
DA:38,3
DA:39,3
DA:45,2
DA:46,1
DA:48,1
DA:54,2
DA:55,1
DA:61,2
DA:62,0
DA:64,2
DA:69,2
DA:70,2
DA:71,1
DA:73,1
DA:93,6
DA:94,1
DA:95,1
DA:98,6
DA:100,6
DA:101,3
DA:102,3
DA:105,3
DA:106,3
DA:109,3
DA:110,1
DA:111,2
DA:112,1
DA:113,1
DA:114,0
DA:116,1
DA:118,1
DA:119,1
DA:120,0
DA:122,1
DA:129,2
DA:130,1
DA:132,1
DA:137,4
DA:139,2
DA:140,1
DA:142,1
DA:144,2
DA:148,2
DA:149,1
DA:151,1
DA:156,2
DA:157,1
DA:159,1
DA:164,3
DA:165,2
DA:166,2
DA:169,2
DA:170,2
DA:173,1
DA:174,1
DA:175,1
DA:178,1
DA:180,1
DA:181,1
DA:183,1
LF:72
LH:69
BRDA:29,0,0,33
BRDA:29,0,1,2
BRDA:38,1,0,3
BRDA:38,1,1,2
BRDA:45,2,0,1
BRDA:45,2,1,1
BRDA:54,3,0,1
BRDA:61,4,0,0
BRDA:61,4,1,2
BRDA:70,5,0,1
BRDA:70,5,1,1
BRDA:92,6,0,0
BRDA:93,7,0,1
BRDA:100,8,0,3
BRDA:100,9,0,6
BRDA:100,9,1,4
BRDA:102,10,0,1
BRDA:102,10,1,2
BRDA:109,11,0,1
BRDA:109,11,1,2
BRDA:111,12,0,1
BRDA:111,12,1,1
BRDA:113,13,0,0
BRDA:113,13,1,1
BRDA:118,14,0,1
BRDA:119,15,0,0
BRDA:119,15,1,1
BRDA:129,16,0,1
BRDA:129,16,1,1
BRDA:137,17,0,2
BRDA:139,18,0,1
BRDA:139,18,1,1
BRDA:148,19,0,1
BRDA:148,19,1,1
BRDA:156,20,0,1
BRDA:156,20,1,1
BRDA:164,21,0,2
BRDA:166,22,0,1
BRDA:166,22,1,1
BRDA:174,23,0,1
BRDA:181,24,0,1
BRDA:181,24,1,0
BRF:42
BRH:37
end_of_record
TN:
SF:projects\shared\component\feel-better-now\coping-with-illness-at\coping-with-illness-at.page.ts
FN:17,(anonymous_0)
FN:23,(anonymous_1)
FN:32,(anonymous_2)
FN:41,(anonymous_3)
FN:50,(anonymous_4)
FNF:5
FNH:5
FNDA:11,(anonymous_0)
FNDA:2,(anonymous_1)
FNDA:2,(anonymous_2)
FNDA:2,(anonymous_3)
FNDA:2,(anonymous_4)
DA:12,1
DA:14,11
DA:15,11
DA:16,11
DA:18,11
DA:19,11
DA:20,11
DA:24,2
DA:25,1
DA:27,1
DA:33,2
DA:34,1
DA:35,1
DA:37,1
DA:38,1
DA:42,2
DA:43,2
DA:44,1
DA:46,1
DA:52,2
DA:53,0
DA:55,2
LF:22
LH:21
BRDA:24,0,0,1
BRDA:24,0,1,1
BRDA:33,1,0,1
BRDA:33,1,1,1
BRDA:43,2,0,1
BRDA:43,2,1,1
BRDA:52,3,0,0
BRDA:52,3,1,2
BRF:8
BRH:7
end_of_record
TN:
SF:projects\shared\component\guided-questions\index\index.page.ts
FN:46,(anonymous_0)
FN:70,(anonymous_1)
FN:86,(anonymous_2)
FN:94,(anonymous_3)
FN:95,(anonymous_4)
FN:96,(anonymous_5)
FN:100,(anonymous_6)
FN:112,(anonymous_7)
FN:118,(anonymous_8)
FN:128,(anonymous_9)
FN:132,(anonymous_10)
FN:138,(anonymous_11)
FN:148,(anonymous_12)
FN:153,(anonymous_13)
FN:170,(anonymous_14)
FN:173,(anonymous_15)
FN:177,(anonymous_16)
FN:178,(anonymous_17)
FN:186,(anonymous_18)
FN:198,(anonymous_19)
FN:204,(anonymous_20)
FN:206,(anonymous_21)
FN:215,(anonymous_22)
FN:221,(anonymous_23)
FN:229,(anonymous_24)
FN:230,(anonymous_25)
FN:235,(anonymous_26)
FN:241,(anonymous_27)
FN:252,(anonymous_28)
FN:259,(anonymous_29)
FN:265,(anonymous_30)
FN:271,(anonymous_31)
FN:279,(anonymous_32)
FN:290,(anonymous_33)
FN:298,(anonymous_34)
FN:313,(anonymous_35)
FN:318,(anonymous_36)
FN:331,(anonymous_37)
FN:337,(anonymous_38)
FN:347,(anonymous_39)
FN:350,(anonymous_40)
FN:356,(anonymous_41)
FN:366,(anonymous_42)
FN:372,(anonymous_43)
FN:374,(anonymous_44)
FN:375,(anonymous_45)
FN:376,(anonymous_46)
FN:380,(anonymous_47)
FN:399,(anonymous_48)
FN:412,(anonymous_49)
FN:421,(anonymous_50)
FN:422,(anonymous_51)
FNF:52
FNH:39
FNDA:45,(anonymous_0)
FNDA:0,(anonymous_1)
FNDA:2,(anonymous_2)
FNDA:0,(anonymous_3)
FNDA:0,(anonymous_4)
FNDA:0,(anonymous_5)
FNDA:0,(anonymous_6)
FNDA:0,(anonymous_7)
FNDA:0,(anonymous_8)
FNDA:0,(anonymous_9)
FNDA:1,(anonymous_10)
FNDA:0,(anonymous_11)
FNDA:3,(anonymous_12)
FNDA:3,(anonymous_13)
FNDA:0,(anonymous_14)
FNDA:0,(anonymous_15)
FNDA:1,(anonymous_16)
FNDA:1,(anonymous_17)
FNDA:2,(anonymous_18)
FNDA:1,(anonymous_19)
FNDA:3,(anonymous_20)
FNDA:2,(anonymous_21)
FNDA:1,(anonymous_22)
FNDA:2,(anonymous_23)
FNDA:1,(anonymous_24)
FNDA:1,(anonymous_25)
FNDA:1,(anonymous_26)
FNDA:3,(anonymous_27)
FNDA:1,(anonymous_28)
FNDA:1,(anonymous_29)
FNDA:1,(anonymous_30)
FNDA:2,(anonymous_31)
FNDA:2,(anonymous_32)
FNDA:3,(anonymous_33)
FNDA:2,(anonymous_34)
FNDA:2,(anonymous_35)
FNDA:2,(anonymous_36)
FNDA:1,(anonymous_37)
FNDA:0,(anonymous_38)
FNDA:3,(anonymous_39)
FNDA:1,(anonymous_40)
FNDA:0,(anonymous_41)
FNDA:2,(anonymous_42)
FNDA:1,(anonymous_43)
FNDA:1,(anonymous_44)
FNDA:2,(anonymous_45)
FNDA:2,(anonymous_46)
FNDA:3,(anonymous_47)
FNDA:3,(anonymous_48)
FNDA:2,(anonymous_49)
FNDA:2,(anonymous_50)
FNDA:4,(anonymous_51)
DA:16,1
DA:17,45
DA:18,45
DA:19,45
DA:21,45
DA:22,45
DA:26,45
DA:28,45
DA:30,45
DA:31,45
DA:32,45
DA:34,45
DA:35,45
DA:36,45
DA:37,45
DA:38,45
DA:39,45
DA:40,45
DA:41,45
DA:42,45
DA:44,45
DA:47,45
DA:48,45
DA:49,45
DA:50,45
DA:51,45
DA:52,45
DA:53,45
DA:54,45
DA:56,45
DA:57,44
DA:59,1
DA:61,45
DA:62,45
DA:63,45
DA:64,44
DA:66,1
DA:71,0
DA:72,0
DA:74,0
DA:75,0
DA:76,0
DA:78,0
DA:79,0
DA:80,0
DA:81,0
DA:82,0
DA:87,2
DA:88,1
DA:89,1
DA:95,0
DA:96,0
DA:97,0
DA:98,0
DA:99,0
DA:100,0
DA:101,0
DA:103,0
DA:104,0
DA:105,0
DA:113,0
DA:115,0
DA:116,0
DA:117,0
DA:119,0
DA:128,0
DA:133,1
DA:135,1
DA:136,1
DA:137,0
DA:139,0
DA:148,3
DA:154,3
DA:155,1
DA:157,2
DA:160,3
DA:161,1
DA:162,1
DA:164,2
DA:171,0
DA:174,0
DA:178,1
DA:179,1
DA:180,1
DA:181,1
DA:187,2
DA:188,1
DA:189,1
DA:191,1
DA:192,1
DA:199,1
DA:200,1
DA:201,1
DA:205,3
DA:207,2
DA:208,2
DA:209,2
DA:212,2
DA:216,1
DA:222,2
DA:231,1
DA:237,1
DA:242,3
DA:243,1
DA:245,2
DA:246,1
DA:248,1
DA:253,1
DA:254,1
DA:255,1
DA:256,1
DA:257,1
DA:258,1
DA:259,1
DA:260,1
DA:261,0
DA:266,1
DA:267,1
DA:268,1
DA:269,1
DA:272,2
DA:273,2
DA:274,1
DA:275,1
DA:277,1
DA:278,1
DA:280,2
DA:291,3
DA:292,3
DA:293,1
DA:294,1
DA:296,2
DA:297,2
DA:299,2
DA:314,2
DA:315,2
DA:316,2
DA:317,1
DA:319,2
DA:327,1
DA:332,1
DA:334,1
DA:335,1
DA:336,0
DA:338,0
DA:347,3
DA:351,1
DA:353,1
DA:354,1
DA:355,0
DA:357,0
DA:366,2
DA:367,1
DA:374,1
DA:375,2
DA:376,2
DA:377,1
DA:381,3
DA:382,1
DA:383,1
DA:384,1
DA:385,1
DA:387,2
DA:389,2
DA:390,2
DA:391,1
DA:393,1
DA:400,3
DA:401,3
DA:402,3
DA:403,2
DA:404,1
DA:405,1
DA:406,1
DA:407,1
DA:413,2
DA:415,2
DA:416,1
DA:418,1
DA:422,4
LF:180
LH:145
BRDA:56,0,0,44
BRDA:56,0,1,1
BRDA:61,1,0,0
BRDA:61,1,1,45
BRDA:62,2,0,45
BRDA:62,2,1,0
BRDA:63,3,0,44
BRDA:63,3,1,1
BRDA:71,4,0,0
BRDA:71,4,1,0
BRDA:79,5,0,0
BRDA:79,6,0,0
BRDA:79,6,1,0
BRDA:87,7,0,1
BRDA:87,8,0,2
BRDA:87,8,1,2
BRDA:88,9,0,1
BRDA:88,10,0,1
BRDA:88,10,1,1
BRDA:97,11,0,0
BRDA:104,12,0,0
BRDA:116,13,0,0
BRDA:116,13,1,0
BRDA:119,14,0,0
BRDA:119,14,1,0
BRDA:119,14,2,0
BRDA:136,15,0,0
BRDA:136,15,1,1
BRDA:139,16,0,0
BRDA:139,16,1,0
BRDA:139,16,2,0
BRDA:154,17,0,1
BRDA:154,17,1,2
BRDA:160,18,0,1
BRDA:160,18,1,2
BRDA:180,19,0,1
BRDA:180,20,0,1
BRDA:180,20,1,1
BRDA:187,21,0,1
BRDA:187,21,1,1
BRDA:187,22,0,2
BRDA:187,22,1,1
BRDA:242,23,0,1
BRDA:242,23,1,2
BRDA:242,24,0,3
BRDA:242,24,1,2
BRDA:245,25,0,1
BRDA:245,25,1,1
BRDA:260,26,0,0
BRDA:260,27,0,1
BRDA:260,27,1,1
BRDA:260,27,2,1
BRDA:273,28,0,1
BRDA:273,28,1,1
BRDA:277,29,0,1
BRDA:280,30,0,2
BRDA:280,30,1,1
BRDA:292,31,0,1
BRDA:292,31,1,2
BRDA:296,32,0,2
BRDA:299,33,0,2
BRDA:299,33,1,1
BRDA:299,33,2,1
BRDA:316,34,0,1
BRDA:316,34,1,1
BRDA:319,35,0,2
BRDA:319,35,1,1
BRDA:335,36,0,0
BRDA:335,36,1,1
BRDA:338,37,0,0
BRDA:338,37,1,0
BRDA:338,37,2,0
BRDA:354,38,0,0
BRDA:354,38,1,1
BRDA:357,39,0,0
BRDA:357,39,1,0
BRDA:357,39,2,0
BRDA:381,40,0,1
BRDA:381,40,1,2
BRDA:381,41,0,3
BRDA:381,41,1,2
BRDA:390,42,0,1
BRDA:390,42,1,1
BRDA:402,43,0,2
BRDA:403,44,0,1
BRDA:403,44,1,1
BRDA:403,45,0,2
BRDA:403,45,1,1
BRDA:405,46,0,1
BRDA:415,47,0,1
BRDA:415,47,1,1
BRF:91
BRH:64
end_of_record
TN:
SF:projects\shared\component\guided-questions\introduction\introduction.page.ts
FN:20,(anonymous_0)
FN:24,(anonymous_1)
FN:32,(anonymous_2)
FN:43,(anonymous_3)
FN:50,(anonymous_4)
FN:57,(anonymous_5)
FN:69,(anonymous_6)
FN:70,(anonymous_7)
FN:72,(anonymous_8)
FNF:9
FNH:9
FNDA:23,(anonymous_0)
FNDA:23,(anonymous_1)
FNDA:2,(anonymous_2)
FNDA:23,(anonymous_3)
FNDA:1,(anonymous_4)
FNDA:3,(anonymous_5)
FNDA:25,(anonymous_6)
FNDA:25,(anonymous_7)
FNDA:46,(anonymous_8)
DA:13,1
DA:15,23
DA:16,23
DA:17,23
DA:18,23
DA:19,23
DA:20,23
DA:21,23
DA:22,23
DA:23,23
DA:24,23
DA:25,23
DA:26,23
DA:27,2
DA:33,2
DA:34,1
DA:36,1
DA:39,2
DA:40,2
DA:44,23
DA:51,1
DA:58,3
DA:60,3
DA:61,2
DA:64,1
DA:70,25
DA:71,25
DA:72,46
DA:73,23
LF:29
LH:29
BRDA:26,0,0,2
BRDA:26,1,0,23
BRDA:26,1,1,23
BRDA:26,1,2,23
BRDA:33,2,0,1
BRDA:33,2,1,1
BRDA:39,3,0,1
BRDA:39,3,1,1
BRDA:40,4,0,1
BRDA:40,4,1,1
BRDA:60,5,0,2
BRDA:60,5,1,1
BRDA:60,6,0,3
BRDA:60,6,1,2
BRDA:71,7,0,23
BRF:15
BRH:15
end_of_record
TN:
SF:projects\shared\component\guided-questions\questions\questions.page.ts
FN:27,(anonymous_0)
FN:38,(anonymous_1)
FN:46,(anonymous_2)
FN:49,(anonymous_3)
FN:53,(anonymous_4)
FN:66,(anonymous_5)
FN:88,(anonymous_6)
FN:95,(anonymous_7)
FN:102,(anonymous_8)
FN:112,(anonymous_9)
FN:119,(anonymous_10)
FN:128,(anonymous_11)
FN:137,(anonymous_12)
FN:145,(anonymous_13)
FN:149,(anonymous_14)
FN:172,(anonymous_15)
FN:175,(anonymous_16)
FN:180,(anonymous_17)
FNF:18
FNH:18
FNDA:34,(anonymous_0)
FNDA:34,(anonymous_1)
FNDA:3,(anonymous_2)
FNDA:3,(anonymous_3)
FNDA:3,(anonymous_4)
FNDA:3,(anonymous_5)
FNDA:3,(anonymous_6)
FNDA:2,(anonymous_7)
FNDA:2,(anonymous_8)
FNDA:2,(anonymous_9)
FNDA:3,(anonymous_10)
FNDA:3,(anonymous_11)
FNDA:6,(anonymous_12)
FNDA:1,(anonymous_13)
FNDA:3,(anonymous_14)
FNDA:2,(anonymous_15)
FNDA:1,(anonymous_16)
FNDA:1,(anonymous_17)
DA:14,1
DA:15,34
DA:17,34
DA:18,34
DA:19,34
DA:20,34
DA:21,34
DA:22,34
DA:23,34
DA:24,34
DA:25,34
DA:27,34
DA:28,34
DA:29,34
DA:30,34
DA:31,34
DA:32,33
DA:34,1
DA:39,34
DA:47,3
DA:48,3
DA:49,3
DA:50,3
DA:51,2
DA:52,2
DA:53,2
DA:54,3
DA:59,3
DA:60,3
DA:62,0
DA:68,3
DA:69,1
DA:79,2
DA:88,3
DA:89,3
DA:96,2
DA:97,2
DA:98,1
DA:103,2
DA:104,2
DA:105,1
DA:107,1
DA:109,2
DA:113,2
DA:114,1
DA:115,1
DA:120,3
DA:121,3
DA:122,3
DA:123,3
DA:124,1
DA:126,3
DA:129,3
DA:130,3
DA:131,3
DA:132,1
DA:134,3
DA:138,6
DA:139,6
DA:140,2
DA:142,6
DA:146,1
DA:151,3
DA:152,3
DA:153,2
DA:163,1
DA:172,3
DA:173,2
DA:176,1
DA:181,1
LF:70
LH:69
BRDA:31,0,0,33
BRDA:31,0,1,1
BRDA:50,1,0,2
BRDA:59,2,0,3
BRDA:59,2,1,0
BRDA:68,3,0,1
BRDA:68,3,1,2
BRDA:89,4,0,3
BRDA:97,5,0,1
BRDA:104,6,0,1
BRDA:104,6,1,1
BRDA:113,7,0,1
BRDA:123,8,0,1
BRDA:131,9,0,1
BRDA:139,10,0,2
BRDA:152,11,0,2
BRDA:152,11,1,1
BRF:17
BRH:16
end_of_record
TN:
SF:projects\shared\component\guided-questions\saved\saved.page.ts
FN:23,(anonymous_0)
FN:28,(anonymous_1)
FN:41,(anonymous_2)
FN:42,(anonymous_3)
FN:51,(anonymous_4)
FN:55,(anonymous_5)
FN:56,(anonymous_6)
FN:57,(anonymous_7)
FN:57,(anonymous_8)
FN:62,(anonymous_9)
FN:67,(anonymous_10)
FN:71,(anonymous_11)
FN:306,(anonymous_12)
FN:315,(anonymous_13)
FN:319,(anonymous_14)
FN:339,(anonymous_15)
FN:342,(anonymous_16)
FN:364,(anonymous_17)
FN:368,(anonymous_18)
FN:384,(anonymous_19)
FN:387,(anonymous_20)
FN:398,(anonymous_21)
FN:402,(anonymous_22)
FN:418,(anonymous_23)
FN:421,(anonymous_24)
FN:426,(anonymous_25)
FN:430,(anonymous_26)
FN:446,(anonymous_27)
FN:449,(anonymous_28)
FN:469,(anonymous_29)
FN:473,(anonymous_30)
FN:489,(anonymous_31)
FN:492,(anonymous_32)
FN:511,(anonymous_33)
FN:515,(anonymous_34)
FN:532,(anonymous_35)
FN:535,(anonymous_36)
FN:557,(anonymous_37)
FN:561,(anonymous_38)
FN:578,(anonymous_39)
FN:581,(anonymous_40)
FN:603,(anonymous_41)
FN:609,(anonymous_42)
FN:625,(anonymous_43)
FN:628,(anonymous_44)
FN:649,(anonymous_45)
FN:654,(anonymous_46)
FN:671,(anonymous_47)
FN:674,(anonymous_48)
FN:693,(anonymous_49)
FN:697,(anonymous_50)
FN:713,(anonymous_51)
FN:716,(anonymous_52)
FN:737,(anonymous_53)
FN:741,(anonymous_54)
FN:757,(anonymous_55)
FN:760,(anonymous_56)
FN:782,(anonymous_57)
FN:786,(anonymous_58)
FN:806,(anonymous_59)
FN:809,(anonymous_60)
FN:829,(anonymous_61)
FN:833,(anonymous_62)
FN:849,(anonymous_63)
FN:852,(anonymous_64)
FN:871,(anonymous_65)
FN:875,(anonymous_66)
FN:891,(anonymous_67)
FN:894,(anonymous_68)
FN:914,(anonymous_69)
FN:918,(anonymous_70)
FN:934,(anonymous_71)
FN:937,(anonymous_72)
FN:955,(anonymous_73)
FN:959,(anonymous_74)
FN:975,(anonymous_75)
FN:978,(anonymous_76)
FN:998,(anonymous_77)
FN:1002,(anonymous_78)
FN:1018,(anonymous_79)
FN:1021,(anonymous_80)
FN:1040,(anonymous_81)
FN:1044,(anonymous_82)
FN:1060,(anonymous_83)
FN:1063,(anonymous_84)
FN:1083,(anonymous_85)
FN:1087,(anonymous_86)
FN:1103,(anonymous_87)
FN:1106,(anonymous_88)
FN:1125,(anonymous_89)
FN:1129,(anonymous_90)
FN:1145,(anonymous_91)
FN:1148,(anonymous_92)
FN:1171,(anonymous_93)
FN:1175,(anonymous_94)
FN:1191,(anonymous_95)
FN:1194,(anonymous_96)
FN:1213,(anonymous_97)
FN:1217,(anonymous_98)
FN:1231,(anonymous_99)
FN:1236,(anonymous_100)
FN:1239,(anonymous_101)
FN:1252,(anonymous_102)
FN:1256,(anonymous_103)
FN:1272,(anonymous_104)
FN:1275,(anonymous_105)
FN:1294,(anonymous_106)
FN:1299,(anonymous_107)
FN:1319,(anonymous_108)
FN:1322,(anonymous_109)
FN:1345,(anonymous_110)
FN:1349,(anonymous_111)
FN:1365,(anonymous_112)
FN:1368,(anonymous_113)
FN:1388,(anonymous_114)
FN:1392,(anonymous_115)
FN:1408,(anonymous_116)
FN:1411,(anonymous_117)
FN:1431,(anonymous_118)
FN:1435,(anonymous_119)
FN:1451,(anonymous_120)
FN:1454,(anonymous_121)
FN:1473,(anonymous_122)
FN:1477,(anonymous_123)
FN:1493,(anonymous_124)
FN:1496,(anonymous_125)
FN:1516,(anonymous_126)
FN:1520,(anonymous_127)
FN:1536,(anonymous_128)
FN:1539,(anonymous_129)
FN:1555,(anonymous_130)
FN:1559,(anonymous_131)
FN:1575,(anonymous_132)
FN:1578,(anonymous_133)
FN:1600,(anonymous_134)
FN:1604,(anonymous_135)
FN:1624,(anonymous_136)
FN:1627,(anonymous_137)
FN:1638,(anonymous_138)
FN:1642,(anonymous_139)
FN:1658,(anonymous_140)
FN:1661,(anonymous_141)
FN:1672,(anonymous_142)
FN:1676,(anonymous_143)
FN:1692,(anonymous_144)
FN:1695,(anonymous_145)
FN:1717,(anonymous_146)
FN:1721,(anonymous_147)
FN:1737,(anonymous_148)
FN:1740,(anonymous_149)
FN:1764,(anonymous_150)
FN:1768,(anonymous_151)
FN:1784,(anonymous_152)
FN:1787,(anonymous_153)
FN:1809,(anonymous_154)
FN:1813,(anonymous_155)
FN:1829,(anonymous_156)
FN:1832,(anonymous_157)
FN:1851,(anonymous_158)
FN:1855,(anonymous_159)
FN:1871,(anonymous_160)
FN:1874,(anonymous_161)
FN:1896,(anonymous_162)
FN:1900,(anonymous_163)
FN:1916,(anonymous_164)
FN:1919,(anonymous_165)
FN:1940,(anonymous_166)
FN:1944,(anonymous_167)
FN:1960,(anonymous_168)
FN:1963,(anonymous_169)
FN:1985,(anonymous_170)
FN:1989,(anonymous_171)
FN:2005,(anonymous_172)
FN:2008,(anonymous_173)
FN:2030,(anonymous_174)
FN:2034,(anonymous_175)
FN:2050,(anonymous_176)
FN:2053,(anonymous_177)
FN:2067,(anonymous_178)
FN:2071,(anonymous_179)
FN:2087,(anonymous_180)
FN:2090,(anonymous_181)
FN:2111,(anonymous_182)
FN:2115,(anonymous_183)
FN:2131,(anonymous_184)
FN:2134,(anonymous_185)
FN:2157,(anonymous_186)
FN:2161,(anonymous_187)
FN:2177,(anonymous_188)
FN:2180,(anonymous_189)
FN:2191,(anonymous_190)
FN:2195,(anonymous_191)
FN:2211,(anonymous_192)
FN:2214,(anonymous_193)
FN:2225,(anonymous_194)
FN:2229,(anonymous_195)
FN:2245,(anonymous_196)
FN:2248,(anonymous_197)
FN:2259,(anonymous_198)
FN:2263,(anonymous_199)
FN:2279,(anonymous_200)
FN:2282,(anonymous_201)
FN:2293,(anonymous_202)
FN:2297,(anonymous_203)
FN:2313,(anonymous_204)
FN:2316,(anonymous_205)
FN:2327,(anonymous_206)
FN:2331,(anonymous_207)
FN:2347,(anonymous_208)
FN:2350,(anonymous_209)
FN:2362,(anonymous_210)
FN:2366,(anonymous_211)
FN:2382,(anonymous_212)
FN:2385,(anonymous_213)
FN:2399,(anonymous_214)
FN:2403,(anonymous_215)
FN:2419,(anonymous_216)
FN:2422,(anonymous_217)
FN:2435,(anonymous_218)
FN:2439,(anonymous_219)
FN:2455,(anonymous_220)
FN:2458,(anonymous_221)
FN:2473,(anonymous_222)
FN:2477,(anonymous_223)
FN:2494,(anonymous_224)
FN:2497,(anonymous_225)
FN:2502,(anonymous_226)
FN:2506,(anonymous_227)
FN:2521,(anonymous_228)
FN:2524,(anonymous_229)
FN:2533,(anonymous_230)
FN:2537,(anonymous_231)
FN:2552,(anonymous_232)
FN:2555,(anonymous_233)
FN:2560,(anonymous_234)
FN:2564,(anonymous_235)
FN:2580,(anonymous_236)
FN:2583,(anonymous_237)
FNF:238
FNH:55
FNDA:37,(anonymous_0)
FNDA:1,(anonymous_1)
FNDA:2,(anonymous_2)
FNDA:2,(anonymous_3)
FNDA:1,(anonymous_4)
FNDA:2,(anonymous_5)
FNDA:2,(anonymous_6)
FNDA:4,(anonymous_7)
FNDA:5,(anonymous_8)
FNDA:1,(anonymous_9)
FNDA:4,(anonymous_10)
FNDA:4,(anonymous_11)
FNDA:0,(anonymous_12)
FNDA:2,(anonymous_13)
FNDA:2,(anonymous_14)
FNDA:0,(anonymous_15)
FNDA:2,(anonymous_16)
FNDA:0,(anonymous_17)
FNDA:0,(anonymous_18)
FNDA:0,(anonymous_19)
FNDA:0,(anonymous_20)
FNDA:0,(anonymous_21)
FNDA:0,(anonymous_22)
FNDA:0,(anonymous_23)
FNDA:0,(anonymous_24)
FNDA:0,(anonymous_25)
FNDA:0,(anonymous_26)
FNDA:0,(anonymous_27)
FNDA:0,(anonymous_28)
FNDA:0,(anonymous_29)
FNDA:0,(anonymous_30)
FNDA:0,(anonymous_31)
FNDA:0,(anonymous_32)
FNDA:0,(anonymous_33)
FNDA:0,(anonymous_34)
FNDA:0,(anonymous_35)
FNDA:0,(anonymous_36)
FNDA:1,(anonymous_37)
FNDA:1,(anonymous_38)
FNDA:0,(anonymous_39)
FNDA:1,(anonymous_40)
FNDA:0,(anonymous_41)
FNDA:0,(anonymous_42)
FNDA:0,(anonymous_43)
FNDA:0,(anonymous_44)
FNDA:0,(anonymous_45)
FNDA:0,(anonymous_46)
FNDA:0,(anonymous_47)
FNDA:0,(anonymous_48)
FNDA:0,(anonymous_49)
FNDA:0,(anonymous_50)
FNDA:0,(anonymous_51)
FNDA:0,(anonymous_52)
FNDA:1,(anonymous_53)
FNDA:1,(anonymous_54)
FNDA:0,(anonymous_55)
FNDA:1,(anonymous_56)
FNDA:0,(anonymous_57)
FNDA:0,(anonymous_58)
FNDA:0,(anonymous_59)
FNDA:0,(anonymous_60)
FNDA:0,(anonymous_61)
FNDA:0,(anonymous_62)
FNDA:0,(anonymous_63)
FNDA:0,(anonymous_64)
FNDA:0,(anonymous_65)
FNDA:0,(anonymous_66)
FNDA:0,(anonymous_67)
FNDA:0,(anonymous_68)
FNDA:0,(anonymous_69)
FNDA:0,(anonymous_70)
FNDA:0,(anonymous_71)
FNDA:0,(anonymous_72)
FNDA:0,(anonymous_73)
FNDA:0,(anonymous_74)
FNDA:0,(anonymous_75)
FNDA:0,(anonymous_76)
FNDA:0,(anonymous_77)
FNDA:0,(anonymous_78)
FNDA:0,(anonymous_79)
FNDA:0,(anonymous_80)
FNDA:0,(anonymous_81)
FNDA:0,(anonymous_82)
FNDA:0,(anonymous_83)
FNDA:0,(anonymous_84)
FNDA:0,(anonymous_85)
FNDA:0,(anonymous_86)
FNDA:0,(anonymous_87)
FNDA:0,(anonymous_88)
FNDA:0,(anonymous_89)
FNDA:0,(anonymous_90)
FNDA:0,(anonymous_91)
FNDA:0,(anonymous_92)
FNDA:1,(anonymous_93)
FNDA:1,(anonymous_94)
FNDA:0,(anonymous_95)
FNDA:1,(anonymous_96)
FNDA:3,(anonymous_97)
FNDA:3,(anonymous_98)
FNDA:0,(anonymous_99)
FNDA:0,(anonymous_100)
FNDA:3,(anonymous_101)
FNDA:0,(anonymous_102)
FNDA:0,(anonymous_103)
FNDA:0,(anonymous_104)
FNDA:0,(anonymous_105)
FNDA:0,(anonymous_106)
FNDA:0,(anonymous_107)
FNDA:0,(anonymous_108)
FNDA:0,(anonymous_109)
FNDA:0,(anonymous_110)
FNDA:0,(anonymous_111)
FNDA:0,(anonymous_112)
FNDA:0,(anonymous_113)
FNDA:1,(anonymous_114)
FNDA:1,(anonymous_115)
FNDA:0,(anonymous_116)
FNDA:1,(anonymous_117)
FNDA:0,(anonymous_118)
FNDA:0,(anonymous_119)
FNDA:0,(anonymous_120)
FNDA:0,(anonymous_121)
FNDA:0,(anonymous_122)
FNDA:0,(anonymous_123)
FNDA:0,(anonymous_124)
FNDA:0,(anonymous_125)
FNDA:0,(anonymous_126)
FNDA:0,(anonymous_127)
FNDA:0,(anonymous_128)
FNDA:0,(anonymous_129)
FNDA:0,(anonymous_130)
FNDA:0,(anonymous_131)
FNDA:0,(anonymous_132)
FNDA:0,(anonymous_133)
FNDA:0,(anonymous_134)
FNDA:0,(anonymous_135)
FNDA:0,(anonymous_136)
FNDA:0,(anonymous_137)
FNDA:0,(anonymous_138)
FNDA:0,(anonymous_139)
FNDA:0,(anonymous_140)
FNDA:0,(anonymous_141)
FNDA:0,(anonymous_142)
FNDA:0,(anonymous_143)
FNDA:0,(anonymous_144)
FNDA:0,(anonymous_145)
FNDA:1,(anonymous_146)
FNDA:1,(anonymous_147)
FNDA:0,(anonymous_148)
FNDA:1,(anonymous_149)
FNDA:1,(anonymous_150)
FNDA:1,(anonymous_151)
FNDA:0,(anonymous_152)
FNDA:1,(anonymous_153)
FNDA:1,(anonymous_154)
FNDA:1,(anonymous_155)
FNDA:0,(anonymous_156)
FNDA:1,(anonymous_157)
FNDA:0,(anonymous_158)
FNDA:0,(anonymous_159)
FNDA:0,(anonymous_160)
FNDA:0,(anonymous_161)
FNDA:0,(anonymous_162)
FNDA:0,(anonymous_163)
FNDA:0,(anonymous_164)
FNDA:0,(anonymous_165)
FNDA:0,(anonymous_166)
FNDA:0,(anonymous_167)
FNDA:0,(anonymous_168)
FNDA:0,(anonymous_169)
FNDA:0,(anonymous_170)
FNDA:0,(anonymous_171)
FNDA:0,(anonymous_172)
FNDA:0,(anonymous_173)
FNDA:0,(anonymous_174)
FNDA:0,(anonymous_175)
FNDA:0,(anonymous_176)
FNDA:0,(anonymous_177)
FNDA:1,(anonymous_178)
FNDA:1,(anonymous_179)
FNDA:0,(anonymous_180)
FNDA:1,(anonymous_181)
FNDA:0,(anonymous_182)
FNDA:0,(anonymous_183)
FNDA:0,(anonymous_184)
FNDA:0,(anonymous_185)
FNDA:0,(anonymous_186)
FNDA:0,(anonymous_187)
FNDA:0,(anonymous_188)
FNDA:0,(anonymous_189)
FNDA:0,(anonymous_190)
FNDA:0,(anonymous_191)
FNDA:0,(anonymous_192)
FNDA:0,(anonymous_193)
FNDA:0,(anonymous_194)
FNDA:0,(anonymous_195)
FNDA:0,(anonymous_196)
FNDA:0,(anonymous_197)
FNDA:0,(anonymous_198)
FNDA:0,(anonymous_199)
FNDA:0,(anonymous_200)
FNDA:0,(anonymous_201)
FNDA:1,(anonymous_202)
FNDA:1,(anonymous_203)
FNDA:0,(anonymous_204)
FNDA:1,(anonymous_205)
FNDA:0,(anonymous_206)
FNDA:0,(anonymous_207)
FNDA:0,(anonymous_208)
FNDA:0,(anonymous_209)
FNDA:0,(anonymous_210)
FNDA:0,(anonymous_211)
FNDA:0,(anonymous_212)
FNDA:0,(anonymous_213)
FNDA:0,(anonymous_214)
FNDA:0,(anonymous_215)
FNDA:0,(anonymous_216)
FNDA:0,(anonymous_217)
FNDA:1,(anonymous_218)
FNDA:1,(anonymous_219)
FNDA:0,(anonymous_220)
FNDA:1,(anonymous_221)
FNDA:0,(anonymous_222)
FNDA:0,(anonymous_223)
FNDA:0,(anonymous_224)
FNDA:0,(anonymous_225)
FNDA:0,(anonymous_226)
FNDA:0,(anonymous_227)
FNDA:0,(anonymous_228)
FNDA:0,(anonymous_229)
FNDA:1,(anonymous_230)
FNDA:1,(anonymous_231)
FNDA:0,(anonymous_232)
FNDA:1,(anonymous_233)
FNDA:4,(anonymous_234)
FNDA:3,(anonymous_235)
FNDA:1,(anonymous_236)
FNDA:3,(anonymous_237)
DA:13,1
DA:15,37
DA:16,37
DA:18,37
DA:21,37
DA:23,37
DA:24,37
DA:29,1
DA:30,1
DA:31,1
DA:33,0
DA:35,1
DA:37,1
DA:38,1
DA:42,2
DA:43,2
DA:44,1
DA:45,1
DA:46,1
DA:52,1
DA:56,2
DA:57,5
DA:58,2
DA:63,1
DA:68,4
DA:69,2
DA:70,2
DA:71,4
DA:72,2
DA:73,1
DA:75,1
DA:76,1
DA:79,2
DA:81,1
DA:82,1
DA:85,1
DA:86,1
DA:89,0
DA:90,0
DA:93,0
DA:94,0
DA:97,0
DA:98,0
DA:101,0
DA:102,0
DA:105,0
DA:106,0
DA:109,0
DA:110,0
DA:113,0
DA:114,0
DA:117,0
DA:118,0
DA:121,0
DA:122,0
DA:125,0
DA:126,0
DA:129,0
DA:130,0
DA:133,0
DA:134,0
DA:137,0
DA:138,0
DA:141,0
DA:142,0
DA:145,0
DA:146,0
DA:149,0
DA:150,0
DA:153,0
DA:154,0
DA:157,0
DA:158,0
DA:161,0
DA:162,0
DA:165,0
DA:166,0
DA:169,0
DA:170,0
DA:173,0
DA:174,0
DA:177,0
DA:178,0
DA:181,0
DA:182,0
DA:185,0
DA:186,0
DA:189,0
DA:190,0
DA:193,0
DA:194,0
DA:197,0
DA:198,0
DA:201,0
DA:202,0
DA:205,0
DA:206,0
DA:209,0
DA:210,0
DA:213,0
DA:214,0
DA:217,0
DA:218,0
DA:221,0
DA:222,0
DA:225,0
DA:226,0
DA:229,0
DA:230,0
DA:233,0
DA:234,0
DA:237,0
DA:238,0
DA:241,0
DA:242,0
DA:245,0
DA:246,0
DA:249,0
DA:250,0
DA:253,0
DA:254,0
DA:257,0
DA:258,0
DA:261,0
DA:262,0
DA:265,0
DA:266,0
DA:269,0
DA:270,0
DA:273,0
DA:274,0
DA:277,0
DA:278,0
DA:281,0
DA:282,0
DA:286,0
DA:287,0
DA:290,0
DA:291,0
DA:294,0
DA:295,0
DA:298,0
DA:299,0
DA:302,0
DA:303,0
DA:306,0
DA:307,0
DA:308,0
DA:317,2
DA:318,2
DA:320,2
DA:321,2
DA:322,2
DA:325,2
DA:326,0
DA:329,2
DA:332,2
DA:333,2
DA:335,2
DA:336,2
DA:337,2
DA:340,0
DA:348,2
DA:366,0
DA:367,0
DA:369,0
DA:370,0
DA:371,0
DA:374,0
DA:375,0
DA:378,0
DA:381,0
DA:382,0
DA:385,0
DA:393,0
DA:400,0
DA:401,0
DA:403,0
DA:404,0
DA:405,0
DA:408,0
DA:409,0
DA:412,0
DA:415,0
DA:416,0
DA:419,0
DA:422,0
DA:428,0
DA:429,0
DA:431,0
DA:432,0
DA:433,0
DA:436,0
DA:437,0
DA:440,0
DA:443,0
DA:444,0
DA:447,0
DA:455,0
DA:471,0
DA:472,0
DA:474,0
DA:475,0
DA:476,0
DA:479,0
DA:480,0
DA:483,0
DA:486,0
DA:487,0
DA:490,0
DA:498,0
DA:513,0
DA:514,0
DA:516,0
DA:517,0
DA:518,0
DA:521,0
DA:522,0
DA:525,0
DA:528,0
DA:529,0
DA:530,0
DA:533,0
DA:541,0
DA:559,1
DA:560,1
DA:562,1
DA:563,1
DA:564,1
DA:567,1
DA:568,0
DA:571,1
DA:574,1
DA:576,1
DA:579,0
DA:587,1
DA:607,0
DA:608,0
DA:610,0
DA:611,0
DA:612,0
DA:615,0
DA:616,0
DA:619,0
DA:622,0
DA:623,0
DA:626,0
DA:634,0
DA:652,0
DA:653,0
DA:655,0
DA:656,0
DA:668,0
DA:669,0
DA:672,0
DA:680,0
DA:695,0
DA:696,0
DA:698,0
DA:699,0
DA:700,0
DA:703,0
DA:704,0
DA:707,0
DA:710,0
DA:711,0
DA:714,0
DA:722,0
DA:739,1
DA:740,1
DA:742,1
DA:743,1
DA:744,1
DA:747,1
DA:748,0
DA:751,1
DA:754,1
DA:755,1
DA:758,0
DA:766,1
DA:784,0
DA:785,0
DA:787,0
DA:788,0
DA:789,0
DA:792,0
DA:793,0
DA:796,0
DA:799,0
DA:800,0
DA:802,0
DA:803,0
DA:804,0
DA:807,0
DA:815,0
DA:831,0
DA:832,0
DA:834,0
DA:835,0
DA:836,0
DA:839,0
DA:840,0
DA:843,0
DA:846,0
DA:847,0
DA:850,0
DA:858,0
DA:873,0
DA:874,0
DA:876,0
DA:877,0
DA:878,0
DA:881,0
DA:882,0
DA:885,0
DA:888,0
DA:889,0
DA:892,0
DA:900,0
DA:916,0
DA:917,0
DA:919,0
DA:920,0
DA:921,0
DA:924,0
DA:925,0
DA:928,0
DA:931,0
DA:932,0
DA:935,0
DA:943,0
DA:957,0
DA:958,0
DA:960,0
DA:961,0
DA:962,0
DA:965,0
DA:966,0
DA:969,0
DA:972,0
DA:973,0
DA:976,0
DA:984,0
DA:1000,0
DA:1001,0
DA:1003,0
DA:1004,0
DA:1005,0
DA:1008,0
DA:1009,0
DA:1012,0
DA:1015,0
DA:1016,0
DA:1019,0
DA:1027,0
DA:1042,0
DA:1043,0
DA:1045,0
DA:1046,0
DA:1047,0
DA:1050,0
DA:1051,0
DA:1054,0
DA:1057,0
DA:1058,0
DA:1061,0
DA:1069,0
DA:1085,0
DA:1086,0
DA:1088,0
DA:1089,0
DA:1090,0
DA:1093,0
DA:1094,0
DA:1097,0
DA:1100,0
DA:1101,0
DA:1104,0
DA:1112,0
DA:1127,0
DA:1128,0
DA:1130,0
DA:1131,0
DA:1132,0
DA:1135,0
DA:1136,0
DA:1139,0
DA:1142,0
DA:1143,0
DA:1146,0
DA:1154,0
DA:1173,1
DA:1174,1
DA:1176,1
DA:1177,1
DA:1178,1
DA:1181,1
DA:1182,0
DA:1185,1
DA:1188,1
DA:1189,1
DA:1192,0
DA:1200,1
DA:1215,3
DA:1216,3
DA:1218,3
DA:1219,3
DA:1220,3
DA:1222,3
DA:1223,1
DA:1226,2
DA:1229,3
DA:1230,3
DA:1231,3
DA:1232,3
DA:1233,3
DA:1234,3
DA:1237,0
DA:1245,3
DA:1254,0
DA:1255,0
DA:1257,0
DA:1258,0
DA:1259,0
DA:1262,0
DA:1263,0
DA:1266,0
DA:1269,0
DA:1270,0
DA:1273,0
DA:1281,0
DA:1297,0
DA:1298,0
DA:1300,0
DA:1301,0
DA:1302,0
DA:1305,0
DA:1306,0
DA:1309,0
DA:1312,0
DA:1313,0
DA:1315,0
DA:1316,0
DA:1317,0
DA:1320,0
DA:1328,0
DA:1347,0
DA:1348,0
DA:1350,0
DA:1351,0
DA:1352,0
DA:1355,0
DA:1356,0
DA:1359,0
DA:1362,0
DA:1363,0
DA:1366,0
DA:1374,0
DA:1390,1
DA:1391,1
DA:1393,1
DA:1394,1
DA:1395,1
DA:1398,1
DA:1399,0
DA:1402,1
DA:1405,1
DA:1406,1
DA:1409,0
DA:1417,1
DA:1433,0
DA:1434,0
DA:1436,0
DA:1437,0
DA:1438,0
DA:1441,0
DA:1442,0
DA:1445,0
DA:1448,0
DA:1449,0
DA:1452,0
DA:1460,0
DA:1475,0
DA:1476,0
DA:1478,0
DA:1479,0
DA:1480,0
DA:1483,0
DA:1484,0
DA:1487,0
DA:1490,0
DA:1491,0
DA:1494,0
DA:1502,0
DA:1518,0
DA:1519,0
DA:1521,0
DA:1522,0
DA:1523,0
DA:1526,0
DA:1527,0
DA:1530,0
DA:1533,0
DA:1534,0
DA:1537,0
DA:1547,0
DA:1557,0
DA:1558,0
DA:1560,0
DA:1561,0
DA:1562,0
DA:1565,0
DA:1566,0
DA:1569,0
DA:1572,0
DA:1573,0
DA:1576,0
DA:1584,0
DA:1602,0
DA:1603,0
DA:1605,0
DA:1606,0
DA:1607,0
DA:1610,0
DA:1611,0
DA:1614,0
DA:1617,0
DA:1618,0
DA:1620,0
DA:1621,0
DA:1622,0
DA:1625,0
DA:1633,0
DA:1640,0
DA:1641,0
DA:1643,0
DA:1644,0
DA:1645,0
DA:1648,0
DA:1649,0
DA:1652,0
DA:1655,0
DA:1656,0
DA:1659,0
DA:1667,0
DA:1674,0
DA:1675,0
DA:1677,0
DA:1678,0
DA:1679,0
DA:1682,0
DA:1683,0
DA:1686,0
DA:1689,0
DA:1690,0
DA:1693,0
DA:1701,0
DA:1719,1
DA:1720,1
DA:1722,1
DA:1723,1
DA:1724,1
DA:1727,1
DA:1728,0
DA:1731,1
DA:1734,1
DA:1735,1
DA:1738,0
DA:1746,1
DA:1766,1
DA:1767,1
DA:1769,1
DA:1770,1
DA:1771,1
DA:1774,1
DA:1775,0
DA:1778,1
DA:1781,1
DA:1782,1
DA:1785,0
DA:1793,1
DA:1811,1
DA:1812,1
DA:1814,1
DA:1815,1
DA:1816,1
DA:1819,1
DA:1820,0
DA:1823,1
DA:1826,1
DA:1827,1
DA:1830,0
DA:1838,1
DA:1853,0
DA:1854,0
DA:1856,0
DA:1857,0
DA:1858,0
DA:1861,0
DA:1862,0
DA:1865,0
DA:1868,0
DA:1869,0
DA:1872,0
DA:1880,0
DA:1898,0
DA:1899,0
DA:1901,0
DA:1902,0
DA:1903,0
DA:1906,0
DA:1907,0
DA:1910,0
DA:1913,0
DA:1914,0
DA:1917,0
DA:1925,0
DA:1942,0
DA:1943,0
DA:1945,0
DA:1946,0
DA:1947,0
DA:1950,0
DA:1951,0
DA:1954,0
DA:1957,0
DA:1958,0
DA:1961,0
DA:1969,0
DA:1987,0
DA:1988,0
DA:1990,0
DA:1991,0
DA:1992,0
DA:1995,0
DA:1996,0
DA:1999,0
DA:2002,0
DA:2003,0
DA:2006,0
DA:2014,0
DA:2032,0
DA:2033,0
DA:2035,0
DA:2036,0
DA:2037,0
DA:2040,0
DA:2041,0
DA:2044,0
DA:2047,0
DA:2048,0
DA:2051,0
DA:2059,0
DA:2069,1
DA:2070,1
DA:2072,1
DA:2073,1
DA:2074,1
DA:2077,1
DA:2078,0
DA:2081,1
DA:2084,1
DA:2085,1
DA:2088,0
DA:2096,1
DA:2113,0
DA:2114,0
DA:2116,0
DA:2117,0
DA:2118,0
DA:2121,0
DA:2122,0
DA:2125,0
DA:2128,0
DA:2129,0
DA:2132,0
DA:2140,0
DA:2159,0
DA:2160,0
DA:2162,0
DA:2163,0
DA:2164,0
DA:2167,0
DA:2168,0
DA:2171,0
DA:2174,0
DA:2175,0
DA:2178,0
DA:2186,0
DA:2193,0
DA:2194,0
DA:2196,0
DA:2197,0
DA:2198,0
DA:2201,0
DA:2202,0
DA:2205,0
DA:2208,0
DA:2209,0
DA:2212,0
DA:2220,0
DA:2227,0
DA:2228,0
DA:2230,0
DA:2231,0
DA:2232,0
DA:2235,0
DA:2236,0
DA:2239,0
DA:2242,0
DA:2243,0
DA:2246,0
DA:2254,0
DA:2261,0
DA:2262,0
DA:2264,0
DA:2265,0
DA:2266,0
DA:2269,0
DA:2270,0
DA:2273,0
DA:2276,0
DA:2277,0
DA:2280,0
DA:2288,0
DA:2295,1
DA:2296,1
DA:2298,1
DA:2299,1
DA:2300,1
DA:2303,1
DA:2304,0
DA:2307,1
DA:2310,1
DA:2311,1
DA:2314,0
DA:2322,1
DA:2329,0
DA:2330,0
DA:2332,0
DA:2333,0
DA:2334,0
DA:2337,0
DA:2338,0
DA:2341,0
DA:2344,0
DA:2345,0
DA:2348,0
DA:2356,0
DA:2364,0
DA:2365,0
DA:2367,0
DA:2368,0
DA:2369,0
DA:2372,0
DA:2373,0
DA:2376,0
DA:2379,0
DA:2380,0
DA:2383,0
DA:2391,0
DA:2401,0
DA:2402,0
DA:2404,0
DA:2405,0
DA:2406,0
DA:2409,0
DA:2410,0
DA:2413,0
DA:2416,0
DA:2417,0
DA:2420,0
DA:2428,0
DA:2437,1
DA:2438,1
DA:2440,1
DA:2441,1
DA:2442,1
DA:2445,1
DA:2446,0
DA:2449,1
DA:2452,1
DA:2453,1
DA:2456,0
DA:2464,1
DA:2475,0
DA:2476,0
DA:2478,0
DA:2479,0
DA:2480,0
DA:2484,0
DA:2485,0
DA:2488,0
DA:2491,0
DA:2492,0
DA:2495,0
DA:2498,0
DA:2504,0
DA:2505,0
DA:2507,0
DA:2508,0
DA:2509,0
DA:2511,0
DA:2512,0
DA:2515,0
DA:2518,0
DA:2519,0
DA:2522,0
DA:2529,0
DA:2535,1
DA:2536,1
DA:2538,1
DA:2539,1
DA:2540,1
DA:2542,1
DA:2543,0
DA:2546,1
DA:2549,1
DA:2550,1
DA:2553,0
DA:2556,1
DA:2562,4
DA:2563,4
DA:2565,3
DA:2566,3
DA:2567,3
DA:2570,3
DA:2571,0
DA:2574,3
DA:2577,3
DA:2578,3
DA:2581,1
DA:2588,3
DA:2590,3
LF:834
LH:186
BRDA:29,0,0,1
BRDA:29,0,1,0
BRDA:43,1,0,1
BRDA:68,2,0,2
BRDA:68,2,1,2
BRDA:72,3,0,1
BRDA:72,3,1,1
BRDA:72,4,0,2
BRDA:72,4,1,2
BRDA:72,4,2,2
BRDA:75,5,0,1
BRDA:79,6,0,1
BRDA:79,6,1,1
BRDA:79,6,2,0
BRDA:79,6,3,0
BRDA:79,6,4,0
BRDA:79,6,5,0
BRDA:79,6,6,0
BRDA:79,6,7,0
BRDA:79,6,8,0
BRDA:79,6,9,0
BRDA:79,6,10,0
BRDA:79,6,11,0
BRDA:79,6,12,0
BRDA:79,6,13,0
BRDA:79,6,14,0
BRDA:79,6,15,0
BRDA:79,6,16,0
BRDA:79,6,17,0
BRDA:79,6,18,0
BRDA:79,6,19,0
BRDA:79,6,20,0
BRDA:79,6,21,0
BRDA:79,6,22,0
BRDA:79,6,23,0
BRDA:79,6,24,0
BRDA:79,6,25,0
BRDA:79,6,26,0
BRDA:79,6,27,0
BRDA:79,6,28,0
BRDA:79,6,29,0
BRDA:79,6,30,0
BRDA:79,6,31,0
BRDA:79,6,32,0
BRDA:79,6,33,0
BRDA:79,6,34,0
BRDA:79,6,35,0
BRDA:79,6,36,0
BRDA:79,6,37,0
BRDA:79,6,38,0
BRDA:79,6,39,0
BRDA:79,6,40,0
BRDA:79,6,41,0
BRDA:79,6,42,0
BRDA:79,6,43,0
BRDA:79,6,44,0
BRDA:79,6,45,0
BRDA:79,6,46,0
BRDA:79,6,47,0
BRDA:79,6,48,0
BRDA:79,6,49,0
BRDA:79,6,50,0
BRDA:79,6,51,0
BRDA:79,6,52,0
BRDA:79,6,53,0
BRDA:79,6,54,0
BRDA:79,6,55,0
BRDA:79,6,56,0
BRDA:307,7,0,0
BRDA:307,8,0,0
BRDA:307,8,1,0
BRDA:307,8,2,0
BRDA:315,9,0,0
BRDA:325,10,0,0
BRDA:325,10,1,2
BRDA:364,11,0,0
BRDA:374,12,0,0
BRDA:374,12,1,0
BRDA:398,13,0,0
BRDA:408,14,0,0
BRDA:408,14,1,0
BRDA:426,15,0,0
BRDA:436,16,0,0
BRDA:436,16,1,0
BRDA:469,17,0,0
BRDA:479,18,0,0
BRDA:479,18,1,0
BRDA:511,19,0,0
BRDA:521,20,0,0
BRDA:521,20,1,0
BRDA:557,21,0,0
BRDA:567,22,0,0
BRDA:567,22,1,1
BRDA:603,23,0,0
BRDA:615,24,0,0
BRDA:615,24,1,0
BRDA:649,25,0,0
BRDA:693,26,0,0
BRDA:703,27,0,0
BRDA:703,27,1,0
BRDA:737,28,0,0
BRDA:747,29,0,0
BRDA:747,29,1,1
BRDA:782,30,0,0
BRDA:792,31,0,0
BRDA:792,31,1,0
BRDA:829,32,0,0
BRDA:839,33,0,0
BRDA:839,33,1,0
BRDA:871,34,0,0
BRDA:881,35,0,0
BRDA:881,35,1,0
BRDA:914,36,0,0
BRDA:924,37,0,0
BRDA:924,37,1,0
BRDA:955,38,0,0
BRDA:965,39,0,0
BRDA:965,39,1,0
BRDA:998,40,0,0
BRDA:1008,41,0,0
BRDA:1008,41,1,0
BRDA:1040,42,0,0
BRDA:1050,43,0,0
BRDA:1050,43,1,0
BRDA:1083,44,0,0
BRDA:1093,45,0,0
BRDA:1093,45,1,0
BRDA:1125,46,0,0
BRDA:1135,47,0,0
BRDA:1135,47,1,0
BRDA:1171,48,0,0
BRDA:1181,49,0,0
BRDA:1181,49,1,1
BRDA:1213,50,0,0
BRDA:1222,51,0,1
BRDA:1222,51,1,2
BRDA:1252,52,0,0
BRDA:1262,53,0,0
BRDA:1262,53,1,0
BRDA:1294,54,0,0
BRDA:1305,55,0,0
BRDA:1305,55,1,0
BRDA:1345,56,0,0
BRDA:1355,57,0,0
BRDA:1355,57,1,0
BRDA:1388,58,0,0
BRDA:1398,59,0,0
BRDA:1398,59,1,1
BRDA:1431,60,0,0
BRDA:1441,61,0,0
BRDA:1441,61,1,0
BRDA:1473,62,0,0
BRDA:1483,63,0,0
BRDA:1483,63,1,0
BRDA:1516,64,0,0
BRDA:1526,65,0,0
BRDA:1526,65,1,0
BRDA:1555,66,0,0
BRDA:1565,67,0,0
BRDA:1565,67,1,0
BRDA:1600,68,0,0
BRDA:1610,69,0,0
BRDA:1610,69,1,0
BRDA:1638,70,0,0
BRDA:1648,71,0,0
BRDA:1648,71,1,0
BRDA:1672,72,0,0
BRDA:1682,73,0,0
BRDA:1682,73,1,0
BRDA:1717,74,0,0
BRDA:1727,75,0,0
BRDA:1727,75,1,1
BRDA:1764,76,0,0
BRDA:1774,77,0,0
BRDA:1774,77,1,1
BRDA:1809,78,0,0
BRDA:1819,79,0,0
BRDA:1819,79,1,1
BRDA:1851,80,0,0
BRDA:1861,81,0,0
BRDA:1861,81,1,0
BRDA:1896,82,0,0
BRDA:1906,83,0,0
BRDA:1906,83,1,0
BRDA:1940,84,0,0
BRDA:1950,85,0,0
BRDA:1950,85,1,0
BRDA:1985,86,0,0
BRDA:1995,87,0,0
BRDA:1995,87,1,0
BRDA:2030,88,0,0
BRDA:2040,89,0,0
BRDA:2040,89,1,0
BRDA:2067,90,0,0
BRDA:2077,91,0,0
BRDA:2077,91,1,1
BRDA:2111,92,0,0
BRDA:2121,93,0,0
BRDA:2121,93,1,0
BRDA:2157,94,0,0
BRDA:2167,95,0,0
BRDA:2167,95,1,0
BRDA:2191,96,0,0
BRDA:2201,97,0,0
BRDA:2201,97,1,0
BRDA:2225,98,0,0
BRDA:2235,99,0,0
BRDA:2235,99,1,0
BRDA:2259,100,0,0
BRDA:2269,101,0,0
BRDA:2269,101,1,0
BRDA:2293,102,0,0
BRDA:2303,103,0,0
BRDA:2303,103,1,1
BRDA:2327,104,0,0
BRDA:2337,105,0,0
BRDA:2337,105,1,0
BRDA:2362,106,0,0
BRDA:2372,107,0,0
BRDA:2372,107,1,0
BRDA:2399,108,0,0
BRDA:2409,109,0,0
BRDA:2409,109,1,0
BRDA:2435,110,0,0
BRDA:2445,111,0,0
BRDA:2445,111,1,1
BRDA:2473,112,0,0
BRDA:2484,113,0,0
BRDA:2484,113,1,0
BRDA:2502,114,0,0
BRDA:2511,115,0,0
BRDA:2511,115,1,0
BRDA:2533,116,0,0
BRDA:2542,117,0,0
BRDA:2542,117,1,1
BRDA:2570,118,0,0
BRDA:2570,118,1,3
BRF:237
BRH:27
end_of_record
TN:
SF:projects\shared\component\hamburger\hamburger.component.ts
FN:55,(anonymous_0)
FN:69,(anonymous_1)
FN:72,(anonymous_2)
FN:75,(anonymous_3)
FN:89,(anonymous_4)
FN:97,(anonymous_5)
FN:103,(anonymous_6)
FN:107,(anonymous_7)
FN:111,(anonymous_8)
FN:116,(anonymous_9)
FN:122,(anonymous_10)
FN:128,(anonymous_11)
FN:132,(anonymous_12)
FN:152,(anonymous_13)
FN:157,(anonymous_14)
FN:182,(anonymous_15)
FN:186,(anonymous_16)
FN:210,(anonymous_17)
FN:219,(anonymous_18)
FN:227,(anonymous_19)
FN:235,(anonymous_20)
FN:260,(anonymous_21)
FN:264,(anonymous_22)
FN:268,(anonymous_23)
FN:274,(anonymous_24)
FN:280,(anonymous_25)
FN:284,(anonymous_26)
FN:297,(anonymous_27)
FN:302,(anonymous_28)
FN:316,(anonymous_29)
FN:328,(anonymous_30)
FN:332,(anonymous_31)
FN:347,(anonymous_32)
FN:363,(anonymous_33)
FN:389,(anonymous_34)
FN:403,(anonymous_35)
FN:406,(anonymous_36)
FN:417,(anonymous_37)
FN:422,(anonymous_38)
FN:432,(anonymous_39)
FN:442,(anonymous_40)
FN:456,(anonymous_41)
FN:491,(anonymous_42)
FN:500,(anonymous_43)
FN:513,(anonymous_44)
FN:520,(anonymous_45)
FN:531,(anonymous_46)
FN:538,(anonymous_47)
FN:550,(anonymous_48)
FN:564,(anonymous_49)
FN:568,(anonymous_50)
FN:573,(anonymous_51)
FN:574,(anonymous_52)
FN:589,(anonymous_53)
FN:597,(anonymous_54)
FN:618,(anonymous_55)
FN:639,(anonymous_56)
FNF:57
FNH:42
FNDA:82,(anonymous_0)
FNDA:82,(anonymous_1)
FNDA:1,(anonymous_2)
FNDA:0,(anonymous_3)
FNDA:0,(anonymous_4)
FNDA:0,(anonymous_5)
FNDA:83,(anonymous_6)
FNDA:1,(anonymous_7)
FNDA:2,(anonymous_8)
FNDA:2,(anonymous_9)
FNDA:2,(anonymous_10)
FNDA:1,(anonymous_11)
FNDA:6,(anonymous_12)
FNDA:10,(anonymous_13)
FNDA:8,(anonymous_14)
FNDA:2,(anonymous_15)
FNDA:1,(anonymous_16)
FNDA:5,(anonymous_17)
FNDA:5,(anonymous_18)
FNDA:8,(anonymous_19)
FNDA:15,(anonymous_20)
FNDA:1,(anonymous_21)
FNDA:0,(anonymous_22)
FNDA:0,(anonymous_23)
FNDA:0,(anonymous_24)
FNDA:1,(anonymous_25)
FNDA:1,(anonymous_26)
FNDA:1,(anonymous_27)
FNDA:1,(anonymous_28)
FNDA:0,(anonymous_29)
FNDA:0,(anonymous_30)
FNDA:5,(anonymous_31)
FNDA:2,(anonymous_32)
FNDA:9,(anonymous_33)
FNDA:7,(anonymous_34)
FNDA:67,(anonymous_35)
FNDA:3,(anonymous_36)
FNDA:2,(anonymous_37)
FNDA:3,(anonymous_38)
FNDA:1,(anonymous_39)
FNDA:0,(anonymous_40)
FNDA:0,(anonymous_41)
FNDA:0,(anonymous_42)
FNDA:8,(anonymous_43)
FNDA:3,(anonymous_44)
FNDA:1,(anonymous_45)
FNDA:8,(anonymous_46)
FNDA:0,(anonymous_47)
FNDA:0,(anonymous_48)
FNDA:2,(anonymous_49)
FNDA:83,(anonymous_50)
FNDA:2,(anonymous_51)
FNDA:2,(anonymous_52)
FNDA:2,(anonymous_53)
FNDA:0,(anonymous_54)
FNDA:0,(anonymous_55)
FNDA:3,(anonymous_56)
DA:24,1
DA:27,82
DA:28,82
DA:29,82
DA:30,82
DA:31,82
DA:32,82
DA:33,82
DA:34,82
DA:35,82
DA:36,82
DA:38,82
DA:39,82
DA:40,82
DA:41,82
DA:42,82
DA:43,82
DA:44,82
DA:45,82
DA:46,82
DA:50,82
DA:51,82
DA:52,82
DA:53,82
DA:54,82
DA:56,82
DA:57,82
DA:58,82
DA:59,82
DA:60,82
DA:61,82
DA:63,82
DA:64,82
DA:65,81
DA:67,1
DA:69,82
DA:70,82
DA:72,82
DA:73,1
DA:75,82
DA:76,0
DA:77,0
DA:78,0
DA:79,0
DA:80,0
DA:81,0
DA:82,0
DA:83,0
DA:84,0
DA:90,0
DA:91,0
DA:93,0
DA:98,0
DA:99,0
DA:104,83
DA:108,1
DA:112,2
DA:113,2
DA:117,2
DA:118,2
DA:119,2
DA:123,2
DA:124,2
DA:125,2
DA:129,1
DA:133,6
DA:135,5
DA:136,5
DA:137,5
DA:139,5
DA:140,5
DA:141,5
DA:142,5
DA:143,5
DA:144,5
DA:145,5
DA:146,5
DA:153,10
DA:158,8
DA:159,3
DA:161,8
DA:162,8
DA:164,8
DA:165,8
DA:166,8
DA:167,8
DA:169,8
DA:170,8
DA:172,8
DA:173,8
DA:175,8
DA:176,8
DA:177,8
DA:178,1
DA:182,8
DA:183,2
DA:186,8
DA:187,1
DA:188,1
DA:189,1
DA:190,1
DA:191,1
DA:192,1
DA:193,1
DA:194,1
DA:195,0
DA:196,0
DA:198,1
DA:199,1
DA:202,1
DA:203,0
DA:211,5
DA:212,5
DA:213,1
DA:215,5
DA:220,5
DA:221,5
DA:222,4
DA:224,5
DA:228,8
DA:229,8
DA:230,7
DA:232,1
DA:236,15
DA:237,10
DA:241,5
DA:242,5
DA:244,4
DA:245,1
DA:248,3
DA:251,1
DA:252,1
DA:255,0
DA:256,0
DA:261,1
DA:265,0
DA:269,0
DA:270,0
DA:271,0
DA:275,0
DA:276,0
DA:277,0
DA:281,1
DA:285,1
DA:286,1
DA:298,1
DA:299,1
DA:303,1
DA:304,1
DA:305,1
DA:309,1
DA:333,5
DA:348,2
DA:350,2
DA:351,1
DA:352,1
DA:353,1
DA:354,1
DA:358,1
DA:360,2
DA:364,9
DA:366,9
DA:367,9
DA:368,3
DA:371,9
DA:372,1
DA:373,1
DA:376,8
DA:377,1
DA:378,7
DA:379,7
DA:380,1
DA:381,1
DA:383,6
DA:386,7
DA:390,7
DA:403,67
DA:407,3
DA:408,3
DA:409,2
DA:410,2
DA:412,1
DA:414,3
DA:418,2
DA:419,2
DA:423,3
DA:424,3
DA:425,3
DA:426,3
DA:427,2
DA:433,1
DA:434,1
DA:435,1
DA:436,0
DA:438,1
DA:443,0
DA:444,0
DA:445,0
DA:446,0
DA:447,0
DA:448,0
DA:449,0
DA:451,0
DA:452,0
DA:457,0
DA:458,0
DA:460,0
DA:461,0
DA:462,0
DA:463,0
DA:464,0
DA:465,0
DA:466,0
DA:467,0
DA:468,0
DA:469,0
DA:470,0
DA:471,0
DA:473,0
DA:474,0
DA:476,0
DA:477,0
DA:478,0
DA:479,0
DA:480,0
DA:483,0
DA:484,0
DA:487,0
DA:488,0
DA:489,0
DA:490,0
DA:491,0
DA:492,0
DA:495,0
DA:501,8
DA:514,3
DA:515,2
DA:517,1
DA:521,1
DA:522,1
DA:523,1
DA:524,1
DA:525,1
DA:526,1
DA:527,1
DA:528,1
DA:532,8
DA:533,8
DA:534,8
DA:535,8
DA:539,0
DA:541,0
DA:543,0
DA:544,0
DA:549,0
DA:550,0
DA:551,0
DA:552,0
DA:553,0
DA:558,0
DA:560,0
DA:565,2
DA:570,83
DA:574,2
DA:575,2
DA:576,2
DA:577,1
DA:578,1
DA:581,1
DA:582,1
DA:583,1
DA:584,1
DA:589,2
DA:590,2
DA:591,2
DA:592,2
DA:593,2
DA:595,2
DA:596,1
DA:597,1
DA:598,0
DA:599,0
DA:600,0
DA:601,0
DA:602,0
DA:603,0
DA:606,0
DA:607,0
DA:608,0
DA:609,0
DA:610,0
DA:616,2
DA:617,2
DA:618,2
DA:619,0
DA:620,0
DA:621,0
DA:622,0
DA:623,0
DA:624,0
DA:627,0
DA:628,0
DA:629,0
DA:630,0
DA:631,0
DA:640,3
DA:641,3
DA:642,1
DA:646,3
DA:647,3
DA:648,3
DA:649,3
LF:312
LH:213
BRDA:64,0,0,81
BRDA:64,0,1,1
BRDA:76,1,0,0
BRDA:90,2,0,0
BRDA:90,2,1,0
BRDA:98,3,0,0
BRDA:112,4,0,1
BRDA:112,4,1,1
BRDA:117,5,0,1
BRDA:117,5,1,1
BRDA:123,6,0,1
BRDA:123,6,1,1
BRDA:133,7,0,5
BRDA:136,8,0,5
BRDA:145,9,0,5
BRDA:153,10,0,10
BRDA:153,10,1,10
BRDA:153,10,2,10
BRDA:158,11,0,3
BRDA:158,12,0,8
BRDA:158,12,1,7
BRDA:158,12,2,6
BRDA:161,13,0,8
BRDA:166,14,0,8
BRDA:169,15,0,8
BRDA:172,16,0,8
BRDA:175,17,0,8
BRDA:177,18,0,1
BRDA:177,19,0,8
BRDA:177,19,1,7
BRDA:187,20,0,1
BRDA:193,21,0,1
BRDA:193,21,1,0
BRDA:195,22,0,0
BRDA:198,23,0,1
BRDA:202,24,0,0
BRDA:202,25,0,1
BRDA:202,25,1,1
BRDA:212,26,0,1
BRDA:212,27,0,5
BRDA:212,27,1,4
BRDA:221,28,0,4
BRDA:229,29,0,7
BRDA:229,30,0,8
BRDA:229,30,1,1
BRDA:229,30,2,1
BRDA:230,31,0,6
BRDA:230,31,1,1
BRDA:236,32,0,10
BRDA:236,33,0,15
BRDA:236,33,1,7
BRDA:236,33,2,6
BRDA:242,34,0,4
BRDA:242,35,0,5
BRDA:242,35,1,4
BRDA:242,35,2,4
BRDA:244,36,0,1
BRDA:244,37,0,4
BRDA:244,37,1,1
BRDA:350,38,0,1
BRDA:350,38,1,1
BRDA:350,39,0,2
BRDA:350,39,1,1
BRDA:367,40,0,3
BRDA:367,41,0,9
BRDA:367,41,1,3
BRDA:371,42,0,1
BRDA:371,43,0,9
BRDA:371,43,1,8
BRDA:376,44,0,1
BRDA:376,44,1,7
BRDA:376,45,0,8
BRDA:376,45,1,1
BRDA:378,46,0,7
BRDA:379,47,0,1
BRDA:408,48,0,2
BRDA:408,48,1,1
BRDA:408,49,0,3
BRDA:408,49,1,2
BRDA:423,50,0,3
BRDA:426,51,0,2
BRDA:435,52,0,0
BRDA:435,52,1,1
BRDA:444,53,0,0
BRDA:444,53,1,0
BRDA:444,54,0,0
BRDA:444,54,1,0
BRDA:460,55,0,0
BRDA:470,56,0,0
BRDA:473,57,0,0
BRDA:490,58,0,0
BRDA:490,58,1,0
BRDA:501,59,0,8
BRDA:501,59,1,6
BRDA:501,59,2,0
BRDA:514,60,0,2
BRDA:514,61,0,3
BRDA:514,61,1,2
BRDA:532,62,0,8
BRDA:532,62,1,0
BRDA:534,63,0,8
BRDA:534,63,1,0
BRDA:535,64,0,8
BRDA:535,64,1,8
BRDA:541,65,0,0
BRDA:541,66,0,0
BRDA:541,66,1,0
BRDA:543,67,0,0
BRDA:552,68,0,0
BRDA:564,69,0,1
BRDA:576,70,0,1
BRDA:576,70,1,1
BRDA:582,71,0,1
BRDA:583,72,0,1
BRDA:583,72,1,0
BRDA:583,73,0,1
BRDA:583,73,1,0
BRDA:583,74,0,1
BRDA:583,74,1,0
BRDA:595,75,0,1
BRDA:595,76,0,2
BRDA:595,76,1,1
BRDA:595,76,2,1
BRDA:598,77,0,0
BRDA:598,77,1,0
BRDA:602,78,0,0
BRDA:609,79,0,0
BRDA:616,80,0,2
BRDA:616,81,0,2
BRDA:616,81,1,2
BRDA:616,81,2,2
BRDA:619,82,0,0
BRDA:619,82,1,0
BRDA:623,83,0,0
BRDA:630,84,0,0
BRDA:640,85,0,3
BRDA:641,86,0,1
BRDA:641,87,0,3
BRDA:641,87,1,3
BRDA:646,88,0,3
BRDA:647,89,0,2
BRDA:647,89,1,1
BRDA:647,90,0,3
BRDA:647,90,1,1
BRDA:647,91,0,1
BRDA:647,91,1,1
BRF:146
BRH:110
end_of_record
TN:
SF:projects\shared\component\home\home.component.ts
FN:106,(anonymous_0)
FN:109,(anonymous_1)
FN:148,(anonymous_2)
FN:157,(anonymous_3)
FN:164,(anonymous_4)
FN:165,(anonymous_5)
FN:167,(anonymous_6)
FN:174,(anonymous_7)
FN:209,(anonymous_8)
FN:216,(anonymous_9)
FN:248,(anonymous_10)
FN:261,(anonymous_11)
FN:272,(anonymous_12)
FN:275,(anonymous_13)
FN:280,(anonymous_14)
FN:285,(anonymous_15)
FN:293,(anonymous_16)
FN:306,(anonymous_17)
FN:314,(anonymous_18)
FN:333,(anonymous_19)
FN:348,(anonymous_20)
FN:400,(anonymous_21)
FN:407,(anonymous_22)
FN:413,(anonymous_23)
FN:414,(anonymous_24)
FN:421,(anonymous_25)
FN:426,(anonymous_26)
FN:434,(anonymous_27)
FN:457,(anonymous_28)
FN:466,(anonymous_29)
FN:475,(anonymous_30)
FN:476,(anonymous_31)
FN:511,(anonymous_32)
FN:515,(anonymous_33)
FN:518,(anonymous_34)
FN:520,(anonymous_35)
FN:541,(anonymous_36)
[...]
FN:452,(anonymous_62)
FN:456,(anonymous_63)
FN:460,(anonymous_64)
FN:467,(anonymous_65)
FN:470,(anonymous_66)
FN:474,(anonymous_67)
FN:477,(anonymous_68)
FN:480,(anonymous_69)
FN:483,(anonymous_70)
FN:488,(anonymous_71)
FN:492,(anonymous_72)
FN:496,(anonymous_73)
FN:500,(anonymous_74)
FN:505,(anonymous_75)
FN:509,(anonymous_76)
FN:513,(anonymous_77)
FN:517,(anonymous_78)
FN:522,(anonymous_79)
FN:527,(anonymous_80)
FN:531,(anonymous_81)
FN:535,(anonymous_82)
FN:539,(anonymous_83)
FN:562,(anonymous_84)
FN:636,(anonymous_85)
FN:637,(anonymous_86)
FN:642,(anonymous_87)
FN:644,(anonymous_88)
FN:646,(anonymous_89)
FN:650,(anonymous_90)
FN:654,(anonymous_91)
FN:660,(anonymous_92)
FN:675,(anonymous_93)
FN:678,(anonymous_94)
FN:689,(anonymous_95)
FN:695,(anonymous_96)
FN:699,(anonymous_97)
FNF:98
FNH:0
FNDA:0,(anonymous_0)
FNDA:0,(anonymous_1)
FNDA:0,(anonymous_2)
FNDA:0,(anonymous_3)
FNDA:0,(anonymous_4)
FNDA:0,(anonymous_5)
FNDA:0,(anonymous_6)
FNDA:0,(anonymous_7)
FNDA:0,(anonymous_8)
FNDA:0,(anonymous_9)
FNDA:0,(anonymous_10)
FNDA:0,(anonymous_11)
FNDA:0,(anonymous_12)
FNDA:0,(anonymous_13)
FNDA:0,(anonymous_14)
FNDA:0,(anonymous_15)
FNDA:0,(anonymous_16)
FNDA:0,(anonymous_17)
FNDA:0,(anonymous_18)
FNDA:0,(anonymous_19)
FNDA:0,(anonymous_20)
FNDA:0,(anonymous_21)
FNDA:0,(anonymous_22)
FNDA:0,(anonymous_23)
FNDA:0,(anonymous_24)
FNDA:0,(anonymous_25)
FNDA:0,(anonymous_26)
FNDA:0,(anonymous_27)
FNDA:0,(anonymous_28)
FNDA:0,(anonymous_29)
FNDA:0,(anonymous_30)
FNDA:0,(anonymous_31)
FNDA:0,(anonymous_32)
FNDA:0,(anonymous_33)
FNDA:0,(anonymous_34)
FNDA:0,(anonymous_35)
FNDA:0,(anonymous_36)
FNDA:0,(anonymous_37)
FNDA:0,(anonymous_38)
FNDA:0,(anonymous_39)
FNDA:0,(anonymous_40)
FNDA:0,(anonymous_41)
FNDA:0,(anonymous_42)
FNDA:0,(anonymous_43)
FNDA:0,(anonymous_44)
FNDA:0,(anonymous_45)
FNDA:0,(anonymous_46)
FNDA:0,(anonymous_47)
FNDA:0,(anonymous_48)
FNDA:0,(anonymous_49)
FNDA:0,(anonymous_50)
FNDA:0,(anonymous_51)
FNDA:0,(anonymous_52)
FNDA:0,(anonymous_53)
FNDA:0,(anonymous_54)
FNDA:0,(anonymous_55)
FNDA:0,(anonymous_56)
FNDA:0,(anonymous_57)
FNDA:0,(anonymous_58)
FNDA:0,(anonymous_59)
FNDA:0,(anonymous_60)
FNDA:0,(anonymous_61)
FNDA:0,(anonymous_62)
FNDA:0,(anonymous_63)
FNDA:0,(anonymous_64)
FNDA:0,(anonymous_65)
FNDA:0,(anonymous_66)
FNDA:0,(anonymous_67)
FNDA:0,(anonymous_68)
FNDA:0,(anonymous_69)
FNDA:0,(anonymous_70)
FNDA:0,(anonymous_71)
FNDA:0,(anonymous_72)
FNDA:0,(anonymous_73)
FNDA:0,(anonymous_74)
FNDA:0,(anonymous_75)
FNDA:0,(anonymous_76)
FNDA:0,(anonymous_77)
FNDA:0,(anonymous_78)
FNDA:0,(anonymous_79)
FNDA:0,(anonymous_80)
FNDA:0,(anonymous_81)
FNDA:0,(anonymous_82)
FNDA:0,(anonymous_83)
FNDA:0,(anonymous_84)
FNDA:0,(anonymous_85)
FNDA:0,(anonymous_86)
FNDA:0,(anonymous_87)
FNDA:0,(anonymous_88)
FNDA:0,(anonymous_89)
FNDA:0,(anonymous_90)
FNDA:0,(anonymous_91)
FNDA:0,(anonymous_92)
FNDA:0,(anonymous_93)
FNDA:0,(anonymous_94)
FNDA:0,(anonymous_95)
FNDA:0,(anonymous_96)
FNDA:0,(anonymous_97)
DA:18,1
DA:20,0
DA:23,0
DA:24,0
DA:25,0
DA:27,0
DA:28,0
DA:29,0
DA:30,0
DA:31,0
DA:32,0
DA:33,0
DA:34,0
DA:38,0
DA:40,0
DA:41,0
DA:42,0
DA:43,0
DA:44,0
DA:45,0
DA:46,0
DA:47,0
DA:48,0
DA:49,0
DA:51,0
DA:53,0
DA:150,0
DA:151,0
DA:156,0
DA:157,0
DA:169,0
DA:170,0
DA:171,0
DA:182,0
DA:184,0
DA:187,0
DA:188,0
DA:189,0
DA:197,0
DA:198,0
DA:206,0
DA:207,0
DA:208,0
DA:209,0
DA:215,0
DA:219,0
DA:223,0
DA:224,0
DA:225,0
DA:226,0
DA:227,0
DA:228,0
DA:234,0
DA:238,0
DA:242,0
DA:246,0
DA:250,0
DA:254,0
DA:258,0
DA:262,0
DA:266,0
DA:270,0
DA:274,0
DA:275,0
DA:277,0
DA:281,0
DA:284,0
DA:288,0
DA:292,0
DA:296,0
DA:300,0
DA:304,0
DA:305,0
DA:309,0
DA:310,0
DA:315,0
DA:319,0
DA:320,0
DA:324,0
DA:329,0
DA:333,0
DA:334,0
DA:338,0
DA:343,0
DA:348,0
DA:352,0
DA:357,0
DA:361,0
DA:363,0
DA:365,0
DA:370,0
DA:375,0
DA:380,0
DA:385,0
DA:389,0
DA:393,0
DA:398,0
DA:403,0
DA:408,0
DA:412,0
DA:416,0
DA:420,0
DA:423,0
DA:427,0
DA:431,0
DA:434,0
DA:437,0
DA:441,0
DA:445,0
DA:449,0
DA:453,0
DA:457,0
DA:461,0
DA:464,0
DA:468,0
DA:471,0
DA:475,0
DA:478,0
DA:481,0
DA:484,0
DA:489,0
DA:493,0
DA:497,0
DA:501,0
DA:506,0
DA:510,0
DA:515,0
DA:519,0
DA:524,0
DA:528,0
DA:532,0
DA:536,0
DA:540,0
DA:541,0
DA:544,0
DA:548,0
DA:549,0
DA:550,0
DA:551,0
DA:552,0
DA:553,0
DA:554,0
DA:557,0
DA:558,0
DA:559,0
DA:560,0
DA:563,0
DA:564,0
DA:565,0
DA:566,0
DA:568,0
DA:569,0
DA:570,0
DA:571,0
DA:572,0
DA:573,0
DA:574,0
DA:575,0
DA:576,0
DA:577,0
DA:578,0
DA:579,0
DA:580,0
DA:583,0
DA:584,0
DA:586,0
DA:588,0
DA:589,0
DA:590,0
DA:591,0
DA:592,0
DA:593,0
DA:594,0
DA:595,0
DA:596,0
DA:597,0
DA:598,0
DA:599,0
DA:600,0
DA:601,0
DA:602,0
DA:603,0
DA:604,0
DA:605,0
DA:608,0
DA:609,0
DA:611,0
DA:612,0
DA:616,0
DA:617,0
DA:618,0
DA:619,0
DA:620,0
DA:621,0
DA:622,0
DA:623,0
DA:624,0
DA:627,0
DA:628,0
DA:629,0
DA:632,0
DA:633,0
DA:636,0
DA:643,0
DA:645,0
DA:646,0
DA:647,0
DA:651,0
DA:655,0
DA:658,0
DA:659,0
DA:661,0
DA:662,0
DA:663,0
DA:664,0
DA:665,0
DA:668,0
DA:670,0
DA:671,0
DA:672,0
DA:673,0
DA:674,0
DA:676,0
DA:690,0
DA:691,0
DA:692,0
DA:696,0
DA:700,0
LF:228
LH:1
BRDA:42,0,0,0
BRDA:44,1,0,0
BRDA:49,2,0,0
BRDA:49,3,0,0
BRDA:49,3,1,0
BRDA:170,4,0,0
BRDA:170,4,1,0
BRDA:170,5,0,0
BRDA:170,5,1,0
BRDA:207,6,0,0
BRDA:224,7,0,0
BRDA:361,8,0,0
BRDA:539,9,0,0
BRDA:565,10,0,0
BRDA:569,11,0,0
BRDA:569,11,1,0
BRDA:583,12,0,0
BRDA:583,12,1,0
BRDA:592,13,0,0
BRDA:592,13,1,0
BRDA:603,14,0,0
BRDA:603,14,1,0
BRDA:603,15,0,0
BRDA:603,15,1,0
BRDA:612,16,0,0
BRDA:612,16,1,0
BRDA:621,17,0,0
BRDA:621,17,1,0
BRDA:632,18,0,0
BRDA:654,19,0,0
BRDA:654,20,0,0
BRDA:655,21,0,0
BRDA:655,21,1,0
BRDA:664,22,0,0
BRDA:664,22,1,0
BRF:35
BRH:0
end_of_record
TN:
SF:projects\shared\services\shared.service.ts
FN:17,(anonymous_0)
FN:20,(anonymous_1)
FN:28,(anonymous_2)
FN:34,(anonymous_3)
FN:41,(anonymous_4)
FN:47,(anonymous_5)
FN:54,(anonymous_6)
FN:61,(anonymous_7)
FN:65,(anonymous_8)
FN:69,(anonymous_9)
FN:80,(anonymous_10)
FN:87,(anonymous_11)
FN:93,(anonymous_12)
FN:97,(anonymous_13)
FN:104,(anonymous_14)
FN:108,(anonymous_15)
FN:115,(anonymous_16)
FN:120,(anonymous_17)
FN:134,(anonymous_18)
FN:138,(anonymous_19)
FN:151,(anonymous_20)
FN:164,(anonymous_21)
FN:177,(anonymous_22)
FN:302,(anonymous_23)
FN:450,(anonymous_24)
FN:455,(anonymous_25)
FN:470,(anonymous_26)
FN:484,(anonymous_27)
FN:488,(anonymous_28)
FN:503,(anonymous_29)
FN:517,(anonymous_30)
FN:522,(anonymous_31)
FN:526,(anonymous_32)
FN:530,(anonymous_33)
FN:534,(anonymous_34)
FN:542,(anonymous_35)
FN:550,(anonymous_36)
FN:564,(anonymous_37)
FN:574,(anonymous_38)
FN:589,(anonymous_39)
FN:615,(anonymous_40)
FNF:41
FNH:24
FNDA:50,(anonymous_0)
FNDA:0,(anonymous_1)
FNDA:12,(anonymous_2)
FNDA:19,(anonymous_3)
FNDA:1,(anonymous_4)
FNDA:2,(anonymous_5)
FNDA:2,(anonymous_6)
FNDA:2,(anonymous_7)
FNDA:2,(anonymous_8)
FNDA:4,(anonymous_9)
FNDA:4,(anonymous_10)
FNDA:5,(anonymous_11)
FNDA:3,(anonymous_12)
FNDA:2,(anonymous_13)
FNDA:0,(anonymous_14)
FNDA:2,(anonymous_15)
FNDA:0,(anonymous_16)
FNDA:0,(anonymous_17)
FNDA:82,(anonymous_18)
FNDA:2,(anonymous_19)
FNDA:0,(anonymous_20)
FNDA:0,(anonymous_21)
FNDA:0,(anonymous_22)
FNDA:0,(anonymous_23)
FNDA:0,(anonymous_24)
FNDA:0,(anonymous_25)
FNDA:0,(anonymous_26)
FNDA:0,(anonymous_27)
FNDA:0,(anonymous_28)
FNDA:0,(anonymous_29)
FNDA:0,(anonymous_30)
FNDA:0,(anonymous_31)
FNDA:1,(anonymous_32)
FNDA:1,(anonymous_33)
FNDA:2,(anonymous_34)
FNDA:2,(anonymous_35)
FNDA:3,(anonymous_36)
FNDA:1,(anonymous_37)
FNDA:0,(anonymous_38)
FNDA:9,(anonymous_39)
FNDA:2,(anonymous_40)
DA:7,1
DA:8,1
DA:9,1
DA:10,1
DA:11,1
DA:12,1
DA:13,1
DA:14,1
DA:15,1
DA:16,1
DA:21,0
DA:22,0
DA:24,0
DA:29,12
DA:30,11
DA:35,19
DA:36,18
DA:38,1
DA:42,1
DA:43,1
DA:48,2
DA:49,1
DA:51,1
DA:55,2
DA:56,1
DA:58,1
DA:62,2
DA:66,2
DA:70,4
DA:71,4
DA:72,4
DA:73,4
DA:76,4
DA:77,4
DA:78,1
DA:80,4
DA:81,2
DA:84,4
DA:85,1
DA:87,5
DA:88,3
DA:90,4
DA:94,3
DA:98,2
DA:99,2
DA:101,0
DA:105,0
DA:109,2
DA:110,1
DA:112,1
DA:116,0
DA:117,0
DA:121,0
DA:135,82
DA:139,2
DA:141,2
DA:143,0
DA:145,0
DA:147,0
DA:152,0
DA:154,0
DA:156,0
DA:158,0
DA:160,0
DA:165,0
DA:167,0
DA:169,0
DA:171,0
DA:173,0
DA:179,0
DA:180,0
DA:233,0
DA:303,0
DA:304,0
DA:379,0
DA:451,0
DA:452,0
DA:456,0
DA:457,0
DA:470,0
DA:473,0
DA:484,0
DA:489,0
DA:490,0
DA:503,0
DA:506,0
DA:517,0
DA:523,0
DA:527,1
DA:531,1
DA:535,2
DA:536,2
DA:537,1
DA:539,1
DA:543,2
DA:544,2
DA:545,1
DA:547,1
DA:551,3
DA:552,3
DA:553,1
DA:555,2
DA:556,2
DA:557,1
DA:559,1
DA:565,1
DA:566,1
DA:567,1
DA:569,0
DA:575,0
DA:576,0
DA:577,0
DA:580,0
DA:581,0
DA:590,9
DA:591,4
DA:595,5
DA:596,5
DA:598,2
DA:599,1
DA:602,1
DA:605,3
DA:606,3
DA:609,1
DA:610,1
DA:616,2
DA:617,1
DA:659,1
DA:660,1
DA:661,1
DA:662,1
DA:663,1
DA:664,1
DA:665,1
DA:666,1
LF:135
LH:89
BRDA:21,0,0,0
BRDA:29,1,0,11
BRDA:29,2,0,12
BRDA:29,2,1,11
BRDA:35,3,0,18
BRDA:35,4,0,19
BRDA:35,4,1,18
BRDA:42,5,0,1
BRDA:42,6,0,1
BRDA:42,6,1,1
BRDA:48,7,0,1
BRDA:55,8,0,1
BRDA:55,9,0,2
BRDA:55,9,1,1
BRDA:72,10,0,4
BRDA:77,11,0,1
BRDA:77,11,1,3
BRDA:80,12,0,2
BRDA:84,13,0,1
BRDA:84,13,1,3
BRDA:87,14,0,3
BRDA:94,15,0,3
BRDA:94,15,1,1
BRDA:94,15,2,3
BRDA:98,16,0,2
BRDA:98,17,0,2
BRDA:98,17,1,1
BRDA:98,17,2,0
BRDA:109,18,0,1
BRDA:116,19,0,0
BRDA:116,19,1,0
BRDA:121,20,0,0
BRDA:121,20,1,0
BRDA:121,20,2,0
BRDA:139,21,0,2
BRDA:139,21,1,0
BRDA:139,21,2,0
BRDA:139,21,3,0
BRDA:152,22,0,0
BRDA:152,22,1,0
BRDA:152,22,2,0
BRDA:152,22,3,0
BRDA:165,23,0,0
BRDA:165,23,1,0
BRDA:165,23,2,0
BRDA:165,23,3,0
BRDA:179,24,0,0
BRDA:303,25,0,0
BRDA:303,25,1,0
BRDA:451,26,0,0
BRDA:451,26,1,0
BRDA:456,27,0,0
BRDA:456,27,1,0
BRDA:489,28,0,0
BRDA:489,28,1,0
BRDA:536,29,0,1
BRDA:536,30,0,2
BRDA:536,30,1,1
BRDA:544,31,0,1
BRDA:544,32,0,2
BRDA:544,32,1,1
BRDA:552,33,0,1
BRDA:552,34,0,3
BRDA:552,34,1,1
BRDA:556,35,0,1
BRDA:556,36,0,2
BRDA:556,36,1,1
BRDA:566,37,0,1
BRDA:566,38,0,1
BRDA:566,38,1,1
BRDA:575,39,0,0
BRDA:575,39,1,0
BRDA:576,40,0,0
BRDA:580,41,0,0
BRDA:590,42,0,4
BRDA:590,43,0,9
BRDA:590,43,1,7
BRDA:590,43,2,6
BRDA:596,44,0,2
BRDA:596,45,0,5
BRDA:596,45,1,3
BRDA:596,45,2,2
BRDA:598,46,0,1
BRDA:598,47,0,2
BRDA:598,47,1,1
BRDA:615,48,0,0
BRDA:616,49,0,1
BRF:87
BRH:55
end_of_record
TN:
SF:projects\shared\stores\chat.store.ts
FN:69,(anonymous_0)
FN:82,(anonymous_1)
FN:89,(anonymous_2)
FN:96,(anonymous_3)
FN:103,(anonymous_4)
FN:110,(anonymous_5)
FN:110,(anonymous_6)
FN:117,(anonymous_7)
FN:117,(anonymous_8)
FN:124,(anonymous_9)
FN:124,(anonymous_10)
FN:131,(anonymous_11)
FN:138,(anonymous_12)
FN:145,(anonymous_13)
FN:155,(anonymous_14)
FN:168,(anonymous_15)
FN:181,(anonymous_16)
FN:195,(anonymous_17)
FN:201,(anonymous_18)
FN:210,(anonymous_19)
FN:211,(anonymous_20)
FN:213,(anonymous_21)
FN:239,(anonymous_22)
FN:242,(anonymous_23)
FN:252,(anonymous_24)
FN:255,(anonymous_25)
FN:265,(anonymous_26)
FN:278,(anonymous_27)
FN:286,(anonymous_28)
FN:298,(anonymous_29)
FN:311,(anonymous_30)
FN:324,(anonymous_31)
FN:327,(anonymous_32)
FN:339,(anonymous_33)
FN:348,(anonymous_34)
FN:361,(anonymous_35)
FN:363,(anonymous_36)
FN:383,(anonymous_37)
FN:392,(anonymous_38)
FN:462,(anonymous_39)
FN:464,(anonymous_40)
FN:481,(anonymous_41)
FN:483,(anonymous_42)
FN:497,(anonymous_43)
FN:504,(anonymous_44)
FN:511,(anonymous_45)
FN:518,(anonymous_46)
FN:525,(anonymous_47)
FN:534,(anonymous_48)
FN:545,(anonymous_49)
FN:549,(anonymous_50)
FN:564,(anonymous_51)
FN:583,(anonymous_52)
FN:653,(anonymous_53)
FN:664,(anonymous_54)
FN:692,(anonymous_55)
FN:710,(anonymous_56)
FN:732,(anonymous_57)
FN:807,(anonymous_58)
FN:825,(anonymous_59)
FN:836,(anonymous_60)
FNF:61
FNH:0
FNDA:0,(anonymous_0)
FNDA:0,(anonymous_1)
FNDA:0,(anonymous_2)
FNDA:0,(anonymous_3)
FNDA:0,(anonymous_4)
FNDA:0,(anonymous_5)
FNDA:0,(anonymous_6)
FNDA:0,(anonymous_7)
FNDA:0,(anonymous_8)
FNDA:0,(anonymous_9)
FNDA:0,(anonymous_10)
FNDA:0,(anonymous_11)
FNDA:0,(anonymous_12)
FNDA:0,(anonymous_13)
FNDA:0,(anonymous_14)
FNDA:0,(anonymous_15)
FNDA:0,(anonymous_16)
FNDA:0,(anonymous_17)
FNDA:0,(anonymous_18)
FNDA:0,(anonymous_19)
FNDA:0,(anonymous_20)
FNDA:0,(anonymous_21)
FNDA:0,(anonymous_22)
FNDA:0,(anonymous_23)
FNDA:0,(anonymous_24)
FNDA:0,(anonymous_25)
FNDA:0,(anonymous_26)
FNDA:0,(anonymous_27)
FNDA:0,(anonymous_28)
FNDA:0,(anonymous_29)
FNDA:0,(anonymous_30)
FNDA:0,(anonymous_31)
FNDA:0,(anonymous_32)
FNDA:0,(anonymous_33)
FNDA:0,(anonymous_34)
FNDA:0,(anonymous_35)
FNDA:0,(anonymous_36)
FNDA:0,(anonymous_37)
FNDA:0,(anonymous_38)
FNDA:0,(anonymous_39)
FNDA:0,(anonymous_40)
FNDA:0,(anonymous_41)
FNDA:0,(anonymous_42)
FNDA:0,(anonymous_43)
FNDA:0,(anonymous_44)
FNDA:0,(anonymous_45)
FNDA:0,(anonymous_46)
FNDA:0,(anonymous_47)
FNDA:0,(anonymous_48)
FNDA:0,(anonymous_49)
FNDA:0,(anonymous_50)
FNDA:0,(anonymous_51)
FNDA:0,(anonymous_52)
FNDA:0,(anonymous_53)
FNDA:0,(anonymous_54)
FNDA:0,(anonymous_55)
FNDA:0,(anonymous_56)
FNDA:0,(anonymous_57)
FNDA:0,(anonymous_58)
FNDA:0,(anonymous_59)
FNDA:0,(anonymous_60)
DA:43,1
DA:65,1
DA:66,0
DA:67,0
DA:70,0
DA:71,0
DA:81,0
DA:82,0
DA:88,0
DA:89,0
DA:95,0
DA:96,0
DA:102,0
DA:103,0
DA:109,0
DA:110,0
DA:116,0
DA:117,0
DA:123,0
DA:124,0
DA:130,0
DA:131,0
DA:137,0
DA:138,0
DA:144,0
DA:145,0
DA:155,0
DA:156,0
DA:161,0
DA:162,0
DA:168,0
DA:169,0
DA:174,0
DA:175,0
DA:181,0
DA:182,0
DA:187,0
DA:188,0
DA:195,0
DA:201,0
DA:210,0
DA:211,0
DA:213,0
DA:214,0
DA:215,0
DA:218,0
DA:219,0
DA:221,0
DA:224,0
DA:227,0
DA:232,0
DA:233,0
DA:239,0
DA:240,0
DA:242,0
DA:245,0
DA:246,0
DA:252,0
DA:253,0
DA:255,0
DA:258,0
DA:259,0
DA:265,0
DA:266,0
DA:271,0
DA:272,0
DA:278,0
DA:286,0
DA:287,0
DA:291,0
DA:292,0
DA:298,0
DA:299,0
DA:304,0
DA:305,0
DA:311,0
DA:312,0
DA:317,0
DA:318,0
DA:324,0
DA:325,0
DA:328,0
DA:332,0
DA:333,0
DA:339,0
DA:348,0
DA:361,0
DA:362,0
DA:364,0
DA:365,0
DA:367,0
DA:373,0
DA:375,0
DA:383,0
DA:391,0
DA:400,0
DA:402,0
DA:403,0
DA:406,0
DA:407,0
DA:408,0
DA:409,0
DA:412,0
DA:414,0
DA:417,0
DA:418,0
DA:419,0
DA:421,0
DA:425,0
DA:428,0
DA:430,0
DA:432,0
DA:435,0
DA:437,0
DA:438,0
DA:441,0
DA:453,0
DA:454,0
DA:462,0
DA:463,0
DA:465,0
DA:472,0
DA:473,0
DA:481,0
DA:482,0
DA:484,0
DA:485,0
DA:498,0
DA:505,0
DA:512,0
DA:519,0
DA:526,0
DA:527,0
DA:528,0
DA:535,0
DA:546,0
DA:547,0
DA:549,0
DA:555,0
DA:557,0
DA:565,0
DA:566,0
DA:567,0
DA:569,0
DA:572,0
DA:573,0
DA:576,0
DA:577,0
DA:579,0
DA:583,0
DA:589,0
DA:590,0
DA:594,0
DA:595,0
DA:600,0
DA:601,0
DA:602,0
DA:606,0
DA:608,0
DA:613,0
DA:614,0
DA:615,0
DA:617,0
DA:621,0
DA:623,0
DA:627,0
DA:638,0
DA:639,0
DA:642,0
DA:643,0
DA:654,0
DA:655,0
DA:657,0
DA:665,0
DA:666,0
DA:667,0
DA:668,0
DA:671,0
DA:672,0
DA:673,0
DA:674,0
DA:675,0
DA:676,0
DA:677,0
DA:681,0
DA:682,0
DA:686,0
DA:687,0
DA:690,0
DA:692,0
DA:694,0
DA:695,0
DA:696,0
DA:697,0
DA:701,0
DA:702,0
DA:703,0
DA:711,0
DA:712,0
DA:715,0
DA:716,0
DA:717,0
DA:720,0
DA:721,0
DA:722,0
DA:723,0
DA:724,0
DA:726,0
DA:733,0
DA:735,0
DA:736,0
DA:737,0
DA:739,0
DA:743,0
DA:745,0
DA:746,0
DA:748,0
DA:749,0
DA:750,0
DA:751,0
DA:752,0
DA:753,0
DA:759,0
DA:760,0
DA:761,0
DA:762,0
DA:763,0
DA:764,0
DA:765,0
DA:766,0
DA:767,0
DA:768,0
DA:774,0
DA:780,0
DA:790,0
DA:793,0
DA:794,0
DA:795,0
DA:797,0
DA:800,0
DA:801,0
DA:809,0
DA:812,0
DA:813,0
DA:814,0
DA:815,0
DA:817,0
DA:824,0
DA:825,0
DA:827,0
DA:830,0
DA:837,0
DA:838,0
DA:840,0
DA:841,0
DA:844,0
DA:847,0
DA:848,0
DA:849,0
DA:850,0
DA:851,0
DA:852,0
DA:854,0
DA:855,0
DA:856,0
DA:857,0
DA:859,0
DA:863,0
DA:864,0
LF:269
LH:2
BRDA:124,0,0,0
BRDA:124,0,1,0
BRDA:221,1,0,0
BRDA:221,1,1,0
BRDA:221,1,2,0
BRDA:328,2,0,0
BRDA:328,2,1,0
BRDA:402,3,0,0
BRDA:417,4,0,0
BRDA:417,4,1,0
BRDA:430,5,0,0
BRDA:435,6,0,0
BRDA:446,7,0,0
BRDA:446,7,1,0
BRDA:567,8,0,0
BRDA:576,9,0,0
BRDA:589,10,0,0
BRDA:589,10,1,0
BRDA:594,11,0,0
BRDA:594,11,1,0
BRDA:600,12,0,0
BRDA:600,13,0,0
BRDA:600,13,1,0
BRDA:601,14,0,0
BRDA:601,15,0,0
BRDA:601,15,1,0
BRDA:613,16,0,0
BRDA:613,17,0,0
BRDA:613,17,1,0
BRDA:621,18,0,0
BRDA:621,18,1,0
BRDA:623,19,0,0
BRDA:623,19,1,0
BRDA:625,20,0,0
BRDA:625,20,1,0
BRDA:625,21,0,0
BRDA:625,21,1,0
BRDA:632,22,0,0
BRDA:632,22,1,0
BRDA:638,23,0,0
BRDA:638,24,0,0
BRDA:638,24,1,0
BRDA:671,25,0,0
BRDA:671,26,0,0
BRDA:671,26,1,0
BRDA:675,27,0,0
BRDA:675,27,1,0
BRDA:675,28,0,0
BRDA:675,28,1,0
BRDA:681,29,0,0
BRDA:686,30,0,0
BRDA:687,31,0,0
BRDA:687,31,1,0
BRDA:687,32,0,0
BRDA:687,32,1,0
BRDA:694,33,0,0
BRDA:701,34,0,0
BRDA:711,35,0,0
BRDA:716,36,0,0
BRDA:720,37,0,0
BRDA:720,37,1,0
BRDA:726,38,0,0
BRDA:726,38,1,0
BRDA:726,38,2,0
BRDA:748,39,0,0
BRDA:752,40,0,0
BRDA:759,41,0,0
BRDA:764,42,0,0
BRDA:764,43,0,0
BRDA:764,43,1,0
BRDA:767,44,0,0
BRDA:780,45,0,0
BRDA:780,45,1,0
BRDA:780,45,2,0
BRDA:780,45,3,0
BRDA:780,45,4,0
BRDA:780,45,5,0
BRDA:780,45,6,0
BRDA:780,45,7,0
BRDA:780,45,8,0
BRDA:793,46,0,0
BRDA:793,46,1,0
BRDA:793,47,0,0
BRDA:793,47,1,0
BRDA:813,48,0,0
BRDA:815,49,0,0
BRDA:840,50,0,0
BRDA:849,51,0,0
BRDA:849,52,0,0
BRDA:849,52,1,0
BRDA:854,53,0,0
BRDA:854,54,0,0
BRDA:854,54,1,0
BRF:93
BRH:0
end_of_record
TN:
SF:projects\shared\stores\owl.store.ts
FN:38,(anonymous_0)
FN:51,(anonymous_1)
FN:58,(anonymous_2)
FN:65,(anonymous_3)
FN:73,(anonymous_4)
FN:83,(anonymous_5)
FN:96,(anonymous_6)
FN:109,(anonymous_7)
FN:122,(anonymous_8)
FN:130,(anonymous_9)
FN:147,(anonymous_10)
FN:154,(anonymous_11)
FN:161,(anonymous_12)
FN:173,(anonymous_13)
FN:188,(anonymous_14)
FN:213,(anonymous_15)
FNF:16
FNH:0
FNDA:0,(anonymous_0)
FNDA:0,(anonymous_1)
FNDA:0,(anonymous_2)
FNDA:0,(anonymous_3)
FNDA:0,(anonymous_4)
FNDA:0,(anonymous_5)
FNDA:0,(anonymous_6)
FNDA:0,(anonymous_7)
FNDA:0,(anonymous_8)
FNDA:0,(anonymous_9)
FNDA:0,(anonymous_10)
FNDA:0,(anonymous_11)
FNDA:0,(anonymous_12)
FNDA:0,(anonymous_13)
FNDA:0,(anonymous_14)
FNDA:0,(anonymous_15)
DA:17,1
DA:35,1
DA:36,0
DA:39,0
DA:40,0
DA:50,0
DA:51,0
DA:57,0
DA:58,0
DA:64,0
DA:65,0
DA:72,0
DA:73,0
DA:83,0
DA:84,0
DA:89,0
DA:90,0
DA:96,0
DA:97,0
DA:102,0
DA:103,0
DA:109,0
DA:110,0
DA:115,0
DA:116,0
DA:122,0
DA:123,0
DA:124,0
DA:130,0
DA:131,0
DA:136,0
DA:137,0
DA:148,0
DA:155,0
DA:162,0
DA:163,0
DA:174,0
DA:175,0
DA:179,0
DA:181,0
DA:189,0
DA:190,0
DA:191,0
DA:192,0
DA:195,0
DA:196,0
DA:199,0
DA:205,0
DA:206,0
DA:214,0
DA:215,0
DA:217,0
LF:52
LH:2
BRDA:73,0,0,0
BRDA:73,0,1,0
BRDA:163,1,0,0
BRDA:163,1,1,0
BRDA:191,2,0,0
BRF:5
BRH:0
end_of_record
TN:
SF:projects\shared\subscription\index\index.page.ts
FN:31,(anonymous_0)
FN:45,(anonymous_1)
FN:50,(anonymous_2)
FN:54,(anonymous_3)
FN:55,(anonymous_4)
FN:80,(anonymous_5)
FN:87,(anonymous_6)
FN:102,(anonymous_7)
FN:106,(anonymous_8)
FN:107,(anonymous_9)
FN:116,(anonymous_10)
FN:119,(anonymous_11)
FN:123,(anonymous_12)
FN:124,(anonymous_13)
FN:125,(anonymous_14)
FN:128,(anonymous_15)
FN:134,(anonymous_16)
FN:141,(anonymous_17)
FN:147,(anonymous_18)
FN:157,(anonymous_19)
FNF:20
FNH:20
FNDA:68,(anonymous_0)
FNDA:4,(anonymous_1)
FNDA:2,(anonymous_2)
FNDA:40,(anonymous_3)
FNDA:160,(anonymous_4)
FNDA:8,(anonymous_5)
FNDA:9,(anonymous_6)
FNDA:1,(anonymous_7)
FNDA:9,(anonymous_8)
FNDA:8,(anonymous_9)
FNDA:1,(anonymous_10)
FNDA:8,(anonymous_11)
FNDA:14,(anonymous_12)
FNDA:13,(anonymous_13)
FNDA:26,(anonymous_14)
FNDA:1,(anonymous_15)
FNDA:17,(anonymous_16)
FNDA:10,(anonymous_17)
FNDA:14,(anonymous_18)
FNDA:13,(anonymous_19)
DA:16,1
DA:28,68
DA:29,68
DA:31,68
DA:32,68
DA:33,68
DA:34,68
DA:35,68
DA:36,68
DA:37,68
DA:38,67
DA:40,1
DA:46,4
DA:47,4
DA:51,2
DA:55,160
DA:56,40
DA:57,40
DA:58,40
DA:71,40
DA:81,8
DA:82,7
DA:84,8
DA:88,9
DA:89,6
DA:90,6
DA:91,6
DA:92,5
DA:94,1
DA:98,3
DA:103,1
DA:107,9
DA:108,8
DA:109,1
DA:111,7
DA:113,8
DA:114,8
DA:117,1
DA:124,14
DA:125,26
DA:126,13
DA:127,13
DA:129,1
DA:135,17
DA:136,14
DA:138,3
DA:142,10
DA:143,10
DA:148,14
DA:158,13
DA:159,7
DA:161,6
LF:52
LH:52
BRDA:37,0,0,67
BRDA:37,0,1,1
BRDA:57,1,0,3
BRDA:57,1,1,37
BRDA:81,2,0,7
BRDA:88,3,0,6
BRDA:88,3,1,3
BRDA:91,4,0,5
BRDA:91,4,1,1
BRDA:108,5,0,1
BRDA:108,5,1,7
BRDA:135,6,0,14
BRDA:150,7,0,5
BRDA:150,7,1,9
BRDA:158,8,0,7
BRF:15
BRH:15
end_of_record
TN:
SF:projects\shared\subscription\payment-failed\payment-failed.page.ts
FN:14,(anonymous_0)
FN:23,(anonymous_1)
FN:29,(anonymous_2)
FN:33,(anonymous_3)
FNF:4
FNH:4
FNDA:32,(anonymous_0)
FNDA:9,(anonymous_1)
FNDA:6,(anonymous_2)
FNDA:5,(anonymous_3)
DA:12,1
DA:13,32
DA:14,32
DA:15,32
DA:16,2
DA:18,30
DA:20,32
DA:24,9
DA:25,9
DA:26,9
DA:27,9
DA:30,6
DA:34,5
LF:13
LH:13
BRDA:15,0,0,2
BRDA:15,0,1,30
BRF:2
BRH:2
end_of_record
